[ 2016-11-30T08:35:00+08:00 ] 127.0.0.1 /index.php/Home/Collect/collect.html
INFO: [ app_begin ] --START--
INFO: Run Behavior\ReadHtmlCacheBehavior [ RunTime:0.001000s ]
INFO: [ app_begin ] --END-- [ RunTime:0.002000s ]

[ 2016-11-30T08:35:54+08:00 ] 127.0.0.1 /index.php/Home/Index/goodsImg.html?cid=22
INFO: [ app_begin ] --START--
INFO: Run Behavior\ReadHtmlCacheBehavior [ RunTime:0.002000s ]
INFO: [ app_begin ] --END-- [ RunTime:0.003000s ]
SQL: SHOW COLUMNS FROM `beauty_goods` [ RunTime:0.0070s ]
SQL: SELECT g.imageurl,g.imagename,g.id FROM beauty_goods g
            where g.bid not in (select bid from beauty_activity where astatus=1)
                    and g.cid=22 and g.show=1 and g.ismember=0 ORDER  by addtime desc limit 0,3  [ RunTime:0.0010s ]

[ 2016-11-30T08:35:54+08:00 ] 127.0.0.1 /index.php/Home/Index/goodsImg.html?cid=1
INFO: [ app_begin ] --START--
INFO: Run Behavior\ReadHtmlCacheBehavior [ RunTime:0.000000s ]
INFO: [ app_begin ] --END-- [ RunTime:0.001000s ]
SQL: SHOW COLUMNS FROM `beauty_goods` [ RunTime:0.0080s ]
SQL: SELECT g.imageurl,g.imagename,g.id FROM beauty_goods g
            where g.bid not in (select bid from beauty_activity where astatus=1)
                    and g.cid=1 and g.show=1 and g.ismember=0 ORDER  by addtime desc limit 0,3  [ RunTime:0.0010s ]

[ 2016-11-30T08:35:54+08:00 ] 127.0.0.1 /index.php/Home/Index/goodsImg.html?cid=22
INFO: [ app_begin ] --START--
INFO: Run Behavior\ReadHtmlCacheBehavior [ RunTime:0.001000s ]
INFO: [ app_begin ] --END-- [ RunTime:0.001000s ]
SQL: SHOW COLUMNS FROM `beauty_goods` [ RunTime:0.0070s ]
SQL: SELECT g.imageurl,g.imagename,g.id FROM beauty_goods g
            where g.bid not in (select bid from beauty_activity where astatus=1)
                    and g.cid=22 and g.show=1 and g.ismember=0 ORDER  by addtime desc limit 0,3  [ RunTime:0.0020s ]

[ 2016-11-30T08:35:54+08:00 ] 127.0.0.1 /index.php/Home/Index/goodsImg.html?cid=33
INFO: [ app_begin ] --START--
INFO: Run Behavior\ReadHtmlCacheBehavior [ RunTime:0.000000s ]
INFO: [ app_begin ] --END-- [ RunTime:0.001000s ]
SQL: SHOW COLUMNS FROM `beauty_goods` [ RunTime:0.0090s ]
SQL: SELECT g.imageurl,g.imagename,g.id FROM beauty_goods g
            where g.bid not in (select bid from beauty_activity where astatus=1)
                    and g.cid=33 and g.show=1 and g.ismember=0 ORDER  by addtime desc limit 0,3  [ RunTime:0.0020s ]

[ 2016-11-30T08:45:43+08:00 ] 127.0.0.1 /index.php/Home/MyCart/getcartlist.html
INFO: [ app_begin ] --START--
INFO: Run Behavior\ReadHtmlCacheBehavior [ RunTime:0.001000s ]
INFO: [ app_begin ] --END-- [ RunTime:0.001000s ]

[ 2016-11-30T08:45:57+08:00 ] 127.0.0.1 /index.php/Home/Test/geetest_show_verify.html
INFO: [ app_begin ] --START--
INFO: Run Behavior\ReadHtmlCacheBehavior [ RunTime:0.001000s ]
INFO: [ app_begin ] --END-- [ RunTime:0.002000s ]
INFO: [ app_end ] --START--
INFO: Run Behavior\ShowPageTraceBehavior [ RunTime:0.002000s ]
INFO: [ app_end ] --END-- [ RunTime:0.002000s ]

[ 2016-11-30T08:46:05+08:00 ] 127.0.0.1 /index.php/Home/Login/chkVerify.html
INFO: [ app_begin ] --START--
INFO: Run Behavior\ReadHtmlCacheBehavior [ RunTime:0.000000s ]
INFO: [ app_begin ] --END-- [ RunTime:0.001000s ]
INFO: [ app_end ] --START--
INFO: Run Behavior\ShowPageTraceBehavior [ RunTime:0.001000s ]
INFO: [ app_end ] --END-- [ RunTime:0.001000s ]

[ 2016-11-30T08:46:06+08:00 ] 127.0.0.1 /index.php/Home/Login/doLogin.html
INFO: [ app_begin ] --START--
INFO: Run Behavior\ReadHtmlCacheBehavior [ RunTime:0.001000s ]
INFO: [ app_begin ] --END-- [ RunTime:0.001000s ]
SQL: SHOW COLUMNS FROM `beauty_user` [ RunTime:0.0080s ]
SQL: SELECT `id`,`username`,`password` FROM `beauty_user` WHERE `username` = 'yanyan' AND `password` = '7219b9b60d9d70a9a7014369d88ebefe' LIMIT 1   [ RunTime:0.0010s ]
SQL: UPDATE `beauty_user` SET `lastlogin`='1480466766' WHERE `username` = 'yanyan' AND `password` = '7219b9b60d9d70a9a7014369d88ebefe' [ RunTime:0.0760s ]

[ 2016-11-30T08:50:02+08:00 ] 127.0.0.1 /index.php/Home/Advertise/advertise
ERR: 无法加载控制器:Advertise

[ 2016-11-30T08:50:26+08:00 ] 127.0.0.1 /index.php/Home/Advertise/advertise
ERR: 无法加载控制器:Advertise

[ 2016-11-30T08:50:27+08:00 ] 127.0.0.1 /index.php/Home/Advertise/advertise
ERR: 无法加载控制器:Advertise

[ 2016-11-30T08:50:28+08:00 ] 127.0.0.1 /index.php/Home/Advertise/advertise
ERR: 无法加载控制器:Advertise

[ 2016-11-30T08:50:28+08:00 ] 127.0.0.1 /index.php/Home/Advertise/advertise
ERR: 无法加载控制器:Advertise

[ 2016-11-30T08:50:28+08:00 ] 127.0.0.1 /index.php/Home/Advertise/advertise
ERR: 无法加载控制器:Advertise

[ 2016-11-30T08:50:28+08:00 ] 127.0.0.1 /index.php/Home/Advertise/advertise
ERR: 无法加载控制器:Advertise

[ 2016-11-30T08:50:29+08:00 ] 127.0.0.1 /index.php/Home/Advertise/advertise
ERR: 无法加载控制器:Advertise

[ 2016-11-30T08:50:29+08:00 ] 127.0.0.1 /index.php/Home/Advertise/advertise
ERR: 无法加载控制器:Advertise

[ 2016-11-30T08:51:39+08:00 ] 127.0.0.1 /index.php/Home/Advertise/advertise
ERR: 无法加载控制器:Advertise

[ 2016-11-30T08:51:40+08:00 ] 127.0.0.1 /index.php/Home/Advertise/advertise
ERR: 无法加载控制器:Advertise

[ 2016-11-30T08:51:41+08:00 ] 127.0.0.1 /index.php/Home/Advertise/advertise
ERR: 无法加载控制器:Advertise

[ 2016-11-30T08:51:46+08:00 ] 127.0.0.1 /index.php/Home/Advertise/advertise
ERR: 无法加载控制器:Advertise

[ 2016-11-30T08:59:53+08:00 ] 127.0.0.1 /index.php/Home/MyCart/getcartlist.html
INFO: [ app_begin ] --START--
INFO: Run Behavior\ReadHtmlCacheBehavior [ RunTime:0.000000s ]
INFO: [ app_begin ] --END-- [ RunTime:0.001000s ]
SQL: SHOW COLUMNS FROM `beauty_cart` [ RunTime:0.0160s ]
SQL: SHOW COLUMNS FROM `beauty_goods` [ RunTime:0.0080s ]
SQL: SELECT g.imageurl,g.imagename,g.saleprice,g.goodsname,c.buynum,c.sumprice,c.id,g.id gid,c.ml FROM beauty_goods g,beauty_cart c WHERE ( g.id=c.gid ) AND c.mid = '5' ORDER BY c.addtime desc LIMIT 0,6   [ RunTime:0.0020s ]

[ 2016-11-30T10:34:59+08:00 ] 127.0.0.1 /index.php/Home/MyCart/getcartlist.html
INFO: [ app_begin ] --START--
INFO: Run Behavior\ReadHtmlCacheBehavior [ RunTime:0.001000s ]
INFO: [ app_begin ] --END-- [ RunTime:0.002000s ]
SQL: SHOW COLUMNS FROM `beauty_cart` [ RunTime:0.0070s ]
SQL: SHOW COLUMNS FROM `beauty_goods` [ RunTime:0.0080s ]
SQL: SELECT g.imageurl,g.imagename,g.saleprice,g.goodsname,c.buynum,c.sumprice,c.id,g.id gid,c.ml FROM beauty_goods g,beauty_cart c WHERE ( g.id=c.gid ) AND c.mid = '5' ORDER BY c.addtime desc LIMIT 0,6   [ RunTime:0.0020s ]

[ 2016-11-30T11:30:30+08:00 ] 127.0.0.1 /index.php/Home/MyCart/getcartlist.html
INFO: [ app_begin ] --START--
INFO: Run Behavior\ReadHtmlCacheBehavior [ RunTime:0.001000s ]
INFO: [ app_begin ] --END-- [ RunTime:0.001000s ]
SQL: SHOW COLUMNS FROM `beauty_cart` [ RunTime:0.0070s ]
SQL: SHOW COLUMNS FROM `beauty_goods` [ RunTime:0.0060s ]
SQL: SELECT g.imageurl,g.imagename,g.saleprice,g.goodsname,c.buynum,c.sumprice,c.id,g.id gid,c.ml FROM beauty_goods g,beauty_cart c WHERE ( g.id=c.gid ) AND c.mid = '5' ORDER BY c.addtime desc LIMIT 0,6   [ RunTime:0.0020s ]

[ 2016-11-30T11:30:31+08:00 ] 127.0.0.1 /index.php/Home/Collect/collect.html
INFO: [ app_begin ] --START--
INFO: Run Behavior\ReadHtmlCacheBehavior [ RunTime:0.001000s ]
INFO: [ app_begin ] --END-- [ RunTime:0.001000s ]
SQL: SHOW COLUMNS FROM `beauty_collect` [ RunTime:0.0050s ]
SQL: SELECT * FROM `beauty_collect` WHERE `mid` = 5 LIMIT 0,4   [ RunTime:0.0020s ]
SQL: SELECT COUNT(*) AS tp_count FROM `beauty_collect` WHERE `mid` = 5 LIMIT 1   [ RunTime:0.0010s ]

[ 2016-11-30T11:38:23+08:00 ] 127.0.0.1 /index.php/Home/MyCart/getcartlist.html
INFO: [ app_begin ] --START--
INFO: Run Behavior\ReadHtmlCacheBehavior [ RunTime:0.001000s ]
INFO: [ app_begin ] --END-- [ RunTime:0.003000s ]
SQL: SHOW COLUMNS FROM `beauty_cart` [ RunTime:0.0100s ]
SQL: SHOW COLUMNS FROM `beauty_goods` [ RunTime:0.0080s ]
SQL: SELECT g.imageurl,g.imagename,g.saleprice,g.goodsname,c.buynum,c.sumprice,c.id,g.id gid,c.ml FROM beauty_goods g,beauty_cart c WHERE ( g.id=c.gid ) AND c.mid = '5' ORDER BY c.addtime desc LIMIT 0,6   [ RunTime:0.0010s ]

[ 2016-11-30T11:38:32+08:00 ] 127.0.0.1 /index.php/Home/MyCart/getcartlist.html
INFO: [ app_begin ] --START--
INFO: Run Behavior\ReadHtmlCacheBehavior [ RunTime:0.000000s ]
INFO: [ app_begin ] --END-- [ RunTime:0.001000s ]
SQL: SHOW COLUMNS FROM `beauty_cart` [ RunTime:0.0080s ]
SQL: SHOW COLUMNS FROM `beauty_goods` [ RunTime:0.0090s ]
SQL: SELECT g.imageurl,g.imagename,g.saleprice,g.goodsname,c.buynum,c.sumprice,c.id,g.id gid,c.ml FROM beauty_goods g,beauty_cart c WHERE ( g.id=c.gid ) AND c.mid = '5' ORDER BY c.addtime desc LIMIT 0,6   [ RunTime:0.0030s ]

[ 2016-11-30T11:38:32+08:00 ] 127.0.0.1 /index.php/Home/MyCart/getcartlist.html
INFO: [ app_begin ] --START--
INFO: Run Behavior\ReadHtmlCacheBehavior [ RunTime:0.001000s ]
INFO: [ app_begin ] --END-- [ RunTime:0.002000s ]
SQL: SHOW COLUMNS FROM `beauty_cart` [ RunTime:0.0080s ]
SQL: SHOW COLUMNS FROM `beauty_goods` [ RunTime:0.0090s ]
SQL: SELECT g.imageurl,g.imagename,g.saleprice,g.goodsname,c.buynum,c.sumprice,c.id,g.id gid,c.ml FROM beauty_goods g,beauty_cart c WHERE ( g.id=c.gid ) AND c.mid = '5' ORDER BY c.addtime desc LIMIT 0,6   [ RunTime:0.0020s ]

[ 2016-11-30T11:38:32+08:00 ] 127.0.0.1 /index.php/Home/MyCart/getcartlist.html
INFO: [ app_begin ] --START--
INFO: Run Behavior\ReadHtmlCacheBehavior [ RunTime:0.002000s ]
INFO: [ app_begin ] --END-- [ RunTime:0.002000s ]
SQL: SHOW COLUMNS FROM `beauty_cart` [ RunTime:0.0080s ]
SQL: SHOW COLUMNS FROM `beauty_goods` [ RunTime:0.0090s ]
SQL: SELECT g.imageurl,g.imagename,g.saleprice,g.goodsname,c.buynum,c.sumprice,c.id,g.id gid,c.ml FROM beauty_goods g,beauty_cart c WHERE ( g.id=c.gid ) AND c.mid = '5' ORDER BY c.addtime desc LIMIT 0,6   [ RunTime:0.0020s ]

[ 2016-11-30T11:38:33+08:00 ] 127.0.0.1 /index.php/Home/Collect/collect.html
INFO: [ app_begin ] --START--
INFO: Run Behavior\ReadHtmlCacheBehavior [ RunTime:0.000000s ]
INFO: [ app_begin ] --END-- [ RunTime:0.002001s ]
SQL: SHOW COLUMNS FROM `beauty_collect` [ RunTime:0.0080s ]
SQL: SELECT * FROM `beauty_collect` WHERE `mid` = 5 LIMIT 0,4   [ RunTime:0.0030s ]
SQL: SELECT COUNT(*) AS tp_count FROM `beauty_collect` WHERE `mid` = 5 LIMIT 1   [ RunTime:0.0020s ]

[ 2016-11-30T11:38:33+08:00 ] 127.0.0.1 /index.php/Home/MyCart/getcartlist.html
INFO: [ app_begin ] --START--
INFO: Run Behavior\ReadHtmlCacheBehavior [ RunTime:0.001000s ]
INFO: [ app_begin ] --END-- [ RunTime:0.002000s ]
SQL: SHOW COLUMNS FROM `beauty_cart` [ RunTime:0.0080s ]
SQL: SHOW COLUMNS FROM `beauty_goods` [ RunTime:0.0090s ]
SQL: SELECT g.imageurl,g.imagename,g.saleprice,g.goodsname,c.buynum,c.sumprice,c.id,g.id gid,c.ml FROM beauty_goods g,beauty_cart c WHERE ( g.id=c.gid ) AND c.mid = '5' ORDER BY c.addtime desc LIMIT 0,6   [ RunTime:0.0020s ]

[ 2016-11-30T11:38:33+08:00 ] 127.0.0.1 /index.php/Home/MyCart/getcartlist.html
INFO: [ app_begin ] --START--
INFO: Run Behavior\ReadHtmlCacheBehavior [ RunTime:0.001000s ]
INFO: [ app_begin ] --END-- [ RunTime:0.001000s ]
SQL: SHOW COLUMNS FROM `beauty_cart` [ RunTime:0.0090s ]
SQL: SHOW COLUMNS FROM `beauty_goods` [ RunTime:0.0090s ]
SQL: SELECT g.imageurl,g.imagename,g.saleprice,g.goodsname,c.buynum,c.sumprice,c.id,g.id gid,c.ml FROM beauty_goods g,beauty_cart c WHERE ( g.id=c.gid ) AND c.mid = '5' ORDER BY c.addtime desc LIMIT 0,6   [ RunTime:0.0020s ]

[ 2016-11-30T11:38:34+08:00 ] 127.0.0.1 /index.php/Home/MyCart/getcartlist.html
INFO: [ app_begin ] --START--
INFO: Run Behavior\ReadHtmlCacheBehavior [ RunTime:0.001000s ]
INFO: [ app_begin ] --END-- [ RunTime:0.002000s ]
SQL: SHOW COLUMNS FROM `beauty_cart` [ RunTime:0.0120s ]
SQL: SHOW COLUMNS FROM `beauty_goods` [ RunTime:0.0100s ]
SQL: SELECT g.imageurl,g.imagename,g.saleprice,g.goodsname,c.buynum,c.sumprice,c.id,g.id gid,c.ml FROM beauty_goods g,beauty_cart c WHERE ( g.id=c.gid ) AND c.mid = '5' ORDER BY c.addtime desc LIMIT 0,6   [ RunTime:0.0020s ]

[ 2016-11-30T11:42:59+08:00 ] 127.0.0.1 /index.php/Home/MyCart/getcartlist.html
INFO: [ app_begin ] --START--
INFO: Run Behavior\ReadHtmlCacheBehavior [ RunTime:0.001000s ]
INFO: [ app_begin ] --END-- [ RunTime:0.001000s ]
SQL: SHOW COLUMNS FROM `beauty_cart` [ RunTime:0.0070s ]
SQL: SHOW COLUMNS FROM `beauty_goods` [ RunTime:0.0090s ]
SQL: SELECT g.imageurl,g.imagename,g.saleprice,g.goodsname,c.buynum,c.sumprice,c.id,g.id gid,c.ml FROM beauty_goods g,beauty_cart c WHERE ( g.id=c.gid ) AND c.mid = '5' ORDER BY c.addtime desc LIMIT 0,6   [ RunTime:0.0020s ]

[ 2016-11-30T14:22:13+08:00 ] 127.0.0.1 /index.php/Home/Goods/goodsdetail.html)%7D
ERR: 无法加载控制器:Goods

[ 2016-11-30T14:25:15+08:00 ] 127.0.0.1 /index.php/Home/Collect/collect.html
INFO: [ app_begin ] --START--
INFO: Run Behavior\ReadHtmlCacheBehavior [ RunTime:0.001000s ]
INFO: [ app_begin ] --END-- [ RunTime:0.003000s ]
SQL: SHOW COLUMNS FROM `beauty_collect` [ RunTime:0.0100s ]
SQL: SELECT * FROM `beauty_collect` WHERE `mid` = 5 LIMIT 0,4   [ RunTime:0.0030s ]
SQL: SELECT COUNT(*) AS tp_count FROM `beauty_collect` WHERE `mid` = 5 LIMIT 1   [ RunTime:0.0020s ]

[ 2016-11-30T15:04:52+08:00 ] 127.0.0.1 /index.php/Home/Collect/collect.html
INFO: [ app_begin ] --START--
INFO: Run Behavior\ReadHtmlCacheBehavior [ RunTime:0.001000s ]
INFO: [ app_begin ] --END-- [ RunTime:0.002000s ]
SQL: SHOW COLUMNS FROM `beauty_collect` [ RunTime:0.0050s ]
SQL: SELECT * FROM `beauty_collect` WHERE `mid` = 5 LIMIT 0,4   [ RunTime:0.0010s ]
SQL: SELECT COUNT(*) AS tp_count FROM `beauty_collect` WHERE `mid` = 5 LIMIT 1   [ RunTime:0.0010s ]

[ 2016-11-30T18:05:46+08:00 ] 127.0.0.1 /index.php/Home/Collect/collect.html
INFO: [ app_begin ] --START--
INFO: Run Behavior\ReadHtmlCacheBehavior [ RunTime:0.000000s ]
INFO: [ app_begin ] --END-- [ RunTime:0.002000s ]
SQL: SHOW COLUMNS FROM `beauty_collect` [ RunTime:0.0090s ]
SQL: SELECT * FROM `beauty_collect` WHERE `mid` = 5 LIMIT 0,4   [ RunTime:0.0020s ]
SQL: SELECT COUNT(*) AS tp_count FROM `beauty_collect` WHERE `mid` = 5 LIMIT 1   [ RunTime:0.0020s ]

[ 2016-11-30T18:06:31+08:00 ] 127.0.0.1 /index.php/Home/Collect/collect.html
INFO: [ app_begin ] --START--
INFO: Run Behavior\ReadHtmlCacheBehavior [ RunTime:0.001000s ]
INFO: [ app_begin ] --END-- [ RunTime:0.001000s ]
SQL: SHOW COLUMNS FROM `beauty_collect` [ RunTime:0.0100s ]
SQL: SELECT * FROM `beauty_collect` WHERE `mid` = 5 LIMIT 0,4   [ RunTime:0.0020s ]
SQL: SELECT COUNT(*) AS tp_count FROM `beauty_collect` WHERE `mid` = 5 LIMIT 1   [ RunTime:0.0020s ]

[ 2016-11-30T18:06:37+08:00 ] 127.0.0.1 /index.php/Home/MyCart/getcartlist.html
INFO: [ app_begin ] --START--
INFO: Run Behavior\ReadHtmlCacheBehavior [ RunTime:0.000000s ]
INFO: [ app_begin ] --END-- [ RunTime:0.001000s ]
SQL: SHOW COLUMNS FROM `beauty_cart` [ RunTime:0.0090s ]
SQL: SHOW COLUMNS FROM `beauty_goods` [ RunTime:0.0100s ]
SQL: SELECT g.imageurl,g.imagename,g.saleprice,g.goodsname,c.buynum,c.sumprice,c.id,g.id gid,c.ml FROM beauty_goods g,beauty_cart c WHERE ( g.id=c.gid ) AND c.mid = '5' ORDER BY c.addtime desc LIMIT 0,6   [ RunTime:0.0020s ]

[ 2016-11-30T18:06:37+08:00 ] 127.0.0.1 /index.php/Home/MyCart/getcartlist.html
INFO: [ app_begin ] --START--
INFO: Run Behavior\ReadHtmlCacheBehavior [ RunTime:0.001000s ]
INFO: [ app_begin ] --END-- [ RunTime:0.002000s ]
SQL: SHOW COLUMNS FROM `beauty_cart` [ RunTime:0.0090s ]
SQL: SHOW COLUMNS FROM `beauty_goods` [ RunTime:0.0100s ]
SQL: SELECT g.imageurl,g.imagename,g.saleprice,g.goodsname,c.buynum,c.sumprice,c.id,g.id gid,c.ml FROM beauty_goods g,beauty_cart c WHERE ( g.id=c.gid ) AND c.mid = '5' ORDER BY c.addtime desc LIMIT 0,6   [ RunTime:0.0030s ]

[ 2016-11-30T18:06:38+08:00 ] 127.0.0.1 /index.php/Home/MyCart/getcartlist.html
INFO: [ app_begin ] --START--
INFO: Run Behavior\ReadHtmlCacheBehavior [ RunTime:0.002000s ]
INFO: [ app_begin ] --END-- [ RunTime:0.004000s ]
SQL: SHOW COLUMNS FROM `beauty_cart` [ RunTime:0.0090s ]
SQL: SHOW COLUMNS FROM `beauty_goods` [ RunTime:0.0100s ]
SQL: SELECT g.imageurl,g.imagename,g.saleprice,g.goodsname,c.buynum,c.sumprice,c.id,g.id gid,c.ml FROM beauty_goods g,beauty_cart c WHERE ( g.id=c.gid ) AND c.mid = '5' ORDER BY c.addtime desc LIMIT 0,6   [ RunTime:0.0020s ]

[ 2016-11-30T18:06:38+08:00 ] 127.0.0.1 /index.php/Home/MyCart/getcartlist.html
INFO: [ app_begin ] --START--
INFO: Run Behavior\ReadHtmlCacheBehavior [ RunTime:0.001000s ]
INFO: [ app_begin ] --END-- [ RunTime:0.002000s ]
SQL: SHOW COLUMNS FROM `beauty_cart` [ RunTime:0.0080s ]
SQL: SHOW COLUMNS FROM `beauty_goods` [ RunTime:0.0090s ]
SQL: SELECT g.imageurl,g.imagename,g.saleprice,g.goodsname,c.buynum,c.sumprice,c.id,g.id gid,c.ml FROM beauty_goods g,beauty_cart c WHERE ( g.id=c.gid ) AND c.mid = '5' ORDER BY c.addtime desc LIMIT 0,6   [ RunTime:0.0010s ]

[ 2016-11-30T18:06:52+08:00 ] 127.0.0.1 /index.php/Home/MyCart/getcartlist.html
INFO: [ app_begin ] --START--
INFO: Run Behavior\ReadHtmlCacheBehavior [ RunTime:0.000000s ]
INFO: [ app_begin ] --END-- [ RunTime:0.001000s ]
SQL: SHOW COLUMNS FROM `beauty_cart` [ RunTime:0.0090s ]
SQL: SHOW COLUMNS FROM `beauty_goods` [ RunTime:0.0100s ]
SQL: SELECT g.imageurl,g.imagename,g.saleprice,g.goodsname,c.buynum,c.sumprice,c.id,g.id gid,c.ml FROM beauty_goods g,beauty_cart c WHERE ( g.id=c.gid ) AND c.mid = '5' ORDER BY c.addtime desc LIMIT 0,6   [ RunTime:0.0030s ]

[ 2016-11-30T18:22:09+08:00 ] 127.0.0.1 /index.php/Home/Index/goodsImg.html?cid=83
INFO: [ app_begin ] --START--
INFO: Run Behavior\ReadHtmlCacheBehavior [ RunTime:0.001000s ]
INFO: [ app_begin ] --END-- [ RunTime:0.001000s ]
SQL: SHOW COLUMNS FROM `beauty_goods` [ RunTime:0.0110s ]
SQL: SELECT g.imageurl,g.imagename,g.id FROM beauty_goods g
            where g.bid not in (select bid from beauty_activity where astatus=1)
                    and g.cid=83 and g.show=1 and g.ismember=0 ORDER  by addtime desc limit 0,3  [ RunTime:0.0030s ]

[ 2016-11-30T18:22:09+08:00 ] 127.0.0.1 /index.php/Home/Collect/collect.html
INFO: [ app_begin ] --START--
INFO: Run Behavior\ReadHtmlCacheBehavior [ RunTime:0.002000s ]
INFO: [ app_begin ] --END-- [ RunTime:0.004000s ]
SQL: SHOW COLUMNS FROM `beauty_collect` [ RunTime:0.0090s ]
SQL: SELECT * FROM `beauty_collect` WHERE `mid` = 5 LIMIT 0,4   [ RunTime:0.0030s ]
SQL: SELECT COUNT(*) AS tp_count FROM `beauty_collect` WHERE `mid` = 5 LIMIT 1   [ RunTime:0.0020s ]

[ 2016-11-30T19:14:58+08:00 ] 127.0.0.1 /index.php/Home/Index/goodsImg.html?cid=1
INFO: [ app_begin ] --START--
INFO: Run Behavior\ReadHtmlCacheBehavior [ RunTime:0.001000s ]
INFO: [ app_begin ] --END-- [ RunTime:0.002000s ]
SQL: SHOW COLUMNS FROM `beauty_goods` [ RunTime:0.0090s ]
SQL: SELECT g.imageurl,g.imagename,g.id FROM beauty_goods g
            where g.bid not in (select bid from beauty_activity where astatus=1)
                    and g.cid=1 and g.show=1 and g.ismember=0 ORDER  by addtime desc limit 0,3  [ RunTime:0.0010s ]

[ 2016-11-30T19:48:00+08:00 ] 127.0.0.1 /index.php/Home/Feedback/index.html
INFO: [ app_begin ] --START--
INFO: Run Behavior\ReadHtmlCacheBehavior [ RunTime:0.001000s ]
INFO: [ app_begin ] --END-- [ RunTime:0.001000s ]
SQL: SHOW COLUMNS FROM `beauty_userfeedback` [ RunTime:0.0090s ]
SQL: INSERT INTO `beauty_userfeedback` (`satis`,`total`,`way`,`server`,`connectname`,`mobile`,`idea`,`backtime`,`mname`) VALUES ('非常满意','非常满意','非常满意','非常满意','沈艳艳','18736199128','很不错，经常来这里买，东西是正品哦','1480506480','yanyan') [ RunTime:0.0830s ]

[ 2016-11-30T19:48:06+08:00 ] 127.0.0.1 /index.php/Home/Feedback/index.html
INFO: [ app_begin ] --START--
INFO: Run Behavior\ReadHtmlCacheBehavior [ RunTime:0.000000s ]
INFO: [ app_begin ] --END-- [ RunTime:0.001000s ]
SQL: SHOW COLUMNS FROM `beauty_userfeedback` [ RunTime:0.0090s ]
SQL: INSERT INTO `beauty_userfeedback` (`satis`,`total`,`way`,`server`,`connectname`,`mobile`,`idea`,`backtime`,`mname`) VALUES ('非常满意','非常满意','非常满意','非常满意','沈艳艳','18736199128','很不错，经常来这里买，东西是正品哦','1480506486','yanyan') [ RunTime:0.0910s ]

[ 2016-11-30T19:49:19+08:00 ] 127.0.0.1 /index.php/Home/Feedback/index.html
INFO: [ app_begin ] --START--
INFO: Run Behavior\ReadHtmlCacheBehavior [ RunTime:0.001000s ]
INFO: [ app_begin ] --END-- [ RunTime:0.001000s ]
SQL: SHOW COLUMNS FROM `beauty_userfeedback` [ RunTime:0.0090s ]
SQL: INSERT INTO `beauty_userfeedback` (`satis`,`total`,`way`,`server`,`connectname`,`mobile`,`idea`,`backtime`,`mname`) VALUES ('非常满意','非常满意','非常满意','非常满意','沈艳艳','18736199128','很不错，经常来这里买，东西是正品哦','1480506559','yanyan') [ RunTime:0.0600s ]

[ 2016-11-30T19:49:32+08:00 ] 127.0.0.1 /index.php/Home/Feedback/index.html
INFO: [ app_begin ] --START--
INFO: Run Behavior\ReadHtmlCacheBehavior [ RunTime:0.001000s ]
INFO: [ app_begin ] --END-- [ RunTime:0.001000s ]
SQL: SHOW COLUMNS FROM `beauty_userfeedback` [ RunTime:0.0100s ]
SQL: INSERT INTO `beauty_userfeedback` (`satis`,`total`,`way`,`server`,`connectname`,`mobile`,`idea`,`backtime`,`mname`) VALUES ('非常满意','非常满意','非常满意','非常满意','123','1321','1321','1480506572','yanyan') [ RunTime:0.0650s ]

[ 2016-11-30T19:52:13+08:00 ] 127.0.0.1 /index.php/Home/Login/LoginOut.html
INFO: [ app_begin ] --START--
INFO: Run Behavior\ReadHtmlCacheBehavior [ RunTime:0.001000s ]
INFO: [ app_begin ] --END-- [ RunTime:0.001000s ]

[ 2016-11-30T19:58:41+08:00 ] 127.0.0.1 /index.php/Home/Index/goodsImg.html?cid=22
INFO: [ app_begin ] --START--
INFO: Run Behavior\ReadHtmlCacheBehavior [ RunTime:0.001000s ]
INFO: [ app_begin ] --END-- [ RunTime:0.005000s ]
SQL: SHOW COLUMNS FROM `beauty_goods` [ RunTime:0.0100s ]
SQL: SELECT g.imageurl,g.imagename,g.id FROM beauty_goods g
            where g.bid not in (select bid from beauty_activity where astatus=1)
                    and g.cid=22 and g.show=1 and g.ismember=0 ORDER  by addtime desc limit 0,3  [ RunTime:0.0020s ]

[ 2016-11-30T19:58:42+08:00 ] 127.0.0.1 /index.php/Home/Index/goodsImg.html?cid=22
INFO: [ app_begin ] --START--
INFO: Run Behavior\ReadHtmlCacheBehavior [ RunTime:0.000000s ]
INFO: [ app_begin ] --END-- [ RunTime:0.001000s ]
SQL: SHOW COLUMNS FROM `beauty_goods` [ RunTime:0.0100s ]
SQL: SELECT g.imageurl,g.imagename,g.id FROM beauty_goods g
            where g.bid not in (select bid from beauty_activity where astatus=1)
                    and g.cid=22 and g.show=1 and g.ismember=0 ORDER  by addtime desc limit 0,3  [ RunTime:0.0020s ]

[ 2016-11-30T19:58:42+08:00 ] 127.0.0.1 /index.php/Home/Index/goodsImg.html?cid=87
INFO: [ app_begin ] --START--
INFO: Run Behavior\ReadHtmlCacheBehavior [ RunTime:0.001000s ]
INFO: [ app_begin ] --END-- [ RunTime:0.001000s ]
SQL: SHOW COLUMNS FROM `beauty_goods` [ RunTime:0.0100s ]
SQL: SELECT g.imageurl,g.imagename,g.id FROM beauty_goods g
            where g.bid not in (select bid from beauty_activity where astatus=1)
                    and g.cid=87 and g.show=1 and g.ismember=0 ORDER  by addtime desc limit 0,3  [ RunTime:0.0020s ]

[ 2016-11-30T19:58:43+08:00 ] 127.0.0.1 /index.php/Home/MyCart/getcartlist.html
INFO: [ app_begin ] --START--
INFO: Run Behavior\ReadHtmlCacheBehavior [ RunTime:0.001000s ]
INFO: [ app_begin ] --END-- [ RunTime:0.002000s ]
SQL: SHOW COLUMNS FROM `beauty_cart` [ RunTime:0.0090s ]
SQL: SHOW COLUMNS FROM `beauty_goods` [ RunTime:0.0090s ]
SQL: SELECT g.imageurl,g.imagename,g.saleprice,g.goodsname,c.buynum,c.sumprice,c.id,g.id gid,c.ml FROM beauty_goods g,beauty_cart c WHERE ( g.id=c.gid ) AND c.mid = '5' ORDER BY c.addtime desc LIMIT 0,6   [ RunTime:0.0010s ]

[ 2016-11-30T19:58:43+08:00 ] 127.0.0.1 /index.php/Home/MyCart/getcartlist.html
INFO: [ app_begin ] --START--
INFO: Run Behavior\ReadHtmlCacheBehavior [ RunTime:0.001000s ]
INFO: [ app_begin ] --END-- [ RunTime:0.001000s ]
SQL: SHOW COLUMNS FROM `beauty_cart` [ RunTime:0.0100s ]
SQL: SHOW COLUMNS FROM `beauty_goods` [ RunTime:0.0100s ]
SQL: SELECT g.imageurl,g.imagename,g.saleprice,g.goodsname,c.buynum,c.sumprice,c.id,g.id gid,c.ml FROM beauty_goods g,beauty_cart c WHERE ( g.id=c.gid ) AND c.mid = '5' ORDER BY c.addtime desc LIMIT 0,6   [ RunTime:0.0030s ]

[ 2016-11-30T19:58:43+08:00 ] 127.0.0.1 /index.php/Home/MyCart/getcartlist.html
INFO: [ app_begin ] --START--
INFO: Run Behavior\ReadHtmlCacheBehavior [ RunTime:0.001000s ]
INFO: [ app_begin ] --END-- [ RunTime:0.001000s ]
SQL: SHOW COLUMNS FROM `beauty_cart` [ RunTime:0.0090s ]
SQL: SHOW COLUMNS FROM `beauty_goods` [ RunTime:0.0100s ]
SQL: SELECT g.imageurl,g.imagename,g.saleprice,g.goodsname,c.buynum,c.sumprice,c.id,g.id gid,c.ml FROM beauty_goods g,beauty_cart c WHERE ( g.id=c.gid ) AND c.mid = '5' ORDER BY c.addtime desc LIMIT 0,6   [ RunTime:0.0030s ]

[ 2016-11-30T19:58:44+08:00 ] 127.0.0.1 /index.php/Home/MyCart/getcartlist.html
INFO: [ app_begin ] --START--
INFO: Run Behavior\ReadHtmlCacheBehavior [ RunTime:0.001000s ]
INFO: [ app_begin ] --END-- [ RunTime:0.003000s ]
SQL: SHOW COLUMNS FROM `beauty_cart` [ RunTime:0.0090s ]
SQL: SHOW COLUMNS FROM `beauty_goods` [ RunTime:0.0100s ]
SQL: SELECT g.imageurl,g.imagename,g.saleprice,g.goodsname,c.buynum,c.sumprice,c.id,g.id gid,c.ml FROM beauty_goods g,beauty_cart c WHERE ( g.id=c.gid ) AND c.mid = '5' ORDER BY c.addtime desc LIMIT 0,6   [ RunTime:0.0020s ]

[ 2016-11-30T20:07:51+08:00 ] 127.0.0.1 /index.php/Home/Test/geetest_show_verify.html
INFO: [ app_begin ] --START--
INFO: Run Behavior\ReadHtmlCacheBehavior [ RunTime:0.001000s ]
INFO: [ app_begin ] --END-- [ RunTime:0.001000s ]
INFO: [ app_end ] --START--
INFO: Run Behavior\ShowPageTraceBehavior [ RunTime:0.001000s ]
INFO: [ app_end ] --END-- [ RunTime:0.001000s ]

[ 2016-11-30T20:07:59+08:00 ] 127.0.0.1 /index.php/Home/Login/chkVerify.html
INFO: [ app_begin ] --START--
INFO: Run Behavior\ReadHtmlCacheBehavior [ RunTime:0.000000s ]
INFO: [ app_begin ] --END-- [ RunTime:0.002000s ]
INFO: [ app_end ] --START--
INFO: Run Behavior\ShowPageTraceBehavior [ RunTime:0.001000s ]
INFO: [ app_end ] --END-- [ RunTime:0.002000s ]

[ 2016-11-30T20:07:59+08:00 ] 127.0.0.1 /index.php/Home/Login/doLogin.html
INFO: [ app_begin ] --START--
INFO: Run Behavior\ReadHtmlCacheBehavior [ RunTime:0.001000s ]
INFO: [ app_begin ] --END-- [ RunTime:0.001000s ]
SQL: SHOW COLUMNS FROM `beauty_user` [ RunTime:0.0060s ]
SQL: SELECT `id`,`username`,`password` FROM `beauty_user` WHERE `username` = 'yanyan' AND `password` = '7219b9b60d9d70a9a7014369d88ebefe' LIMIT 1   [ RunTime:0.0010s ]
SQL: UPDATE `beauty_user` SET `lastlogin`='1480507679' WHERE `username` = 'yanyan' AND `password` = '7219b9b60d9d70a9a7014369d88ebefe' [ RunTime:0.0570s ]

[ 2016-11-30T20:08:19+08:00 ] 127.0.0.1 /index.php/Home/MyCart/getcartlist.html
INFO: [ app_begin ] --START--
INFO: Run Behavior\ReadHtmlCacheBehavior [ RunTime:0.001000s ]
INFO: [ app_begin ] --END-- [ RunTime:0.002000s ]
SQL: SHOW COLUMNS FROM `beauty_cart` [ RunTime:0.0090s ]
SQL: SHOW COLUMNS FROM `beauty_goods` [ RunTime:0.0100s ]
SQL: SELECT g.imageurl,g.imagename,g.saleprice,g.goodsname,c.buynum,c.sumprice,c.id,g.id gid,c.ml FROM beauty_goods g,beauty_cart c WHERE ( g.id=c.gid ) AND c.mid = '5' ORDER BY c.addtime desc LIMIT 0,6   [ RunTime:0.0020s ]

[ 2016-11-30T20:08:21+08:00 ] 127.0.0.1 /index.php/Home/MyCart/getcartlist.html
INFO: [ app_begin ] --START--
INFO: Run Behavior\ReadHtmlCacheBehavior [ RunTime:0.001000s ]
INFO: [ app_begin ] --END-- [ RunTime:0.002000s ]
SQL: SHOW COLUMNS FROM `beauty_cart` [ RunTime:0.0100s ]
SQL: SHOW COLUMNS FROM `beauty_goods` [ RunTime:0.0100s ]
SQL: SELECT g.imageurl,g.imagename,g.saleprice,g.goodsname,c.buynum,c.sumprice,c.id,g.id gid,c.ml FROM beauty_goods g,beauty_cart c WHERE ( g.id=c.gid ) AND c.mid = '5' ORDER BY c.addtime desc LIMIT 0,6   [ RunTime:0.0020s ]

[ 2016-11-30T20:08:21+08:00 ] 127.0.0.1 /index.php/Home/MyCart/getcartlist.html
INFO: [ app_begin ] --START--
INFO: Run Behavior\ReadHtmlCacheBehavior [ RunTime:0.001000s ]
INFO: [ app_begin ] --END-- [ RunTime:0.002000s ]
SQL: SHOW COLUMNS FROM `beauty_cart` [ RunTime:0.0090s ]
SQL: SHOW COLUMNS FROM `beauty_goods` [ RunTime:0.0100s ]
SQL: SELECT g.imageurl,g.imagename,g.saleprice,g.goodsname,c.buynum,c.sumprice,c.id,g.id gid,c.ml FROM beauty_goods g,beauty_cart c WHERE ( g.id=c.gid ) AND c.mid = '5' ORDER BY c.addtime desc LIMIT 0,6   [ RunTime:0.0020s ]

[ 2016-11-30T20:08:22+08:00 ] 127.0.0.1 /index.php/Home/MyCart/getcartlist.html
INFO: [ app_begin ] --START--
INFO: Run Behavior\ReadHtmlCacheBehavior [ RunTime:0.001000s ]
INFO: [ app_begin ] --END-- [ RunTime:0.001000s ]
SQL: SHOW COLUMNS FROM `beauty_cart` [ RunTime:0.0090s ]
SQL: SHOW COLUMNS FROM `beauty_goods` [ RunTime:0.0100s ]
SQL: SELECT g.imageurl,g.imagename,g.saleprice,g.goodsname,c.buynum,c.sumprice,c.id,g.id gid,c.ml FROM beauty_goods g,beauty_cart c WHERE ( g.id=c.gid ) AND c.mid = '5' ORDER BY c.addtime desc LIMIT 0,6   [ RunTime:0.0020s ]

[ 2016-11-30T20:08:26+08:00 ] 127.0.0.1 /index.php/Home/MyCart/getcartlist.html
INFO: [ app_begin ] --START--
INFO: Run Behavior\ReadHtmlCacheBehavior [ RunTime:0.001000s ]
INFO: [ app_begin ] --END-- [ RunTime:0.002000s ]
SQL: SHOW COLUMNS FROM `beauty_cart` [ RunTime:0.0080s ]
SQL: SHOW COLUMNS FROM `beauty_goods` [ RunTime:0.0100s ]
SQL: SELECT g.imageurl,g.imagename,g.saleprice,g.goodsname,c.buynum,c.sumprice,c.id,g.id gid,c.ml FROM beauty_goods g,beauty_cart c WHERE ( g.id=c.gid ) AND c.mid = '5' ORDER BY c.addtime desc LIMIT 0,6   [ RunTime:0.0020s ]

[ 2016-11-30T20:08:26+08:00 ] 127.0.0.1 /index.php/Home/MyCart/getcartlist.html
INFO: [ app_begin ] --START--
INFO: Run Behavior\ReadHtmlCacheBehavior [ RunTime:0.001000s ]
INFO: [ app_begin ] --END-- [ RunTime:0.001000s ]
SQL: SHOW COLUMNS FROM `beauty_cart` [ RunTime:0.0090s ]
SQL: SHOW COLUMNS FROM `beauty_goods` [ RunTime:0.0110s ]
SQL: SELECT g.imageurl,g.imagename,g.saleprice,g.goodsname,c.buynum,c.sumprice,c.id,g.id gid,c.ml FROM beauty_goods g,beauty_cart c WHERE ( g.id=c.gid ) AND c.mid = '5' ORDER BY c.addtime desc LIMIT 0,6   [ RunTime:0.0030s ]

[ 2016-11-30T20:09:56+08:00 ] 127.0.0.1 /index.php/Home/Index/goodsImg.html?cid=1
INFO: [ app_begin ] --START--
INFO: Run Behavior\ReadHtmlCacheBehavior [ RunTime:0.001000s ]
INFO: [ app_begin ] --END-- [ RunTime:0.002000s ]
SQL: SHOW COLUMNS FROM `beauty_goods` [ RunTime:0.0050s ]
SQL: SELECT g.imageurl,g.imagename,g.id FROM beauty_goods g
            where g.bid not in (select bid from beauty_activity where astatus=1)
                    and g.cid=1 and g.show=1 and g.ismember=0 ORDER  by addtime desc limit 0,3  [ RunTime:0.0010s ]

[ 2016-11-30T20:30:55+08:00 ] 127.0.0.1 /index.php/Home/sign/addOrder.html?gid=68&price=2340
INFO: [ app_begin ] --START--
INFO: Run Behavior\ReadHtmlCacheBehavior [ RunTime:0.001000s ]
INFO: [ app_begin ] --END-- [ RunTime:0.001000s ]
SQL: SHOW COLUMNS FROM `beauty_sign` [ RunTime:0.0040s ]
SQL: SELECT * FROM `beauty_sign` WHERE `mid` = 5 LIMIT 1   [ RunTime:0.0010s ]
SQL: UPDATE `beauty_sign` SET `sign`=sign-2340 WHERE `mid` = 5 [ RunTime:0.0640s ]
SQL: SHOW COLUMNS FROM `beauty_order` [ RunTime:0.0050s ]
SQL: INSERT INTO `beauty_order` (`orderno`,`price`,`create_time`,`mid`) VALUES ('965de19c6264e1e','234','1480509055','5') [ RunTime:0.0710s ]
SQL: SHOW COLUMNS FROM `beauty_order_goods` [ RunTime:0.0040s ]
SQL: INSERT INTO `beauty_order_goods` (`oid`,`gid`,`buynum`,`saleprice`) VALUES ('86','68','1','234') [ RunTime:0.0560s ]

[ 2016-11-30T20:36:42+08:00 ] 127.0.0.1 /index.php/Home/MyCart/getcartlist.html
INFO: [ app_begin ] --START--
INFO: Run Behavior\ReadHtmlCacheBehavior [ RunTime:0.001001s ]
INFO: [ app_begin ] --END-- [ RunTime:0.002001s ]
SQL: SHOW COLUMNS FROM `beauty_cart` [ RunTime:0.0080s ]
SQL: SHOW COLUMNS FROM `beauty_goods` [ RunTime:0.0100s ]
SQL: SELECT g.imageurl,g.imagename,g.saleprice,g.goodsname,c.buynum,c.sumprice,c.id,g.id gid,c.ml FROM beauty_goods g,beauty_cart c WHERE ( g.id=c.gid ) AND c.mid = '5' ORDER BY c.addtime desc LIMIT 0,6   [ RunTime:0.0030s ]

[ 2016-11-30T20:41:51+08:00 ] 127.0.0.1 /index.php/Home/Index/goodsImg.html?cid=87
INFO: [ app_begin ] --START--
INFO: Run Behavior\ReadHtmlCacheBehavior [ RunTime:0.001000s ]
INFO: [ app_begin ] --END-- [ RunTime:0.002000s ]
SQL: SHOW COLUMNS FROM `beauty_goods` [ RunTime:0.0100s ]
SQL: SELECT g.imageurl,g.imagename,g.id FROM beauty_goods g
            where g.bid not in (select bid from beauty_activity where astatus=1)
                    and g.cid=87 and g.show=1 and g.ismember=0 ORDER  by addtime desc limit 0,3  [ RunTime:0.0020s ]

[ 2016-11-30T20:41:51+08:00 ] 127.0.0.1 /index.php/Home/Index/goodsImg.html?cid=33
INFO: [ app_begin ] --START--
INFO: Run Behavior\ReadHtmlCacheBehavior [ RunTime:0.002000s ]
INFO: [ app_begin ] --END-- [ RunTime:0.003000s ]
SQL: SHOW COLUMNS FROM `beauty_goods` [ RunTime:0.0110s ]
SQL: SELECT g.imageurl,g.imagename,g.id FROM beauty_goods g
            where g.bid not in (select bid from beauty_activity where astatus=1)
                    and g.cid=33 and g.show=1 and g.ismember=0 ORDER  by addtime desc limit 0,3  [ RunTime:0.0030s ]

[ 2016-11-30T20:41:52+08:00 ] 127.0.0.1 /index.php/Home/Index/goodsImg.html?cid=22
INFO: [ app_begin ] --START--
INFO: Run Behavior\ReadHtmlCacheBehavior [ RunTime:0.000000s ]
INFO: [ app_begin ] --END-- [ RunTime:0.001000s ]
SQL: SHOW COLUMNS FROM `beauty_goods` [ RunTime:0.0090s ]
SQL: SELECT g.imageurl,g.imagename,g.id FROM beauty_goods g
            where g.bid not in (select bid from beauty_activity where astatus=1)
                    and g.cid=22 and g.show=1 and g.ismember=0 ORDER  by addtime desc limit 0,3  [ RunTime:0.0020s ]

[ 2016-11-30T20:45:16+08:00 ] 127.0.0.1 /index.php/Home/sign/addOrder.html?gid=68&price=2340
INFO: [ app_begin ] --START--
INFO: Run Behavior\ReadHtmlCacheBehavior [ RunTime:0.001000s ]
INFO: [ app_begin ] --END-- [ RunTime:0.001000s ]
SQL: SHOW COLUMNS FROM `beauty_sign` [ RunTime:0.0100s ]
SQL: SELECT * FROM `beauty_sign` WHERE `mid` = 5 LIMIT 1   [ RunTime:0.0010s ]
SQL: UPDATE `beauty_sign` SET `sign`=sign-2340 WHERE `mid` = 5 [ RunTime:0.0740s ]
SQL: SHOW COLUMNS FROM `beauty_order` [ RunTime:0.0090s ]
SQL: INSERT INTO `beauty_order` (`orderno`,`price`,`create_time`,`mid`) VALUES ('3c8662f62229599','234','1480509916','5') [ RunTime:0.0720s ]
SQL: SHOW COLUMNS FROM `beauty_order_goods` [ RunTime:0.0090s ]
SQL: INSERT INTO `beauty_order_goods` (`oid`,`gid`,`buynum`,`saleprice`) VALUES ('87','68','1','234') [ RunTime:0.0570s ]

[ 2016-11-30T20:45:20+08:00 ] 127.0.0.1 /index.php/Home/MyCart/tosubmit1.html
INFO: [ app_begin ] --START--
INFO: Run Behavior\ReadHtmlCacheBehavior [ RunTime:0.001000s ]
INFO: [ app_begin ] --END-- [ RunTime:0.001000s ]
SQL: SHOW COLUMNS FROM `beauty_order` [ RunTime:0.0080s ]
SQL: SELECT `orderno` FROM `beauty_order` WHERE `id` = 87 LIMIT 1   [ RunTime:0.0010s ]
SQL: UPDATE `beauty_order` SET `address`='29',`inform`='',`status`='2' WHERE `id` = 87 AND `mid` = 5 [ RunTime:0.0600s ]
SQL: SHOW COLUMNS FROM `beauty_golds` [ RunTime:0.0100s ]
SQL: UPDATE `beauty_golds` SET `salenum`=salenum+1 WHERE `id` = 68 [ RunTime:0.0650s ]

[ 2016-11-30T20:48:00+08:00 ] 127.0.0.1 /index.php/Home/Lucky/Lucky/lucky?prize=0&message=0
INFO: [ app_begin ] --START--
INFO: Run Behavior\ReadHtmlCacheBehavior [ RunTime:0.001000s ]
INFO: [ app_begin ] --END-- [ RunTime:0.001000s ]
SQL: SHOW COLUMNS FROM `beauty_sign` [ RunTime:0.0090s ]
SQL: SELECT * FROM `beauty_sign` WHERE `mid` = 5 LIMIT 1   [ RunTime:0.0020s ]
SQL: UPDATE `beauty_sign` SET `stoptime`='1480521600' WHERE `mid` = 5 [ RunTime:0.0700s ]
SQL: UPDATE `beauty_sign` SET `luckytag`=luckytag+1 WHERE `mid` = 5 [ RunTime:0.0330s ]

[ 2016-11-30T20:53:20+08:00 ] 127.0.0.1 /index.php/Home/Member/delOrder.html
INFO: [ app_begin ] --START--
INFO: Run Behavior\ReadHtmlCacheBehavior [ RunTime:0.000000s ]
INFO: [ app_begin ] --END-- [ RunTime:0.001000s ]
SQL: SHOW COLUMNS FROM `beauty_order_goods` [ RunTime:0.0100s ]
SQL: SELECT * FROM `beauty_order_goods` WHERE `oid` = 86 AND `gid` = 68 LIMIT 1   [ RunTime:0.0020s ]
SQL: SHOW COLUMNS FROM `beauty_order` [ RunTime:0.0090s ]
SQL: SELECT * FROM `beauty_order` WHERE `id` = 86 LIMIT 1   [ RunTime:0.0010s ]
SQL: DELETE FROM `beauty_order_goods` WHERE `oid` = 86 AND `gid` = 68 [ RunTime:0.0010s ]
SQL: DELETE FROM `beauty_order` WHERE `id` = 86 [ RunTime:0.0000s ]

[ 2016-11-30T20:55:21+08:00 ] 127.0.0.1 /index.php/Home/Member/usercomment1/oid/59/gid/67.html
ERR: 1146:Table 'four.beauty_order_golds' doesn't exist
 [ SQL语句 ] : SHOW COLUMNS FROM `beauty_order_golds`

