[ 2017-06-09T18:55:00+08:00 ] 127.0.0.1 /index.php/Home/Index/index.html
INFO: [ app_init ] --START--
INFO: Run Behavior\BuildLiteBehavior [ RunTime:0.000000s ]
INFO: [ app_init ] --END-- [ RunTime:0.001000s ]
INFO: [ app_begin ] --START--
INFO: Run Behavior\ReadHtmlCacheBehavior [ RunTime:0.069004s ]
INFO: [ app_begin ] --END-- [ RunTime:0.069004s ]
SQL: SHOW COLUMNS FROM `beauty_category` [ RunTime:0.0570s ]
SQL: SELECT * FROM `beauty_category` WHERE ( pid=0 )  [ RunTime:0.0010s ]
SQL: SELECT `id`,`cname` FROM `beauty_category` WHERE `pid` = 1  [ RunTime:0.0010s ]
SQL: SELECT `id`,`cname` FROM `beauty_category` WHERE `pid` = 2  [ RunTime:0.0000s ]
SQL: SELECT `id`,`cname` FROM `beauty_category` WHERE `pid` = 7  [ RunTime:0.0000s ]
SQL: SELECT `id`,`cname` FROM `beauty_category` WHERE `pid` = 11  [ RunTime:0.0000s ]
SQL: SELECT `id`,`cname` FROM `beauty_category` WHERE `pid` = 12  [ RunTime:0.0000s ]
SQL: SELECT `id`,`cname` FROM `beauty_category` WHERE `pid` = 17  [ RunTime:0.0010s ]
SQL: SELECT `id`,`cname` FROM `beauty_category` WHERE `pid` = 22  [ RunTime:0.0000s ]
SQL: SELECT `id`,`cname` FROM `beauty_category` WHERE `pid` = 23  [ RunTime:0.0000s ]
SQL: SELECT `id`,`cname` FROM `beauty_category` WHERE `pid` = 24  [ RunTime:0.0010s ]
SQL: SELECT `id`,`cname` FROM `beauty_category` WHERE `pid` = 25  [ RunTime:0.0000s ]
SQL: SELECT `id`,`cname` FROM `beauty_category` WHERE `pid` = 33  [ RunTime:0.0000s ]
SQL: SELECT `id`,`cname` FROM `beauty_category` WHERE `pid` = 34  [ RunTime:0.0010s ]
SQL: SELECT `id`,`cname` FROM `beauty_category` WHERE `pid` = 35  [ RunTime:0.0000s ]
SQL: SELECT `id`,`cname` FROM `beauty_category` WHERE `pid` = 36  [ RunTime:0.0010s ]
SQL: SELECT `id`,`cname` FROM `beauty_category` WHERE `pid` = 37  [ RunTime:0.0010s ]
SQL: SELECT `id`,`cname` FROM `beauty_category` WHERE `pid` = 103  [ RunTime:0.0010s ]
SQL: SELECT `id`,`cname` FROM `beauty_category` WHERE `pid` = 53  [ RunTime:0.0020s ]
SQL: SELECT `id`,`cname` FROM `beauty_category` WHERE `pid` = 54  [ RunTime:0.0000s ]
SQL: SELECT `id`,`cname` FROM `beauty_category` WHERE `pid` = 55  [ RunTime:0.0000s ]
SQL: SELECT `id`,`cname` FROM `beauty_category` WHERE `pid` = 56  [ RunTime:0.0010s ]
SQL: SELECT `id`,`cname` FROM `beauty_category` WHERE `pid` = 57  [ RunTime:0.0000s ]
SQL: SELECT `id`,`cname` FROM `beauty_category` WHERE `pid` = 70  [ RunTime:0.0000s ]
SQL: SELECT `id`,`cname` FROM `beauty_category` WHERE `pid` = 71  [ RunTime:0.0000s ]
SQL: SELECT `id`,`cname` FROM `beauty_category` WHERE `pid` = 76  [ RunTime:0.0000s ]
SQL: SELECT `id`,`cname` FROM `beauty_category` WHERE `pid` = 80  [ RunTime:0.0010s ]
SQL: SELECT `id`,`cname` FROM `beauty_category` WHERE `pid` = 83  [ RunTime:0.0000s ]
SQL: SELECT `id`,`cname` FROM `beauty_category` WHERE `pid` = 84  [ RunTime:0.0010s ]
SQL: SELECT `id`,`cname` FROM `beauty_category` WHERE `pid` = 85  [ RunTime:0.0000s ]
SQL: SELECT `id`,`cname` FROM `beauty_category` WHERE `pid` = 86  [ RunTime:0.0000s ]
SQL: SELECT `id`,`cname` FROM `beauty_category` WHERE `pid` = 100  [ RunTime:0.0010s ]
SQL: SELECT `id`,`cname` FROM `beauty_category` WHERE `pid` = 87  [ RunTime:0.0000s ]
SQL: SELECT `id`,`cname` FROM `beauty_category` WHERE `pid` = 93  [ RunTime:0.0000s ]
SQL: SELECT `id`,`cname` FROM `beauty_category` WHERE `pid` = 94  [ RunTime:0.0010s ]
SQL: SELECT `id`,`cname` FROM `beauty_category` WHERE `pid` = 95  [ RunTime:0.0010s ]
SQL: SHOW COLUMNS FROM `beauty_goods` [ RunTime:0.0240s ]
SQL: SELECT * FROM `beauty_goods` WHERE `show` = 1 LIMIT 0,6   [ RunTime:0.0000s ]
SQL: SELECT * FROM `beauty_category` WHERE `pid` = 0 AND `show` = 1  [ RunTime:0.0010s ]
SQL: SELECT `id`,`cname` FROM `beauty_category` WHERE `pid` = 1 AND `show` = 1  [ RunTime:0.0000s ]
SQL: SELECT `id`,`cname` FROM `beauty_category` WHERE `pid` = 2 AND `show` = 1  [ RunTime:0.0000s ]
SQL: SELECT `id`,`cname` FROM `beauty_category` WHERE `pid` = 7 AND `show` = 1  [ RunTime:0.0000s ]
SQL: SELECT `id`,`cname` FROM `beauty_category` WHERE `pid` = 11 AND `show` = 1  [ RunTime:0.0000s ]
SQL: SELECT `id`,`cname` FROM `beauty_category` WHERE `pid` = 12 AND `show` = 1  [ RunTime:0.0010s ]
SQL: SELECT `id`,`cname` FROM `beauty_category` WHERE `pid` = 17 AND `show` = 1  [ RunTime:0.0000s ]
SQL: SELECT `id`,`cname` FROM `beauty_category` WHERE `pid` = 22 AND `show` = 1  [ RunTime:0.0000s ]
SQL: SELECT `id`,`cname` FROM `beauty_category` WHERE `pid` = 23 AND `show` = 1  [ RunTime:0.0010s ]
SQL: SELECT `id`,`cname` FROM `beauty_category` WHERE `pid` = 24 AND `show` = 1  [ RunTime:0.0000s ]
SQL: SELECT `id`,`cname` FROM `beauty_category` WHERE `pid` = 25 AND `show` = 1  [ RunTime:0.0000s ]
SQL: SELECT `id`,`cname` FROM `beauty_category` WHERE `pid` = 33 AND `show` = 1  [ RunTime:0.0010s ]
SQL: SELECT `id`,`cname` FROM `beauty_category` WHERE `pid` = 34 AND `show` = 1  [ RunTime:0.0000s ]
SQL: SELECT `id`,`cname` FROM `beauty_category` WHERE `pid` = 35 AND `show` = 1  [ RunTime:0.0000s ]
SQL: SELECT `id`,`cname` FROM `beauty_category` WHERE `pid` = 36 AND `show` = 1  [ RunTime:0.0010s ]
SQL: SELECT `id`,`cname` FROM `beauty_category` WHERE `pid` = 37 AND `show` = 1  [ RunTime:0.0000s ]
SQL: SELECT `id`,`cname` FROM `beauty_category` WHERE `pid` = 103 AND `show` = 1  [ RunTime:0.0010s ]
SQL: SELECT `id`,`cname` FROM `beauty_category` WHERE `pid` = 53 AND `show` = 1  [ RunTime:0.0000s ]
SQL: SELECT `id`,`cname` FROM `beauty_category` WHERE `pid` = 54 AND `show` = 1  [ RunTime:0.0010s ]
SQL: SELECT `id`,`cname` FROM `beauty_category` WHERE `pid` = 55 AND `show` = 1  [ RunTime:0.0000s ]
SQL: SELECT `id`,`cname` FROM `beauty_category` WHERE `pid` = 56 AND `show` = 1  [ RunTime:0.0000s ]
SQL: SELECT `id`,`cname` FROM `beauty_category` WHERE `pid` = 57 AND `show` = 1  [ RunTime:0.0000s ]
SQL: SELECT `id`,`cname` FROM `beauty_category` WHERE `pid` = 70 AND `show` = 1  [ RunTime:0.0000s ]
SQL: SELECT `id`,`cname` FROM `beauty_category` WHERE `pid` = 71 AND `show` = 1  [ RunTime:0.0000s ]
SQL: SELECT `id`,`cname` FROM `beauty_category` WHERE `pid` = 76 AND `show` = 1  [ RunTime:0.0000s ]
SQL: SELECT `id`,`cname` FROM `beauty_category` WHERE `pid` = 80 AND `show` = 1  [ RunTime:0.0000s ]
SQL: SELECT `id`,`cname` FROM `beauty_category` WHERE `pid` = 83 AND `show` = 1  [ RunTime:0.0000s ]
SQL: SELECT `id`,`cname` FROM `beauty_category` WHERE `pid` = 84 AND `show` = 1  [ RunTime:0.0000s ]
SQL: SELECT `id`,`cname` FROM `beauty_category` WHERE `pid` = 85 AND `show` = 1  [ RunTime:0.0000s ]
SQL: SELECT `id`,`cname` FROM `beauty_category` WHERE `pid` = 86 AND `show` = 1  [ RunTime:0.0000s ]
SQL: SELECT `id`,`cname` FROM `beauty_category` WHERE `pid` = 100 AND `show` = 1  [ RunTime:0.0000s ]
SQL: SELECT `id`,`cname` FROM `beauty_category` WHERE `pid` = 87 AND `show` = 1  [ RunTime:0.0000s ]
SQL: SELECT `id`,`cname` FROM `beauty_category` WHERE `pid` = 93 AND `show` = 1  [ RunTime:0.0000s ]
SQL: SELECT `id`,`cname` FROM `beauty_category` WHERE `pid` = 94 AND `show` = 1  [ RunTime:0.0000s ]
SQL: SELECT `id`,`cname` FROM `beauty_category` WHERE `pid` = 95 AND `show` = 1  [ RunTime:0.0000s ]
SQL: SELECT `path`,`id`,`cname` FROM `beauty_category` WHERE `id` = 1 LIMIT 1   [ RunTime:0.0000s ]
SQL: SELECT `id`,`cname` FROM `beauty_category` WHERE `path` LIKE '1%'  [ RunTime:0.0000s ]
SQL: SELECT  g.id as gid,g.goodsname,g.imageurl,g.imagename,g.salenum,g.saleprice from beauty_goods g where
        g.cid in (1,2,3,4,5,6,7,8,9,10,11,12,13,14,15,16,17,18,19,20,21,104) and g.show=1 and g.ismember=0
        and g.bid not in (select bid from beauty_activity where astatus=1) ORDER by g.addtime desc limit 0,6 [ RunTime:0.0590s ]
SQL: SELECT `path`,`id`,`cname` FROM `beauty_category` WHERE `id` = 87 LIMIT 1   [ RunTime:0.0010s ]
SQL: SELECT `id`,`cname` FROM `beauty_category` WHERE `path` LIKE '87%'  [ RunTime:0.0000s ]
SQL: SELECT  g.id as gid,g.goodsname,g.imageurl,g.imagename,g.salenum,g.saleprice from beauty_goods g where
        g.cid in (87,93,94,95,96,97,98,99) and g.show=1 and g.ismember=0
        and g.bid not in (select bid from beauty_activity where astatus=1) ORDER by g.addtime desc limit 0,6 [ RunTime:0.0010s ]
SQL: SELECT `path`,`id`,`cname` FROM `beauty_category` WHERE `id` = 33 LIMIT 1   [ RunTime:0.0000s ]
SQL: SELECT `id`,`cname` FROM `beauty_category` WHERE `path` LIKE '33%'  [ RunTime:0.0000s ]
SQL: SELECT  g.id as gid,g.goodsname,g.imageurl,g.imagename,g.salenum,g.saleprice from beauty_goods g where
        g.cid in (33,34,35,36,37,38,39,40,41,42,43,44,45,46,47,48,49,50,51,52,103) and g.show=1 and g.ismember=0
        and g.bid not in (select bid from beauty_activity where astatus=1) ORDER by g.addtime desc limit 0,6 [ RunTime:0.0010s ]
SQL: SHOW COLUMNS FROM `beauty_footprint` [ RunTime:0.0260s ]
SQL: SHOW COLUMNS FROM `beauty_footprint` [ RunTime:0.0060s ]
SQL: SELECT g.salenum,f.goodsname,f.gid,f.imageurl,f.imagename,f.saleprice FROM beauty_footprint f,beauty_goods g WHERE ( f.gid=g.id ) AND g.ismember = 0 AND g.show = 1 ORDER BY f.addtime desc  [ RunTime:0.0030s ]
SQL: SHOW COLUMNS FROM `beauty_brands` [ RunTime:0.0170s ]
SQL: SELECT * FROM `beauty_brands` WHERE `brandtype` = 1 AND `status` = 1 LIMIT 10   [ RunTime:0.0000s ]
SQL: SELECT * FROM `beauty_brands` WHERE `brandtype` = 2 AND `status` = 1 LIMIT 5   [ RunTime:0.0010s ]
SQL: SELECT * FROM `beauty_brands` WHERE `brandtype` = 3 AND `status` = 1 LIMIT 5   [ RunTime:0.0000s ]
SQL: SHOW COLUMNS FROM `beauty_packet` [ RunTime:0.0180s ]
SQL: SELECT `id`,`expirationtime`,`status` FROM `beauty_packet`  [ RunTime:0.0010s ]
SQL: SHOW COLUMNS FROM `beauty_activity` [ RunTime:0.0050s ]
SQL: SELECT `stoptime` FROM `beauty_activity`  [ RunTime:0.0000s ]
SQL: UPDATE `beauty_activity` SET `astatus`='0' WHERE `stoptime` = '1482940800' [ RunTime:0.0430s ]
SQL: UPDATE `beauty_activity` SET `astatus`='0' WHERE `stoptime` = '1482940800' [ RunTime:0.0360s ]
SQL: UPDATE `beauty_activity` SET `astatus`='1' WHERE `stoptime` = '1516291200' [ RunTime:0.0220s ]
SQL: UPDATE `beauty_activity` SET `astatus`='0' WHERE `stoptime` = '1491321600' [ RunTime:0.0320s ]
SQL: UPDATE `beauty_activity` SET `astatus`='0' WHERE `stoptime` = '1491321600' [ RunTime:0.0250s ]
SQL: SHOW COLUMNS FROM `beauty_activity` [ RunTime:0.0040s ]
SQL: SELECT a.rules,a.aname, g.id,a.bid,g.goodsname,g.imageurl,g.imagename,a.starttime,a.stoptime
               FROM beauty_activity a,beauty_brands b,beauty_goods g
                where a.bid=b.id and b.id=g.bid and g.show=1 and a.astatus=1 and b.status=1 and a.aname="限时特卖"
                ORDER BY a.addtime desc, g.salenum desc,g.addtime desc limit 0,8 [ RunTime:0.0010s ]
SQL: SHOW COLUMNS FROM `beauty_advertise` [ RunTime:0.0270s ]
SQL: SELECT * FROM `beauty_advertise` WHERE `status` = 1 AND `position` = 1 ORDER BY id desc LIMIT 5   [ RunTime:0.0010s ]
SQL: SELECT * FROM `beauty_advertise` WHERE `status` = 1 AND `position` = 2 ORDER BY id desc LIMIT 2   [ RunTime:0.0000s ]
SQL: SELECT * FROM `beauty_advertise` WHERE `status` = 1 AND `position` = 3 ORDER BY id desc LIMIT 2   [ RunTime:0.0000s ]
SQL: SELECT * FROM `beauty_advertise` WHERE `status` = 1 AND `position` = 4 ORDER BY id desc LIMIT 2   [ RunTime:0.0010s ]
SQL: SELECT * FROM `beauty_advertise` WHERE `status` = 1 AND `position` = 5 ORDER BY id desc  [ RunTime:0.0000s ]
SQL: SHOW COLUMNS FROM `beauty_foote` [ RunTime:0.0220s ]
SQL: SELECT * FROM `beauty_foote` WHERE `pid` = 0 AND `show` = 1  [ RunTime:0.0010s ]
SQL: SELECT `id`,`fname` FROM `beauty_foote` WHERE `pid` = 1 AND `show` = 1  [ RunTime:0.0000s ]
SQL: SELECT `id`,`fname` FROM `beauty_foote` WHERE `pid` = 10 AND `show` = 1  [ RunTime:0.0000s ]
SQL: SELECT `id`,`fname` FROM `beauty_foote` WHERE `pid` = 14 AND `show` = 1  [ RunTime:0.0000s ]
SQL: SELECT `id`,`fname` FROM `beauty_foote` WHERE `pid` = 17 AND `show` = 1  [ RunTime:0.0000s ]
SQL: SELECT `id`,`fname` FROM `beauty_foote` WHERE `pid` = 21 AND `show` = 1  [ RunTime:0.0000s ]
INFO: [ view_parse ] --START--
INFO: [ template_filter ] --START--
INFO: Run Behavior\ContentReplaceBehavior [ RunTime:0.000000s ]
INFO: [ template_filter ] --END-- [ RunTime:0.000000s ]
NOTIC: [8] Undefined variable: keywords F:\WWW\beauty\beauty\Runtime\Cache\Home\657a6ca8262e93bc664994475fc8bde7.php 第 249 行.
NOTIC: [8] Undefined variable: val F:\WWW\beauty\beauty\Runtime\Cache\Home\657a6ca8262e93bc664994475fc8bde7.php 第 308 行.
NOTIC: [8] Undefined variable: val F:\WWW\beauty\beauty\Runtime\Cache\Home\657a6ca8262e93bc664994475fc8bde7.php 第 308 行.
NOTIC: [8] Undefined variable: val F:\WWW\beauty\beauty\Runtime\Cache\Home\657a6ca8262e93bc664994475fc8bde7.php 第 308 行.
NOTIC: [8] Undefined variable: val F:\WWW\beauty\beauty\Runtime\Cache\Home\657a6ca8262e93bc664994475fc8bde7.php 第 308 行.
NOTIC: [8] Undefined variable: val F:\WWW\beauty\beauty\Runtime\Cache\Home\657a6ca8262e93bc664994475fc8bde7.php 第 308 行.
NOTIC: [8] Undefined variable: val F:\WWW\beauty\beauty\Runtime\Cache\Home\657a6ca8262e93bc664994475fc8bde7.php 第 308 行.
NOTIC: [8] Undefined variable: val F:\WWW\beauty\beauty\Runtime\Cache\Home\657a6ca8262e93bc664994475fc8bde7.php 第 308 行.
NOTIC: [8] Undefined variable: val F:\WWW\beauty\beauty\Runtime\Cache\Home\657a6ca8262e93bc664994475fc8bde7.php 第 308 行.
NOTIC: [8] Undefined variable: val F:\WWW\beauty\beauty\Runtime\Cache\Home\657a6ca8262e93bc664994475fc8bde7.php 第 308 行.
NOTIC: [8] Undefined variable: val F:\WWW\beauty\beauty\Runtime\Cache\Home\657a6ca8262e93bc664994475fc8bde7.php 第 308 行.
NOTIC: [8] Undefined variable: val F:\WWW\beauty\beauty\Runtime\Cache\Home\657a6ca8262e93bc664994475fc8bde7.php 第 308 行.
NOTIC: [8] Undefined variable: val F:\WWW\beauty\beauty\Runtime\Cache\Home\657a6ca8262e93bc664994475fc8bde7.php 第 308 行.
NOTIC: [8] Undefined variable: val F:\WWW\beauty\beauty\Runtime\Cache\Home\657a6ca8262e93bc664994475fc8bde7.php 第 308 行.
NOTIC: [8] Undefined variable: val F:\WWW\beauty\beauty\Runtime\Cache\Home\657a6ca8262e93bc664994475fc8bde7.php 第 308 行.
NOTIC: [8] Undefined index: beauty_ F:\WWW\beauty\beauty\Runtime\Cache\Home\657a6ca8262e93bc664994475fc8bde7.php 第 331 行.
NOTIC: [8] Use of undefined constant utf8 - assumed 'utf8' F:\WWW\beauty\beauty\Runtime\Cache\Home\657a6ca8262e93bc664994475fc8bde7.php 第 414 行.
NOTIC: [8] Use of undefined constant utf8 - assumed 'utf8' F:\WWW\beauty\beauty\Runtime\Cache\Home\657a6ca8262e93bc664994475fc8bde7.php 第 414 行.
NOTIC: [8] Use of undefined constant utf8 - assumed 'utf8' F:\WWW\beauty\beauty\Runtime\Cache\Home\657a6ca8262e93bc664994475fc8bde7.php 第 414 行.
NOTIC: [8] Use of undefined constant utf8 - assumed 'utf8' F:\WWW\beauty\beauty\Runtime\Cache\Home\657a6ca8262e93bc664994475fc8bde7.php 第 414 行.
NOTIC: [8] Use of undefined constant utf8 - assumed 'utf8' F:\WWW\beauty\beauty\Runtime\Cache\Home\657a6ca8262e93bc664994475fc8bde7.php 第 414 行.
NOTIC: [8] Use of undefined constant utf8 - assumed 'utf8' F:\WWW\beauty\beauty\Runtime\Cache\Home\657a6ca8262e93bc664994475fc8bde7.php 第 414 行.
NOTIC: [8] Use of undefined constant utf8 - assumed 'utf8' F:\WWW\beauty\beauty\Runtime\Cache\Home\657a6ca8262e93bc664994475fc8bde7.php 第 522 行.
NOTIC: [8] Use of undefined constant utf8 - assumed 'utf8' F:\WWW\beauty\beauty\Runtime\Cache\Home\657a6ca8262e93bc664994475fc8bde7.php 第 522 行.
NOTIC: [8] Use of undefined constant utf8 - assumed 'utf8' F:\WWW\beauty\beauty\Runtime\Cache\Home\657a6ca8262e93bc664994475fc8bde7.php 第 522 行.
NOTIC: [8] Use of undefined constant utf8 - assumed 'utf8' F:\WWW\beauty\beauty\Runtime\Cache\Home\657a6ca8262e93bc664994475fc8bde7.php 第 522 行.
NOTIC: [8] Use of undefined constant utf8 - assumed 'utf8' F:\WWW\beauty\beauty\Runtime\Cache\Home\657a6ca8262e93bc664994475fc8bde7.php 第 522 行.
NOTIC: [8] Use of undefined constant utf8 - assumed 'utf8' F:\WWW\beauty\beauty\Runtime\Cache\Home\657a6ca8262e93bc664994475fc8bde7.php 第 522 行.
NOTIC: [8] Use of undefined constant utf8 - assumed 'utf8' F:\WWW\beauty\beauty\Runtime\Cache\Home\657a6ca8262e93bc664994475fc8bde7.php 第 562 行.
NOTIC: [8] Use of undefined constant utf8 - assumed 'utf8' F:\WWW\beauty\beauty\Runtime\Cache\Home\657a6ca8262e93bc664994475fc8bde7.php 第 562 行.
NOTIC: [8] Use of undefined constant utf8 - assumed 'utf8' F:\WWW\beauty\beauty\Runtime\Cache\Home\657a6ca8262e93bc664994475fc8bde7.php 第 562 行.
NOTIC: [8] Use of undefined constant utf8 - assumed 'utf8' F:\WWW\beauty\beauty\Runtime\Cache\Home\657a6ca8262e93bc664994475fc8bde7.php 第 562 行.
NOTIC: [8] Use of undefined constant utf8 - assumed 'utf8' F:\WWW\beauty\beauty\Runtime\Cache\Home\657a6ca8262e93bc664994475fc8bde7.php 第 562 行.
NOTIC: [8] Use of undefined constant utf8 - assumed 'utf8' F:\WWW\beauty\beauty\Runtime\Cache\Home\657a6ca8262e93bc664994475fc8bde7.php 第 562 行.
NOTIC: [8] Use of undefined constant utf8 - assumed 'utf8' F:\WWW\beauty\beauty\Runtime\Cache\Home\657a6ca8262e93bc664994475fc8bde7.php 第 605 行.
NOTIC: [8] Use of undefined constant utf8 - assumed 'utf8' F:\WWW\beauty\beauty\Runtime\Cache\Home\657a6ca8262e93bc664994475fc8bde7.php 第 605 行.
NOTIC: [8] Use of undefined constant utf8 - assumed 'utf8' F:\WWW\beauty\beauty\Runtime\Cache\Home\657a6ca8262e93bc664994475fc8bde7.php 第 605 行.
NOTIC: [8] Use of undefined constant utf8 - assumed 'utf8' F:\WWW\beauty\beauty\Runtime\Cache\Home\657a6ca8262e93bc664994475fc8bde7.php 第 605 行.
NOTIC: [8] Use of undefined constant utf8 - assumed 'utf8' F:\WWW\beauty\beauty\Runtime\Cache\Home\657a6ca8262e93bc664994475fc8bde7.php 第 605 行.
NOTIC: [8] Use of undefined constant utf8 - assumed 'utf8' F:\WWW\beauty\beauty\Runtime\Cache\Home\657a6ca8262e93bc664994475fc8bde7.php 第 605 行.
NOTIC: [8] Use of undefined constant utf8 - assumed 'utf8' F:\WWW\beauty\beauty\Runtime\Cache\Home\657a6ca8262e93bc664994475fc8bde7.php 第 622 行.
NOTIC: [8] Use of undefined constant utf8 - assumed 'utf8' F:\WWW\beauty\beauty\Runtime\Cache\Home\657a6ca8262e93bc664994475fc8bde7.php 第 622 行.
NOTIC: [8] Use of undefined constant utf8 - assumed 'utf8' F:\WWW\beauty\beauty\Runtime\Cache\Home\657a6ca8262e93bc664994475fc8bde7.php 第 622 行.
NOTIC: [8] Use of undefined constant utf8 - assumed 'utf8' F:\WWW\beauty\beauty\Runtime\Cache\Home\657a6ca8262e93bc664994475fc8bde7.php 第 622 行.
NOTIC: [8] Use of undefined constant utf8 - assumed 'utf8' F:\WWW\beauty\beauty\Runtime\Cache\Home\657a6ca8262e93bc664994475fc8bde7.php 第 622 行.
NOTIC: [8] Use of undefined constant utf8 - assumed 'utf8' F:\WWW\beauty\beauty\Runtime\Cache\Home\657a6ca8262e93bc664994475fc8bde7.php 第 622 行.
NOTIC: [8] Use of undefined constant utf8 - assumed 'utf8' F:\WWW\beauty\beauty\Runtime\Cache\Home\657a6ca8262e93bc664994475fc8bde7.php 第 622 行.
NOTIC: [8] Use of undefined constant utf8 - assumed 'utf8' F:\WWW\beauty\beauty\Runtime\Cache\Home\657a6ca8262e93bc664994475fc8bde7.php 第 622 行.
INFO: Run Behavior\ParseTemplateBehavior [ RunTime:0.200011s ]
INFO: [ view_parse ] --END-- [ RunTime:0.200011s ]
INFO: [ view_filter ] --START--
INFO: Run Behavior\WriteHtmlCacheBehavior [ RunTime:0.002000s ]
INFO: [ view_filter ] --END-- [ RunTime:0.002000s ]
INFO: [ app_end ] --START--
INFO: Run Behavior\ShowPageTraceBehavior [ RunTime:0.001000s ]
INFO: [ app_end ] --END-- [ RunTime:0.001000s ]

