[ 2017-08-16T09:36:10+08:00 ] 127.0.0.1 /index.php/Admin/Index/index.html
INFO: [ app_init ] --START--
INFO: Run Behavior\BuildLiteBehavior [ RunTime:0.000000s ]
INFO: [ app_init ] --END-- [ RunTime:0.004000s ]
INFO: [ app_begin ] --START--
INFO: Run Behavior\ReadHtmlCacheBehavior [ RunTime:0.024001s ]
INFO: [ app_begin ] --END-- [ RunTime:0.024001s ]

[ 2017-08-16T09:36:10+08:00 ] 127.0.0.1 /index.php/Admin/Login/Login.html
INFO: [ app_init ] --START--
INFO: Run Behavior\BuildLiteBehavior [ RunTime:0.000000s ]
INFO: [ app_init ] --END-- [ RunTime:0.000000s ]
INFO: [ app_begin ] --START--
INFO: Run Behavior\ReadHtmlCacheBehavior [ RunTime:0.034002s ]
INFO: [ app_begin ] --END-- [ RunTime:0.034002s ]
INFO: [ view_parse ] --START--
INFO: [ template_filter ] --START--
INFO: Run Behavior\ContentReplaceBehavior [ RunTime:0.002000s ]
INFO: [ template_filter ] --END-- [ RunTime:0.002000s ]
INFO: Run Behavior\ParseTemplateBehavior [ RunTime:0.059003s ]
INFO: [ view_parse ] --END-- [ RunTime:0.059003s ]
INFO: [ view_filter ] --START--
INFO: Run Behavior\WriteHtmlCacheBehavior [ RunTime:0.001000s ]
INFO: [ view_filter ] --END-- [ RunTime:0.001000s ]
INFO: [ app_end ] --START--
INFO: Run Behavior\ShowPageTraceBehavior [ RunTime:0.001000s ]
INFO: [ app_end ] --END-- [ RunTime:0.001000s ]

[ 2017-08-16T09:36:10+08:00 ] 127.0.0.1 /index.php/Admin/Login/verify.html
INFO: [ app_init ] --START--
INFO: Run Behavior\BuildLiteBehavior [ RunTime:0.000000s ]
INFO: [ app_init ] --END-- [ RunTime:0.000000s ]
INFO: [ app_begin ] --START--
INFO: Run Behavior\ReadHtmlCacheBehavior [ RunTime:0.000000s ]
INFO: [ app_begin ] --END-- [ RunTime:0.000000s ]
INFO: [ app_end ] --START--
INFO: Run Behavior\ShowPageTraceBehavior [ RunTime:0.000000s ]
INFO: [ app_end ] --END-- [ RunTime:0.000000s ]

[ 2017-08-16T09:36:15+08:00 ] 127.0.0.1 /index.php/Admin/Login/chkAdmin.html
INFO: [ app_init ] --START--
INFO: Run Behavior\BuildLiteBehavior [ RunTime:0.001000s ]
INFO: [ app_init ] --END-- [ RunTime:0.002000s ]
INFO: [ app_begin ] --START--
INFO: Run Behavior\ReadHtmlCacheBehavior [ RunTime:0.000000s ]
INFO: [ app_begin ] --END-- [ RunTime:0.000000s ]
SQL: SHOW COLUMNS FROM `beauty_admin` [ RunTime:0.0780s ]
SQL: SELECT * FROM `beauty_admin` WHERE `username` = 'admin' LIMIT 1   [ RunTime:0.0030s ]
INFO: [ app_end ] --START--
INFO: Run Behavior\ShowPageTraceBehavior [ RunTime:0.002000s ]
INFO: [ app_end ] --END-- [ RunTime:0.002000s ]

[ 2017-08-16T09:36:20+08:00 ] 127.0.0.1 /index.php/Admin/Login/chkVerify.html
INFO: [ app_init ] --START--
INFO: Run Behavior\BuildLiteBehavior [ RunTime:0.000000s ]
INFO: [ app_init ] --END-- [ RunTime:0.000000s ]
INFO: [ app_begin ] --START--
INFO: Run Behavior\ReadHtmlCacheBehavior [ RunTime:0.001000s ]
INFO: [ app_begin ] --END-- [ RunTime:0.002000s ]
INFO: [ app_end ] --START--
INFO: Run Behavior\ShowPageTraceBehavior [ RunTime:0.001000s ]
INFO: [ app_end ] --END-- [ RunTime:0.001000s ]

[ 2017-08-16T09:36:21+08:00 ] 127.0.0.1 /index.php/Admin/Login/login.html
INFO: [ app_init ] --START--
INFO: Run Behavior\BuildLiteBehavior [ RunTime:0.000000s ]
INFO: [ app_init ] --END-- [ RunTime:0.001000s ]
INFO: [ app_begin ] --START--
INFO: Run Behavior\ReadHtmlCacheBehavior [ RunTime:0.001000s ]
INFO: [ app_begin ] --END-- [ RunTime:0.001000s ]
SQL: SHOW COLUMNS FROM `beauty_admin` [ RunTime:0.0170s ]
NOTIC: [8] Undefined index: validate F:\WWW\beauty\ThinkPHP\Library\Think\Model.class.php 第 1185 行.
SQL: SELECT * FROM `beauty_admin` WHERE `username` = 'admin' LIMIT 1   [ RunTime:0.0000s ]
SQL: SELECT * FROM `beauty_admin` WHERE `username` = 'admin' AND `password` = '21232f297a57a5a743894a0e4a801fc3' LIMIT 1   [ RunTime:0.0000s ]
SQL: UPDATE `beauty_admin` SET `online`='1',`lastlogin`='1502847381',`lastip`='127.0.0.1' WHERE `id` = 1 [ RunTime:0.0390s ]

[ 2017-08-16T09:36:23+08:00 ] 127.0.0.1 /index.php/Admin/Index/index.html
INFO: [ app_init ] --START--
INFO: Run Behavior\BuildLiteBehavior [ RunTime:0.000000s ]
INFO: [ app_init ] --END-- [ RunTime:0.001000s ]
INFO: [ app_begin ] --START--
INFO: Run Behavior\ReadHtmlCacheBehavior [ RunTime:0.001000s ]
INFO: [ app_begin ] --END-- [ RunTime:0.002000s ]
INFO: [ view_parse ] --START--
INFO: [ template_filter ] --START--
INFO: Run Behavior\ContentReplaceBehavior [ RunTime:0.001000s ]
INFO: [ template_filter ] --END-- [ RunTime:0.001000s ]
INFO: Run Behavior\ParseTemplateBehavior [ RunTime:0.011001s ]
INFO: [ view_parse ] --END-- [ RunTime:0.011001s ]
INFO: [ view_filter ] --START--
INFO: Run Behavior\WriteHtmlCacheBehavior [ RunTime:0.002000s ]
INFO: [ view_filter ] --END-- [ RunTime:0.002000s ]
INFO: [ app_end ] --START--
INFO: Run Behavior\ShowPageTraceBehavior [ RunTime:0.002000s ]
INFO: [ app_end ] --END-- [ RunTime:0.002000s ]

[ 2017-08-16T09:36:24+08:00 ] 127.0.0.1 /index.php/Admin/Index/top.html
INFO: [ app_init ] --START--
INFO: Run Behavior\BuildLiteBehavior [ RunTime:0.000000s ]
INFO: [ app_init ] --END-- [ RunTime:0.002000s ]
INFO: [ app_begin ] --START--
NOTIC: [2] filemtime(): stat failed for ./beauty/Admin/view/Index/top.html F:\WWW\beauty\ThinkPHP\Library\Behavior\ReadHtmlCacheBehavior.class.php 第 104 行.
INFO: Run Behavior\ReadHtmlCacheBehavior [ RunTime:0.022002s ]
INFO: [ app_begin ] --END-- [ RunTime:0.022002s ]
SQL: SHOW COLUMNS FROM `beauty_message_admin` [ RunTime:0.0650s ]
SQL: SELECT COUNT(*) AS tp_count FROM `beauty_message_admin` WHERE `receiveId` = 1 AND `status` = 1 LIMIT 1   [ RunTime:0.0000s ]
INFO: [ view_parse ] --START--
INFO: [ template_filter ] --START--
INFO: Run Behavior\ContentReplaceBehavior [ RunTime:0.000000s ]
INFO: [ template_filter ] --END-- [ RunTime:0.000000s ]
INFO: Run Behavior\ParseTemplateBehavior [ RunTime:0.006000s ]
INFO: [ view_parse ] --END-- [ RunTime:0.006000s ]
INFO: [ view_filter ] --START--
INFO: Run Behavior\WriteHtmlCacheBehavior [ RunTime:0.000000s ]
INFO: [ view_filter ] --END-- [ RunTime:0.000000s ]
INFO: [ app_end ] --START--
INFO: Run Behavior\ShowPageTraceBehavior [ RunTime:0.000000s ]
INFO: [ app_end ] --END-- [ RunTime:0.000000s ]

[ 2017-08-16T09:36:25+08:00 ] 127.0.0.1 /index.php/Admin/Index/footer.html
INFO: [ app_init ] --START--
INFO: Run Behavior\BuildLiteBehavior [ RunTime:0.000000s ]
INFO: [ app_init ] --END-- [ RunTime:0.001000s ]
INFO: [ app_begin ] --START--
NOTIC: [2] filemtime(): stat failed for ./beauty/Admin/view/Index/footer.html F:\WWW\beauty\ThinkPHP\Library\Behavior\ReadHtmlCacheBehavior.class.php 第 104 行.
INFO: Run Behavior\ReadHtmlCacheBehavior [ RunTime:0.029002s ]
INFO: [ app_begin ] --END-- [ RunTime:0.029002s ]
INFO: [ view_parse ] --START--
INFO: [ template_filter ] --START--
INFO: Run Behavior\ContentReplaceBehavior [ RunTime:0.000000s ]
INFO: [ template_filter ] --END-- [ RunTime:0.000000s ]
INFO: Run Behavior\ParseTemplateBehavior [ RunTime:0.014001s ]
INFO: [ view_parse ] --END-- [ RunTime:0.014001s ]
INFO: [ view_filter ] --START--
INFO: Run Behavior\WriteHtmlCacheBehavior [ RunTime:0.002000s ]
INFO: [ view_filter ] --END-- [ RunTime:0.002000s ]
INFO: [ app_end ] --START--
INFO: Run Behavior\ShowPageTraceBehavior [ RunTime:0.001000s ]
INFO: [ app_end ] --END-- [ RunTime:0.001000s ]

[ 2017-08-16T09:36:26+08:00 ] 127.0.0.1 /index.php/Admin/Index/left.html
INFO: [ app_init ] --START--
INFO: Run Behavior\BuildLiteBehavior [ RunTime:0.000000s ]
INFO: [ app_init ] --END-- [ RunTime:0.000000s ]
INFO: [ app_begin ] --START--
NOTIC: [2] filemtime(): stat failed for ./beauty/Admin/view/Index/left.html F:\WWW\beauty\ThinkPHP\Library\Behavior\ReadHtmlCacheBehavior.class.php 第 104 行.
INFO: Run Behavior\ReadHtmlCacheBehavior [ RunTime:0.059003s ]
INFO: [ app_begin ] --END-- [ RunTime:0.059003s ]
SQL: SHOW COLUMNS FROM `beauty_admin_nav` [ RunTime:0.0280s ]
SQL: SELECT * FROM `beauty_admin_nav` WHERE `pid` = 0 ORDER BY priority  [ RunTime:0.0010s ]
SQL: SHOW COLUMNS FROM `beauty_auth_group_access` [ RunTime:0.0610s ]
SQL: SELECT `uid`,`group_id`,`title`,`rules` FROM beauty_auth_group_access a INNER JOIN beauty_auth_group g on a.group_id=g.id  WHERE ( a.uid='1' and g.status='1' )  [ RunTime:0.0310s ]
SQL: SHOW COLUMNS FROM `beauty_auth_rule` [ RunTime:0.0190s ]
SQL: SELECT `condition`,`name` FROM `beauty_auth_rule` WHERE `id` IN ('1','41','40','42','43','44','2','13','14','3','15','16','18','20','21','19','4','22','23','5','24','25','6','26','27','7','28','51','9','34','35','8','29','30','31','32','33','54','10','36','37','11','38','52','53','45','46','47','12','39','48','17','49','50','55','56','57','58','59') AND `type` = 1 AND `status` = 1  [ RunTime:0.0170s ]
SQL: SELECT * FROM `beauty_admin_nav` WHERE `pid` = 1 ORDER BY priority  [ RunTime:0.0000s ]
SQL: SELECT * FROM `beauty_admin_nav` WHERE `pid` = 2 ORDER BY priority  [ RunTime:0.0000s ]
SQL: SELECT * FROM `beauty_admin_nav` WHERE `pid` = 48 ORDER BY priority  [ RunTime:0.0000s ]
SQL: SELECT * FROM `beauty_admin_nav` WHERE `pid` = 3 ORDER BY priority  [ RunTime:0.0010s ]
SQL: SELECT * FROM `beauty_admin_nav` WHERE `pid` = 4 ORDER BY priority  [ RunTime:0.0010s ]
SQL: SELECT * FROM `beauty_admin_nav` WHERE `pid` = 5 ORDER BY priority  [ RunTime:0.0000s ]
SQL: SELECT * FROM `beauty_admin_nav` WHERE `pid` = 6 ORDER BY priority  [ RunTime:0.0000s ]
SQL: SELECT * FROM `beauty_admin_nav` WHERE `pid` = 7 ORDER BY priority  [ RunTime:0.0010s ]
SQL: SELECT * FROM `beauty_admin_nav` WHERE `pid` = 8 ORDER BY priority  [ RunTime:0.0000s ]
SQL: SELECT * FROM `beauty_admin_nav` WHERE `pid` = 9 ORDER BY priority  [ RunTime:0.0010s ]
SQL: SELECT * FROM `beauty_admin_nav` WHERE `pid` = 10 ORDER BY priority  [ RunTime:0.0020s ]
SQL: SELECT * FROM `beauty_admin_nav` WHERE `pid` = 11 ORDER BY priority  [ RunTime:0.0000s ]
SQL: SELECT * FROM `beauty_admin_nav` WHERE `pid` = 12 ORDER BY priority  [ RunTime:0.0010s ]
SQL: SELECT * FROM `beauty_admin_nav` WHERE `pid` = 45 ORDER BY priority  [ RunTime:0.0000s ]
SQL: SELECT * FROM `beauty_admin_nav` WHERE `pid` = 55 ORDER BY priority  [ RunTime:0.0000s ]
SQL: SELECT * FROM `beauty_admin_nav` WHERE `pid` = 58 ORDER BY priority  [ RunTime:0.0000s ]
INFO: [ view_parse ] --START--
INFO: [ template_filter ] --START--
INFO: Run Behavior\ContentReplaceBehavior [ RunTime:0.000000s ]
INFO: [ template_filter ] --END-- [ RunTime:0.000000s ]
NOTIC: [8] Undefined variable: v1 F:\WWW\beauty\beauty\Runtime\Cache\Admin\deb2bdb6f40b9ba5a624590770c82b56.php 第 415 行.
NOTIC: [8] Undefined variable: v1 F:\WWW\beauty\beauty\Runtime\Cache\Admin\deb2bdb6f40b9ba5a624590770c82b56.php 第 415 行.
INFO: Run Behavior\ParseTemplateBehavior [ RunTime:0.044002s ]
INFO: [ view_parse ] --END-- [ RunTime:0.045002s ]
INFO: [ view_filter ] --START--
INFO: Run Behavior\WriteHtmlCacheBehavior [ RunTime:0.002000s ]
INFO: [ view_filter ] --END-- [ RunTime:0.002000s ]
INFO: [ app_end ] --START--
INFO: Run Behavior\ShowPageTraceBehavior [ RunTime:0.000000s ]
INFO: [ app_end ] --END-- [ RunTime:0.000000s ]

[ 2017-08-16T09:36:27+08:00 ] 127.0.0.1 /index.php/Admin/Index/main.html
INFO: [ app_init ] --START--
INFO: Run Behavior\BuildLiteBehavior [ RunTime:0.000000s ]
INFO: [ app_init ] --END-- [ RunTime:0.000000s ]
INFO: [ app_begin ] --START--
INFO: Run Behavior\ReadHtmlCacheBehavior [ RunTime:0.093005s ]
INFO: [ app_begin ] --END-- [ RunTime:0.094005s ]
SQL: SHOW COLUMNS FROM `beauty_admin` [ RunTime:0.0040s ]
SQL: SELECT `username`,`lastlogin`,`lastip` FROM `beauty_admin` WHERE `id` = 1  [ RunTime:0.0010s ]
SQL: SHOW COLUMNS FROM `beauty_goods` [ RunTime:0.0230s ]
SQL: SELECT * FROM `beauty_goods` ORDER BY salenum desc LIMIT 5   [ RunTime:0.0010s ]
SQL: SELECT * FROM `beauty_goods` ORDER BY num LIMIT 5   [ RunTime:0.0000s ]
INFO: [ view_parse ] --START--
INFO: [ template_filter ] --START--
INFO: Run Behavior\ContentReplaceBehavior [ RunTime:0.000000s ]
INFO: [ template_filter ] --END-- [ RunTime:0.000000s ]
INFO: Run Behavior\ParseTemplateBehavior [ RunTime:0.053003s ]
INFO: [ view_parse ] --END-- [ RunTime:0.053003s ]
INFO: [ view_filter ] --START--
INFO: Run Behavior\WriteHtmlCacheBehavior [ RunTime:0.001000s ]
INFO: [ view_filter ] --END-- [ RunTime:0.001000s ]
INFO: [ app_end ] --START--
INFO: Run Behavior\ShowPageTraceBehavior [ RunTime:0.000000s ]
INFO: [ app_end ] --END-- [ RunTime:0.000000s ]

[ 2017-08-16T09:36:28+08:00 ] 127.0.0.1 /index.php/Admin/Index/getGoodsTop.html
INFO: [ app_init ] --START--
INFO: Run Behavior\BuildLiteBehavior [ RunTime:0.001000s ]
INFO: [ app_init ] --END-- [ RunTime:0.001000s ]
INFO: [ app_begin ] --START--
INFO: Run Behavior\ReadHtmlCacheBehavior [ RunTime:0.001000s ]
INFO: [ app_begin ] --END-- [ RunTime:0.001000s ]
SQL: SHOW COLUMNS FROM `beauty_goods` [ RunTime:0.0040s ]
SQL: SELECT `goodsname`,`salenum` FROM `beauty_goods` ORDER BY salenum desc LIMIT 0,10   [ RunTime:0.0000s ]

[ 2017-08-16T09:36:31+08:00 ] 127.0.0.1 /index.php/Admin/AuthGroup/index.html
INFO: [ app_init ] --START--
INFO: Run Behavior\BuildLiteBehavior [ RunTime:0.000000s ]
INFO: [ app_init ] --END-- [ RunTime:0.000000s ]
INFO: [ app_begin ] --START--
INFO: Run Behavior\ReadHtmlCacheBehavior [ RunTime:0.026002s ]
INFO: [ app_begin ] --END-- [ RunTime:0.026002s ]
SQL: SHOW COLUMNS FROM `beauty_auth_group` [ RunTime:0.0150s ]
SQL: SELECT * FROM `beauty_auth_group`  [ RunTime:0.0010s ]
SQL: SHOW COLUMNS FROM `beauty_auth_group_access` [ RunTime:0.0130s ]
SQL: SELECT a.username FROM beauty_auth_group_access g INNER JOIN beauty_admin a ON g.uid=a.id  WHERE ( g.group_id=1 )  [ RunTime:0.0010s ]
SQL: SELECT a.username FROM beauty_auth_group_access g INNER JOIN beauty_admin a ON g.uid=a.id  WHERE ( g.group_id=2 )  [ RunTime:0.0000s ]
SQL: SELECT a.username FROM beauty_auth_group_access g INNER JOIN beauty_admin a ON g.uid=a.id  WHERE ( g.group_id=3 )  [ RunTime:0.0000s ]
SQL: SELECT a.username FROM beauty_auth_group_access g INNER JOIN beauty_admin a ON g.uid=a.id  WHERE ( g.group_id=4 )  [ RunTime:0.0000s ]
SQL: SELECT a.username FROM beauty_auth_group_access g INNER JOIN beauty_admin a ON g.uid=a.id  WHERE ( g.group_id=5 )  [ RunTime:0.0010s ]
SQL: SELECT a.username FROM beauty_auth_group_access g INNER JOIN beauty_admin a ON g.uid=a.id  WHERE ( g.group_id=6 )  [ RunTime:0.0000s ]
SQL: SELECT a.username FROM beauty_auth_group_access g INNER JOIN beauty_admin a ON g.uid=a.id  WHERE ( g.group_id=7 )  [ RunTime:0.0000s ]
SQL: SELECT a.username FROM beauty_auth_group_access g INNER JOIN beauty_admin a ON g.uid=a.id  WHERE ( g.group_id=8 )  [ RunTime:0.0010s ]
SQL: SELECT a.username FROM beauty_auth_group_access g INNER JOIN beauty_admin a ON g.uid=a.id  WHERE ( g.group_id=10 )  [ RunTime:0.0000s ]
SQL: SELECT a.username FROM beauty_auth_group_access g INNER JOIN beauty_admin a ON g.uid=a.id  WHERE ( g.group_id=11 )  [ RunTime:0.0010s ]
SQL: SELECT a.username FROM beauty_auth_group_access g INNER JOIN beauty_admin a ON g.uid=a.id  WHERE ( g.group_id=12 )  [ RunTime:0.0000s ]
SQL: SELECT a.username FROM beauty_auth_group_access g INNER JOIN beauty_admin a ON g.uid=a.id  WHERE ( g.group_id=13 )  [ RunTime:0.0010s ]
INFO: [ view_parse ] --START--
INFO: [ template_filter ] --START--
INFO: Run Behavior\ContentReplaceBehavior [ RunTime:0.000000s ]
INFO: [ template_filter ] --END-- [ RunTime:0.000000s ]
INFO: Run Behavior\ParseTemplateBehavior [ RunTime:0.028002s ]
INFO: [ view_parse ] --END-- [ RunTime:0.028002s ]
INFO: [ view_filter ] --START--
INFO: Run Behavior\WriteHtmlCacheBehavior [ RunTime:0.002000s ]
INFO: [ view_filter ] --END-- [ RunTime:0.002000s ]
INFO: [ app_end ] --START--
INFO: Run Behavior\ShowPageTraceBehavior [ RunTime:0.001000s ]
INFO: [ app_end ] --END-- [ RunTime:0.001000s ]

[ 2017-08-16T09:36:35+08:00 ] 127.0.0.1 /index.php/Admin/Admin/index.html
INFO: [ app_init ] --START--
INFO: Run Behavior\BuildLiteBehavior [ RunTime:0.000000s ]
INFO: [ app_init ] --END-- [ RunTime:0.001000s ]
INFO: [ app_begin ] --START--
NOTIC: [2] filemtime(): stat failed for ./beauty/Admin/view/Admin/index.html F:\WWW\beauty\ThinkPHP\Library\Behavior\ReadHtmlCacheBehavior.class.php 第 104 行.
INFO: Run Behavior\ReadHtmlCacheBehavior [ RunTime:0.023002s ]
INFO: [ app_begin ] --END-- [ RunTime:0.023002s ]
SQL: SHOW COLUMNS FROM `beauty_admin` [ RunTime:0.0160s ]
SQL: SELECT COUNT(*) AS tp_count FROM `beauty_admin` WHERE `username` LIKE '%%' LIMIT 1   [ RunTime:0.0010s ]
SQL: SELECT * FROM `beauty_admin` WHERE `username` LIKE '%%' ORDER BY id LIMIT 0,5   [ RunTime:0.0010s ]
SQL: SHOW COLUMNS FROM `beauty_auth_group_access` [ RunTime:0.0080s ]
SQL: SELECT g.title FROM beauty_auth_group_access a INNER JOIN beauty_auth_group g ON a.group_id=g.id  WHERE ( a.uid=1 )  [ RunTime:0.0010s ]
SQL: SELECT g.title FROM beauty_auth_group_access a INNER JOIN beauty_auth_group g ON a.group_id=g.id  WHERE ( a.uid=2 )  [ RunTime:0.0010s ]
SQL: SELECT g.title FROM beauty_auth_group_access a INNER JOIN beauty_auth_group g ON a.group_id=g.id  WHERE ( a.uid=3 )  [ RunTime:0.0000s ]
SQL: SELECT g.title FROM beauty_auth_group_access a INNER JOIN beauty_auth_group g ON a.group_id=g.id  WHERE ( a.uid=4 )  [ RunTime:0.0000s ]
SQL: SELECT g.title FROM beauty_auth_group_access a INNER JOIN beauty_auth_group g ON a.group_id=g.id  WHERE ( a.uid=5 )  [ RunTime:0.0000s ]
INFO: [ view_parse ] --START--
INFO: [ template_filter ] --START--
INFO: Run Behavior\ContentReplaceBehavior [ RunTime:0.000000s ]
INFO: [ template_filter ] --END-- [ RunTime:0.000000s ]
INFO: Run Behavior\ParseTemplateBehavior [ RunTime:0.014001s ]
INFO: [ view_parse ] --END-- [ RunTime:0.014001s ]
INFO: [ view_filter ] --START--
INFO: Run Behavior\WriteHtmlCacheBehavior [ RunTime:0.002000s ]
INFO: [ view_filter ] --END-- [ RunTime:0.002000s ]
INFO: [ app_end ] --START--
INFO: Run Behavior\ShowPageTraceBehavior [ RunTime:0.001000s ]
INFO: [ app_end ] --END-- [ RunTime:0.001000s ]

[ 2017-08-16T10:29:37+08:00 ] 127.0.0.1 /index.php/Admin/AuthGroup/index.html
INFO: [ app_init ] --START--
INFO: Run Behavior\BuildLiteBehavior [ RunTime:0.000000s ]
INFO: [ app_init ] --END-- [ RunTime:0.000000s ]
INFO: [ app_begin ] --START--
INFO: Run Behavior\ReadHtmlCacheBehavior [ RunTime:0.001000s ]
INFO: [ app_begin ] --END-- [ RunTime:0.001000s ]
SQL: SHOW COLUMNS FROM `beauty_auth_group` [ RunTime:0.0170s ]
SQL: SELECT * FROM `beauty_auth_group`  [ RunTime:0.0010s ]
SQL: SHOW COLUMNS FROM `beauty_auth_group_access` [ RunTime:0.0150s ]
SQL: SELECT a.username FROM beauty_auth_group_access g INNER JOIN beauty_admin a ON g.uid=a.id  WHERE ( g.group_id=1 )  [ RunTime:0.0010s ]
SQL: SELECT a.username FROM beauty_auth_group_access g INNER JOIN beauty_admin a ON g.uid=a.id  WHERE ( g.group_id=2 )  [ RunTime:0.0010s ]
SQL: SELECT a.username FROM beauty_auth_group_access g INNER JOIN beauty_admin a ON g.uid=a.id  WHERE ( g.group_id=3 )  [ RunTime:0.0000s ]
SQL: SELECT a.username FROM beauty_auth_group_access g INNER JOIN beauty_admin a ON g.uid=a.id  WHERE ( g.group_id=4 )  [ RunTime:0.0010s ]
SQL: SELECT a.username FROM beauty_auth_group_access g INNER JOIN beauty_admin a ON g.uid=a.id  WHERE ( g.group_id=5 )  [ RunTime:0.0000s ]
SQL: SELECT a.username FROM beauty_auth_group_access g INNER JOIN beauty_admin a ON g.uid=a.id  WHERE ( g.group_id=6 )  [ RunTime:0.0000s ]
SQL: SELECT a.username FROM beauty_auth_group_access g INNER JOIN beauty_admin a ON g.uid=a.id  WHERE ( g.group_id=7 )  [ RunTime:0.0010s ]
SQL: SELECT a.username FROM beauty_auth_group_access g INNER JOIN beauty_admin a ON g.uid=a.id  WHERE ( g.group_id=8 )  [ RunTime:0.0000s ]
SQL: SELECT a.username FROM beauty_auth_group_access g INNER JOIN beauty_admin a ON g.uid=a.id  WHERE ( g.group_id=10 )  [ RunTime:0.0010s ]
SQL: SELECT a.username FROM beauty_auth_group_access g INNER JOIN beauty_admin a ON g.uid=a.id  WHERE ( g.group_id=11 )  [ RunTime:0.0000s ]
SQL: SELECT a.username FROM beauty_auth_group_access g INNER JOIN beauty_admin a ON g.uid=a.id  WHERE ( g.group_id=12 )  [ RunTime:0.0010s ]
SQL: SELECT a.username FROM beauty_auth_group_access g INNER JOIN beauty_admin a ON g.uid=a.id  WHERE ( g.group_id=13 )  [ RunTime:0.0000s ]
INFO: [ view_parse ] --START--
INFO: [ template_filter ] --START--
INFO: Run Behavior\ContentReplaceBehavior [ RunTime:0.000000s ]
INFO: [ template_filter ] --END-- [ RunTime:0.000000s ]
INFO: Run Behavior\ParseTemplateBehavior [ RunTime:0.020002s ]
INFO: [ view_parse ] --END-- [ RunTime:0.020002s ]
INFO: [ view_filter ] --START--
INFO: Run Behavior\WriteHtmlCacheBehavior [ RunTime:0.002000s ]
INFO: [ view_filter ] --END-- [ RunTime:0.002000s ]
INFO: [ app_end ] --START--
INFO: Run Behavior\ShowPageTraceBehavior [ RunTime:0.000000s ]
INFO: [ app_end ] --END-- [ RunTime:0.000000s ]

[ 2017-08-16T10:29:38+08:00 ] 127.0.0.1 /index.php/Admin/AuthGroup/index.html
INFO: [ app_init ] --START--
INFO: Run Behavior\BuildLiteBehavior [ RunTime:0.000000s ]
INFO: [ app_init ] --END-- [ RunTime:0.001000s ]
INFO: [ app_begin ] --START--

[ 2017-08-16T10:29:43+08:00 ] 127.0.0.1 /index.php/Admin/AuthGroup/addMember/gid/13.html
INFO: [ app_init ] --START--
INFO: Run Behavior\BuildLiteBehavior [ RunTime:0.000000s ]
INFO: [ app_init ] --END-- [ RunTime:0.001000s ]
INFO: [ app_begin ] --START--
INFO: Run Behavior\ReadHtmlCacheBehavior [ RunTime:0.001000s ]
INFO: [ app_begin ] --END-- [ RunTime:0.001000s ]
SQL: SHOW COLUMNS FROM `beauty_admin` [ RunTime:0.0160s ]
SQL: SELECT * FROM `beauty_admin`  [ RunTime:0.0010s ]
SQL: SHOW COLUMNS FROM `beauty_auth_group_access` [ RunTime:0.0090s ]
SQL: SHOW COLUMNS FROM `beauty_admin` [ RunTime:0.0090s ]
SQL: SELECT * FROM beauty_admin a,beauty_auth_group_access g WHERE g.group_id = '13' AND ( a.id=g.uid )  [ RunTime:0.0000s ]
SQL: SELECT `uid` FROM `beauty_auth_group_access` WHERE `group_id` = 13  [ RunTime:0.0010s ]
INFO: [ view_parse ] --START--
INFO: [ template_filter ] --START--
INFO: Run Behavior\ContentReplaceBehavior [ RunTime:0.000000s ]
INFO: [ template_filter ] --END-- [ RunTime:0.000000s ]
NOTIC: [8] Array to string conversion F:\WWW\beauty\beauty\Runtime\Cache\Admin\97abb7e687a91e6edfddd03882c3fa27.php 第 71 行.
INFO: Run Behavior\ParseTemplateBehavior [ RunTime:0.022001s ]
INFO: [ view_parse ] --END-- [ RunTime:0.022001s ]
INFO: [ view_filter ] --START--
INFO: Run Behavior\WriteHtmlCacheBehavior [ RunTime:0.001000s ]
INFO: [ view_filter ] --END-- [ RunTime:0.001000s ]
INFO: [ app_end ] --START--
INFO: Run Behavior\ShowPageTraceBehavior [ RunTime:0.000000s ]
INFO: [ app_end ] --END-- [ RunTime:0.000000s ]

[ 2017-08-16T10:29:47+08:00 ] 127.0.0.1 /index.php/Admin/AuthGroup/addMember.html
INFO: [ app_init ] --START--
INFO: Run Behavior\BuildLiteBehavior [ RunTime:0.000000s ]
INFO: [ app_init ] --END-- [ RunTime:0.000000s ]
INFO: [ app_begin ] --START--
INFO: Run Behavior\ReadHtmlCacheBehavior [ RunTime:0.000000s ]
INFO: [ app_begin ] --END-- [ RunTime:0.000000s ]
SQL: SHOW COLUMNS FROM `beauty_auth_group_access` [ RunTime:0.0140s ]
SQL: DELETE FROM `beauty_auth_group_access` WHERE `uid` = 6 AND `group_id` = 13 [ RunTime:0.0010s ]
SQL: INSERT INTO `beauty_auth_group_access` (`uid`,`group_id`) VALUES ('6','13') [ RunTime:0.0010s ]

[ 2017-08-16T10:29:50+08:00 ] 127.0.0.1 /index.php/Admin/AuthGroup/addMember/gid/13.html
INFO: [ app_init ] --START--
INFO: Run Behavior\BuildLiteBehavior [ RunTime:0.000000s ]
INFO: [ app_init ] --END-- [ RunTime:0.001000s ]
INFO: [ app_begin ] --START--

[ 2017-08-16T10:29:53+08:00 ] 127.0.0.1 /index.php/Admin/AuthGroup/addMember.html
INFO: [ app_init ] --START--
INFO: Run Behavior\BuildLiteBehavior [ RunTime:0.000000s ]
INFO: [ app_init ] --END-- [ RunTime:0.001000s ]
INFO: [ app_begin ] --START--
INFO: Run Behavior\ReadHtmlCacheBehavior [ RunTime:0.001000s ]
INFO: [ app_begin ] --END-- [ RunTime:0.001000s ]
INFO: [ app_end ] --START--
INFO: Run Behavior\ShowPageTraceBehavior [ RunTime:0.001000s ]
INFO: [ app_end ] --END-- [ RunTime:0.001000s ]

[ 2017-08-16T10:33:02+08:00 ] 127.0.0.1 /index.php/Admin/AuthGroup/addMember.html
INFO: [ app_init ] --START--
INFO: Run Behavior\BuildLiteBehavior [ RunTime:0.000000s ]
INFO: [ app_init ] --END-- [ RunTime:0.000000s ]
INFO: [ app_begin ] --START--
INFO: Run Behavior\ReadHtmlCacheBehavior [ RunTime:0.000000s ]
INFO: [ app_begin ] --END-- [ RunTime:0.000000s ]
SQL: SHOW COLUMNS FROM `beauty_admin` [ RunTime:0.0140s ]
SQL: SELECT * FROM `beauty_admin` WHERE `username` = 'beibei' LIMIT 1   [ RunTime:0.0010s ]
SQL: SHOW COLUMNS FROM `beauty_auth_group_access` [ RunTime:0.0120s ]
SQL: SELECT * FROM `beauty_auth_group_access` WHERE `uid` = 6 AND `group_id` = 13 LIMIT 1   [ RunTime:0.0000s ]

[ 2017-08-16T10:33:04+08:00 ] 127.0.0.1 /index.php/Admin/AuthGroup/addMember.html
INFO: [ app_init ] --START--
INFO: Run Behavior\BuildLiteBehavior [ RunTime:0.000000s ]
INFO: [ app_init ] --END-- [ RunTime:0.000000s ]
INFO: [ app_begin ] --START--
INFO: Run Behavior\ReadHtmlCacheBehavior [ RunTime:0.001000s ]
INFO: [ app_begin ] --END-- [ RunTime:0.001000s ]
SQL: SHOW COLUMNS FROM `beauty_admin` [ RunTime:0.0030s ]
SQL: SELECT * FROM `beauty_admin` WHERE `username` = 'beibei' LIMIT 1   [ RunTime:0.0000s ]
SQL: SHOW COLUMNS FROM `beauty_auth_group_access` [ RunTime:0.0030s ]
SQL: SELECT * FROM `beauty_auth_group_access` WHERE `uid` = 6 AND `group_id` = 13 LIMIT 1   [ RunTime:0.0000s ]

[ 2017-08-16T11:15:18+08:00 ] 127.0.0.1 /index.php/Admin/AuthGroup/addMember.html
INFO: [ app_init ] --START--
INFO: Run Behavior\BuildLiteBehavior [ RunTime:0.000000s ]
INFO: [ app_init ] --END-- [ RunTime:0.000000s ]
INFO: [ app_begin ] --START--
INFO: Run Behavior\ReadHtmlCacheBehavior [ RunTime:0.000000s ]
INFO: [ app_begin ] --END-- [ RunTime:0.000000s ]
SQL: SHOW COLUMNS FROM `beauty_auth_group_access` [ RunTime:0.0160s ]
SQL: DELETE FROM `beauty_auth_group_access` WHERE `uid` = 5 AND `group_id` = 13 [ RunTime:0.0010s ]
SQL: INSERT INTO `beauty_auth_group_access` (`uid`,`group_id`) VALUES ('5','13') [ RunTime:0.0010s ]
SQL: DELETE FROM `beauty_auth_group_access` WHERE `uid` = 6 AND `group_id` = 13 [ RunTime:0.0010s ]
SQL: INSERT INTO `beauty_auth_group_access` (`uid`,`group_id`) VALUES ('6','13') [ RunTime:0.0000s ]

[ 2017-08-16T11:15:22+08:00 ] 127.0.0.1 /index.php/Admin/AuthGroup/addMember/gid/13.html
INFO: [ app_init ] --START--
INFO: Run Behavior\BuildLiteBehavior [ RunTime:0.000000s ]
INFO: [ app_init ] --END-- [ RunTime:0.001000s ]
INFO: [ app_begin ] --START--
INFO: Run Behavior\ReadHtmlCacheBehavior [ RunTime:0.001000s ]
INFO: [ app_begin ] --END-- [ RunTime:0.001000s ]
SQL: SHOW COLUMNS FROM `beauty_admin` [ RunTime:0.0070s ]
SQL: SELECT * FROM `beauty_admin`  [ RunTime:0.0010s ]
SQL: SHOW COLUMNS FROM `beauty_auth_group_access` [ RunTime:0.0050s ]
SQL: SHOW COLUMNS FROM `beauty_admin` [ RunTime:0.0050s ]
SQL: SELECT * FROM beauty_admin a,beauty_auth_group_access g WHERE g.group_id = '13' AND ( a.id=g.uid )  [ RunTime:0.0010s ]
SQL: SELECT `uid` FROM `beauty_auth_group_access` WHERE `group_id` = 13  [ RunTime:0.0000s ]
INFO: [ view_parse ] --START--
INFO: [ template_filter ] --START--
INFO: Run Behavior\ContentReplaceBehavior [ RunTime:0.000000s ]
INFO: [ template_filter ] --END-- [ RunTime:0.000000s ]
NOTIC: [8] Array to string conversion F:\WWW\beauty\beauty\Runtime\Cache\Admin\97abb7e687a91e6edfddd03882c3fa27.php 第 71 行.
INFO: Run Behavior\ParseTemplateBehavior [ RunTime:0.012001s ]
INFO: [ view_parse ] --END-- [ RunTime:0.012001s ]
INFO: [ view_filter ] --START--
INFO: Run Behavior\WriteHtmlCacheBehavior [ RunTime:0.002000s ]
INFO: [ view_filter ] --END-- [ RunTime:0.002000s ]
INFO: [ app_end ] --START--
INFO: Run Behavior\ShowPageTraceBehavior [ RunTime:0.000000s ]
INFO: [ app_end ] --END-- [ RunTime:0.000000s ]

[ 2017-08-16T11:31:59+08:00 ] 127.0.0.1 /index.php/Admin/AuthGroup/addMember.html
INFO: [ app_init ] --START--
INFO: Run Behavior\BuildLiteBehavior [ RunTime:0.000000s ]
INFO: [ app_init ] --END-- [ RunTime:0.000000s ]
INFO: [ app_begin ] --START--
INFO: Run Behavior\ReadHtmlCacheBehavior [ RunTime:0.000000s ]
INFO: [ app_begin ] --END-- [ RunTime:0.000000s ]
SQL: SHOW COLUMNS FROM `beauty_auth_group_access` [ RunTime:0.0140s ]
SQL: DELETE FROM `beauty_auth_group_access` WHERE `uid` = 6 AND `group_id` = 13 [ RunTime:0.0000s ]
SQL: INSERT INTO `beauty_auth_group_access` (`uid`,`group_id`) VALUES ('6','13') [ RunTime:0.0010s ]

[ 2017-08-16T11:32:03+08:00 ] 127.0.0.1 /index.php/Admin/AuthGroup/addMember/gid/13.html
INFO: [ app_init ] --START--
INFO: Run Behavior\BuildLiteBehavior [ RunTime:0.000000s ]
INFO: [ app_init ] --END-- [ RunTime:0.000000s ]
INFO: [ app_begin ] --START--
INFO: Run Behavior\ReadHtmlCacheBehavior [ RunTime:0.001000s ]
INFO: [ app_begin ] --END-- [ RunTime:0.001000s ]
SQL: SHOW COLUMNS FROM `beauty_admin` [ RunTime:0.0040s ]
SQL: SELECT * FROM `beauty_admin`  [ RunTime:0.0000s ]
SQL: SHOW COLUMNS FROM `beauty_auth_group_access` [ RunTime:0.0030s ]
SQL: SHOW COLUMNS FROM `beauty_admin` [ RunTime:0.0040s ]
SQL: SELECT * FROM beauty_admin a,beauty_auth_group_access g WHERE g.group_id = '13' AND ( a.id=g.uid )  [ RunTime:0.0000s ]
SQL: SELECT `uid` FROM `beauty_auth_group_access` WHERE `group_id` = 13  [ RunTime:0.0000s ]
INFO: [ view_parse ] --START--
INFO: [ template_filter ] --START--
INFO: Run Behavior\ContentReplaceBehavior [ RunTime:0.000000s ]
INFO: [ template_filter ] --END-- [ RunTime:0.000000s ]
NOTIC: [8] Array to string conversion F:\WWW\beauty\beauty\Runtime\Cache\Admin\97abb7e687a91e6edfddd03882c3fa27.php 第 71 行.
INFO: Run Behavior\ParseTemplateBehavior [ RunTime:0.011000s ]
INFO: [ view_parse ] --END-- [ RunTime:0.011000s ]
INFO: [ view_filter ] --START--
INFO: Run Behavior\WriteHtmlCacheBehavior [ RunTime:0.001000s ]
INFO: [ view_filter ] --END-- [ RunTime:0.001000s ]
INFO: [ app_end ] --START--
INFO: Run Behavior\ShowPageTraceBehavior [ RunTime:0.001000s ]
INFO: [ app_end ] --END-- [ RunTime:0.001000s ]

[ 2017-08-16T13:12:36+08:00 ] 127.0.0.1 /index.php/Admin/AuthRule/index.html
INFO: [ app_init ] --START--
INFO: Run Behavior\BuildLiteBehavior [ RunTime:0.000000s ]
INFO: [ app_init ] --END-- [ RunTime:0.001001s ]
INFO: [ app_begin ] --START--
INFO: Run Behavior\ReadHtmlCacheBehavior [ RunTime:0.043002s ]
INFO: [ app_begin ] --END-- [ RunTime:0.043002s ]
SQL: SHOW COLUMNS FROM `beauty_auth_rule` [ RunTime:0.0160s ]
SQL: SELECT * FROM `beauty_auth_rule` ORDER BY path asc  [ RunTime:0.0030s ]
INFO: [ view_parse ] --START--
INFO: [ template_filter ] --START--
INFO: Run Behavior\ContentReplaceBehavior [ RunTime:0.000000s ]
INFO: [ template_filter ] --END-- [ RunTime:0.000000s ]
INFO: Run Behavior\ParseTemplateBehavior [ RunTime:0.035002s ]
INFO: [ view_parse ] --END-- [ RunTime:0.035002s ]
INFO: [ view_filter ] --START--
INFO: Run Behavior\WriteHtmlCacheBehavior [ RunTime:0.002000s ]
INFO: [ view_filter ] --END-- [ RunTime:0.002000s ]
INFO: [ app_end ] --START--
INFO: Run Behavior\ShowPageTraceBehavior [ RunTime:0.001000s ]
INFO: [ app_end ] --END-- [ RunTime:0.001000s ]

[ 2017-08-16T13:12:39+08:00 ] 127.0.0.1 /index.php/Admin/AuthGroup/add.html
INFO: [ app_init ] --START--
INFO: Run Behavior\BuildLiteBehavior [ RunTime:0.000000s ]
INFO: [ app_init ] --END-- [ RunTime:0.001000s ]
INFO: [ app_begin ] --START--
INFO: Run Behavior\ReadHtmlCacheBehavior [ RunTime:0.029001s ]
INFO: [ app_begin ] --END-- [ RunTime:0.029001s ]
INFO: [ view_parse ] --START--
INFO: [ template_filter ] --START--
INFO: Run Behavior\ContentReplaceBehavior [ RunTime:0.000000s ]
INFO: [ template_filter ] --END-- [ RunTime:0.000000s ]
INFO: Run Behavior\ParseTemplateBehavior [ RunTime:0.007001s ]
INFO: [ view_parse ] --END-- [ RunTime:0.007001s ]
INFO: [ view_filter ] --START--
INFO: Run Behavior\WriteHtmlCacheBehavior [ RunTime:0.002000s ]
INFO: [ view_filter ] --END-- [ RunTime:0.002000s ]
INFO: [ app_end ] --START--
INFO: Run Behavior\ShowPageTraceBehavior [ RunTime:0.000000s ]
INFO: [ app_end ] --END-- [ RunTime:0.001000s ]

[ 2017-08-16T13:12:41+08:00 ] 127.0.0.1 /index.php/Admin/AuthGroup/index.html
INFO: [ app_init ] --START--
INFO: Run Behavior\BuildLiteBehavior [ RunTime:0.000000s ]
INFO: [ app_init ] --END-- [ RunTime:0.000000s ]
INFO: [ app_begin ] --START--
INFO: Run Behavior\ReadHtmlCacheBehavior [ RunTime:0.000000s ]
INFO: [ app_begin ] --END-- [ RunTime:0.000000s ]
SQL: SHOW COLUMNS FROM `beauty_auth_group` [ RunTime:0.0040s ]
SQL: SELECT * FROM `beauty_auth_group`  [ RunTime:0.0000s ]
SQL: SHOW COLUMNS FROM `beauty_auth_group_access` [ RunTime:0.0030s ]
SQL: SELECT a.username FROM beauty_auth_group_access g INNER JOIN beauty_admin a ON g.uid=a.id  WHERE ( g.group_id=1 )  [ RunTime:0.0000s ]
SQL: SELECT a.username FROM beauty_auth_group_access g INNER JOIN beauty_admin a ON g.uid=a.id  WHERE ( g.group_id=2 )  [ RunTime:0.0000s ]
SQL: SELECT a.username FROM beauty_auth_group_access g INNER JOIN beauty_admin a ON g.uid=a.id  WHERE ( g.group_id=3 )  [ RunTime:0.0000s ]
SQL: SELECT a.username FROM beauty_auth_group_access g INNER JOIN beauty_admin a ON g.uid=a.id  WHERE ( g.group_id=4 )  [ RunTime:0.0000s ]
SQL: SELECT a.username FROM beauty_auth_group_access g INNER JOIN beauty_admin a ON g.uid=a.id  WHERE ( g.group_id=5 )  [ RunTime:0.0000s ]
SQL: SELECT a.username FROM beauty_auth_group_access g INNER JOIN beauty_admin a ON g.uid=a.id  WHERE ( g.group_id=6 )  [ RunTime:0.0000s ]
SQL: SELECT a.username FROM beauty_auth_group_access g INNER JOIN beauty_admin a ON g.uid=a.id  WHERE ( g.group_id=7 )  [ RunTime:0.0010s ]
SQL: SELECT a.username FROM beauty_auth_group_access g INNER JOIN beauty_admin a ON g.uid=a.id  WHERE ( g.group_id=8 )  [ RunTime:0.0000s ]
SQL: SELECT a.username FROM beauty_auth_group_access g INNER JOIN beauty_admin a ON g.uid=a.id  WHERE ( g.group_id=10 )  [ RunTime:0.0000s ]
SQL: SELECT a.username FROM beauty_auth_group_access g INNER JOIN beauty_admin a ON g.uid=a.id  WHERE ( g.group_id=11 )  [ RunTime:0.0000s ]
SQL: SELECT a.username FROM beauty_auth_group_access g INNER JOIN beauty_admin a ON g.uid=a.id  WHERE ( g.group_id=12 )  [ RunTime:0.0010s ]
SQL: SELECT a.username FROM beauty_auth_group_access g INNER JOIN beauty_admin a ON g.uid=a.id  WHERE ( g.group_id=13 )  [ RunTime:0.0000s ]
INFO: [ view_parse ] --START--
INFO: [ template_filter ] --START--
INFO: Run Behavior\ContentReplaceBehavior [ RunTime:0.000000s ]
INFO: [ template_filter ] --END-- [ RunTime:0.000000s ]
INFO: Run Behavior\ParseTemplateBehavior [ RunTime:0.005000s ]
INFO: [ view_parse ] --END-- [ RunTime:0.005000s ]
INFO: [ view_filter ] --START--
INFO: Run Behavior\WriteHtmlCacheBehavior [ RunTime:0.001000s ]
INFO: [ view_filter ] --END-- [ RunTime:0.001000s ]
INFO: [ app_end ] --START--
INFO: Run Behavior\ShowPageTraceBehavior [ RunTime:0.001000s ]
INFO: [ app_end ] --END-- [ RunTime:0.001000s ]

[ 2017-08-16T13:12:44+08:00 ] 127.0.0.1 /index.php/Admin/AuthGroup/allocateRule/gid/1.html
INFO: [ app_init ] --START--
INFO: Run Behavior\BuildLiteBehavior [ RunTime:0.000000s ]
INFO: [ app_init ] --END-- [ RunTime:0.001000s ]
INFO: [ app_begin ] --START--
INFO: Run Behavior\ReadHtmlCacheBehavior [ RunTime:0.054003s ]
INFO: [ app_begin ] --END-- [ RunTime:0.055003s ]
SQL: SHOW COLUMNS FROM `beauty_auth_group` [ RunTime:0.0080s ]
SQL: SHOW COLUMNS FROM `beauty_auth_rule` [ RunTime:0.0080s ]
SQL: SELECT * FROM `beauty_auth_rule` WHERE `pid` = 0  [ RunTime:0.0000s ]
SQL: SELECT * FROM `beauty_auth_rule` WHERE `pid` = 1  [ RunTime:0.0000s ]
SQL: SELECT * FROM `beauty_auth_rule` WHERE `pid` = 41  [ RunTime:0.0000s ]
SQL: SELECT * FROM `beauty_auth_rule` WHERE `pid` = 40  [ RunTime:0.0010s ]
SQL: SELECT * FROM `beauty_auth_rule` WHERE `pid` = 42  [ RunTime:0.0010s ]
SQL: SELECT * FROM `beauty_auth_rule` WHERE `pid` = 43  [ RunTime:0.0000s ]
SQL: SELECT * FROM `beauty_auth_rule` WHERE `pid` = 44  [ RunTime:0.0010s ]
SQL: SELECT * FROM `beauty_auth_rule` WHERE `pid` = 2  [ RunTime:0.0000s ]
SQL: SELECT * FROM `beauty_auth_rule` WHERE `pid` = 13  [ RunTime:0.0000s ]
SQL: SELECT * FROM `beauty_auth_rule` WHERE `pid` = 14  [ RunTime:0.0000s ]
SQL: SELECT * FROM `beauty_auth_rule` WHERE `pid` = 3  [ RunTime:0.0010s ]
SQL: SELECT * FROM `beauty_auth_rule` WHERE `pid` = 15  [ RunTime:0.0000s ]
SQL: SELECT * FROM `beauty_auth_rule` WHERE `pid` = 16  [ RunTime:0.0010s ]
SQL: SELECT * FROM `beauty_auth_rule` WHERE `pid` = 18  [ RunTime:0.0000s ]
SQL: SELECT * FROM `beauty_auth_rule` WHERE `pid` = 20  [ RunTime:0.0000s ]
SQL: SELECT * FROM `beauty_auth_rule` WHERE `pid` = 21  [ RunTime:0.0000s ]
SQL: SELECT * FROM `beauty_auth_rule` WHERE `pid` = 19  [ RunTime:0.0000s ]
SQL: SELECT * FROM `beauty_auth_rule` WHERE `pid` = 4  [ RunTime:0.0010s ]
SQL: SELECT * FROM `beauty_auth_rule` WHERE `pid` = 22  [ RunTime:0.0000s ]
SQL: SELECT * FROM `beauty_auth_rule` WHERE `pid` = 23  [ RunTime:0.0010s ]
SQL: SELECT * FROM `beauty_auth_rule` WHERE `pid` = 5  [ RunTime:0.0000s ]
SQL: SELECT * FROM `beauty_auth_rule` WHERE `pid` = 24  [ RunTime:0.0000s ]
SQL: SELECT * FROM `beauty_auth_rule` WHERE `pid` = 25  [ RunTime:0.0000s ]
SQL: SELECT * FROM `beauty_auth_rule` WHERE `pid` = 6  [ RunTime:0.0000s ]
SQL: SELECT * FROM `beauty_auth_rule` WHERE `pid` = 26  [ RunTime:0.0010s ]
SQL: SELECT * FROM `beauty_auth_rule` WHERE `pid` = 27  [ RunTime:0.0000s ]
SQL: SELECT * FROM `beauty_auth_rule` WHERE `pid` = 7  [ RunTime:0.0000s ]
SQL: SELECT * FROM `beauty_auth_rule` WHERE `pid` = 28  [ RunTime:0.0000s ]
SQL: SELECT * FROM `beauty_auth_rule` WHERE `pid` = 51  [ RunTime:0.0000s ]
SQL: SELECT * FROM `beauty_auth_rule` WHERE `pid` = 9  [ RunTime:0.0010s ]
SQL: SELECT * FROM `beauty_auth_rule` WHERE `pid` = 34  [ RunTime:0.0000s ]
SQL: SELECT * FROM `beauty_auth_rule` WHERE `pid` = 35  [ RunTime:0.0000s ]
SQL: SELECT * FROM `beauty_auth_rule` WHERE `pid` = 8  [ RunTime:0.0000s ]
SQL: SELECT * FROM `beauty_auth_rule` WHERE `pid` = 29  [ RunTime:0.0010s ]
SQL: SELECT * FROM `beauty_auth_rule` WHERE `pid` = 30  [ RunTime:0.0000s ]
SQL: SELECT * FROM `beauty_auth_rule` WHERE `pid` = 31  [ RunTime:0.0000s ]
SQL: SELECT * FROM `beauty_auth_rule` WHERE `pid` = 32  [ RunTime:0.0000s ]
SQL: SELECT * FROM `beauty_auth_rule` WHERE `pid` = 33  [ RunTime:0.0000s ]
SQL: SELECT * FROM `beauty_auth_rule` WHERE `pid` = 54  [ RunTime:0.0010s ]
SQL: SELECT * FROM `beauty_auth_rule` WHERE `pid` = 10  [ RunTime:0.0000s ]
SQL: SELECT * FROM `beauty_auth_rule` WHERE `pid` = 36  [ RunTime:0.0010s ]
SQL: SELECT * FROM `beauty_auth_rule` WHERE `pid` = 37  [ RunTime:0.0000s ]
SQL: SELECT * FROM `beauty_auth_rule` WHERE `pid` = 11  [ RunTime:0.0000s ]
SQL: SELECT * FROM `beauty_auth_rule` WHERE `pid` = 38  [ RunTime:0.0010s ]
SQL: SELECT * FROM `beauty_auth_rule` WHERE `pid` = 52  [ RunTime:0.0000s ]
SQL: SELECT * FROM `beauty_auth_rule` WHERE `pid` = 53  [ RunTime:0.0010s ]
SQL: SELECT * FROM `beauty_auth_rule` WHERE `pid` = 45  [ RunTime:0.0000s ]
SQL: SELECT * FROM `beauty_auth_rule` WHERE `pid` = 46  [ RunTime:0.0000s ]
SQL: SELECT * FROM `beauty_auth_rule` WHERE `pid` = 47  [ RunTime:0.0000s ]
SQL: SELECT * FROM `beauty_auth_rule` WHERE `pid` = 12  [ RunTime:0.0000s ]
SQL: SELECT * FROM `beauty_auth_rule` WHERE `pid` = 39  [ RunTime:0.0010s ]
SQL: SELECT * FROM `beauty_auth_rule` WHERE `pid` = 48  [ RunTime:0.0000s ]
SQL: SELECT * FROM `beauty_auth_rule` WHERE `pid` = 17  [ RunTime:0.0000s ]
SQL: SELECT * FROM `beauty_auth_rule` WHERE `pid` = 49  [ RunTime:0.0000s ]
SQL: SELECT * FROM `beauty_auth_rule` WHERE `pid` = 50  [ RunTime:0.0000s ]
SQL: SELECT * FROM `beauty_auth_rule` WHERE `pid` = 55  [ RunTime:0.0010s ]
SQL: SELECT * FROM `beauty_auth_rule` WHERE `pid` = 56  [ RunTime:0.0000s ]
SQL: SELECT * FROM `beauty_auth_rule` WHERE `pid` = 57  [ RunTime:0.0010s ]
SQL: SELECT * FROM `beauty_auth_rule` WHERE `pid` = 58  [ RunTime:0.0000s ]
SQL: SELECT * FROM `beauty_auth_rule` WHERE `pid` = 59  [ RunTime:0.0000s ]
SQL: SELECT * FROM `beauty_auth_group` WHERE `id` = 1 LIMIT 1   [ RunTime:0.0000s ]
INFO: [ view_parse ] --START--
INFO: [ template_filter ] --START--
INFO: Run Behavior\ContentReplaceBehavior [ RunTime:0.000000s ]
INFO: [ template_filter ] --END-- [ RunTime:0.000000s ]
NOTIC: [8] Undefined index: name F:\WWW\beauty\beauty\Runtime\Cache\Admin\3ea003797b24fba890ba4c99170c7fa3.php 第 38 行.
INFO: Run Behavior\ParseTemplateBehavior [ RunTime:0.009000s ]
INFO: [ view_parse ] --END-- [ RunTime:0.009000s ]
INFO: [ view_filter ] --START--
INFO: Run Behavior\WriteHtmlCacheBehavior [ RunTime:0.000000s ]
INFO: [ view_filter ] --END-- [ RunTime:0.000000s ]
INFO: [ app_end ] --START--
INFO: Run Behavior\ShowPageTraceBehavior [ RunTime:0.000000s ]
INFO: [ app_end ] --END-- [ RunTime:0.001000s ]

[ 2017-08-16T14:59:53+08:00 ] 127.0.0.1 /index.php/Admin/Admin/index.html
INFO: [ app_init ] --START--
INFO: Run Behavior\BuildLiteBehavior [ RunTime:0.000000s ]
INFO: [ app_init ] --END-- [ RunTime:0.001000s ]
INFO: [ app_begin ] --START--
NOTIC: [2] filemtime(): stat failed for ./beauty/Admin/view/Admin/index.html F:\WWW\beauty\ThinkPHP\Library\Behavior\ReadHtmlCacheBehavior.class.php 第 104 行.
INFO: Run Behavior\ReadHtmlCacheBehavior [ RunTime:0.001000s ]
INFO: [ app_begin ] --END-- [ RunTime:0.001000s ]
SQL: SHOW COLUMNS FROM `beauty_admin` [ RunTime:0.0040s ]
SQL: SELECT COUNT(*) AS tp_count FROM `beauty_admin` WHERE `username` LIKE '%%' LIMIT 1   [ RunTime:0.0000s ]
SQL: SELECT * FROM `beauty_admin` WHERE `username` LIKE '%%' ORDER BY id LIMIT 0,5   [ RunTime:0.0000s ]
SQL: SHOW COLUMNS FROM `beauty_auth_group_access` [ RunTime:0.0050s ]
SQL: SELECT g.title FROM beauty_auth_group_access a INNER JOIN beauty_auth_group g ON a.group_id=g.id  WHERE ( a.uid=1 )  [ RunTime:0.0000s ]
SQL: SELECT g.title FROM beauty_auth_group_access a INNER JOIN beauty_auth_group g ON a.group_id=g.id  WHERE ( a.uid=2 )  [ RunTime:0.0010s ]
SQL: SELECT g.title FROM beauty_auth_group_access a INNER JOIN beauty_auth_group g ON a.group_id=g.id  WHERE ( a.uid=3 )  [ RunTime:0.0000s ]
SQL: SELECT g.title FROM beauty_auth_group_access a INNER JOIN beauty_auth_group g ON a.group_id=g.id  WHERE ( a.uid=4 )  [ RunTime:0.0000s ]
SQL: SELECT g.title FROM beauty_auth_group_access a INNER JOIN beauty_auth_group g ON a.group_id=g.id  WHERE ( a.uid=5 )  [ RunTime:0.0000s ]
INFO: [ view_parse ] --START--
INFO: [ template_filter ] --START--
INFO: Run Behavior\ContentReplaceBehavior [ RunTime:0.000000s ]
INFO: [ template_filter ] --END-- [ RunTime:0.001000s ]
INFO: Run Behavior\ParseTemplateBehavior [ RunTime:0.012001s ]
INFO: [ view_parse ] --END-- [ RunTime:0.013001s ]
INFO: [ view_filter ] --START--
INFO: Run Behavior\WriteHtmlCacheBehavior [ RunTime:0.000000s ]
INFO: [ view_filter ] --END-- [ RunTime:0.000000s ]
INFO: [ app_end ] --START--
INFO: Run Behavior\ShowPageTraceBehavior [ RunTime:0.000000s ]
INFO: [ app_end ] --END-- [ RunTime:0.000000s ]

[ 2017-08-16T15:06:13+08:00 ] 127.0.0.1 /index.php/Admin/Admin/index.html
INFO: [ app_init ] --START--
INFO: Run Behavior\BuildLiteBehavior [ RunTime:0.000000s ]
INFO: [ app_init ] --END-- [ RunTime:0.001000s ]
INFO: [ app_begin ] --START--
NOTIC: [2] filemtime(): stat failed for ./beauty/Admin/view/Admin/index.html F:\WWW\beauty\ThinkPHP\Library\Behavior\ReadHtmlCacheBehavior.class.php 第 104 行.
INFO: Run Behavior\ReadHtmlCacheBehavior [ RunTime:0.001000s ]
INFO: [ app_begin ] --END-- [ RunTime:0.001000s ]
SQL: SHOW COLUMNS FROM `beauty_admin` [ RunTime:0.0090s ]
SQL: SELECT COUNT(*) AS tp_count FROM `beauty_admin` WHERE `username` LIKE '%%' LIMIT 1   [ RunTime:0.0010s ]
SQL: SELECT * FROM `beauty_admin` WHERE `username` LIKE '%%' ORDER BY id LIMIT 0,5   [ RunTime:0.0010s ]
SQL: SHOW COLUMNS FROM `beauty_auth_group_access` [ RunTime:0.0060s ]
SQL: SELECT g.title FROM beauty_auth_group_access a INNER JOIN beauty_auth_group g ON a.group_id=g.id  WHERE ( a.uid=1 )  [ RunTime:0.0010s ]
SQL: SELECT g.title FROM beauty_auth_group_access a INNER JOIN beauty_auth_group g ON a.group_id=g.id  WHERE ( a.uid=2 )  [ RunTime:0.0010s ]
SQL: SELECT g.title FROM beauty_auth_group_access a INNER JOIN beauty_auth_group g ON a.group_id=g.id  WHERE ( a.uid=3 )  [ RunTime:0.0000s ]
SQL: SELECT g.title FROM beauty_auth_group_access a INNER JOIN beauty_auth_group g ON a.group_id=g.id  WHERE ( a.uid=4 )  [ RunTime:0.0010s ]
SQL: SELECT g.title FROM beauty_auth_group_access a INNER JOIN beauty_auth_group g ON a.group_id=g.id  WHERE ( a.uid=5 )  [ RunTime:0.0000s ]
INFO: [ view_parse ] --START--
INFO: [ template_filter ] --START--
INFO: Run Behavior\ContentReplaceBehavior [ RunTime:0.000000s ]
INFO: [ template_filter ] --END-- [ RunTime:0.000000s ]
INFO: Run Behavior\ParseTemplateBehavior [ RunTime:0.012001s ]
INFO: [ view_parse ] --END-- [ RunTime:0.012001s ]
INFO: [ view_filter ] --START--
INFO: Run Behavior\WriteHtmlCacheBehavior [ RunTime:0.001000s ]
INFO: [ view_filter ] --END-- [ RunTime:0.001000s ]
INFO: [ app_end ] --START--
INFO: Run Behavior\ShowPageTraceBehavior [ RunTime:0.000000s ]
INFO: [ app_end ] --END-- [ RunTime:0.000000s ]

[ 2017-08-16T15:06:15+08:00 ] 127.0.0.1 /index.php/Admin/AdminNav/index.html
INFO: [ app_init ] --START--
INFO: Run Behavior\BuildLiteBehavior [ RunTime:0.000000s ]
INFO: [ app_init ] --END-- [ RunTime:0.000000s ]
INFO: [ app_begin ] --START--
NOTIC: [2] filemtime(): stat failed for ./beauty/Admin/view/AdminNav/index.html F:\WWW\beauty\ThinkPHP\Library\Behavior\ReadHtmlCacheBehavior.class.php 第 104 行.
INFO: Run Behavior\ReadHtmlCacheBehavior [ RunTime:0.037002s ]
INFO: [ app_begin ] --END-- [ RunTime:0.037002s ]
SQL: SHOW COLUMNS FROM `beauty_admin_nav` [ RunTime:0.0130s ]
SQL: SELECT * FROM `beauty_admin_nav` ORDER BY priority asc  [ RunTime:0.0010s ]
INFO: [ view_parse ] --START--
INFO: [ template_filter ] --START--
INFO: Run Behavior\ContentReplaceBehavior [ RunTime:0.000000s ]
INFO: [ template_filter ] --END-- [ RunTime:0.000000s ]
INFO: Run Behavior\ParseTemplateBehavior [ RunTime:0.013000s ]
INFO: [ view_parse ] --END-- [ RunTime:0.013000s ]
INFO: [ view_filter ] --START--
INFO: Run Behavior\WriteHtmlCacheBehavior [ RunTime:0.001000s ]
INFO: [ view_filter ] --END-- [ RunTime:0.001000s ]
INFO: [ app_end ] --START--
INFO: Run Behavior\ShowPageTraceBehavior [ RunTime:0.000000s ]
INFO: [ app_end ] --END-- [ RunTime:0.000000s ]

[ 2017-08-16T16:32:57+08:00 ] 127.0.0.1 /index.php/Admin/Index/main.html
INFO: [ app_init ] --START--
INFO: Run Behavior\BuildLiteBehavior [ RunTime:0.000000s ]
INFO: [ app_init ] --END-- [ RunTime:0.000000s ]
INFO: [ app_begin ] --START--
INFO: Run Behavior\ReadHtmlCacheBehavior [ RunTime:0.022002s ]
INFO: [ app_begin ] --END-- [ RunTime:0.022002s ]
SQL: SHOW COLUMNS FROM `beauty_admin` [ RunTime:0.0180s ]
SQL: SELECT `username`,`lastlogin`,`lastip` FROM `beauty_admin` WHERE `id` = 1  [ RunTime:0.0000s ]
SQL: SHOW COLUMNS FROM `beauty_goods` [ RunTime:0.0060s ]
SQL: SELECT * FROM `beauty_goods` ORDER BY salenum desc LIMIT 5   [ RunTime:0.0010s ]
SQL: SELECT * FROM `beauty_goods` ORDER BY num LIMIT 5   [ RunTime:0.0010s ]
INFO: [ view_parse ] --START--
INFO: [ template_filter ] --START--
INFO: Run Behavior\ContentReplaceBehavior [ RunTime:0.001000s ]
INFO: [ template_filter ] --END-- [ RunTime:0.001000s ]
INFO: Run Behavior\ParseTemplateBehavior [ RunTime:0.074004s ]
INFO: [ view_parse ] --END-- [ RunTime:0.074004s ]
INFO: [ view_filter ] --START--
INFO: Run Behavior\WriteHtmlCacheBehavior [ RunTime:0.021001s ]
INFO: [ view_filter ] --END-- [ RunTime:0.021001s ]
INFO: [ app_end ] --START--
INFO: Run Behavior\ShowPageTraceBehavior [ RunTime:0.000000s ]
INFO: [ app_end ] --END-- [ RunTime:0.000000s ]

[ 2017-08-16T16:32:57+08:00 ] 127.0.0.1 /index.php/Admin/Index/main.html
INFO: [ app_init ] --START--
INFO: Run Behavior\BuildLiteBehavior [ RunTime:0.000000s ]
INFO: [ app_init ] --END-- [ RunTime:0.001000s ]
INFO: [ app_begin ] --START--

[ 2017-08-16T16:32:57+08:00 ] 127.0.0.1 /index.php/Admin/Index/main.html
INFO: [ app_init ] --START--
INFO: Run Behavior\BuildLiteBehavior [ RunTime:0.000000s ]
INFO: [ app_init ] --END-- [ RunTime:0.000000s ]
INFO: [ app_begin ] --START--

[ 2017-08-16T16:32:59+08:00 ] 127.0.0.1 /index.php/Admin/Index/getGoodsTop.html
INFO: [ app_init ] --START--
INFO: Run Behavior\BuildLiteBehavior [ RunTime:0.000000s ]
INFO: [ app_init ] --END-- [ RunTime:0.000000s ]
INFO: [ app_begin ] --START--
INFO: Run Behavior\ReadHtmlCacheBehavior [ RunTime:0.001000s ]
INFO: [ app_begin ] --END-- [ RunTime:0.001000s ]
SQL: SHOW COLUMNS FROM `beauty_goods` [ RunTime:0.0050s ]
SQL: SELECT `goodsname`,`salenum` FROM `beauty_goods` ORDER BY salenum desc LIMIT 0,10   [ RunTime:0.0000s ]

[ 2017-08-16T16:32:59+08:00 ] 127.0.0.1 /index.php/Admin/Index/main.html
INFO: [ app_init ] --START--
INFO: Run Behavior\BuildLiteBehavior [ RunTime:0.000000s ]
INFO: [ app_init ] --END-- [ RunTime:0.000000s ]
INFO: [ app_begin ] --START--

[ 2017-08-16T16:33:00+08:00 ] 127.0.0.1 /index.php/Admin/Index/getGoodsTop.html
INFO: [ app_init ] --START--
INFO: Run Behavior\BuildLiteBehavior [ RunTime:0.000000s ]
INFO: [ app_init ] --END-- [ RunTime:0.000000s ]
INFO: [ app_begin ] --START--
INFO: Run Behavior\ReadHtmlCacheBehavior [ RunTime:0.000000s ]
INFO: [ app_begin ] --END-- [ RunTime:0.000000s ]
SQL: SHOW COLUMNS FROM `beauty_goods` [ RunTime:0.0060s ]
SQL: SELECT `goodsname`,`salenum` FROM `beauty_goods` ORDER BY salenum desc LIMIT 0,10   [ RunTime:0.0000s ]

[ 2017-08-16T16:46:48+08:00 ] 127.0.0.1 /index.php/Admin/Index/main.html
INFO: [ app_init ] --START--
INFO: Run Behavior\BuildLiteBehavior [ RunTime:0.000000s ]
INFO: [ app_init ] --END-- [ RunTime:0.001000s ]
INFO: [ app_begin ] --START--
INFO: Run Behavior\ReadHtmlCacheBehavior [ RunTime:0.001000s ]
INFO: [ app_begin ] --END-- [ RunTime:0.001000s ]
SQL: SHOW COLUMNS FROM `beauty_admin` [ RunTime:0.0140s ]
SQL: SELECT `username`,`lastlogin`,`lastip` FROM `beauty_admin` WHERE `id` = 1  [ RunTime:0.0010s ]
SQL: SHOW COLUMNS FROM `beauty_goods` [ RunTime:0.0150s ]
SQL: SELECT * FROM `beauty_goods` ORDER BY salenum desc LIMIT 5   [ RunTime:0.0010s ]
SQL: SELECT * FROM `beauty_goods` ORDER BY num LIMIT 5   [ RunTime:0.0010s ]
INFO: [ view_parse ] --START--
INFO: [ template_filter ] --START--
INFO: Run Behavior\ContentReplaceBehavior [ RunTime:0.000000s ]
INFO: [ template_filter ] --END-- [ RunTime:0.000000s ]
INFO: Run Behavior\ParseTemplateBehavior [ RunTime:0.020002s ]
INFO: [ view_parse ] --END-- [ RunTime:0.020002s ]
INFO: [ view_filter ] --START--
INFO: Run Behavior\WriteHtmlCacheBehavior [ RunTime:0.002000s ]
INFO: [ view_filter ] --END-- [ RunTime:0.002000s ]
INFO: [ app_end ] --START--
INFO: Run Behavior\ShowPageTraceBehavior [ RunTime:0.001000s ]
INFO: [ app_end ] --END-- [ RunTime:0.001000s ]

[ 2017-08-16T16:46:49+08:00 ] 127.0.0.1 /index.php/Admin/Index/getGoodsTop.html
INFO: [ app_init ] --START--
INFO: Run Behavior\BuildLiteBehavior [ RunTime:0.000000s ]
INFO: [ app_init ] --END-- [ RunTime:0.000000s ]
INFO: [ app_begin ] --START--
INFO: Run Behavior\ReadHtmlCacheBehavior [ RunTime:0.001000s ]
INFO: [ app_begin ] --END-- [ RunTime:0.001000s ]
SQL: SHOW COLUMNS FROM `beauty_goods` [ RunTime:0.0050s ]
SQL: SELECT `goodsname`,`salenum` FROM `beauty_goods` ORDER BY salenum desc LIMIT 0,10   [ RunTime:0.0010s ]

[ 2017-08-16T16:46:53+08:00 ] 127.0.0.1 /index.php/Admin/AdminNav/index.html
INFO: [ app_init ] --START--
INFO: Run Behavior\BuildLiteBehavior [ RunTime:0.000000s ]
INFO: [ app_init ] --END-- [ RunTime:0.000000s ]
INFO: [ app_begin ] --START--
NOTIC: [2] filemtime(): stat failed for ./beauty/Admin/view/AdminNav/index.html F:\WWW\beauty\ThinkPHP\Library\Behavior\ReadHtmlCacheBehavior.class.php 第 104 行.
INFO: Run Behavior\ReadHtmlCacheBehavior [ RunTime:0.031002s ]
INFO: [ app_begin ] --END-- [ RunTime:0.031002s ]
SQL: SHOW COLUMNS FROM `beauty_admin_nav` [ RunTime:0.0080s ]
SQL: SELECT * FROM `beauty_admin_nav` ORDER BY priority asc  [ RunTime:0.0010s ]
INFO: [ view_parse ] --START--
INFO: [ template_filter ] --START--
INFO: Run Behavior\ContentReplaceBehavior [ RunTime:0.000000s ]
INFO: [ template_filter ] --END-- [ RunTime:0.000000s ]
INFO: Run Behavior\ParseTemplateBehavior [ RunTime:0.015001s ]
INFO: [ view_parse ] --END-- [ RunTime:0.015001s ]
INFO: [ view_filter ] --START--
INFO: Run Behavior\WriteHtmlCacheBehavior [ RunTime:0.001000s ]
INFO: [ view_filter ] --END-- [ RunTime:0.001000s ]
INFO: [ app_end ] --START--
INFO: Run Behavior\ShowPageTraceBehavior [ RunTime:0.001000s ]
INFO: [ app_end ] --END-- [ RunTime:0.001000s ]

