[ 2017-06-09T18:55:04+08:00 ] 127.0.0.1 /index.php/Admin/Index/index.html
INFO: [ app_init ] --START--
INFO: Run Behavior\BuildLiteBehavior [ RunTime:0.000000s ]
INFO: [ app_init ] --END-- [ RunTime:0.001000s ]
INFO: [ app_begin ] --START--
INFO: Run Behavior\ReadHtmlCacheBehavior [ RunTime:0.038002s ]
INFO: [ app_begin ] --END-- [ RunTime:0.038002s ]

[ 2017-06-09T18:55:04+08:00 ] 127.0.0.1 /index.php/Admin/Login/Login.html
INFO: [ app_init ] --START--
INFO: Run Behavior\BuildLiteBehavior [ RunTime:0.001000s ]
INFO: [ app_init ] --END-- [ RunTime:0.002001s ]
INFO: [ app_begin ] --START--
INFO: Run Behavior\ReadHtmlCacheBehavior [ RunTime:0.060003s ]
INFO: [ app_begin ] --END-- [ RunTime:0.060003s ]
INFO: [ view_parse ] --START--
INFO: [ template_filter ] --START--
INFO: Run Behavior\ContentReplaceBehavior [ RunTime:0.000000s ]
INFO: [ template_filter ] --END-- [ RunTime:0.001000s ]
INFO: Run Behavior\ParseTemplateBehavior [ RunTime:0.034002s ]
INFO: [ view_parse ] --END-- [ RunTime:0.034002s ]
INFO: [ view_filter ] --START--
INFO: Run Behavior\WriteHtmlCacheBehavior [ RunTime:0.001000s ]
INFO: [ view_filter ] --END-- [ RunTime:0.001000s ]
INFO: [ app_end ] --START--
INFO: Run Behavior\ShowPageTraceBehavior [ RunTime:0.001000s ]
INFO: [ app_end ] --END-- [ RunTime:0.001000s ]

[ 2017-06-09T18:55:04+08:00 ] 127.0.0.1 /index.php/Admin/Login/verify.html
INFO: [ app_init ] --START--
INFO: Run Behavior\BuildLiteBehavior [ RunTime:0.000000s ]
INFO: [ app_init ] --END-- [ RunTime:0.000000s ]
INFO: [ app_begin ] --START--
INFO: Run Behavior\ReadHtmlCacheBehavior [ RunTime:0.002000s ]
INFO: [ app_begin ] --END-- [ RunTime:0.003000s ]
INFO: [ app_end ] --START--
INFO: Run Behavior\ShowPageTraceBehavior [ RunTime:0.001000s ]
INFO: [ app_end ] --END-- [ RunTime:0.002000s ]

[ 2017-06-09T18:55:07+08:00 ] 127.0.0.1 /index.php/Admin/Login/chkAdmin.html
INFO: [ app_init ] --START--
INFO: Run Behavior\BuildLiteBehavior [ RunTime:0.000000s ]
INFO: [ app_init ] --END-- [ RunTime:0.001000s ]
INFO: [ app_begin ] --START--
INFO: Run Behavior\ReadHtmlCacheBehavior [ RunTime:0.002000s ]
INFO: [ app_begin ] --END-- [ RunTime:0.002000s ]
SQL: SHOW COLUMNS FROM `beauty_admin` [ RunTime:0.0730s ]
SQL: SELECT * FROM `beauty_admin` WHERE `username` = 'admin' LIMIT 1   [ RunTime:0.0000s ]
INFO: [ app_end ] --START--
INFO: Run Behavior\ShowPageTraceBehavior [ RunTime:0.001000s ]
INFO: [ app_end ] --END-- [ RunTime:0.001000s ]

[ 2017-06-09T18:55:11+08:00 ] 127.0.0.1 /index.php/Admin/Login/chkVerify.html
INFO: [ app_init ] --START--
INFO: Run Behavior\BuildLiteBehavior [ RunTime:0.000000s ]
INFO: [ app_init ] --END-- [ RunTime:0.001000s ]
INFO: [ app_begin ] --START--
INFO: Run Behavior\ReadHtmlCacheBehavior [ RunTime:0.001000s ]
INFO: [ app_begin ] --END-- [ RunTime:0.003000s ]
INFO: [ app_end ] --START--
INFO: Run Behavior\ShowPageTraceBehavior [ RunTime:0.001001s ]
INFO: [ app_end ] --END-- [ RunTime:0.001001s ]

[ 2017-06-09T18:55:12+08:00 ] 127.0.0.1 /index.php/Admin/Login/login.html
INFO: [ app_init ] --START--
INFO: Run Behavior\BuildLiteBehavior [ RunTime:0.000000s ]
INFO: [ app_init ] --END-- [ RunTime:0.001000s ]
INFO: [ app_begin ] --START--
INFO: Run Behavior\ReadHtmlCacheBehavior [ RunTime:0.001000s ]
INFO: [ app_begin ] --END-- [ RunTime:0.001000s ]
SQL: SHOW COLUMNS FROM `beauty_admin` [ RunTime:0.0140s ]
NOTIC: [8] Undefined index: validate F:\WWW\beauty\ThinkPHP\Library\Think\Model.class.php 第 1185 行.
SQL: SELECT * FROM `beauty_admin` WHERE `username` = 'admin' LIMIT 1   [ RunTime:0.0010s ]
SQL: SELECT * FROM `beauty_admin` WHERE `username` = 'admin' AND `password` = '21232f297a57a5a743894a0e4a801fc3' LIMIT 1   [ RunTime:0.0000s ]
SQL: UPDATE `beauty_admin` SET `online`='1',`lastlogin`='1497005712',`lastip`='127.0.0.1' WHERE `id` = 1 [ RunTime:0.0490s ]

[ 2017-06-09T18:55:15+08:00 ] 127.0.0.1 /index.php/Admin/Index/index.html
INFO: [ app_init ] --START--
INFO: Run Behavior\BuildLiteBehavior [ RunTime:0.000000s ]
INFO: [ app_init ] --END-- [ RunTime:0.001000s ]
INFO: [ app_begin ] --START--
INFO: Run Behavior\ReadHtmlCacheBehavior [ RunTime:0.002000s ]
INFO: [ app_begin ] --END-- [ RunTime:0.002000s ]
INFO: [ view_parse ] --START--
INFO: [ template_filter ] --START--
INFO: Run Behavior\ContentReplaceBehavior [ RunTime:0.000000s ]
INFO: [ template_filter ] --END-- [ RunTime:0.000000s ]
INFO: Run Behavior\ParseTemplateBehavior [ RunTime:0.057004s ]
INFO: [ view_parse ] --END-- [ RunTime:0.057004s ]
INFO: [ view_filter ] --START--
INFO: Run Behavior\WriteHtmlCacheBehavior [ RunTime:0.003000s ]
INFO: [ view_filter ] --END-- [ RunTime:0.003000s ]
INFO: [ app_end ] --START--
INFO: Run Behavior\ShowPageTraceBehavior [ RunTime:0.002000s ]
INFO: [ app_end ] --END-- [ RunTime:0.002000s ]

[ 2017-06-09T18:55:16+08:00 ] 127.0.0.1 /index.php/Admin/Index/top.html
INFO: [ app_init ] --START--
INFO: Run Behavior\BuildLiteBehavior [ RunTime:0.000000s ]
INFO: [ app_init ] --END-- [ RunTime:0.000000s ]
INFO: [ app_begin ] --START--
NOTIC: [2] filemtime(): stat failed for ./beauty/Admin/view/Index/top.html F:\WWW\beauty\ThinkPHP\Library\Behavior\ReadHtmlCacheBehavior.class.php 第 104 行.
INFO: Run Behavior\ReadHtmlCacheBehavior [ RunTime:0.030002s ]
INFO: [ app_begin ] --END-- [ RunTime:0.030002s ]
SQL: SHOW COLUMNS FROM `beauty_message_admin` [ RunTime:0.0430s ]
SQL: SELECT COUNT(*) AS tp_count FROM `beauty_message_admin` WHERE `receiveId` = 1 AND `status` = 1 LIMIT 1   [ RunTime:0.0000s ]
INFO: [ view_parse ] --START--
INFO: [ template_filter ] --START--
INFO: Run Behavior\ContentReplaceBehavior [ RunTime:0.000000s ]
INFO: [ template_filter ] --END-- [ RunTime:0.000000s ]
INFO: Run Behavior\ParseTemplateBehavior [ RunTime:0.048003s ]
INFO: [ view_parse ] --END-- [ RunTime:0.048003s ]
INFO: [ view_filter ] --START--
INFO: Run Behavior\WriteHtmlCacheBehavior [ RunTime:0.003000s ]
INFO: [ view_filter ] --END-- [ RunTime:0.003000s ]
INFO: [ app_end ] --START--
INFO: Run Behavior\ShowPageTraceBehavior [ RunTime:0.002001s ]
INFO: [ app_end ] --END-- [ RunTime:0.003001s ]

[ 2017-06-09T18:55:17+08:00 ] 127.0.0.1 /index.php/Admin/Index/left.html
INFO: [ app_init ] --START--
INFO: Run Behavior\BuildLiteBehavior [ RunTime:0.000000s ]
INFO: [ app_init ] --END-- [ RunTime:0.001000s ]
INFO: [ app_begin ] --START--
NOTIC: [2] filemtime(): stat failed for ./beauty/Admin/view/Index/left.html F:\WWW\beauty\ThinkPHP\Library\Behavior\ReadHtmlCacheBehavior.class.php 第 104 行.
INFO: Run Behavior\ReadHtmlCacheBehavior [ RunTime:0.060004s ]
INFO: [ app_begin ] --END-- [ RunTime:0.060004s ]
SQL: SHOW COLUMNS FROM `beauty_admin_nav` [ RunTime:0.0570s ]
SQL: SELECT * FROM `beauty_admin_nav` WHERE `pid` = 0 ORDER BY priority  [ RunTime:0.0000s ]
SQL: SHOW COLUMNS FROM `beauty_auth_group_access` [ RunTime:0.0710s ]
SQL: SELECT `uid`,`group_id`,`title`,`rules` FROM beauty_auth_group_access a INNER JOIN beauty_auth_group g on a.group_id=g.id  WHERE ( a.uid='1' and g.status='1' )  [ RunTime:0.0380s ]
SQL: SHOW COLUMNS FROM `beauty_auth_rule` [ RunTime:0.0180s ]
SQL: SELECT `condition`,`name` FROM `beauty_auth_rule` WHERE `id` IN ('1','41','40','42','43','44','2','13','14','3','15','16','18','20','21','19','4','22','23','5','24','25','6','26','27','7','28','51','9','34','35','8','29','30','31','32','33','54','10','36','37','11','38','52','53','45','46','47','12','39','48','17','49','50','55','56','57','58','59') AND `type` = 1 AND `status` = 1  [ RunTime:0.0270s ]
SQL: SELECT * FROM `beauty_admin_nav` WHERE `pid` = 1 ORDER BY priority  [ RunTime:0.0010s ]
SQL: SELECT * FROM `beauty_admin_nav` WHERE `pid` = 2 ORDER BY priority  [ RunTime:0.0000s ]
SQL: SELECT * FROM `beauty_admin_nav` WHERE `pid` = 48 ORDER BY priority  [ RunTime:0.0010s ]
SQL: SELECT * FROM `beauty_admin_nav` WHERE `pid` = 3 ORDER BY priority  [ RunTime:0.0000s ]
SQL: SELECT * FROM `beauty_admin_nav` WHERE `pid` = 4 ORDER BY priority  [ RunTime:0.0010s ]
SQL: SELECT * FROM `beauty_admin_nav` WHERE `pid` = 5 ORDER BY priority  [ RunTime:0.0000s ]
SQL: SELECT * FROM `beauty_admin_nav` WHERE `pid` = 6 ORDER BY priority  [ RunTime:0.0000s ]
SQL: SELECT * FROM `beauty_admin_nav` WHERE `pid` = 7 ORDER BY priority  [ RunTime:0.0010s ]
SQL: SELECT * FROM `beauty_admin_nav` WHERE `pid` = 8 ORDER BY priority  [ RunTime:0.0020s ]
SQL: SELECT * FROM `beauty_admin_nav` WHERE `pid` = 9 ORDER BY priority  [ RunTime:0.0000s ]
SQL: SELECT * FROM `beauty_admin_nav` WHERE `pid` = 10 ORDER BY priority  [ RunTime:0.0000s ]
SQL: SELECT * FROM `beauty_admin_nav` WHERE `pid` = 11 ORDER BY priority  [ RunTime:0.0000s ]
SQL: SELECT * FROM `beauty_admin_nav` WHERE `pid` = 12 ORDER BY priority  [ RunTime:0.0000s ]
SQL: SELECT * FROM `beauty_admin_nav` WHERE `pid` = 45 ORDER BY priority  [ RunTime:0.0000s ]
SQL: SELECT * FROM `beauty_admin_nav` WHERE `pid` = 55 ORDER BY priority  [ RunTime:0.0000s ]
SQL: SELECT * FROM `beauty_admin_nav` WHERE `pid` = 58 ORDER BY priority  [ RunTime:0.0000s ]
INFO: [ view_parse ] --START--
INFO: [ template_filter ] --START--
INFO: Run Behavior\ContentReplaceBehavior [ RunTime:0.000000s ]
INFO: [ template_filter ] --END-- [ RunTime:0.000000s ]
NOTIC: [8] Undefined variable: v1 F:\WWW\beauty\beauty\Runtime\Cache\Admin\deb2bdb6f40b9ba5a624590770c82b56.php 第 415 行.
NOTIC: [8] Undefined variable: v1 F:\WWW\beauty\beauty\Runtime\Cache\Admin\deb2bdb6f40b9ba5a624590770c82b56.php 第 415 行.
INFO: Run Behavior\ParseTemplateBehavior [ RunTime:0.036002s ]
INFO: [ view_parse ] --END-- [ RunTime:0.036002s ]
INFO: [ view_filter ] --START--
INFO: Run Behavior\WriteHtmlCacheBehavior [ RunTime:0.001000s ]
INFO: [ view_filter ] --END-- [ RunTime:0.001000s ]
INFO: [ app_end ] --START--
INFO: Run Behavior\ShowPageTraceBehavior [ RunTime:0.001000s ]
INFO: [ app_end ] --END-- [ RunTime:0.001000s ]

[ 2017-06-09T18:55:17+08:00 ] 127.0.0.1 /index.php/Admin/Index/footer.html
INFO: [ app_init ] --START--
INFO: Run Behavior\BuildLiteBehavior [ RunTime:0.000000s ]
INFO: [ app_init ] --END-- [ RunTime:0.000000s ]
INFO: [ app_begin ] --START--
NOTIC: [2] filemtime(): stat failed for ./beauty/Admin/view/Index/footer.html F:\WWW\beauty\ThinkPHP\Library\Behavior\ReadHtmlCacheBehavior.class.php 第 104 行.
INFO: Run Behavior\ReadHtmlCacheBehavior [ RunTime:0.049003s ]
INFO: [ app_begin ] --END-- [ RunTime:0.049003s ]
INFO: [ view_parse ] --START--
INFO: [ template_filter ] --START--
INFO: Run Behavior\ContentReplaceBehavior [ RunTime:0.000000s ]
INFO: [ template_filter ] --END-- [ RunTime:0.000000s ]
INFO: Run Behavior\ParseTemplateBehavior [ RunTime:0.016001s ]
INFO: [ view_parse ] --END-- [ RunTime:0.016001s ]
INFO: [ view_filter ] --START--
INFO: Run Behavior\WriteHtmlCacheBehavior [ RunTime:0.001000s ]
INFO: [ view_filter ] --END-- [ RunTime:0.001000s ]
INFO: [ app_end ] --START--
INFO: Run Behavior\ShowPageTraceBehavior [ RunTime:0.001000s ]
INFO: [ app_end ] --END-- [ RunTime:0.002000s ]

[ 2017-06-09T18:55:18+08:00 ] 127.0.0.1 /index.php/Admin/Index/main.html
INFO: [ app_init ] --START--
INFO: Run Behavior\BuildLiteBehavior [ RunTime:0.000000s ]
INFO: [ app_init ] --END-- [ RunTime:0.000000s ]
INFO: [ app_begin ] --START--
INFO: Run Behavior\ReadHtmlCacheBehavior [ RunTime:0.091005s ]
INFO: [ app_begin ] --END-- [ RunTime:0.091005s ]
SQL: SHOW COLUMNS FROM `beauty_admin` [ RunTime:0.0140s ]
SQL: SELECT `username`,`lastlogin`,`lastip` FROM `beauty_admin` WHERE `id` = 1  [ RunTime:0.0010s ]
SQL: SHOW COLUMNS FROM `beauty_goods` [ RunTime:0.0090s ]
SQL: SELECT * FROM `beauty_goods` ORDER BY salenum desc LIMIT 5   [ RunTime:0.0010s ]
SQL: SELECT * FROM `beauty_goods` ORDER BY num LIMIT 5   [ RunTime:0.0010s ]
INFO: [ view_parse ] --START--
INFO: [ template_filter ] --START--
INFO: Run Behavior\ContentReplaceBehavior [ RunTime:0.000000s ]
INFO: [ template_filter ] --END-- [ RunTime:0.000000s ]
INFO: Run Behavior\ParseTemplateBehavior [ RunTime:0.047002s ]
INFO: [ view_parse ] --END-- [ RunTime:0.047002s ]
INFO: [ view_filter ] --START--
INFO: Run Behavior\WriteHtmlCacheBehavior [ RunTime:0.001000s ]
INFO: [ view_filter ] --END-- [ RunTime:0.001000s ]
INFO: [ app_end ] --START--
INFO: Run Behavior\ShowPageTraceBehavior [ RunTime:0.001000s ]
INFO: [ app_end ] --END-- [ RunTime:0.001000s ]

[ 2017-06-09T18:55:20+08:00 ] 127.0.0.1 /index.php/Admin/Index/getGoodsTop.html
INFO: [ app_init ] --START--
INFO: Run Behavior\BuildLiteBehavior [ RunTime:0.000000s ]
INFO: [ app_init ] --END-- [ RunTime:0.000000s ]
INFO: [ app_begin ] --START--
INFO: Run Behavior\ReadHtmlCacheBehavior [ RunTime:0.000000s ]
INFO: [ app_begin ] --END-- [ RunTime:0.000000s ]
SQL: SHOW COLUMNS FROM `beauty_goods` [ RunTime:0.0040s ]
SQL: SELECT `goodsname`,`salenum` FROM `beauty_goods` ORDER BY salenum desc LIMIT 0,10   [ RunTime:0.0000s ]

