[ 2017-08-24T16:17:45+08:00 ] 127.0.0.1 /index.php/Admin
INFO: [ app_init ] --START--
INFO: Run Behavior\BuildLiteBehavior [ RunTime:0.000000s ]
INFO: [ app_init ] --END-- [ RunTime:0.000000s ]
INFO: [ app_begin ] --START--
INFO: Run Behavior\ReadHtmlCacheBehavior [ RunTime:0.024002s ]
INFO: [ app_begin ] --END-- [ RunTime:0.024002s ]

[ 2017-08-24T16:17:45+08:00 ] 127.0.0.1 /index.php/Admin/Login/Login.html
INFO: [ app_init ] --START--
INFO: Run Behavior\BuildLiteBehavior [ RunTime:0.001000s ]
INFO: [ app_init ] --END-- [ RunTime:0.001000s ]
INFO: [ app_begin ] --START--
INFO: Run Behavior\ReadHtmlCacheBehavior [ RunTime:0.069004s ]
INFO: [ app_begin ] --END-- [ RunTime:0.069004s ]
INFO: [ view_parse ] --START--
INFO: [ template_filter ] --START--
INFO: Run Behavior\ContentReplaceBehavior [ RunTime:0.000000s ]
INFO: [ template_filter ] --END-- [ RunTime:0.000000s ]
INFO: Run Behavior\ParseTemplateBehavior [ RunTime:0.034002s ]
INFO: [ view_parse ] --END-- [ RunTime:0.034002s ]
INFO: [ view_filter ] --START--
INFO: Run Behavior\WriteHtmlCacheBehavior [ RunTime:0.001000s ]
INFO: [ view_filter ] --END-- [ RunTime:0.001000s ]
INFO: [ app_end ] --START--
INFO: Run Behavior\ShowPageTraceBehavior [ RunTime:0.022002s ]
INFO: [ app_end ] --END-- [ RunTime:0.022002s ]

[ 2017-08-24T16:17:45+08:00 ] 127.0.0.1 /index.php/Admin/Login/verify.html
INFO: [ app_init ] --START--
INFO: Run Behavior\BuildLiteBehavior [ RunTime:0.000000s ]
INFO: [ app_init ] --END-- [ RunTime:0.001000s ]
INFO: [ app_begin ] --START--
INFO: Run Behavior\ReadHtmlCacheBehavior [ RunTime:0.001000s ]
INFO: [ app_begin ] --END-- [ RunTime:0.001000s ]
INFO: [ app_end ] --START--
INFO: Run Behavior\ShowPageTraceBehavior [ RunTime:0.001000s ]
INFO: [ app_end ] --END-- [ RunTime:0.001000s ]

[ 2017-08-24T16:17:53+08:00 ] 127.0.0.1 /index.php/Admin/Login/chkAdmin.html
INFO: [ app_init ] --START--
INFO: Run Behavior\BuildLiteBehavior [ RunTime:0.000000s ]
INFO: [ app_init ] --END-- [ RunTime:0.001000s ]
INFO: [ app_begin ] --START--
INFO: Run Behavior\ReadHtmlCacheBehavior [ RunTime:0.004000s ]
INFO: [ app_begin ] --END-- [ RunTime:0.004000s ]
SQL: SHOW COLUMNS FROM `beauty_admin` [ RunTime:0.0640s ]
SQL: SELECT * FROM `beauty_admin` WHERE `username` = 'admin' LIMIT 1   [ RunTime:0.0010s ]
INFO: [ app_end ] --START--
INFO: Run Behavior\ShowPageTraceBehavior [ RunTime:0.001000s ]
INFO: [ app_end ] --END-- [ RunTime:0.001000s ]

[ 2017-08-24T16:17:56+08:00 ] 127.0.0.1 /index.php/Admin/Login/chkVerify.html
INFO: [ app_init ] --START--
INFO: Run Behavior\BuildLiteBehavior [ RunTime:0.000000s ]
INFO: [ app_init ] --END-- [ RunTime:0.000000s ]
INFO: [ app_begin ] --START--
INFO: Run Behavior\ReadHtmlCacheBehavior [ RunTime:0.001000s ]
INFO: [ app_begin ] --END-- [ RunTime:0.001000s ]
INFO: [ app_end ] --START--
INFO: Run Behavior\ShowPageTraceBehavior [ RunTime:0.005001s ]
INFO: [ app_end ] --END-- [ RunTime:0.005001s ]

[ 2017-08-24T16:17:57+08:00 ] 127.0.0.1 /index.php/Admin/Login/login.html
INFO: [ app_init ] --START--
INFO: Run Behavior\BuildLiteBehavior [ RunTime:0.000000s ]
INFO: [ app_init ] --END-- [ RunTime:0.001000s ]
INFO: [ app_begin ] --START--
INFO: Run Behavior\ReadHtmlCacheBehavior [ RunTime:0.000000s ]
INFO: [ app_begin ] --END-- [ RunTime:0.000000s ]
SQL: SHOW COLUMNS FROM `beauty_admin` [ RunTime:0.0150s ]
NOTIC: [8] Undefined index: validate F:\WWW\beauty\ThinkPHP\Library\Think\Model.class.php 第 1185 行.
SQL: SELECT * FROM `beauty_admin` WHERE `username` = 'admin' LIMIT 1   [ RunTime:0.0010s ]
SQL: SELECT * FROM `beauty_admin` WHERE `username` = 'admin' AND `password` = '21232f297a57a5a743894a0e4a801fc3' LIMIT 1   [ RunTime:0.0010s ]
SQL: UPDATE `beauty_admin` SET `online`='1',`lastlogin`='1503562677',`lastip`='127.0.0.1' WHERE `id` = 1 [ RunTime:0.0450s ]

[ 2017-08-24T16:17:58+08:00 ] 127.0.0.1 /index.php/Admin/Login/login.html
INFO: [ app_init ] --START--
INFO: Run Behavior\BuildLiteBehavior [ RunTime:0.000000s ]
INFO: [ app_init ] --END-- [ RunTime:0.001000s ]
INFO: [ app_begin ] --START--
INFO: Run Behavior\ReadHtmlCacheBehavior [ RunTime:0.000000s ]
INFO: [ app_begin ] --END-- [ RunTime:0.000000s ]
SQL: SHOW COLUMNS FROM `beauty_admin` [ RunTime:0.0100s ]
NOTIC: [8] Undefined index: validate F:\WWW\beauty\ThinkPHP\Library\Think\Model.class.php 第 1185 行.
SQL: SELECT * FROM `beauty_admin` WHERE `username` = 'admin' LIMIT 1   [ RunTime:0.0010s ]
SQL: SELECT * FROM `beauty_admin` WHERE `username` = 'admin' AND `password` = '21232f297a57a5a743894a0e4a801fc3' LIMIT 1   [ RunTime:0.0010s ]
SQL: UPDATE `beauty_admin` SET `online`='1',`lastlogin`='1503562678',`lastip`='127.0.0.1' WHERE `id` = 1 [ RunTime:0.0390s ]

[ 2017-08-24T16:17:58+08:00 ] 127.0.0.1 /index.php/Admin/Index/index.html
INFO: [ app_init ] --START--
INFO: Run Behavior\BuildLiteBehavior [ RunTime:0.000000s ]
INFO: [ app_init ] --END-- [ RunTime:0.000000s ]
INFO: [ app_begin ] --START--
INFO: Run Behavior\ReadHtmlCacheBehavior [ RunTime:0.046002s ]
INFO: [ app_begin ] --END-- [ RunTime:0.046002s ]
INFO: [ view_parse ] --START--
INFO: [ template_filter ] --START--
INFO: Run Behavior\ContentReplaceBehavior [ RunTime:0.000000s ]
INFO: [ template_filter ] --END-- [ RunTime:0.001000s ]
INFO: Run Behavior\ParseTemplateBehavior [ RunTime:0.031002s ]
INFO: [ view_parse ] --END-- [ RunTime:0.031002s ]
INFO: [ view_filter ] --START--
INFO: Run Behavior\WriteHtmlCacheBehavior [ RunTime:0.005000s ]
INFO: [ view_filter ] --END-- [ RunTime:0.005000s ]
INFO: [ app_end ] --START--
INFO: Run Behavior\ShowPageTraceBehavior [ RunTime:0.000000s ]
INFO: [ app_end ] --END-- [ RunTime:0.000000s ]

[ 2017-08-24T16:18:00+08:00 ] 127.0.0.1 /index.php/Admin/Index/top.html
INFO: [ app_init ] --START--
INFO: Run Behavior\BuildLiteBehavior [ RunTime:0.000000s ]
INFO: [ app_init ] --END-- [ RunTime:0.001000s ]
INFO: [ app_begin ] --START--
NOTIC: [2] filemtime(): stat failed for ./beauty/Admin/view/Index/top.html F:\WWW\beauty\ThinkPHP\Library\Behavior\ReadHtmlCacheBehavior.class.php 第 104 行.
INFO: Run Behavior\ReadHtmlCacheBehavior [ RunTime:0.006000s ]
INFO: [ app_begin ] --END-- [ RunTime:0.006000s ]
SQL: SHOW COLUMNS FROM `beauty_message_admin` [ RunTime:0.1060s ]
SQL: SELECT COUNT(*) AS tp_count FROM `beauty_message_admin` WHERE `receiveId` = 1 AND `status` = 1 LIMIT 1   [ RunTime:0.0000s ]
INFO: [ view_parse ] --START--
INFO: [ template_filter ] --START--
INFO: Run Behavior\ContentReplaceBehavior [ RunTime:0.000000s ]
INFO: [ template_filter ] --END-- [ RunTime:0.000000s ]
INFO: Run Behavior\ParseTemplateBehavior [ RunTime:0.006000s ]
INFO: [ view_parse ] --END-- [ RunTime:0.006000s ]
INFO: [ view_filter ] --START--
INFO: Run Behavior\WriteHtmlCacheBehavior [ RunTime:0.001000s ]
INFO: [ view_filter ] --END-- [ RunTime:0.001000s ]
INFO: [ app_end ] --START--
INFO: Run Behavior\ShowPageTraceBehavior [ RunTime:0.001001s ]
INFO: [ app_end ] --END-- [ RunTime:0.001001s ]

[ 2017-08-24T16:18:01+08:00 ] 127.0.0.1 /index.php/Admin/Index/left.html
INFO: [ app_init ] --START--
INFO: Run Behavior\BuildLiteBehavior [ RunTime:0.000000s ]
INFO: [ app_init ] --END-- [ RunTime:0.000000s ]
INFO: [ app_begin ] --START--
NOTIC: [2] filemtime(): stat failed for ./beauty/Admin/view/Index/left.html F:\WWW\beauty\ThinkPHP\Library\Behavior\ReadHtmlCacheBehavior.class.php 第 104 行.
INFO: Run Behavior\ReadHtmlCacheBehavior [ RunTime:0.036002s ]
INFO: [ app_begin ] --END-- [ RunTime:0.036002s ]
SQL: SHOW COLUMNS FROM `beauty_admin_nav` [ RunTime:0.0410s ]
SQL: SELECT * FROM `beauty_admin_nav` WHERE `pid` = 0 ORDER BY priority  [ RunTime:0.0010s ]
SQL: SHOW COLUMNS FROM `beauty_auth_group_access` [ RunTime:0.0650s ]
SQL: SELECT `uid`,`group_id`,`title`,`rules` FROM beauty_auth_group_access a INNER JOIN beauty_auth_group g on a.group_id=g.id  WHERE ( a.uid='1' and g.status='1' )  [ RunTime:0.0290s ]
SQL: SHOW COLUMNS FROM `beauty_auth_rule` [ RunTime:0.0210s ]
SQL: SELECT `condition`,`name` FROM `beauty_auth_rule` WHERE `id` IN ('1','41','40','42','43','44','2','13','14','3','15','16','18','20','21','19','4','22','23','5','24','25','6','26','27','7','28','51','9','34','35','8','29','30','31','32','33','54','10','36','37','11','38','52','53','45','46','47','12','39','48','17','49','50','55','56','57','58','59') AND `type` = 1 AND `status` = 1  [ RunTime:0.0140s ]
SQL: SELECT * FROM `beauty_admin_nav` WHERE `pid` = 1 ORDER BY priority  [ RunTime:0.0000s ]
SQL: SELECT * FROM `beauty_admin_nav` WHERE `pid` = 2 ORDER BY priority  [ RunTime:0.0010s ]
SQL: SELECT * FROM `beauty_admin_nav` WHERE `pid` = 48 ORDER BY priority  [ RunTime:0.0010s ]
SQL: SELECT * FROM `beauty_admin_nav` WHERE `pid` = 3 ORDER BY priority  [ RunTime:0.0010s ]
SQL: SELECT * FROM `beauty_admin_nav` WHERE `pid` = 4 ORDER BY priority  [ RunTime:0.0010s ]
SQL: SELECT * FROM `beauty_admin_nav` WHERE `pid` = 5 ORDER BY priority  [ RunTime:0.0010s ]
SQL: SELECT * FROM `beauty_admin_nav` WHERE `pid` = 6 ORDER BY priority  [ RunTime:0.0010s ]
SQL: SELECT * FROM `beauty_admin_nav` WHERE `pid` = 7 ORDER BY priority  [ RunTime:0.0010s ]
SQL: SELECT * FROM `beauty_admin_nav` WHERE `pid` = 8 ORDER BY priority  [ RunTime:0.0010s ]
SQL: SELECT * FROM `beauty_admin_nav` WHERE `pid` = 9 ORDER BY priority  [ RunTime:0.0010s ]
SQL: SELECT * FROM `beauty_admin_nav` WHERE `pid` = 10 ORDER BY priority  [ RunTime:0.0000s ]
SQL: SELECT * FROM `beauty_admin_nav` WHERE `pid` = 11 ORDER BY priority  [ RunTime:0.0010s ]
SQL: SELECT * FROM `beauty_admin_nav` WHERE `pid` = 12 ORDER BY priority  [ RunTime:0.0010s ]
SQL: SELECT * FROM `beauty_admin_nav` WHERE `pid` = 45 ORDER BY priority  [ RunTime:0.0000s ]
SQL: SELECT * FROM `beauty_admin_nav` WHERE `pid` = 55 ORDER BY priority  [ RunTime:0.0000s ]
SQL: SELECT * FROM `beauty_admin_nav` WHERE `pid` = 58 ORDER BY priority  [ RunTime:0.0010s ]
INFO: [ view_parse ] --START--
INFO: [ template_filter ] --START--
INFO: Run Behavior\ContentReplaceBehavior [ RunTime:0.000000s ]
INFO: [ template_filter ] --END-- [ RunTime:0.000000s ]
NOTIC: [8] Undefined variable: v1 F:\WWW\beauty\beauty\Runtime\Cache\Admin\deb2bdb6f40b9ba5a624590770c82b56.php 第 415 行.
NOTIC: [8] Undefined variable: v1 F:\WWW\beauty\beauty\Runtime\Cache\Admin\deb2bdb6f40b9ba5a624590770c82b56.php 第 415 行.
INFO: Run Behavior\ParseTemplateBehavior [ RunTime:0.062003s ]
INFO: [ view_parse ] --END-- [ RunTime:0.062003s ]
INFO: [ view_filter ] --START--
INFO: Run Behavior\WriteHtmlCacheBehavior [ RunTime:0.002001s ]
INFO: [ view_filter ] --END-- [ RunTime:0.002001s ]
INFO: [ app_end ] --START--
INFO: Run Behavior\ShowPageTraceBehavior [ RunTime:0.001000s ]
INFO: [ app_end ] --END-- [ RunTime:0.001000s ]

[ 2017-08-24T16:18:01+08:00 ] 127.0.0.1 /index.php/Admin/Index/footer.html
INFO: [ app_init ] --START--
INFO: Run Behavior\BuildLiteBehavior [ RunTime:0.000000s ]
INFO: [ app_init ] --END-- [ RunTime:0.000000s ]
INFO: [ app_begin ] --START--
NOTIC: [2] filemtime(): stat failed for ./beauty/Admin/view/Index/footer.html F:\WWW\beauty\ThinkPHP\Library\Behavior\ReadHtmlCacheBehavior.class.php 第 104 行.
INFO: Run Behavior\ReadHtmlCacheBehavior [ RunTime:0.110007s ]
INFO: [ app_begin ] --END-- [ RunTime:0.110007s ]
INFO: [ view_parse ] --START--
INFO: [ template_filter ] --START--
INFO: Run Behavior\ContentReplaceBehavior [ RunTime:0.000000s ]
INFO: [ template_filter ] --END-- [ RunTime:0.000000s ]
INFO: Run Behavior\ParseTemplateBehavior [ RunTime:0.029002s ]
INFO: [ view_parse ] --END-- [ RunTime:0.029002s ]
INFO: [ view_filter ] --START--
INFO: Run Behavior\WriteHtmlCacheBehavior [ RunTime:0.013000s ]
INFO: [ view_filter ] --END-- [ RunTime:0.013000s ]
INFO: [ app_end ] --START--
INFO: Run Behavior\ShowPageTraceBehavior [ RunTime:0.001000s ]
INFO: [ app_end ] --END-- [ RunTime:0.001000s ]

[ 2017-08-24T16:18:02+08:00 ] 127.0.0.1 /index.php/Admin/Index/main.html
INFO: [ app_init ] --START--
INFO: Run Behavior\BuildLiteBehavior [ RunTime:0.000000s ]
INFO: [ app_init ] --END-- [ RunTime:0.000000s ]
INFO: [ app_begin ] --START--
INFO: Run Behavior\ReadHtmlCacheBehavior [ RunTime:0.129007s ]
INFO: [ app_begin ] --END-- [ RunTime:0.129007s ]
SQL: SHOW COLUMNS FROM `beauty_admin` [ RunTime:0.0100s ]
SQL: SELECT `username`,`lastlogin`,`lastip` FROM `beauty_admin` WHERE `id` = 1  [ RunTime:0.0000s ]
SQL: SHOW COLUMNS FROM `beauty_goods` [ RunTime:0.0070s ]
SQL: SELECT * FROM `beauty_goods` ORDER BY salenum desc LIMIT 5   [ RunTime:0.0000s ]
SQL: SELECT * FROM `beauty_goods` ORDER BY num LIMIT 5   [ RunTime:0.0000s ]
INFO: [ view_parse ] --START--
INFO: [ template_filter ] --START--
INFO: Run Behavior\ContentReplaceBehavior [ RunTime:0.000000s ]
INFO: [ template_filter ] --END-- [ RunTime:0.000000s ]
INFO: Run Behavior\ParseTemplateBehavior [ RunTime:0.055003s ]
INFO: [ view_parse ] --END-- [ RunTime:0.055003s ]
INFO: [ view_filter ] --START--
INFO: Run Behavior\WriteHtmlCacheBehavior [ RunTime:0.001000s ]
INFO: [ view_filter ] --END-- [ RunTime:0.001000s ]
INFO: [ app_end ] --START--
INFO: Run Behavior\ShowPageTraceBehavior [ RunTime:0.000000s ]
INFO: [ app_end ] --END-- [ RunTime:0.000000s ]

[ 2017-08-24T16:18:03+08:00 ] 127.0.0.1 /index.php/Admin/Index/main.html
INFO: [ app_init ] --START--
INFO: Run Behavior\BuildLiteBehavior [ RunTime:0.001000s ]
INFO: [ app_init ] --END-- [ RunTime:0.001000s ]
INFO: [ app_begin ] --START--

[ 2017-08-24T16:18:03+08:00 ] 127.0.0.1 /index.php/Admin/Index/getGoodsTop.html
INFO: [ app_init ] --START--
INFO: Run Behavior\BuildLiteBehavior [ RunTime:0.000000s ]
INFO: [ app_init ] --END-- [ RunTime:0.001000s ]
INFO: [ app_begin ] --START--
INFO: Run Behavior\ReadHtmlCacheBehavior [ RunTime:0.001000s ]
INFO: [ app_begin ] --END-- [ RunTime:0.001000s ]
SQL: SHOW COLUMNS FROM `beauty_goods` [ RunTime:0.0060s ]
SQL: SELECT `goodsname`,`salenum` FROM `beauty_goods` ORDER BY salenum desc LIMIT 0,10   [ RunTime:0.0010s ]

[ 2017-08-24T16:18:04+08:00 ] 127.0.0.1 /index.php/Admin/Index/getGoodsTop.html
INFO: [ app_init ] --START--
INFO: Run Behavior\BuildLiteBehavior [ RunTime:0.000000s ]
INFO: [ app_init ] --END-- [ RunTime:0.000000s ]
INFO: [ app_begin ] --START--
INFO: Run Behavior\ReadHtmlCacheBehavior [ RunTime:0.000000s ]
INFO: [ app_begin ] --END-- [ RunTime:0.001000s ]
SQL: SHOW COLUMNS FROM `beauty_goods` [ RunTime:0.0030s ]
SQL: SELECT `goodsname`,`salenum` FROM `beauty_goods` ORDER BY salenum desc LIMIT 0,10   [ RunTime:0.0000s ]

[ 2017-08-24T16:18:14+08:00 ] 127.0.0.1 /index.php/Admin/AuthRule/index.html
INFO: [ app_init ] --START--
INFO: Run Behavior\BuildLiteBehavior [ RunTime:0.000000s ]
INFO: [ app_init ] --END-- [ RunTime:0.001001s ]
INFO: [ app_begin ] --START--
INFO: Run Behavior\ReadHtmlCacheBehavior [ RunTime:0.046002s ]
INFO: [ app_begin ] --END-- [ RunTime:0.046002s ]
SQL: SHOW COLUMNS FROM `beauty_auth_rule` [ RunTime:0.0060s ]
SQL: SELECT * FROM `beauty_auth_rule` ORDER BY path asc  [ RunTime:0.0080s ]
INFO: [ view_parse ] --START--
INFO: [ template_filter ] --START--
INFO: Run Behavior\ContentReplaceBehavior [ RunTime:0.001000s ]
INFO: [ template_filter ] --END-- [ RunTime:0.001000s ]
INFO: Run Behavior\ParseTemplateBehavior [ RunTime:0.021001s ]
INFO: [ view_parse ] --END-- [ RunTime:0.021001s ]
INFO: [ view_filter ] --START--
INFO: Run Behavior\WriteHtmlCacheBehavior [ RunTime:0.001000s ]
INFO: [ view_filter ] --END-- [ RunTime:0.001000s ]
INFO: [ app_end ] --START--
INFO: Run Behavior\ShowPageTraceBehavior [ RunTime:0.001001s ]
INFO: [ app_end ] --END-- [ RunTime:0.001001s ]

[ 2017-08-24T16:18:15+08:00 ] 127.0.0.1 /index.php/Admin/AuthRule/index.html
INFO: [ app_init ] --START--
INFO: Run Behavior\BuildLiteBehavior [ RunTime:0.000000s ]
INFO: [ app_init ] --END-- [ RunTime:0.000000s ]
INFO: [ app_begin ] --START--
INFO: Run Behavior\ReadHtmlCacheBehavior [ RunTime:0.001000s ]
INFO: [ app_begin ] --END-- [ RunTime:0.001000s ]
SQL: SHOW COLUMNS FROM `beauty_auth_rule` [ RunTime:0.0070s ]
SQL: SELECT * FROM `beauty_auth_rule` ORDER BY path asc  [ RunTime:0.0010s ]
INFO: [ view_parse ] --START--
INFO: [ template_filter ] --START--
INFO: Run Behavior\ContentReplaceBehavior [ RunTime:0.000000s ]
INFO: [ template_filter ] --END-- [ RunTime:0.000000s ]
INFO: Run Behavior\ParseTemplateBehavior [ RunTime:0.010001s ]
INFO: [ view_parse ] --END-- [ RunTime:0.010001s ]
INFO: [ view_filter ] --START--
INFO: Run Behavior\WriteHtmlCacheBehavior [ RunTime:0.001000s ]
INFO: [ view_filter ] --END-- [ RunTime:0.001000s ]
INFO: [ app_end ] --START--
INFO: Run Behavior\ShowPageTraceBehavior [ RunTime:0.001000s ]
INFO: [ app_end ] --END-- [ RunTime:0.001000s ]

[ 2017-08-24T16:18:17+08:00 ] 127.0.0.1 /index.php/Admin/Admin/add.html
INFO: [ app_init ] --START--
INFO: Run Behavior\BuildLiteBehavior [ RunTime:0.000000s ]
INFO: [ app_init ] --END-- [ RunTime:0.000000s ]
INFO: [ app_begin ] --START--
INFO: Run Behavior\ReadHtmlCacheBehavior [ RunTime:0.047002s ]
INFO: [ app_begin ] --END-- [ RunTime:0.047002s ]
SQL: SHOW COLUMNS FROM `beauty_auth_group` [ RunTime:0.0080s ]
SQL: SELECT * FROM `beauty_auth_group`  [ RunTime:0.0000s ]
INFO: [ view_parse ] --START--
INFO: [ template_filter ] --START--
INFO: Run Behavior\ContentReplaceBehavior [ RunTime:0.000000s ]
INFO: [ template_filter ] --END-- [ RunTime:0.000000s ]
INFO: Run Behavior\ParseTemplateBehavior [ RunTime:0.010001s ]
INFO: [ view_parse ] --END-- [ RunTime:0.010001s ]
INFO: [ view_filter ] --START--
INFO: Run Behavior\WriteHtmlCacheBehavior [ RunTime:0.002000s ]
INFO: [ view_filter ] --END-- [ RunTime:0.002000s ]
INFO: [ app_end ] --START--
INFO: Run Behavior\ShowPageTraceBehavior [ RunTime:0.001000s ]
INFO: [ app_end ] --END-- [ RunTime:0.001000s ]

[ 2017-08-24T16:18:17+08:00 ] 127.0.0.1 /index.php/Admin/Admin/add.html
INFO: [ app_init ] --START--
INFO: Run Behavior\BuildLiteBehavior [ RunTime:0.000000s ]
INFO: [ app_init ] --END-- [ RunTime:0.001000s ]
INFO: [ app_begin ] --START--

[ 2017-08-24T16:18:19+08:00 ] 127.0.0.1 /index.php/Admin/Admin/index.html
INFO: [ app_init ] --START--
INFO: Run Behavior\BuildLiteBehavior [ RunTime:0.000000s ]
INFO: [ app_init ] --END-- [ RunTime:0.001000s ]
INFO: [ app_begin ] --START--
NOTIC: [2] filemtime(): stat failed for ./beauty/Admin/view/Admin/index.html F:\WWW\beauty\ThinkPHP\Library\Behavior\ReadHtmlCacheBehavior.class.php 第 104 行.
INFO: Run Behavior\ReadHtmlCacheBehavior [ RunTime:0.018001s ]
INFO: [ app_begin ] --END-- [ RunTime:0.018001s ]
SQL: SHOW COLUMNS FROM `beauty_admin` [ RunTime:0.0060s ]
SQL: SELECT COUNT(*) AS tp_count FROM `beauty_admin` WHERE `username` LIKE '%%' LIMIT 1   [ RunTime:0.0010s ]
SQL: SELECT * FROM `beauty_admin` WHERE `username` LIKE '%%' ORDER BY id LIMIT 0,5   [ RunTime:0.0010s ]
SQL: SHOW COLUMNS FROM `beauty_auth_group_access` [ RunTime:0.0050s ]
SQL: SELECT g.title FROM beauty_auth_group_access a INNER JOIN beauty_auth_group g ON a.group_id=g.id  WHERE ( a.uid=1 )  [ RunTime:0.0000s ]
SQL: SELECT g.title FROM beauty_auth_group_access a INNER JOIN beauty_auth_group g ON a.group_id=g.id  WHERE ( a.uid=2 )  [ RunTime:0.0000s ]
SQL: SELECT g.title FROM beauty_auth_group_access a INNER JOIN beauty_auth_group g ON a.group_id=g.id  WHERE ( a.uid=3 )  [ RunTime:0.0000s ]
SQL: SELECT g.title FROM beauty_auth_group_access a INNER JOIN beauty_auth_group g ON a.group_id=g.id  WHERE ( a.uid=4 )  [ RunTime:0.0000s ]
SQL: SELECT g.title FROM beauty_auth_group_access a INNER JOIN beauty_auth_group g ON a.group_id=g.id  WHERE ( a.uid=5 )  [ RunTime:0.0010s ]
INFO: [ view_parse ] --START--
INFO: [ template_filter ] --START--
INFO: Run Behavior\ContentReplaceBehavior [ RunTime:0.000000s ]
INFO: [ template_filter ] --END-- [ RunTime:0.000000s ]
INFO: Run Behavior\ParseTemplateBehavior [ RunTime:0.030002s ]
INFO: [ view_parse ] --END-- [ RunTime:0.030002s ]
INFO: [ view_filter ] --START--
INFO: Run Behavior\WriteHtmlCacheBehavior [ RunTime:0.001000s ]
INFO: [ view_filter ] --END-- [ RunTime:0.001000s ]
INFO: [ app_end ] --START--
INFO: Run Behavior\ShowPageTraceBehavior [ RunTime:0.001000s ]
INFO: [ app_end ] --END-- [ RunTime:0.001000s ]

[ 2017-08-24T16:18:21+08:00 ] 127.0.0.1 /index.php/Admin/Admin/index.html
INFO: [ app_init ] --START--
INFO: Run Behavior\BuildLiteBehavior [ RunTime:0.000000s ]
INFO: [ app_init ] --END-- [ RunTime:0.001001s ]
INFO: [ app_begin ] --START--
NOTIC: [2] filemtime(): stat failed for ./beauty/Admin/view/Admin/index.html F:\WWW\beauty\ThinkPHP\Library\Behavior\ReadHtmlCacheBehavior.class.php 第 104 行.
INFO: Run Behavior\ReadHtmlCacheBehavior [ RunTime:0.001000s ]
INFO: [ app_begin ] --END-- [ RunTime:0.001000s ]
SQL: SHOW COLUMNS FROM `beauty_admin` [ RunTime:0.0150s ]
SQL: SELECT COUNT(*) AS tp_count FROM `beauty_admin` WHERE `username` LIKE '%%' LIMIT 1   [ RunTime:0.0010s ]
SQL: SELECT * FROM `beauty_admin` WHERE `username` LIKE '%%' ORDER BY id LIMIT 0,5   [ RunTime:0.0010s ]
SQL: SHOW COLUMNS FROM `beauty_auth_group_access` [ RunTime:0.0110s ]
SQL: SELECT g.title FROM beauty_auth_group_access a INNER JOIN beauty_auth_group g ON a.group_id=g.id  WHERE ( a.uid=1 )  [ RunTime:0.0010s ]
SQL: SELECT g.title FROM beauty_auth_group_access a INNER JOIN beauty_auth_group g ON a.group_id=g.id  WHERE ( a.uid=2 )  [ RunTime:0.0000s ]
SQL: SELECT g.title FROM beauty_auth_group_access a INNER JOIN beauty_auth_group g ON a.group_id=g.id  WHERE ( a.uid=3 )  [ RunTime:0.0000s ]
SQL: SELECT g.title FROM beauty_auth_group_access a INNER JOIN beauty_auth_group g ON a.group_id=g.id  WHERE ( a.uid=4 )  [ RunTime:0.0000s ]
SQL: SELECT g.title FROM beauty_auth_group_access a INNER JOIN beauty_auth_group g ON a.group_id=g.id  WHERE ( a.uid=5 )  [ RunTime:0.0000s ]
INFO: [ view_parse ] --START--
INFO: [ template_filter ] --START--
INFO: Run Behavior\ContentReplaceBehavior [ RunTime:0.000000s ]
INFO: [ template_filter ] --END-- [ RunTime:0.000000s ]
INFO: Run Behavior\ParseTemplateBehavior [ RunTime:0.011001s ]
INFO: [ view_parse ] --END-- [ RunTime:0.011001s ]
INFO: [ view_filter ] --START--
INFO: Run Behavior\WriteHtmlCacheBehavior [ RunTime:0.001000s ]
INFO: [ view_filter ] --END-- [ RunTime:0.001000s ]
INFO: [ app_end ] --START--
INFO: Run Behavior\ShowPageTraceBehavior [ RunTime:0.001000s ]
INFO: [ app_end ] --END-- [ RunTime:0.001000s ]

[ 2017-08-24T16:18:24+08:00 ] 127.0.0.1 /index.php/Admin/AuthRule/index.html
INFO: [ app_init ] --START--
INFO: Run Behavior\BuildLiteBehavior [ RunTime:0.000000s ]
INFO: [ app_init ] --END-- [ RunTime:0.000000s ]
INFO: [ app_begin ] --START--

[ 2017-08-24T16:18:28+08:00 ] 127.0.0.1 /index.php/Admin/AuthRule/add.html
INFO: [ app_init ] --START--
INFO: Run Behavior\BuildLiteBehavior [ RunTime:0.000000s ]
INFO: [ app_init ] --END-- [ RunTime:0.000000s ]
INFO: [ app_begin ] --START--
INFO: Run Behavior\ReadHtmlCacheBehavior [ RunTime:0.004001s ]
INFO: [ app_begin ] --END-- [ RunTime:0.004001s ]
INFO: [ view_parse ] --START--
INFO: [ template_filter ] --START--
INFO: Run Behavior\ContentReplaceBehavior [ RunTime:0.000000s ]
INFO: [ template_filter ] --END-- [ RunTime:0.000000s ]
INFO: Run Behavior\ParseTemplateBehavior [ RunTime:0.006000s ]
INFO: [ view_parse ] --END-- [ RunTime:0.006000s ]
INFO: [ view_filter ] --START--
INFO: Run Behavior\WriteHtmlCacheBehavior [ RunTime:0.001000s ]
INFO: [ view_filter ] --END-- [ RunTime:0.001000s ]
INFO: [ app_end ] --START--
INFO: Run Behavior\ShowPageTraceBehavior [ RunTime:0.001000s ]
INFO: [ app_end ] --END-- [ RunTime:0.001000s ]

[ 2017-08-24T16:18:31+08:00 ] 127.0.0.1 /index.php/Admin/AuthGroup/index.html
INFO: [ app_init ] --START--
INFO: Run Behavior\BuildLiteBehavior [ RunTime:0.001000s ]
INFO: [ app_init ] --END-- [ RunTime:0.001000s ]
INFO: [ app_begin ] --START--
INFO: Run Behavior\ReadHtmlCacheBehavior [ RunTime:0.034002s ]
INFO: [ app_begin ] --END-- [ RunTime:0.034002s ]
SQL: SHOW COLUMNS FROM `beauty_auth_group` [ RunTime:0.0100s ]
SQL: SELECT * FROM `beauty_auth_group`  [ RunTime:0.0000s ]
SQL: SHOW COLUMNS FROM `beauty_auth_group_access` [ RunTime:0.0100s ]
SQL: SELECT a.username FROM beauty_auth_group_access g INNER JOIN beauty_admin a ON g.uid=a.id  WHERE ( g.group_id=1 )  [ RunTime:0.0010s ]
SQL: SELECT a.username FROM beauty_auth_group_access g INNER JOIN beauty_admin a ON g.uid=a.id  WHERE ( g.group_id=2 )  [ RunTime:0.0010s ]
SQL: SELECT a.username FROM beauty_auth_group_access g INNER JOIN beauty_admin a ON g.uid=a.id  WHERE ( g.group_id=3 )  [ RunTime:0.0010s ]
SQL: SELECT a.username FROM beauty_auth_group_access g INNER JOIN beauty_admin a ON g.uid=a.id  WHERE ( g.group_id=4 )  [ RunTime:0.0010s ]
SQL: SELECT a.username FROM beauty_auth_group_access g INNER JOIN beauty_admin a ON g.uid=a.id  WHERE ( g.group_id=5 )  [ RunTime:0.0000s ]
SQL: SELECT a.username FROM beauty_auth_group_access g INNER JOIN beauty_admin a ON g.uid=a.id  WHERE ( g.group_id=6 )  [ RunTime:0.0000s ]
SQL: SELECT a.username FROM beauty_auth_group_access g INNER JOIN beauty_admin a ON g.uid=a.id  WHERE ( g.group_id=7 )  [ RunTime:0.0010s ]
SQL: SELECT a.username FROM beauty_auth_group_access g INNER JOIN beauty_admin a ON g.uid=a.id  WHERE ( g.group_id=8 )  [ RunTime:0.0010s ]
SQL: SELECT a.username FROM beauty_auth_group_access g INNER JOIN beauty_admin a ON g.uid=a.id  WHERE ( g.group_id=10 )  [ RunTime:0.0010s ]
SQL: SELECT a.username FROM beauty_auth_group_access g INNER JOIN beauty_admin a ON g.uid=a.id  WHERE ( g.group_id=11 )  [ RunTime:0.0000s ]
SQL: SELECT a.username FROM beauty_auth_group_access g INNER JOIN beauty_admin a ON g.uid=a.id  WHERE ( g.group_id=12 )  [ RunTime:0.0000s ]
SQL: SELECT a.username FROM beauty_auth_group_access g INNER JOIN beauty_admin a ON g.uid=a.id  WHERE ( g.group_id=13 )  [ RunTime:0.0000s ]
INFO: [ view_parse ] --START--
INFO: [ template_filter ] --START--
INFO: Run Behavior\ContentReplaceBehavior [ RunTime:0.000000s ]
INFO: [ template_filter ] --END-- [ RunTime:0.000000s ]
INFO: Run Behavior\ParseTemplateBehavior [ RunTime:0.010001s ]
INFO: [ view_parse ] --END-- [ RunTime:0.010001s ]
INFO: [ view_filter ] --START--
INFO: Run Behavior\WriteHtmlCacheBehavior [ RunTime:0.001000s ]
INFO: [ view_filter ] --END-- [ RunTime:0.001000s ]
INFO: [ app_end ] --START--
INFO: Run Behavior\ShowPageTraceBehavior [ RunTime:0.001000s ]
INFO: [ app_end ] --END-- [ RunTime:0.001000s ]

[ 2017-08-24T16:18:32+08:00 ] 127.0.0.1 /index.php/Admin/AuthGroup/index.html
INFO: [ app_init ] --START--
INFO: Run Behavior\BuildLiteBehavior [ RunTime:0.000000s ]
INFO: [ app_init ] --END-- [ RunTime:0.000000s ]
INFO: [ app_begin ] --START--
INFO: Run Behavior\ReadHtmlCacheBehavior [ RunTime:0.001000s ]
INFO: [ app_begin ] --END-- [ RunTime:0.001000s ]
SQL: SHOW COLUMNS FROM `beauty_auth_group` [ RunTime:0.0080s ]
SQL: SELECT * FROM `beauty_auth_group`  [ RunTime:0.0000s ]
SQL: SHOW COLUMNS FROM `beauty_auth_group_access` [ RunTime:0.0070s ]
SQL: SELECT a.username FROM beauty_auth_group_access g INNER JOIN beauty_admin a ON g.uid=a.id  WHERE ( g.group_id=1 )  [ RunTime:0.0000s ]
SQL: SELECT a.username FROM beauty_auth_group_access g INNER JOIN beauty_admin a ON g.uid=a.id  WHERE ( g.group_id=2 )  [ RunTime:0.0010s ]
SQL: SELECT a.username FROM beauty_auth_group_access g INNER JOIN beauty_admin a ON g.uid=a.id  WHERE ( g.group_id=3 )  [ RunTime:0.0000s ]
SQL: SELECT a.username FROM beauty_auth_group_access g INNER JOIN beauty_admin a ON g.uid=a.id  WHERE ( g.group_id=4 )  [ RunTime:0.0000s ]
SQL: SELECT a.username FROM beauty_auth_group_access g INNER JOIN beauty_admin a ON g.uid=a.id  WHERE ( g.group_id=5 )  [ RunTime:0.0000s ]
SQL: SELECT a.username FROM beauty_auth_group_access g INNER JOIN beauty_admin a ON g.uid=a.id  WHERE ( g.group_id=6 )  [ RunTime:0.0010s ]
SQL: SELECT a.username FROM beauty_auth_group_access g INNER JOIN beauty_admin a ON g.uid=a.id  WHERE ( g.group_id=7 )  [ RunTime:0.0000s ]
SQL: SELECT a.username FROM beauty_auth_group_access g INNER JOIN beauty_admin a ON g.uid=a.id  WHERE ( g.group_id=8 )  [ RunTime:0.0000s ]
SQL: SELECT a.username FROM beauty_auth_group_access g INNER JOIN beauty_admin a ON g.uid=a.id  WHERE ( g.group_id=10 )  [ RunTime:0.0010s ]
SQL: SELECT a.username FROM beauty_auth_group_access g INNER JOIN beauty_admin a ON g.uid=a.id  WHERE ( g.group_id=11 )  [ RunTime:0.0000s ]
SQL: SELECT a.username FROM beauty_auth_group_access g INNER JOIN beauty_admin a ON g.uid=a.id  WHERE ( g.group_id=12 )  [ RunTime:0.0000s ]
SQL: SELECT a.username FROM beauty_auth_group_access g INNER JOIN beauty_admin a ON g.uid=a.id  WHERE ( g.group_id=13 )  [ RunTime:0.0000s ]
INFO: [ view_parse ] --START--
INFO: [ template_filter ] --START--
INFO: Run Behavior\ContentReplaceBehavior [ RunTime:0.000000s ]
INFO: [ template_filter ] --END-- [ RunTime:0.000000s ]
INFO: Run Behavior\ParseTemplateBehavior [ RunTime:0.007000s ]
INFO: [ view_parse ] --END-- [ RunTime:0.007000s ]
INFO: [ view_filter ] --START--
INFO: Run Behavior\WriteHtmlCacheBehavior [ RunTime:0.001000s ]
INFO: [ view_filter ] --END-- [ RunTime:0.001000s ]
INFO: [ app_end ] --START--
INFO: Run Behavior\ShowPageTraceBehavior [ RunTime:0.001000s ]
INFO: [ app_end ] --END-- [ RunTime:0.001000s ]

[ 2017-08-24T16:18:37+08:00 ] 127.0.0.1 /index.php/Admin/AuthGroup/allocateRule/gid/1.html
INFO: [ app_init ] --START--
INFO: Run Behavior\BuildLiteBehavior [ RunTime:0.000000s ]
INFO: [ app_init ] --END-- [ RunTime:0.001000s ]
INFO: [ app_begin ] --START--
INFO: Run Behavior\ReadHtmlCacheBehavior [ RunTime:0.048002s ]
INFO: [ app_begin ] --END-- [ RunTime:0.048002s ]
SQL: SHOW COLUMNS FROM `beauty_auth_group` [ RunTime:0.0110s ]
SQL: SHOW COLUMNS FROM `beauty_auth_rule` [ RunTime:0.0090s ]
SQL: SELECT * FROM `beauty_auth_rule` WHERE `pid` = 0  [ RunTime:0.0000s ]
SQL: SELECT * FROM `beauty_auth_rule` WHERE `pid` = 1  [ RunTime:0.0010s ]
SQL: SELECT * FROM `beauty_auth_rule` WHERE `pid` = 41  [ RunTime:0.0000s ]
SQL: SELECT * FROM `beauty_auth_rule` WHERE `pid` = 40  [ RunTime:0.0010s ]
SQL: SELECT * FROM `beauty_auth_rule` WHERE `pid` = 42  [ RunTime:0.0000s ]
SQL: SELECT * FROM `beauty_auth_rule` WHERE `pid` = 43  [ RunTime:0.0000s ]
SQL: SELECT * FROM `beauty_auth_rule` WHERE `pid` = 44  [ RunTime:0.0000s ]
SQL: SELECT * FROM `beauty_auth_rule` WHERE `pid` = 2  [ RunTime:0.0000s ]
SQL: SELECT * FROM `beauty_auth_rule` WHERE `pid` = 13  [ RunTime:0.0010s ]
SQL: SELECT * FROM `beauty_auth_rule` WHERE `pid` = 14  [ RunTime:0.0000s ]
SQL: SELECT * FROM `beauty_auth_rule` WHERE `pid` = 3  [ RunTime:0.0010s ]
SQL: SELECT * FROM `beauty_auth_rule` WHERE `pid` = 15  [ RunTime:0.0000s ]
SQL: SELECT * FROM `beauty_auth_rule` WHERE `pid` = 16  [ RunTime:0.0010s ]
SQL: SELECT * FROM `beauty_auth_rule` WHERE `pid` = 18  [ RunTime:0.0000s ]
SQL: SELECT * FROM `beauty_auth_rule` WHERE `pid` = 20  [ RunTime:0.0010s ]
SQL: SELECT * FROM `beauty_auth_rule` WHERE `pid` = 21  [ RunTime:0.0000s ]
SQL: SELECT * FROM `beauty_auth_rule` WHERE `pid` = 19  [ RunTime:0.0010s ]
SQL: SELECT * FROM `beauty_auth_rule` WHERE `pid` = 4  [ RunTime:0.0000s ]
SQL: SELECT * FROM `beauty_auth_rule` WHERE `pid` = 22  [ RunTime:0.0010s ]
SQL: SELECT * FROM `beauty_auth_rule` WHERE `pid` = 23  [ RunTime:0.0000s ]
SQL: SELECT * FROM `beauty_auth_rule` WHERE `pid` = 5  [ RunTime:0.0000s ]
SQL: SELECT * FROM `beauty_auth_rule` WHERE `pid` = 24  [ RunTime:0.0000s ]
SQL: SELECT * FROM `beauty_auth_rule` WHERE `pid` = 25  [ RunTime:0.0000s ]
SQL: SELECT * FROM `beauty_auth_rule` WHERE `pid` = 6  [ RunTime:0.0010s ]
SQL: SELECT * FROM `beauty_auth_rule` WHERE `pid` = 26  [ RunTime:0.0000s ]
SQL: SELECT * FROM `beauty_auth_rule` WHERE `pid` = 27  [ RunTime:0.0010s ]
SQL: SELECT * FROM `beauty_auth_rule` WHERE `pid` = 7  [ RunTime:0.0000s ]
SQL: SELECT * FROM `beauty_auth_rule` WHERE `pid` = 28  [ RunTime:0.0010s ]
SQL: SELECT * FROM `beauty_auth_rule` WHERE `pid` = 51  [ RunTime:0.0000s ]
SQL: SELECT * FROM `beauty_auth_rule` WHERE `pid` = 9  [ RunTime:0.0010s ]
SQL: SELECT * FROM `beauty_auth_rule` WHERE `pid` = 34  [ RunTime:0.0000s ]
SQL: SELECT * FROM `beauty_auth_rule` WHERE `pid` = 35  [ RunTime:0.0000s ]
SQL: SELECT * FROM `beauty_auth_rule` WHERE `pid` = 8  [ RunTime:0.0000s ]
SQL: SELECT * FROM `beauty_auth_rule` WHERE `pid` = 29  [ RunTime:0.0000s ]
SQL: SELECT * FROM `beauty_auth_rule` WHERE `pid` = 30  [ RunTime:0.0010s ]
SQL: SELECT * FROM `beauty_auth_rule` WHERE `pid` = 31  [ RunTime:0.0000s ]
SQL: SELECT * FROM `beauty_auth_rule` WHERE `pid` = 32  [ RunTime:0.0010s ]
SQL: SELECT * FROM `beauty_auth_rule` WHERE `pid` = 33  [ RunTime:0.0000s ]
SQL: SELECT * FROM `beauty_auth_rule` WHERE `pid` = 54  [ RunTime:0.0010s ]
SQL: SELECT * FROM `beauty_auth_rule` WHERE `pid` = 10  [ RunTime:0.0000s ]
SQL: SELECT * FROM `beauty_auth_rule` WHERE `pid` = 36  [ RunTime:0.0010s ]
SQL: SELECT * FROM `beauty_auth_rule` WHERE `pid` = 37  [ RunTime:0.0000s ]
SQL: SELECT * FROM `beauty_auth_rule` WHERE `pid` = 11  [ RunTime:0.0010s ]
SQL: SELECT * FROM `beauty_auth_rule` WHERE `pid` = 38  [ RunTime:0.0000s ]
SQL: SELECT * FROM `beauty_auth_rule` WHERE `pid` = 52  [ RunTime:0.0010s ]
SQL: SELECT * FROM `beauty_auth_rule` WHERE `pid` = 53  [ RunTime:0.0000s ]
SQL: SELECT * FROM `beauty_auth_rule` WHERE `pid` = 45  [ RunTime:0.0010s ]
SQL: SELECT * FROM `beauty_auth_rule` WHERE `pid` = 46  [ RunTime:0.0000s ]
SQL: SELECT * FROM `beauty_auth_rule` WHERE `pid` = 47  [ RunTime:0.0000s ]
SQL: SELECT * FROM `beauty_auth_rule` WHERE `pid` = 12  [ RunTime:0.0000s ]
SQL: SELECT * FROM `beauty_auth_rule` WHERE `pid` = 39  [ RunTime:0.0000s ]
SQL: SELECT * FROM `beauty_auth_rule` WHERE `pid` = 48  [ RunTime:0.0010s ]
SQL: SELECT * FROM `beauty_auth_rule` WHERE `pid` = 17  [ RunTime:0.0000s ]
SQL: SELECT * FROM `beauty_auth_rule` WHERE `pid` = 49  [ RunTime:0.0010s ]
SQL: SELECT * FROM `beauty_auth_rule` WHERE `pid` = 50  [ RunTime:0.0000s ]
SQL: SELECT * FROM `beauty_auth_rule` WHERE `pid` = 55  [ RunTime:0.0010s ]
SQL: SELECT * FROM `beauty_auth_rule` WHERE `pid` = 56  [ RunTime:0.0000s ]
SQL: SELECT * FROM `beauty_auth_rule` WHERE `pid` = 57  [ RunTime:0.0000s ]
SQL: SELECT * FROM `beauty_auth_rule` WHERE `pid` = 58  [ RunTime:0.0000s ]
SQL: SELECT * FROM `beauty_auth_rule` WHERE `pid` = 59  [ RunTime:0.0000s ]
SQL: SELECT * FROM `beauty_auth_group` WHERE `id` = 1 LIMIT 1   [ RunTime:0.0000s ]
INFO: [ view_parse ] --START--
INFO: [ template_filter ] --START--
INFO: Run Behavior\ContentReplaceBehavior [ RunTime:0.000000s ]
INFO: [ template_filter ] --END-- [ RunTime:0.000000s ]
NOTIC: [8] Undefined index: name F:\WWW\beauty\beauty\Runtime\Cache\Admin\3ea003797b24fba890ba4c99170c7fa3.php 第 38 行.
INFO: Run Behavior\ParseTemplateBehavior [ RunTime:0.007001s ]
INFO: [ view_parse ] --END-- [ RunTime:0.007001s ]
INFO: [ view_filter ] --START--
INFO: Run Behavior\WriteHtmlCacheBehavior [ RunTime:0.001000s ]
INFO: [ view_filter ] --END-- [ RunTime:0.001000s ]
INFO: [ app_end ] --START--
INFO: Run Behavior\ShowPageTraceBehavior [ RunTime:0.001000s ]
INFO: [ app_end ] --END-- [ RunTime:0.001000s ]

[ 2017-08-24T16:18:45+08:00 ] 127.0.0.1 /index.php/Admin/AuthGroup/allocateRule.html
INFO: [ app_init ] --START--
INFO: Run Behavior\BuildLiteBehavior [ RunTime:0.000000s ]
INFO: [ app_init ] --END-- [ RunTime:0.000000s ]
INFO: [ app_begin ] --START--
INFO: Run Behavior\ReadHtmlCacheBehavior [ RunTime:0.000000s ]
INFO: [ app_begin ] --END-- [ RunTime:0.000000s ]
SQL: SHOW COLUMNS FROM `beauty_auth_group` [ RunTime:0.0040s ]
SQL: UPDATE `beauty_auth_group` SET `rules`='2,13,14,3,15,16,18,20,21,19,4,22,23,5,24,25,6,26,27,7,28,51,9,34,35,8,29,30,31,32,33,54,10,36,37,11,38,52,53,45,46,47,12,39,48,17,49,50,55,56,57,58,59' WHERE `id` = 1 [ RunTime:0.0000s ]

[ 2017-08-24T16:18:49+08:00 ] 127.0.0.1 /index.php/Admin/AuthGroup/index.html
INFO: [ app_init ] --START--
INFO: Run Behavior\BuildLiteBehavior [ RunTime:0.000000s ]
INFO: [ app_init ] --END-- [ RunTime:0.002001s ]
INFO: [ app_begin ] --START--
INFO: Run Behavior\ReadHtmlCacheBehavior [ RunTime:0.002000s ]
INFO: [ app_begin ] --END-- [ RunTime:0.002000s ]
SQL: SHOW COLUMNS FROM `beauty_auth_group` [ RunTime:0.0100s ]
SQL: SELECT * FROM `beauty_auth_group`  [ RunTime:0.0000s ]
SQL: SHOW COLUMNS FROM `beauty_auth_group_access` [ RunTime:0.0070s ]
SQL: SELECT a.username FROM beauty_auth_group_access g INNER JOIN beauty_admin a ON g.uid=a.id  WHERE ( g.group_id=1 )  [ RunTime:0.0020s ]
SQL: SELECT a.username FROM beauty_auth_group_access g INNER JOIN beauty_admin a ON g.uid=a.id  WHERE ( g.group_id=2 )  [ RunTime:0.0000s ]
SQL: SELECT a.username FROM beauty_auth_group_access g INNER JOIN beauty_admin a ON g.uid=a.id  WHERE ( g.group_id=3 )  [ RunTime:0.0010s ]
SQL: SELECT a.username FROM beauty_auth_group_access g INNER JOIN beauty_admin a ON g.uid=a.id  WHERE ( g.group_id=4 )  [ RunTime:0.0010s ]
SQL: SELECT a.username FROM beauty_auth_group_access g INNER JOIN beauty_admin a ON g.uid=a.id  WHERE ( g.group_id=5 )  [ RunTime:0.0000s ]
SQL: SELECT a.username FROM beauty_auth_group_access g INNER JOIN beauty_admin a ON g.uid=a.id  WHERE ( g.group_id=6 )  [ RunTime:0.0010s ]
SQL: SELECT a.username FROM beauty_auth_group_access g INNER JOIN beauty_admin a ON g.uid=a.id  WHERE ( g.group_id=7 )  [ RunTime:0.0000s ]
SQL: SELECT a.username FROM beauty_auth_group_access g INNER JOIN beauty_admin a ON g.uid=a.id  WHERE ( g.group_id=8 )  [ RunTime:0.0000s ]
SQL: SELECT a.username FROM beauty_auth_group_access g INNER JOIN beauty_admin a ON g.uid=a.id  WHERE ( g.group_id=10 )  [ RunTime:0.0010s ]
SQL: SELECT a.username FROM beauty_auth_group_access g INNER JOIN beauty_admin a ON g.uid=a.id  WHERE ( g.group_id=11 )  [ RunTime:0.0000s ]
SQL: SELECT a.username FROM beauty_auth_group_access g INNER JOIN beauty_admin a ON g.uid=a.id  WHERE ( g.group_id=12 )  [ RunTime:0.0010s ]
SQL: SELECT a.username FROM beauty_auth_group_access g INNER JOIN beauty_admin a ON g.uid=a.id  WHERE ( g.group_id=13 )  [ RunTime:0.0000s ]
INFO: [ view_parse ] --START--
INFO: [ template_filter ] --START--
INFO: Run Behavior\ContentReplaceBehavior [ RunTime:0.000000s ]
INFO: [ template_filter ] --END-- [ RunTime:0.000000s ]
INFO: Run Behavior\ParseTemplateBehavior [ RunTime:0.010001s ]
INFO: [ view_parse ] --END-- [ RunTime:0.010001s ]
INFO: [ view_filter ] --START--
INFO: Run Behavior\WriteHtmlCacheBehavior [ RunTime:0.000000s ]
INFO: [ view_filter ] --END-- [ RunTime:0.000000s ]
INFO: [ app_end ] --START--
INFO: Run Behavior\ShowPageTraceBehavior [ RunTime:0.000000s ]
INFO: [ app_end ] --END-- [ RunTime:0.000000s ]

[ 2017-08-24T16:18:51+08:00 ] 127.0.0.1 /index.php/Admin/Index/index.html
INFO: [ app_init ] --START--
INFO: Run Behavior\BuildLiteBehavior [ RunTime:0.000000s ]
INFO: [ app_init ] --END-- [ RunTime:0.001000s ]
INFO: [ app_begin ] --START--
INFO: Run Behavior\ReadHtmlCacheBehavior [ RunTime:0.001000s ]
INFO: [ app_begin ] --END-- [ RunTime:0.001000s ]
INFO: [ view_parse ] --START--
INFO: [ template_filter ] --START--
INFO: Run Behavior\ContentReplaceBehavior [ RunTime:0.000000s ]
INFO: [ template_filter ] --END-- [ RunTime:0.000000s ]
INFO: Run Behavior\ParseTemplateBehavior [ RunTime:0.005000s ]
INFO: [ view_parse ] --END-- [ RunTime:0.005000s ]
INFO: [ view_filter ] --START--
INFO: Run Behavior\WriteHtmlCacheBehavior [ RunTime:0.001000s ]
INFO: [ view_filter ] --END-- [ RunTime:0.001000s ]
INFO: [ app_end ] --START--
INFO: Run Behavior\ShowPageTraceBehavior [ RunTime:0.000000s ]
INFO: [ app_end ] --END-- [ RunTime:0.000000s ]

[ 2017-08-24T16:18:53+08:00 ] 127.0.0.1 /index.php/Admin/Index/main.html
INFO: [ app_init ] --START--
INFO: Run Behavior\BuildLiteBehavior [ RunTime:0.000000s ]
INFO: [ app_init ] --END-- [ RunTime:0.000000s ]
INFO: [ app_begin ] --START--
INFO: Run Behavior\ReadHtmlCacheBehavior [ RunTime:0.001000s ]
INFO: [ app_begin ] --END-- [ RunTime:0.001000s ]
SQL: SHOW COLUMNS FROM `beauty_admin` [ RunTime:0.0050s ]
SQL: SELECT `username`,`lastlogin`,`lastip` FROM `beauty_admin` WHERE `id` = 1  [ RunTime:0.0000s ]
SQL: SHOW COLUMNS FROM `beauty_goods` [ RunTime:0.0040s ]
SQL: SELECT * FROM `beauty_goods` ORDER BY salenum desc LIMIT 5   [ RunTime:0.0010s ]
SQL: SELECT * FROM `beauty_goods` ORDER BY num LIMIT 5   [ RunTime:0.0000s ]
INFO: [ view_parse ] --START--
INFO: [ template_filter ] --START--
INFO: Run Behavior\ContentReplaceBehavior [ RunTime:0.001000s ]
INFO: [ template_filter ] --END-- [ RunTime:0.001000s ]
INFO: Run Behavior\ParseTemplateBehavior [ RunTime:0.008001s ]
INFO: [ view_parse ] --END-- [ RunTime:0.008001s ]
INFO: [ view_filter ] --START--
INFO: Run Behavior\WriteHtmlCacheBehavior [ RunTime:0.001000s ]
INFO: [ view_filter ] --END-- [ RunTime:0.001000s ]
INFO: [ app_end ] --START--
INFO: Run Behavior\ShowPageTraceBehavior [ RunTime:0.000000s ]
INFO: [ app_end ] --END-- [ RunTime:0.000000s ]

[ 2017-08-24T16:18:54+08:00 ] 127.0.0.1 /index.php/Admin/Index/top.html
INFO: [ app_init ] --START--
INFO: Run Behavior\BuildLiteBehavior [ RunTime:0.000000s ]
INFO: [ app_init ] --END-- [ RunTime:0.000000s ]
INFO: [ app_begin ] --START--
NOTIC: [2] filemtime(): stat failed for ./beauty/Admin/view/Index/top.html F:\WWW\beauty\ThinkPHP\Library\Behavior\ReadHtmlCacheBehavior.class.php 第 104 行.
INFO: Run Behavior\ReadHtmlCacheBehavior [ RunTime:0.001000s ]
INFO: [ app_begin ] --END-- [ RunTime:0.001000s ]
SQL: SHOW COLUMNS FROM `beauty_message_admin` [ RunTime:0.0040s ]
SQL: SELECT COUNT(*) AS tp_count FROM `beauty_message_admin` WHERE `receiveId` = 1 AND `status` = 1 LIMIT 1   [ RunTime:0.0000s ]
INFO: [ view_parse ] --START--
INFO: [ template_filter ] --START--
INFO: Run Behavior\ContentReplaceBehavior [ RunTime:0.000000s ]
INFO: [ template_filter ] --END-- [ RunTime:0.000000s ]
INFO: Run Behavior\ParseTemplateBehavior [ RunTime:0.009001s ]
INFO: [ view_parse ] --END-- [ RunTime:0.009001s ]
INFO: [ view_filter ] --START--
INFO: Run Behavior\WriteHtmlCacheBehavior [ RunTime:0.001000s ]
INFO: [ view_filter ] --END-- [ RunTime:0.001000s ]
INFO: [ app_end ] --START--
INFO: Run Behavior\ShowPageTraceBehavior [ RunTime:0.001000s ]
INFO: [ app_end ] --END-- [ RunTime:0.001000s ]

[ 2017-08-24T16:18:55+08:00 ] 127.0.0.1 /index.php/Admin/Index/left.html
INFO: [ app_init ] --START--
INFO: Run Behavior\BuildLiteBehavior [ RunTime:0.000000s ]
INFO: [ app_init ] --END-- [ RunTime:0.001000s ]
INFO: [ app_begin ] --START--
NOTIC: [2] filemtime(): stat failed for ./beauty/Admin/view/Index/left.html F:\WWW\beauty\ThinkPHP\Library\Behavior\ReadHtmlCacheBehavior.class.php 第 104 行.
INFO: Run Behavior\ReadHtmlCacheBehavior [ RunTime:0.001000s ]
INFO: [ app_begin ] --END-- [ RunTime:0.001000s ]
SQL: SHOW COLUMNS FROM `beauty_admin_nav` [ RunTime:0.0040s ]
SQL: SELECT * FROM `beauty_admin_nav` WHERE `pid` = 0 ORDER BY priority  [ RunTime:0.0000s ]
SQL: SHOW COLUMNS FROM `beauty_auth_group_access` [ RunTime:0.0050s ]
SQL: SELECT `uid`,`group_id`,`title`,`rules` FROM beauty_auth_group_access a INNER JOIN beauty_auth_group g on a.group_id=g.id  WHERE ( a.uid='1' and g.status='1' )  [ RunTime:0.0010s ]
SQL: SHOW COLUMNS FROM `beauty_auth_rule` [ RunTime:0.0040s ]
SQL: SELECT `condition`,`name` FROM `beauty_auth_rule` WHERE `id` IN ('2','13','14','3','15','16','18','20','21','19','4','22','23','5','24','25','6','26','27','7','28','51','9','34','35','8','29','30','31','32','33','54','10','36','37','11','38','52','53','45','46','47','12','39','48','17','49','50','55','56','57','58','59') AND `type` = 1 AND `status` = 1  [ RunTime:0.0000s ]
SQL: SELECT * FROM `beauty_admin_nav` WHERE `pid` = 2 ORDER BY priority  [ RunTime:0.0000s ]
SQL: SELECT * FROM `beauty_admin_nav` WHERE `pid` = 48 ORDER BY priority  [ RunTime:0.0010s ]
SQL: SELECT * FROM `beauty_admin_nav` WHERE `pid` = 3 ORDER BY priority  [ RunTime:0.0010s ]
SQL: SELECT * FROM `beauty_admin_nav` WHERE `pid` = 4 ORDER BY priority  [ RunTime:0.0000s ]
SQL: SELECT * FROM `beauty_admin_nav` WHERE `pid` = 5 ORDER BY priority  [ RunTime:0.0010s ]
SQL: SELECT * FROM `beauty_admin_nav` WHERE `pid` = 6 ORDER BY priority  [ RunTime:0.0000s ]
SQL: SELECT * FROM `beauty_admin_nav` WHERE `pid` = 7 ORDER BY priority  [ RunTime:0.0000s ]
SQL: SELECT * FROM `beauty_admin_nav` WHERE `pid` = 8 ORDER BY priority  [ RunTime:0.0000s ]
SQL: SELECT * FROM `beauty_admin_nav` WHERE `pid` = 9 ORDER BY priority  [ RunTime:0.0000s ]
SQL: SELECT * FROM `beauty_admin_nav` WHERE `pid` = 10 ORDER BY priority  [ RunTime:0.0000s ]
SQL: SELECT * FROM `beauty_admin_nav` WHERE `pid` = 11 ORDER BY priority  [ RunTime:0.0000s ]
SQL: SELECT * FROM `beauty_admin_nav` WHERE `pid` = 12 ORDER BY priority  [ RunTime:0.0000s ]
SQL: SELECT * FROM `beauty_admin_nav` WHERE `pid` = 45 ORDER BY priority  [ RunTime:0.0000s ]
SQL: SELECT * FROM `beauty_admin_nav` WHERE `pid` = 55 ORDER BY priority  [ RunTime:0.0000s ]
SQL: SELECT * FROM `beauty_admin_nav` WHERE `pid` = 58 ORDER BY priority  [ RunTime:0.0000s ]
INFO: [ view_parse ] --START--
INFO: [ template_filter ] --START--
INFO: Run Behavior\ContentReplaceBehavior [ RunTime:0.000000s ]
INFO: [ template_filter ] --END-- [ RunTime:0.001000s ]
NOTIC: [8] Undefined variable: v1 F:\WWW\beauty\beauty\Runtime\Cache\Admin\deb2bdb6f40b9ba5a624590770c82b56.php 第 415 行.
NOTIC: [8] Undefined variable: v1 F:\WWW\beauty\beauty\Runtime\Cache\Admin\deb2bdb6f40b9ba5a624590770c82b56.php 第 415 行.
INFO: Run Behavior\ParseTemplateBehavior [ RunTime:0.018001s ]
INFO: [ view_parse ] --END-- [ RunTime:0.018001s ]
INFO: [ view_filter ] --START--
INFO: Run Behavior\WriteHtmlCacheBehavior [ RunTime:0.001001s ]
INFO: [ view_filter ] --END-- [ RunTime:0.001001s ]
INFO: [ app_end ] --START--
INFO: Run Behavior\ShowPageTraceBehavior [ RunTime:0.001000s ]
INFO: [ app_end ] --END-- [ RunTime:0.001000s ]

[ 2017-08-24T16:18:55+08:00 ] 127.0.0.1 /index.php/Admin/Index/footer.html
INFO: [ app_init ] --START--
INFO: Run Behavior\BuildLiteBehavior [ RunTime:0.000000s ]
INFO: [ app_init ] --END-- [ RunTime:0.000000s ]
INFO: [ app_begin ] --START--
NOTIC: [2] filemtime(): stat failed for ./beauty/Admin/view/Index/footer.html F:\WWW\beauty\ThinkPHP\Library\Behavior\ReadHtmlCacheBehavior.class.php 第 104 行.
INFO: Run Behavior\ReadHtmlCacheBehavior [ RunTime:0.000000s ]
INFO: [ app_begin ] --END-- [ RunTime:0.000000s ]
INFO: [ view_parse ] --START--
INFO: [ template_filter ] --START--
INFO: Run Behavior\ContentReplaceBehavior [ RunTime:0.000000s ]
INFO: [ template_filter ] --END-- [ RunTime:0.000000s ]
INFO: Run Behavior\ParseTemplateBehavior [ RunTime:0.007000s ]
INFO: [ view_parse ] --END-- [ RunTime:0.007000s ]
INFO: [ view_filter ] --START--
INFO: Run Behavior\WriteHtmlCacheBehavior [ RunTime:0.001000s ]
INFO: [ view_filter ] --END-- [ RunTime:0.001000s ]
INFO: [ app_end ] --START--
INFO: Run Behavior\ShowPageTraceBehavior [ RunTime:0.000000s ]
INFO: [ app_end ] --END-- [ RunTime:0.000000s ]

[ 2017-08-24T16:18:55+08:00 ] 127.0.0.1 /index.php/Admin/Index/index.html
INFO: [ app_init ] --START--
INFO: Run Behavior\BuildLiteBehavior [ RunTime:0.000000s ]
INFO: [ app_init ] --END-- [ RunTime:0.001000s ]
INFO: [ app_begin ] --START--

[ 2017-08-24T16:18:55+08:00 ] 127.0.0.1 /index.php/Admin/Index/left.html
INFO: [ app_init ] --START--
INFO: Run Behavior\BuildLiteBehavior [ RunTime:0.000000s ]
INFO: [ app_init ] --END-- [ RunTime:0.001000s ]
INFO: [ app_begin ] --START--
NOTIC: [2] filemtime(): stat failed for ./beauty/Admin/view/Index/left.html F:\WWW\beauty\ThinkPHP\Library\Behavior\ReadHtmlCacheBehavior.class.php 第 104 行.

[ 2017-08-24T16:18:55+08:00 ] 127.0.0.1 /index.php/Admin/Index/main.html
INFO: [ app_init ] --START--
INFO: Run Behavior\BuildLiteBehavior [ RunTime:0.000000s ]
INFO: [ app_init ] --END-- [ RunTime:0.000000s ]
INFO: [ app_begin ] --START--

[ 2017-08-24T16:18:55+08:00 ] 127.0.0.1 /index.php/Admin/Index/top.html
INFO: [ app_init ] --START--
INFO: Run Behavior\BuildLiteBehavior [ RunTime:0.000000s ]
INFO: [ app_init ] --END-- [ RunTime:0.000000s ]
INFO: [ app_begin ] --START--
NOTIC: [2] filemtime(): stat failed for ./beauty/Admin/view/Index/top.html F:\WWW\beauty\ThinkPHP\Library\Behavior\ReadHtmlCacheBehavior.class.php 第 104 行.

[ 2017-08-24T16:18:56+08:00 ] 127.0.0.1 /index.php/Admin/Index/getGoodsTop.html
INFO: [ app_init ] --START--
INFO: Run Behavior\BuildLiteBehavior [ RunTime:0.000000s ]
INFO: [ app_init ] --END-- [ RunTime:0.000000s ]
INFO: [ app_begin ] --START--
INFO: Run Behavior\ReadHtmlCacheBehavior [ RunTime:0.001000s ]
INFO: [ app_begin ] --END-- [ RunTime:0.001000s ]
SQL: SHOW COLUMNS FROM `beauty_goods` [ RunTime:0.0120s ]
SQL: SELECT `goodsname`,`salenum` FROM `beauty_goods` ORDER BY salenum desc LIMIT 0,10   [ RunTime:0.0010s ]

[ 2017-08-24T16:18:56+08:00 ] 127.0.0.1 /index.php/Admin/Index/footer.html
INFO: [ app_init ] --START--
INFO: Run Behavior\BuildLiteBehavior [ RunTime:0.000000s ]
INFO: [ app_init ] --END-- [ RunTime:0.000000s ]
INFO: [ app_begin ] --START--
NOTIC: [2] filemtime(): stat failed for ./beauty/Admin/view/Index/footer.html F:\WWW\beauty\ThinkPHP\Library\Behavior\ReadHtmlCacheBehavior.class.php 第 104 行.

[ 2017-08-24T16:18:57+08:00 ] 127.0.0.1 /index.php/Admin/Index/getGoodsTop.html
INFO: [ app_init ] --START--
INFO: Run Behavior\BuildLiteBehavior [ RunTime:0.000000s ]
INFO: [ app_init ] --END-- [ RunTime:0.000000s ]
INFO: [ app_begin ] --START--
INFO: Run Behavior\ReadHtmlCacheBehavior [ RunTime:0.001000s ]
INFO: [ app_begin ] --END-- [ RunTime:0.001000s ]
SQL: SHOW COLUMNS FROM `beauty_goods` [ RunTime:0.0030s ]
SQL: SELECT `goodsname`,`salenum` FROM `beauty_goods` ORDER BY salenum desc LIMIT 0,10   [ RunTime:0.0000s ]

[ 2017-08-24T16:18:57+08:00 ] 127.0.0.1 /index.php/Admin/Index/index.html
INFO: [ app_init ] --START--
INFO: Run Behavior\BuildLiteBehavior [ RunTime:0.000000s ]
INFO: [ app_init ] --END-- [ RunTime:0.001001s ]
INFO: [ app_begin ] --START--

[ 2017-08-24T16:18:58+08:00 ] 127.0.0.1 /index.php/Admin/Index/left.html
INFO: [ app_init ] --START--
INFO: Run Behavior\BuildLiteBehavior [ RunTime:0.000000s ]
INFO: [ app_init ] --END-- [ RunTime:0.001000s ]
INFO: [ app_begin ] --START--
NOTIC: [2] filemtime(): stat failed for ./beauty/Admin/view/Index/left.html F:\WWW\beauty\ThinkPHP\Library\Behavior\ReadHtmlCacheBehavior.class.php 第 104 行.

[ 2017-08-24T16:18:58+08:00 ] 127.0.0.1 /index.php/Admin/Index/top.html
INFO: [ app_init ] --START--
INFO: Run Behavior\BuildLiteBehavior [ RunTime:0.000000s ]
INFO: [ app_init ] --END-- [ RunTime:0.000000s ]
INFO: [ app_begin ] --START--
NOTIC: [2] filemtime(): stat failed for ./beauty/Admin/view/Index/top.html F:\WWW\beauty\ThinkPHP\Library\Behavior\ReadHtmlCacheBehavior.class.php 第 104 行.

[ 2017-08-24T16:18:58+08:00 ] 127.0.0.1 /index.php/Admin/Index/main.html
INFO: [ app_init ] --START--
INFO: Run Behavior\BuildLiteBehavior [ RunTime:0.000000s ]
INFO: [ app_init ] --END-- [ RunTime:0.001000s ]
INFO: [ app_begin ] --START--

[ 2017-08-24T16:18:58+08:00 ] 127.0.0.1 /index.php/Admin/Index/footer.html
INFO: [ app_init ] --START--
INFO: Run Behavior\BuildLiteBehavior [ RunTime:0.000000s ]
INFO: [ app_init ] --END-- [ RunTime:0.001000s ]
INFO: [ app_begin ] --START--
NOTIC: [2] filemtime(): stat failed for ./beauty/Admin/view/Index/footer.html F:\WWW\beauty\ThinkPHP\Library\Behavior\ReadHtmlCacheBehavior.class.php 第 104 行.

[ 2017-08-24T16:18:59+08:00 ] 127.0.0.1 /index.php/Admin/Index/getGoodsTop.html
INFO: [ app_init ] --START--
INFO: Run Behavior\BuildLiteBehavior [ RunTime:0.000000s ]
INFO: [ app_init ] --END-- [ RunTime:0.001000s ]
INFO: [ app_begin ] --START--
INFO: Run Behavior\ReadHtmlCacheBehavior [ RunTime:0.001000s ]
INFO: [ app_begin ] --END-- [ RunTime:0.001000s ]
SQL: SHOW COLUMNS FROM `beauty_goods` [ RunTime:0.0060s ]
SQL: SELECT `goodsname`,`salenum` FROM `beauty_goods` ORDER BY salenum desc LIMIT 0,10   [ RunTime:0.0000s ]

[ 2017-08-24T16:19:05+08:00 ] 127.0.0.1 /index.php/Admin/Admin/loginout.html
INFO: [ app_init ] --START--
INFO: Run Behavior\BuildLiteBehavior [ RunTime:0.000000s ]
INFO: [ app_init ] --END-- [ RunTime:0.000000s ]
INFO: [ app_begin ] --START--
INFO: Run Behavior\ReadHtmlCacheBehavior [ RunTime:0.000000s ]
INFO: [ app_begin ] --END-- [ RunTime:0.000000s ]
SQL: SHOW COLUMNS FROM `beauty_admin` [ RunTime:0.0040s ]
SQL: UPDATE `beauty_admin` SET `online`='0' WHERE `id` = 1 [ RunTime:0.0290s ]

[ 2017-08-24T16:19:05+08:00 ] 127.0.0.1 /index.php/Admin/Admin/loginout.html
INFO: [ app_init ] --START--
INFO: Run Behavior\BuildLiteBehavior [ RunTime:0.000000s ]
INFO: [ app_init ] --END-- [ RunTime:0.001000s ]
INFO: [ app_begin ] --START--
INFO: Run Behavior\ReadHtmlCacheBehavior [ RunTime:0.000000s ]
INFO: [ app_begin ] --END-- [ RunTime:0.001000s ]

[ 2017-08-24T16:19:06+08:00 ] 127.0.0.1 /index.php/Admin/Login/Login.html
INFO: [ app_init ] --START--
INFO: Run Behavior\BuildLiteBehavior [ RunTime:0.000000s ]
INFO: [ app_init ] --END-- [ RunTime:0.001000s ]
INFO: [ app_begin ] --START--
INFO: Run Behavior\ReadHtmlCacheBehavior [ RunTime:0.001000s ]
INFO: [ app_begin ] --END-- [ RunTime:0.001000s ]
SQL: SHOW COLUMNS FROM `beauty_admin` [ RunTime:0.0100s ]
SQL: SELECT * FROM `beauty_admin` WHERE `username` = '' AND `password` = 'd41d8cd98f00b204e9800998ecf8427e' LIMIT 1   [ RunTime:0.0010s ]

[ 2017-08-24T16:19:06+08:00 ] 127.0.0.1 /index.php/Admin/Login/login.html
INFO: [ app_init ] --START--
INFO: Run Behavior\BuildLiteBehavior [ RunTime:0.000000s ]
INFO: [ app_init ] --END-- [ RunTime:0.001000s ]
INFO: [ app_begin ] --START--
INFO: Run Behavior\ReadHtmlCacheBehavior [ RunTime:0.108007s ]
INFO: [ app_begin ] --END-- [ RunTime:0.108007s ]
INFO: [ view_parse ] --START--
INFO: [ template_filter ] --START--
INFO: Run Behavior\ContentReplaceBehavior [ RunTime:0.000000s ]
INFO: [ template_filter ] --END-- [ RunTime:0.000000s ]
INFO: Run Behavior\ParseTemplateBehavior [ RunTime:0.009000s ]
INFO: [ view_parse ] --END-- [ RunTime:0.009000s ]
INFO: [ view_filter ] --START--
INFO: Run Behavior\WriteHtmlCacheBehavior [ RunTime:0.001000s ]
INFO: [ view_filter ] --END-- [ RunTime:0.001000s ]
INFO: [ app_end ] --START--
INFO: Run Behavior\ShowPageTraceBehavior [ RunTime:0.001000s ]
INFO: [ app_end ] --END-- [ RunTime:0.001000s ]

[ 2017-08-24T16:19:06+08:00 ] 127.0.0.1 /index.php/Admin/Login/verify.html
INFO: [ app_init ] --START--
INFO: Run Behavior\BuildLiteBehavior [ RunTime:0.000000s ]
INFO: [ app_init ] --END-- [ RunTime:0.000000s ]
INFO: [ app_begin ] --START--
INFO: Run Behavior\ReadHtmlCacheBehavior [ RunTime:0.001000s ]
INFO: [ app_begin ] --END-- [ RunTime:0.001000s ]
INFO: [ app_end ] --START--
INFO: Run Behavior\ShowPageTraceBehavior [ RunTime:0.001000s ]
INFO: [ app_end ] --END-- [ RunTime:0.001000s ]

[ 2017-08-24T16:19:12+08:00 ] 127.0.0.1 /index.php/Admin/Login/chkAdmin.html
INFO: [ app_init ] --START--
INFO: Run Behavior\BuildLiteBehavior [ RunTime:0.000000s ]
INFO: [ app_init ] --END-- [ RunTime:0.001000s ]
INFO: [ app_begin ] --START--
INFO: Run Behavior\ReadHtmlCacheBehavior [ RunTime:0.003000s ]
INFO: [ app_begin ] --END-- [ RunTime:0.003000s ]
SQL: SHOW COLUMNS FROM `beauty_admin` [ RunTime:0.0100s ]
SQL: SELECT * FROM `beauty_admin` WHERE `username` = 'admin' LIMIT 1   [ RunTime:0.0020s ]
INFO: [ app_end ] --START--
INFO: Run Behavior\ShowPageTraceBehavior [ RunTime:0.005001s ]
INFO: [ app_end ] --END-- [ RunTime:0.005001s ]

[ 2017-08-24T16:19:15+08:00 ] 127.0.0.1 /index.php/Admin/Login/chkVerify.html
INFO: [ app_init ] --START--
INFO: Run Behavior\BuildLiteBehavior [ RunTime:0.000000s ]
INFO: [ app_init ] --END-- [ RunTime:0.001000s ]
INFO: [ app_begin ] --START--
INFO: Run Behavior\ReadHtmlCacheBehavior [ RunTime:0.000000s ]
INFO: [ app_begin ] --END-- [ RunTime:0.000000s ]
INFO: [ app_end ] --START--
INFO: Run Behavior\ShowPageTraceBehavior [ RunTime:0.000000s ]
INFO: [ app_end ] --END-- [ RunTime:0.000000s ]

[ 2017-08-24T16:19:16+08:00 ] 127.0.0.1 /index.php/Admin/Login/login.html
INFO: [ app_init ] --START--
INFO: Run Behavior\BuildLiteBehavior [ RunTime:0.001000s ]
INFO: [ app_init ] --END-- [ RunTime:0.002000s ]
INFO: [ app_begin ] --START--
INFO: Run Behavior\ReadHtmlCacheBehavior [ RunTime:0.001001s ]
INFO: [ app_begin ] --END-- [ RunTime:0.001001s ]
SQL: SHOW COLUMNS FROM `beauty_admin` [ RunTime:0.0160s ]
NOTIC: [8] Undefined index: validate F:\WWW\beauty\ThinkPHP\Library\Think\Model.class.php 第 1185 行.
SQL: SELECT * FROM `beauty_admin` WHERE `username` = 'admin' LIMIT 1   [ RunTime:0.0010s ]
SQL: SELECT * FROM `beauty_admin` WHERE `username` = 'admin' AND `password` = '21232f297a57a5a743894a0e4a801fc3' LIMIT 1   [ RunTime:0.0010s ]
SQL: UPDATE `beauty_admin` SET `online`='1',`lastlogin`='1503562756',`lastip`='127.0.0.1' WHERE `id` = 1 [ RunTime:0.0410s ]

[ 2017-08-24T16:19:18+08:00 ] 127.0.0.1 /index.php/Admin/Index/index.html
INFO: [ app_init ] --START--
INFO: Run Behavior\BuildLiteBehavior [ RunTime:0.000000s ]
INFO: [ app_init ] --END-- [ RunTime:0.002001s ]
INFO: [ app_begin ] --START--
INFO: Run Behavior\ReadHtmlCacheBehavior [ RunTime:0.001000s ]
INFO: [ app_begin ] --END-- [ RunTime:0.001000s ]
INFO: [ view_parse ] --START--
INFO: [ template_filter ] --START--
INFO: Run Behavior\ContentReplaceBehavior [ RunTime:0.000000s ]
INFO: [ template_filter ] --END-- [ RunTime:0.000000s ]
INFO: Run Behavior\ParseTemplateBehavior [ RunTime:0.005000s ]
INFO: [ view_parse ] --END-- [ RunTime:0.005000s ]
INFO: [ view_filter ] --START--
INFO: Run Behavior\WriteHtmlCacheBehavior [ RunTime:0.003000s ]
INFO: [ view_filter ] --END-- [ RunTime:0.003000s ]
INFO: [ app_end ] --START--
INFO: Run Behavior\ShowPageTraceBehavior [ RunTime:0.001000s ]
INFO: [ app_end ] --END-- [ RunTime:0.002000s ]

[ 2017-08-24T16:19:19+08:00 ] 127.0.0.1 /index.php/Admin/Index/top.html
INFO: [ app_init ] --START--
INFO: Run Behavior\BuildLiteBehavior [ RunTime:0.000000s ]
INFO: [ app_init ] --END-- [ RunTime:0.000000s ]
INFO: [ app_begin ] --START--
NOTIC: [2] filemtime(): stat failed for ./beauty/Admin/view/Index/top.html F:\WWW\beauty\ThinkPHP\Library\Behavior\ReadHtmlCacheBehavior.class.php 第 104 行.
INFO: Run Behavior\ReadHtmlCacheBehavior [ RunTime:0.001000s ]
INFO: [ app_begin ] --END-- [ RunTime:0.001000s ]
SQL: SHOW COLUMNS FROM `beauty_message_admin` [ RunTime:0.0070s ]
SQL: SELECT COUNT(*) AS tp_count FROM `beauty_message_admin` WHERE `receiveId` = 1 AND `status` = 1 LIMIT 1   [ RunTime:0.0000s ]
INFO: [ view_parse ] --START--
INFO: [ template_filter ] --START--
INFO: Run Behavior\ContentReplaceBehavior [ RunTime:0.000000s ]
INFO: [ template_filter ] --END-- [ RunTime:0.000000s ]
INFO: Run Behavior\ParseTemplateBehavior [ RunTime:0.007000s ]
INFO: [ view_parse ] --END-- [ RunTime:0.007000s ]
INFO: [ view_filter ] --START--
INFO: Run Behavior\WriteHtmlCacheBehavior [ RunTime:0.002000s ]
INFO: [ view_filter ] --END-- [ RunTime:0.002000s ]
INFO: [ app_end ] --START--
INFO: Run Behavior\ShowPageTraceBehavior [ RunTime:0.001000s ]
INFO: [ app_end ] --END-- [ RunTime:0.001000s ]

[ 2017-08-24T16:19:20+08:00 ] 127.0.0.1 /index.php/Admin/Index/left.html
INFO: [ app_init ] --START--
INFO: Run Behavior\BuildLiteBehavior [ RunTime:0.000000s ]
INFO: [ app_init ] --END-- [ RunTime:0.000000s ]
INFO: [ app_begin ] --START--
NOTIC: [2] filemtime(): stat failed for ./beauty/Admin/view/Index/left.html F:\WWW\beauty\ThinkPHP\Library\Behavior\ReadHtmlCacheBehavior.class.php 第 104 行.
INFO: Run Behavior\ReadHtmlCacheBehavior [ RunTime:0.001000s ]
INFO: [ app_begin ] --END-- [ RunTime:0.001000s ]
SQL: SHOW COLUMNS FROM `beauty_admin_nav` [ RunTime:0.0120s ]
SQL: SELECT * FROM `beauty_admin_nav` WHERE `pid` = 0 ORDER BY priority  [ RunTime:0.0010s ]
SQL: SHOW COLUMNS FROM `beauty_auth_group_access` [ RunTime:0.0090s ]
SQL: SELECT `uid`,`group_id`,`title`,`rules` FROM beauty_auth_group_access a INNER JOIN beauty_auth_group g on a.group_id=g.id  WHERE ( a.uid='1' and g.status='1' )  [ RunTime:0.0000s ]
SQL: SHOW COLUMNS FROM `beauty_auth_rule` [ RunTime:0.0100s ]
SQL: SELECT `condition`,`name` FROM `beauty_auth_rule` WHERE `id` IN ('2','13','14','3','15','16','18','20','21','19','4','22','23','5','24','25','6','26','27','7','28','51','9','34','35','8','29','30','31','32','33','54','10','36','37','11','38','52','53','45','46','47','12','39','48','17','49','50','55','56','57','58','59') AND `type` = 1 AND `status` = 1  [ RunTime:0.0010s ]
SQL: SELECT * FROM `beauty_admin_nav` WHERE `pid` = 2 ORDER BY priority  [ RunTime:0.0010s ]
SQL: SELECT * FROM `beauty_admin_nav` WHERE `pid` = 48 ORDER BY priority  [ RunTime:0.0000s ]
SQL: SELECT * FROM `beauty_admin_nav` WHERE `pid` = 3 ORDER BY priority  [ RunTime:0.0000s ]
SQL: SELECT * FROM `beauty_admin_nav` WHERE `pid` = 4 ORDER BY priority  [ RunTime:0.0000s ]
SQL: SELECT * FROM `beauty_admin_nav` WHERE `pid` = 5 ORDER BY priority  [ RunTime:0.0010s ]
SQL: SELECT * FROM `beauty_admin_nav` WHERE `pid` = 6 ORDER BY priority  [ RunTime:0.0000s ]
SQL: SELECT * FROM `beauty_admin_nav` WHERE `pid` = 7 ORDER BY priority  [ RunTime:0.0000s ]
SQL: SELECT * FROM `beauty_admin_nav` WHERE `pid` = 8 ORDER BY priority  [ RunTime:0.0000s ]
SQL: SELECT * FROM `beauty_admin_nav` WHERE `pid` = 9 ORDER BY priority  [ RunTime:0.0010s ]
SQL: SELECT * FROM `beauty_admin_nav` WHERE `pid` = 10 ORDER BY priority  [ RunTime:0.0000s ]
SQL: SELECT * FROM `beauty_admin_nav` WHERE `pid` = 11 ORDER BY priority  [ RunTime:0.0000s ]
SQL: SELECT * FROM `beauty_admin_nav` WHERE `pid` = 12 ORDER BY priority  [ RunTime:0.0000s ]
SQL: SELECT * FROM `beauty_admin_nav` WHERE `pid` = 45 ORDER BY priority  [ RunTime:0.0000s ]
SQL: SELECT * FROM `beauty_admin_nav` WHERE `pid` = 55 ORDER BY priority  [ RunTime:0.0010s ]
SQL: SELECT * FROM `beauty_admin_nav` WHERE `pid` = 58 ORDER BY priority  [ RunTime:0.0000s ]
INFO: [ view_parse ] --START--
INFO: [ template_filter ] --START--
INFO: Run Behavior\ContentReplaceBehavior [ RunTime:0.000000s ]
INFO: [ template_filter ] --END-- [ RunTime:0.000000s ]
NOTIC: [8] Undefined variable: v1 F:\WWW\beauty\beauty\Runtime\Cache\Admin\deb2bdb6f40b9ba5a624590770c82b56.php 第 415 行.
NOTIC: [8] Undefined variable: v1 F:\WWW\beauty\beauty\Runtime\Cache\Admin\deb2bdb6f40b9ba5a624590770c82b56.php 第 415 行.
INFO: Run Behavior\ParseTemplateBehavior [ RunTime:0.010000s ]
INFO: [ view_parse ] --END-- [ RunTime:0.010000s ]
INFO: [ view_filter ] --START--
INFO: Run Behavior\WriteHtmlCacheBehavior [ RunTime:0.001001s ]
INFO: [ view_filter ] --END-- [ RunTime:0.001001s ]
INFO: [ app_end ] --START--
INFO: Run Behavior\ShowPageTraceBehavior [ RunTime:0.000000s ]
INFO: [ app_end ] --END-- [ RunTime:0.000000s ]

[ 2017-08-24T16:19:21+08:00 ] 127.0.0.1 /index.php/Admin/Index/main.html
INFO: [ app_init ] --START--
INFO: Run Behavior\BuildLiteBehavior [ RunTime:0.000000s ]
INFO: [ app_init ] --END-- [ RunTime:0.001000s ]
INFO: [ app_begin ] --START--
INFO: Run Behavior\ReadHtmlCacheBehavior [ RunTime:0.001000s ]
INFO: [ app_begin ] --END-- [ RunTime:0.001000s ]
SQL: SHOW COLUMNS FROM `beauty_admin` [ RunTime:0.0070s ]
SQL: SELECT `username`,`lastlogin`,`lastip` FROM `beauty_admin` WHERE `id` = 1  [ RunTime:0.0000s ]
SQL: SHOW COLUMNS FROM `beauty_goods` [ RunTime:0.0080s ]
SQL: SELECT * FROM `beauty_goods` ORDER BY salenum desc LIMIT 5   [ RunTime:0.0010s ]
SQL: SELECT * FROM `beauty_goods` ORDER BY num LIMIT 5   [ RunTime:0.0010s ]
INFO: [ view_parse ] --START--
INFO: [ template_filter ] --START--
INFO: Run Behavior\ContentReplaceBehavior [ RunTime:0.000000s ]
INFO: [ template_filter ] --END-- [ RunTime:0.000000s ]
INFO: Run Behavior\ParseTemplateBehavior [ RunTime:0.011001s ]
INFO: [ view_parse ] --END-- [ RunTime:0.011001s ]
INFO: [ view_filter ] --START--
INFO: Run Behavior\WriteHtmlCacheBehavior [ RunTime:0.000000s ]
INFO: [ view_filter ] --END-- [ RunTime:0.000000s ]
INFO: [ app_end ] --START--
INFO: Run Behavior\ShowPageTraceBehavior [ RunTime:0.001000s ]
INFO: [ app_end ] --END-- [ RunTime:0.001000s ]

[ 2017-08-24T16:19:21+08:00 ] 127.0.0.1 /index.php/Admin/Index/footer.html
INFO: [ app_init ] --START--
INFO: Run Behavior\BuildLiteBehavior [ RunTime:0.000000s ]
INFO: [ app_init ] --END-- [ RunTime:0.001000s ]
INFO: [ app_begin ] --START--
NOTIC: [2] filemtime(): stat failed for ./beauty/Admin/view/Index/footer.html F:\WWW\beauty\ThinkPHP\Library\Behavior\ReadHtmlCacheBehavior.class.php 第 104 行.
INFO: Run Behavior\ReadHtmlCacheBehavior [ RunTime:0.000000s ]
INFO: [ app_begin ] --END-- [ RunTime:0.001000s ]
INFO: [ view_parse ] --START--
INFO: [ template_filter ] --START--
INFO: Run Behavior\ContentReplaceBehavior [ RunTime:0.000000s ]
INFO: [ template_filter ] --END-- [ RunTime:0.000000s ]
INFO: Run Behavior\ParseTemplateBehavior [ RunTime:0.003000s ]
INFO: [ view_parse ] --END-- [ RunTime:0.003000s ]
INFO: [ view_filter ] --START--
INFO: Run Behavior\WriteHtmlCacheBehavior [ RunTime:0.001000s ]
INFO: [ view_filter ] --END-- [ RunTime:0.001000s ]
INFO: [ app_end ] --START--
INFO: Run Behavior\ShowPageTraceBehavior [ RunTime:0.000000s ]
INFO: [ app_end ] --END-- [ RunTime:0.000000s ]

[ 2017-08-24T16:19:23+08:00 ] 127.0.0.1 /index.php/Admin/Index/getGoodsTop.html
INFO: [ app_init ] --START--
INFO: Run Behavior\BuildLiteBehavior [ RunTime:0.000000s ]
INFO: [ app_init ] --END-- [ RunTime:0.000000s ]
INFO: [ app_begin ] --START--
INFO: Run Behavior\ReadHtmlCacheBehavior [ RunTime:0.000000s ]
INFO: [ app_begin ] --END-- [ RunTime:0.001000s ]
SQL: SHOW COLUMNS FROM `beauty_goods` [ RunTime:0.0050s ]
SQL: SELECT `goodsname`,`salenum` FROM `beauty_goods` ORDER BY salenum desc LIMIT 0,10   [ RunTime:0.0000s ]

[ 2017-08-24T16:19:26+08:00 ] 127.0.0.1 /index.php/Admin/AuthGroup/index.html
INFO: [ app_init ] --START--
INFO: Run Behavior\BuildLiteBehavior [ RunTime:0.000000s ]
INFO: [ app_init ] --END-- [ RunTime:0.000000s ]
INFO: [ app_begin ] --START--
INFO: Run Behavior\ReadHtmlCacheBehavior [ RunTime:0.001000s ]
INFO: [ app_begin ] --END-- [ RunTime:0.001000s ]
SQL: SHOW COLUMNS FROM `beauty_auth_group` [ RunTime:0.0160s ]
SQL: SELECT * FROM `beauty_auth_group`  [ RunTime:0.0010s ]
SQL: SHOW COLUMNS FROM `beauty_auth_group_access` [ RunTime:0.0110s ]
SQL: SELECT a.username FROM beauty_auth_group_access g INNER JOIN beauty_admin a ON g.uid=a.id  WHERE ( g.group_id=1 )  [ RunTime:0.0010s ]
SQL: SELECT a.username FROM beauty_auth_group_access g INNER JOIN beauty_admin a ON g.uid=a.id  WHERE ( g.group_id=2 )  [ RunTime:0.0000s ]
SQL: SELECT a.username FROM beauty_auth_group_access g INNER JOIN beauty_admin a ON g.uid=a.id  WHERE ( g.group_id=3 )  [ RunTime:0.0000s ]
SQL: SELECT a.username FROM beauty_auth_group_access g INNER JOIN beauty_admin a ON g.uid=a.id  WHERE ( g.group_id=4 )  [ RunTime:0.0000s ]
SQL: SELECT a.username FROM beauty_auth_group_access g INNER JOIN beauty_admin a ON g.uid=a.id  WHERE ( g.group_id=5 )  [ RunTime:0.0010s ]
SQL: SELECT a.username FROM beauty_auth_group_access g INNER JOIN beauty_admin a ON g.uid=a.id  WHERE ( g.group_id=6 )  [ RunTime:0.0010s ]
SQL: SELECT a.username FROM beauty_auth_group_access g INNER JOIN beauty_admin a ON g.uid=a.id  WHERE ( g.group_id=7 )  [ RunTime:0.0000s ]
SQL: SELECT a.username FROM beauty_auth_group_access g INNER JOIN beauty_admin a ON g.uid=a.id  WHERE ( g.group_id=8 )  [ RunTime:0.0010s ]
SQL: SELECT a.username FROM beauty_auth_group_access g INNER JOIN beauty_admin a ON g.uid=a.id  WHERE ( g.group_id=10 )  [ RunTime:0.0000s ]
SQL: SELECT a.username FROM beauty_auth_group_access g INNER JOIN beauty_admin a ON g.uid=a.id  WHERE ( g.group_id=11 )  [ RunTime:0.0000s ]
SQL: SELECT a.username FROM beauty_auth_group_access g INNER JOIN beauty_admin a ON g.uid=a.id  WHERE ( g.group_id=12 )  [ RunTime:0.0000s ]
SQL: SELECT a.username FROM beauty_auth_group_access g INNER JOIN beauty_admin a ON g.uid=a.id  WHERE ( g.group_id=13 )  [ RunTime:0.0000s ]
INFO: [ view_parse ] --START--
INFO: [ template_filter ] --START--
INFO: Run Behavior\ContentReplaceBehavior [ RunTime:0.000000s ]
INFO: [ template_filter ] --END-- [ RunTime:0.000000s ]
INFO: Run Behavior\ParseTemplateBehavior [ RunTime:0.010000s ]
INFO: [ view_parse ] --END-- [ RunTime:0.010000s ]
INFO: [ view_filter ] --START--
INFO: Run Behavior\WriteHtmlCacheBehavior [ RunTime:0.001000s ]
INFO: [ view_filter ] --END-- [ RunTime:0.001000s ]
INFO: [ app_end ] --START--
INFO: Run Behavior\ShowPageTraceBehavior [ RunTime:0.001000s ]
INFO: [ app_end ] --END-- [ RunTime:0.001000s ]

[ 2017-08-24T16:19:31+08:00 ] 127.0.0.1 /index.php/Admin/AuthGroup/allocateRule/gid/1.html
INFO: [ app_init ] --START--
INFO: Run Behavior\BuildLiteBehavior [ RunTime:0.000000s ]
INFO: [ app_init ] --END-- [ RunTime:0.001000s ]
INFO: [ app_begin ] --START--
INFO: Run Behavior\ReadHtmlCacheBehavior [ RunTime:0.001000s ]
INFO: [ app_begin ] --END-- [ RunTime:0.001000s ]
SQL: SHOW COLUMNS FROM `beauty_auth_group` [ RunTime:0.0100s ]
SQL: SHOW COLUMNS FROM `beauty_auth_rule` [ RunTime:0.0110s ]
SQL: SELECT * FROM `beauty_auth_rule` WHERE `pid` = 0  [ RunTime:0.0010s ]
SQL: SELECT * FROM `beauty_auth_rule` WHERE `pid` = 1  [ RunTime:0.0010s ]
SQL: SELECT * FROM `beauty_auth_rule` WHERE `pid` = 41  [ RunTime:0.0000s ]
SQL: SELECT * FROM `beauty_auth_rule` WHERE `pid` = 40  [ RunTime:0.0000s ]
SQL: SELECT * FROM `beauty_auth_rule` WHERE `pid` = 42  [ RunTime:0.0010s ]
SQL: SELECT * FROM `beauty_auth_rule` WHERE `pid` = 43  [ RunTime:0.0000s ]
SQL: SELECT * FROM `beauty_auth_rule` WHERE `pid` = 44  [ RunTime:0.0000s ]
SQL: SELECT * FROM `beauty_auth_rule` WHERE `pid` = 2  [ RunTime:0.0010s ]
SQL: SELECT * FROM `beauty_auth_rule` WHERE `pid` = 13  [ RunTime:0.0000s ]
SQL: SELECT * FROM `beauty_auth_rule` WHERE `pid` = 14  [ RunTime:0.0000s ]
SQL: SELECT * FROM `beauty_auth_rule` WHERE `pid` = 3  [ RunTime:0.0010s ]
SQL: SELECT * FROM `beauty_auth_rule` WHERE `pid` = 15  [ RunTime:0.0010s ]
SQL: SELECT * FROM `beauty_auth_rule` WHERE `pid` = 16  [ RunTime:0.0010s ]
SQL: SELECT * FROM `beauty_auth_rule` WHERE `pid` = 18  [ RunTime:0.0000s ]
SQL: SELECT * FROM `beauty_auth_rule` WHERE `pid` = 20  [ RunTime:0.0010s ]
SQL: SELECT * FROM `beauty_auth_rule` WHERE `pid` = 21  [ RunTime:0.0010s ]
SQL: SELECT * FROM `beauty_auth_rule` WHERE `pid` = 19  [ RunTime:0.0000s ]
SQL: SELECT * FROM `beauty_auth_rule` WHERE `pid` = 4  [ RunTime:0.0000s ]
SQL: SELECT * FROM `beauty_auth_rule` WHERE `pid` = 22  [ RunTime:0.0000s ]
SQL: SELECT * FROM `beauty_auth_rule` WHERE `pid` = 23  [ RunTime:0.0000s ]
SQL: SELECT * FROM `beauty_auth_rule` WHERE `pid` = 5  [ RunTime:0.0010s ]
SQL: SELECT * FROM `beauty_auth_rule` WHERE `pid` = 24  [ RunTime:0.0000s ]
SQL: SELECT * FROM `beauty_auth_rule` WHERE `pid` = 25  [ RunTime:0.0000s ]
SQL: SELECT * FROM `beauty_auth_rule` WHERE `pid` = 6  [ RunTime:0.0010s ]
SQL: SELECT * FROM `beauty_auth_rule` WHERE `pid` = 26  [ RunTime:0.0000s ]
SQL: SELECT * FROM `beauty_auth_rule` WHERE `pid` = 27  [ RunTime:0.0000s ]
SQL: SELECT * FROM `beauty_auth_rule` WHERE `pid` = 7  [ RunTime:0.0010s ]
SQL: SELECT * FROM `beauty_auth_rule` WHERE `pid` = 28  [ RunTime:0.0000s ]
SQL: SELECT * FROM `beauty_auth_rule` WHERE `pid` = 51  [ RunTime:0.0000s ]
SQL: SELECT * FROM `beauty_auth_rule` WHERE `pid` = 9  [ RunTime:0.0000s ]
SQL: SELECT * FROM `beauty_auth_rule` WHERE `pid` = 34  [ RunTime:0.0000s ]
SQL: SELECT * FROM `beauty_auth_rule` WHERE `pid` = 35  [ RunTime:0.0000s ]
SQL: SELECT * FROM `beauty_auth_rule` WHERE `pid` = 8  [ RunTime:0.0000s ]
SQL: SELECT * FROM `beauty_auth_rule` WHERE `pid` = 29  [ RunTime:0.0000s ]
SQL: SELECT * FROM `beauty_auth_rule` WHERE `pid` = 30  [ RunTime:0.0010s ]
SQL: SELECT * FROM `beauty_auth_rule` WHERE `pid` = 31  [ RunTime:0.0000s ]
SQL: SELECT * FROM `beauty_auth_rule` WHERE `pid` = 32  [ RunTime:0.0000s ]
SQL: SELECT * FROM `beauty_auth_rule` WHERE `pid` = 33  [ RunTime:0.0010s ]
SQL: SELECT * FROM `beauty_auth_rule` WHERE `pid` = 54  [ RunTime:0.0000s ]
SQL: SELECT * FROM `beauty_auth_rule` WHERE `pid` = 10  [ RunTime:0.0000s ]
SQL: SELECT * FROM `beauty_auth_rule` WHERE `pid` = 36  [ RunTime:0.0010s ]
SQL: SELECT * FROM `beauty_auth_rule` WHERE `pid` = 37  [ RunTime:0.0000s ]
SQL: SELECT * FROM `beauty_auth_rule` WHERE `pid` = 11  [ RunTime:0.0000s ]
SQL: SELECT * FROM `beauty_auth_rule` WHERE `pid` = 38  [ RunTime:0.0010s ]
SQL: SELECT * FROM `beauty_auth_rule` WHERE `pid` = 52  [ RunTime:0.0000s ]
SQL: SELECT * FROM `beauty_auth_rule` WHERE `pid` = 53  [ RunTime:0.0000s ]
SQL: SELECT * FROM `beauty_auth_rule` WHERE `pid` = 45  [ RunTime:0.0010s ]
SQL: SELECT * FROM `beauty_auth_rule` WHERE `pid` = 46  [ RunTime:0.0000s ]
SQL: SELECT * FROM `beauty_auth_rule` WHERE `pid` = 47  [ RunTime:0.0000s ]
SQL: SELECT * FROM `beauty_auth_rule` WHERE `pid` = 12  [ RunTime:0.0010s ]
SQL: SELECT * FROM `beauty_auth_rule` WHERE `pid` = 39  [ RunTime:0.0000s ]
SQL: SELECT * FROM `beauty_auth_rule` WHERE `pid` = 48  [ RunTime:0.0000s ]
SQL: SELECT * FROM `beauty_auth_rule` WHERE `pid` = 17  [ RunTime:0.0010s ]
SQL: SELECT * FROM `beauty_auth_rule` WHERE `pid` = 49  [ RunTime:0.0000s ]
SQL: SELECT * FROM `beauty_auth_rule` WHERE `pid` = 50  [ RunTime:0.0000s ]
SQL: SELECT * FROM `beauty_auth_rule` WHERE `pid` = 55  [ RunTime:0.0000s ]
SQL: SELECT * FROM `beauty_auth_rule` WHERE `pid` = 56  [ RunTime:0.0000s ]
SQL: SELECT * FROM `beauty_auth_rule` WHERE `pid` = 57  [ RunTime:0.0010s ]
SQL: SELECT * FROM `beauty_auth_rule` WHERE `pid` = 58  [ RunTime:0.0000s ]
SQL: SELECT * FROM `beauty_auth_rule` WHERE `pid` = 59  [ RunTime:0.0000s ]
SQL: SELECT * FROM `beauty_auth_group` WHERE `id` = 1 LIMIT 1   [ RunTime:0.0010s ]
INFO: [ view_parse ] --START--
INFO: [ template_filter ] --START--
INFO: Run Behavior\ContentReplaceBehavior [ RunTime:0.000000s ]
INFO: [ template_filter ] --END-- [ RunTime:0.000000s ]
NOTIC: [8] Undefined index: name F:\WWW\beauty\beauty\Runtime\Cache\Admin\3ea003797b24fba890ba4c99170c7fa3.php 第 38 行.
INFO: Run Behavior\ParseTemplateBehavior [ RunTime:0.008000s ]
INFO: [ view_parse ] --END-- [ RunTime:0.008000s ]
INFO: [ view_filter ] --START--
INFO: Run Behavior\WriteHtmlCacheBehavior [ RunTime:0.001000s ]
INFO: [ view_filter ] --END-- [ RunTime:0.001000s ]
INFO: [ app_end ] --START--
INFO: Run Behavior\ShowPageTraceBehavior [ RunTime:0.001001s ]
INFO: [ app_end ] --END-- [ RunTime:0.001001s ]

[ 2017-08-24T16:19:37+08:00 ] 127.0.0.1 /index.php/Admin/AuthGroup/allocateRule.html
INFO: [ app_init ] --START--
INFO: Run Behavior\BuildLiteBehavior [ RunTime:0.000000s ]
INFO: [ app_init ] --END-- [ RunTime:0.001000s ]
INFO: [ app_begin ] --START--
INFO: Run Behavior\ReadHtmlCacheBehavior [ RunTime:0.000000s ]
INFO: [ app_begin ] --END-- [ RunTime:0.000000s ]
SQL: SHOW COLUMNS FROM `beauty_auth_group` [ RunTime:0.0060s ]
SQL: UPDATE `beauty_auth_group` SET `rules`='1,41,40,42,43,44,2,13,14,3,15,16,18,20,21,19,4,22,23,5,24,25,6,26,27,7,28,51,9,34,35,8,29,30,31,32,33,54,10,36,37,11,38,52,53,45,46,47,12,39,48,17,49,50,55,56,57,58,59' WHERE `id` = 1 [ RunTime:0.0000s ]

[ 2017-08-24T16:19:42+08:00 ] 127.0.0.1 /index.php/Admin/AuthGroup/index.html
INFO: [ app_init ] --START--
INFO: Run Behavior\BuildLiteBehavior [ RunTime:0.000000s ]
INFO: [ app_init ] --END-- [ RunTime:0.001000s ]
INFO: [ app_begin ] --START--
INFO: Run Behavior\ReadHtmlCacheBehavior [ RunTime:0.002000s ]
INFO: [ app_begin ] --END-- [ RunTime:0.002000s ]
SQL: SHOW COLUMNS FROM `beauty_auth_group` [ RunTime:0.0120s ]
SQL: SELECT * FROM `beauty_auth_group`  [ RunTime:0.0010s ]
SQL: SHOW COLUMNS FROM `beauty_auth_group_access` [ RunTime:0.0120s ]
SQL: SELECT a.username FROM beauty_auth_group_access g INNER JOIN beauty_admin a ON g.uid=a.id  WHERE ( g.group_id=1 )  [ RunTime:0.0010s ]
SQL: SELECT a.username FROM beauty_auth_group_access g INNER JOIN beauty_admin a ON g.uid=a.id  WHERE ( g.group_id=2 )  [ RunTime:0.0010s ]
SQL: SELECT a.username FROM beauty_auth_group_access g INNER JOIN beauty_admin a ON g.uid=a.id  WHERE ( g.group_id=3 )  [ RunTime:0.0010s ]
SQL: SELECT a.username FROM beauty_auth_group_access g INNER JOIN beauty_admin a ON g.uid=a.id  WHERE ( g.group_id=4 )  [ RunTime:0.0010s ]
SQL: SELECT a.username FROM beauty_auth_group_access g INNER JOIN beauty_admin a ON g.uid=a.id  WHERE ( g.group_id=5 )  [ RunTime:0.0010s ]
SQL: SELECT a.username FROM beauty_auth_group_access g INNER JOIN beauty_admin a ON g.uid=a.id  WHERE ( g.group_id=6 )  [ RunTime:0.0010s ]
SQL: SELECT a.username FROM beauty_auth_group_access g INNER JOIN beauty_admin a ON g.uid=a.id  WHERE ( g.group_id=7 )  [ RunTime:0.0010s ]
SQL: SELECT a.username FROM beauty_auth_group_access g INNER JOIN beauty_admin a ON g.uid=a.id  WHERE ( g.group_id=8 )  [ RunTime:0.0000s ]
SQL: SELECT a.username FROM beauty_auth_group_access g INNER JOIN beauty_admin a ON g.uid=a.id  WHERE ( g.group_id=10 )  [ RunTime:0.0000s ]
SQL: SELECT a.username FROM beauty_auth_group_access g INNER JOIN beauty_admin a ON g.uid=a.id  WHERE ( g.group_id=11 )  [ RunTime:0.0010s ]
SQL: SELECT a.username FROM beauty_auth_group_access g INNER JOIN beauty_admin a ON g.uid=a.id  WHERE ( g.group_id=12 )  [ RunTime:0.0010s ]
SQL: SELECT a.username FROM beauty_auth_group_access g INNER JOIN beauty_admin a ON g.uid=a.id  WHERE ( g.group_id=13 )  [ RunTime:0.0010s ]
INFO: [ view_parse ] --START--
INFO: [ template_filter ] --START--
INFO: Run Behavior\ContentReplaceBehavior [ RunTime:0.000000s ]
INFO: [ template_filter ] --END-- [ RunTime:0.000000s ]
INFO: Run Behavior\ParseTemplateBehavior [ RunTime:0.011001s ]
INFO: [ view_parse ] --END-- [ RunTime:0.011001s ]
INFO: [ view_filter ] --START--
INFO: Run Behavior\WriteHtmlCacheBehavior [ RunTime:0.001000s ]
INFO: [ view_filter ] --END-- [ RunTime:0.001000s ]
INFO: [ app_end ] --START--
INFO: Run Behavior\ShowPageTraceBehavior [ RunTime:0.001000s ]
INFO: [ app_end ] --END-- [ RunTime:0.001000s ]

[ 2017-08-24T16:19:53+08:00 ] 127.0.0.1 /index.php/Admin/AuthRule/index.html
INFO: [ app_init ] --START--
INFO: Run Behavior\BuildLiteBehavior [ RunTime:0.000000s ]
INFO: [ app_init ] --END-- [ RunTime:0.000000s ]
INFO: [ app_begin ] --START--
INFO: Run Behavior\ReadHtmlCacheBehavior [ RunTime:0.000000s ]
INFO: [ app_begin ] --END-- [ RunTime:0.000000s ]
SQL: SHOW COLUMNS FROM `beauty_auth_rule` [ RunTime:0.0060s ]
SQL: SELECT * FROM `beauty_auth_rule` ORDER BY path asc  [ RunTime:0.0000s ]
INFO: [ view_parse ] --START--
INFO: [ template_filter ] --START--
INFO: Run Behavior\ContentReplaceBehavior [ RunTime:0.000000s ]
INFO: [ template_filter ] --END-- [ RunTime:0.000000s ]
INFO: Run Behavior\ParseTemplateBehavior [ RunTime:0.008001s ]
INFO: [ view_parse ] --END-- [ RunTime:0.008001s ]
INFO: [ view_filter ] --START--
INFO: Run Behavior\WriteHtmlCacheBehavior [ RunTime:0.002000s ]
INFO: [ view_filter ] --END-- [ RunTime:0.002000s ]
INFO: [ app_end ] --START--
INFO: Run Behavior\ShowPageTraceBehavior [ RunTime:0.000000s ]
INFO: [ app_end ] --END-- [ RunTime:0.000000s ]

[ 2017-08-24T16:19:54+08:00 ] 127.0.0.1 /index.php/Admin/AuthRule/index.html
INFO: [ app_init ] --START--
INFO: Run Behavior\BuildLiteBehavior [ RunTime:0.000000s ]
INFO: [ app_init ] --END-- [ RunTime:0.000000s ]
INFO: [ app_begin ] --START--
INFO: Run Behavior\ReadHtmlCacheBehavior [ RunTime:0.001000s ]
INFO: [ app_begin ] --END-- [ RunTime:0.001000s ]
SQL: SHOW COLUMNS FROM `beauty_auth_rule` [ RunTime:0.0120s ]
SQL: SELECT * FROM `beauty_auth_rule` ORDER BY path asc  [ RunTime:0.0020s ]
INFO: [ view_parse ] --START--
INFO: [ template_filter ] --START--
INFO: Run Behavior\ContentReplaceBehavior [ RunTime:0.000000s ]
INFO: [ template_filter ] --END-- [ RunTime:0.000000s ]
INFO: Run Behavior\ParseTemplateBehavior [ RunTime:0.028002s ]
INFO: [ view_parse ] --END-- [ RunTime:0.028002s ]
INFO: [ view_filter ] --START--
INFO: Run Behavior\WriteHtmlCacheBehavior [ RunTime:0.001000s ]
INFO: [ view_filter ] --END-- [ RunTime:0.001000s ]
INFO: [ app_end ] --START--
INFO: Run Behavior\ShowPageTraceBehavior [ RunTime:0.001000s ]
INFO: [ app_end ] --END-- [ RunTime:0.001000s ]

