[ 2017-03-27T10:09:03+08:00 ] 127.0.0.1 /Home/Index/addMember.asp
INFO: [ app_begin ] --START--
INFO: Run Behavior\ReadHtmlCacheBehavior [ RunTime:0.001000s ]
INFO: [ app_begin ] --END-- [ RunTime:0.001000s ]
SQL: SHOW COLUMNS FROM `exam_member` [ RunTime:0.0120s ]
SQL: SELECT `id` FROM `exam_member` WHERE `name` = '金测试' AND `tel` = '15985414521' AND `sex` = '0' LIMIT 1   [ RunTime:0.0010s ]

[ 2017-03-27T10:09:26+08:00 ] 127.0.0.1 /Home/Index/submit_exam.asp
INFO: [ app_begin ] --START--
INFO: Run Behavior\ReadHtmlCacheBehavior [ RunTime:0.000000s ]
INFO: [ app_begin ] --END-- [ RunTime:0.000000s ]
SQL: SHOW COLUMNS FROM `exam_test` [ RunTime:0.0100s ]
SQL: SELECT `type`,`right_answer`,`score`,`id` FROM `exam_test` WHERE `id` = 85 LIMIT 1   [ RunTime:0.0010s ]
SQL: SHOW COLUMNS FROM `exam_member_answer` [ RunTime:0.0380s ]
SQL: INSERT INTO `exam_member_answer` (`qid`,`userid`,`type`,`answer`,`score`,`right_answer`) VALUES ('85','47','1','AB','0','CD') [ RunTime:0.0430s ]
SQL: SELECT `type`,`right_answer`,`score`,`id` FROM `exam_test` WHERE `id` = 9 LIMIT 1   [ RunTime:0.0000s ]
SQL: INSERT INTO `exam_member_answer` (`qid`,`userid`,`type`,`answer`,`score`,`right_answer`) VALUES ('9','47','0','A','0','C') [ RunTime:0.0020s ]
SQL: SELECT SUM(score) AS tp_sum FROM `exam_member_answer` WHERE `userid` = '47' LIMIT 1   [ RunTime:0.0040s ]
SQL: SHOW COLUMNS FROM `exam_member` [ RunTime:0.0120s ]
SQL: UPDATE `exam_member` SET `score`='40',`time`='1490580566' WHERE `id` = 47 [ RunTime:0.0010s ]

[ 2017-03-27T10:17:15+08:00 ] 127.0.0.1 /Home/Index/addMember.asp
INFO: [ app_begin ] --START--
INFO: Run Behavior\ReadHtmlCacheBehavior [ RunTime:0.000000s ]
INFO: [ app_begin ] --END-- [ RunTime:0.000000s ]
SQL: SHOW COLUMNS FROM `exam_member` [ RunTime:0.0120s ]
SQL: SELECT `id` FROM `exam_member` WHERE `name` = '沈测试' AND `tel` = '18736199128' AND `sex` = '1' LIMIT 1   [ RunTime:0.0010s ]
SQL: INSERT INTO `exam_member` (`name`,`sex`,`age`,`tel`,`score_short`,`time`) VALUES ('沈测试','1','20','18736199128','0','1490581034') [ RunTime:0.0020s ]

[ 2017-03-27T10:17:48+08:00 ] 127.0.0.1 /Home/Index/submit_exam.asp
INFO: [ app_begin ] --START--
INFO: Run Behavior\ReadHtmlCacheBehavior [ RunTime:0.002001s ]
INFO: [ app_begin ] --END-- [ RunTime:0.002001s ]
SQL: SHOW COLUMNS FROM `exam_test` [ RunTime:0.0070s ]
SQL: SELECT `type`,`right_answer`,`score`,`id` FROM `exam_test` WHERE `id` = 22 LIMIT 1   [ RunTime:0.0000s ]
SQL: SHOW COLUMNS FROM `exam_member_answer` [ RunTime:0.0070s ]
SQL: SELECT `id` FROM `exam_member_answer` WHERE `id` = 1 LIMIT 1   [ RunTime:0.0010s ]
SQL: INSERT INTO `exam_member_answer` (`qid`,`userid`,`type`,`answer`,`score`,`right_answer`) VALUES ('22','1','0','A','3','A') [ RunTime:0.0010s ]
SQL: SELECT `type`,`right_answer`,`score`,`id` FROM `exam_test` WHERE `id` = 14 LIMIT 1   [ RunTime:0.0010s ]
SQL: SELECT `id` FROM `exam_member_answer` WHERE `id` = 1 LIMIT 1   [ RunTime:0.0010s ]
SQL: SELECT SUM(score) AS tp_sum FROM `exam_member_answer` WHERE `userid` = '1' LIMIT 1   [ RunTime:0.0000s ]
SQL: SHOW COLUMNS FROM `exam_member` [ RunTime:0.0050s ]
SQL: UPDATE `exam_member` SET `score`='3',`time`='1490581068' WHERE `id` = 1 [ RunTime:0.0010s ]

[ 2017-03-27T10:26:20+08:00 ] 127.0.0.1 /Home/Index/addMember.asp
INFO: [ app_begin ] --START--
INFO: Run Behavior\ReadHtmlCacheBehavior [ RunTime:0.001000s ]
INFO: [ app_begin ] --END-- [ RunTime:0.001000s ]
SQL: SHOW COLUMNS FROM `exam_member` [ RunTime:0.0120s ]
SQL: SELECT `id` FROM `exam_member` WHERE `name` = '沈测试' AND `tel` = '18736199128' AND `sex` = '1' LIMIT 1   [ RunTime:0.0010s ]
SQL: INSERT INTO `exam_member` (`name`,`sex`,`age`,`tel`,`score_short`,`time`) VALUES ('沈测试','1','20','18736199128','0','1490581579') [ RunTime:0.0010s ]

[ 2017-03-27T10:26:46+08:00 ] 127.0.0.1 /Home/Index/submit_exam.asp
INFO: [ app_begin ] --START--
INFO: Run Behavior\ReadHtmlCacheBehavior [ RunTime:0.001000s ]
INFO: [ app_begin ] --END-- [ RunTime:0.001000s ]
SQL: SHOW COLUMNS FROM `exam_member_answer` [ RunTime:0.0100s ]
SQL: SELECT `id` FROM `exam_member_answer` WHERE `id` = 1 LIMIT 1   [ RunTime:0.0010s ]
SQL: SHOW COLUMNS FROM `exam_test` [ RunTime:0.0070s ]
SQL: SELECT `type`,`right_answer`,`score`,`id` FROM `exam_test` WHERE `id` = 60 LIMIT 1   [ RunTime:0.0010s ]
SQL: INSERT INTO `exam_member_answer` (`qid`,`userid`,`type`,`answer`,`score`,`right_answer`) VALUES ('60','1','0','A','0','B') [ RunTime:0.0010s ]
SQL: SELECT `type`,`right_answer`,`score`,`id` FROM `exam_test` WHERE `id` = 77 LIMIT 1   [ RunTime:0.0000s ]
SQL: INSERT INTO `exam_member_answer` (`qid`,`userid`,`type`,`answer`,`score`,`right_answer`) VALUES ('77','1','1','AB','0','CD') [ RunTime:0.0000s ]
SQL: SELECT SUM(score) AS tp_sum FROM `exam_member_answer` WHERE `userid` = '1' LIMIT 1   [ RunTime:0.0000s ]
SQL: SHOW COLUMNS FROM `exam_member` [ RunTime:0.0070s ]
SQL: UPDATE `exam_member` SET `score`='0',`time`='1490581606' WHERE `id` = 1 [ RunTime:0.0000s ]

[ 2017-03-27T10:27:07+08:00 ] 127.0.0.1 /Home/Index/short_submit_exam.asp
INFO: [ app_begin ] --START--
INFO: Run Behavior\ReadHtmlCacheBehavior [ RunTime:0.000000s ]
INFO: [ app_begin ] --END-- [ RunTime:0.000000s ]
SQL: SHOW COLUMNS FROM `exam_testshort` [ RunTime:0.0120s ]
SQL: SELECT `type`,`right_answer`,`score` FROM `exam_testshort` WHERE `id` = 1 LIMIT 1   [ RunTime:0.0010s ]
SQL: SHOW COLUMNS FROM `exam_member_answer` [ RunTime:0.0110s ]
SQL: INSERT INTO `exam_member_answer` (`userid`,`qid`,`type`,`right_answer`,`answer`,`score`) VALUES ('1','1','2','nindfangisaegnsi ','女人你听过
                                                ','0') [ RunTime:0.0010s ]
SQL: SELECT `type`,`right_answer`,`score` FROM `exam_testshort` WHERE `id` = 6 LIMIT 1   [ RunTime:0.0000s ]
SQL: INSERT INTO `exam_member_answer` (`userid`,`qid`,`type`,`right_answer`,`answer`,`score`) VALUES ('1','6','2','13','发几个I软件平台
                                                ','0') [ RunTime:0.0010s ]
SQL: SELECT `type`,`right_answer`,`score` FROM `exam_testshort` WHERE `id` = 9 LIMIT 1   [ RunTime:0.0000s ]
SQL: INSERT INTO `exam_member_answer` (`userid`,`qid`,`type`,`right_answer`,`answer`,`score`) VALUES ('1','9','2','wr','购买日提交个人
                                                ','0') [ RunTime:0.0010s ]
SQL: SELECT `type`,`right_answer`,`score` FROM `exam_testshort` WHERE `id` = 5 LIMIT 1   [ RunTime:0.0010s ]
SQL: INSERT INTO `exam_member_answer` (`userid`,`qid`,`type`,`right_answer`,`answer`,`score`) VALUES ('1','5','2','13','过客认为他
                                                ','0') [ RunTime:0.0010s ]
SQL: SELECT `type`,`right_answer`,`score` FROM `exam_testshort` WHERE `id` = 12 LIMIT 1   [ RunTime:0.0010s ]
SQL: INSERT INTO `exam_member_answer` (`userid`,`qid`,`type`,`right_answer`,`answer`,`score`) VALUES ('1','12','2','wr','test
                                                ','0') [ RunTime:0.0000s ]
SQL: SHOW COLUMNS FROM `exam_member` [ RunTime:0.0070s ]
SQL: UPDATE `exam_member` SET `score_short`='0',`correct_papers`='0',`time`='1490581627' WHERE `id` = 1 [ RunTime:0.0000s ]

[ 2017-03-27T10:30:31+08:00 ] 127.0.0.1 /Home/Index/test_detail/userid/style.css
ERR: 1064:You have an error in your SQL syntax; check the manual that corresponds to your MySQL server version for the right syntax to use near ')' at line 1
 [ SQL语句 ] : SELECT `id`,`question`,`type`,`ifImg`,`a`,`b`,`c`,`d`,`right_answer` FROM `exam_test` WHERE `id` IN () 

[ 2017-03-27T10:31:51+08:00 ] 127.0.0.1 /Home/Index/checkUsername.asp
INFO: [ app_begin ] --START--
INFO: Run Behavior\ReadHtmlCacheBehavior [ RunTime:0.001000s ]
INFO: [ app_begin ] --END-- [ RunTime:0.001000s ]
SQL: SHOW COLUMNS FROM `exam_member` [ RunTime:0.0100s ]
SQL: SELECT * FROM `exam_member` WHERE `name` = '身测试' LIMIT 1   [ RunTime:0.0010s ]
INFO: [ app_end ] --START--
INFO: Run Behavior\ShowPageTraceBehavior [ RunTime:0.002000s ]
INFO: [ app_end ] --END-- [ RunTime:0.002000s ]

[ 2017-03-27T10:31:55+08:00 ] 127.0.0.1 /Home/Index/checkUsername.asp
INFO: [ app_begin ] --START--
INFO: Run Behavior\ReadHtmlCacheBehavior [ RunTime:0.000000s ]
INFO: [ app_begin ] --END-- [ RunTime:0.000000s ]
SQL: SHOW COLUMNS FROM `exam_member` [ RunTime:0.0120s ]
SQL: SELECT * FROM `exam_member` WHERE `name` = '沈测试' LIMIT 1   [ RunTime:0.0010s ]
INFO: [ app_end ] --START--
INFO: Run Behavior\ShowPageTraceBehavior [ RunTime:0.002000s ]
INFO: [ app_end ] --END-- [ RunTime:0.002000s ]

[ 2017-03-27T10:32:40+08:00 ] 127.0.0.1 /Home/Index/addMember.asp
INFO: [ app_begin ] --START--
INFO: Run Behavior\ReadHtmlCacheBehavior [ RunTime:0.000000s ]
INFO: [ app_begin ] --END-- [ RunTime:0.000000s ]
SQL: SHOW COLUMNS FROM `exam_member` [ RunTime:0.0120s ]
SQL: SELECT `id` FROM `exam_member` WHERE `name` = '沈测试' AND `tel` = '18736199128' AND `sex` = '1' LIMIT 1   [ RunTime:0.0000s ]

[ 2017-03-27T10:33:08+08:00 ] 127.0.0.1 /Home/Index/submit_exam.asp
INFO: [ app_begin ] --START--
INFO: Run Behavior\ReadHtmlCacheBehavior [ RunTime:0.001000s ]
INFO: [ app_begin ] --END-- [ RunTime:0.001000s ]
SQL: SHOW COLUMNS FROM `exam_member_answer` [ RunTime:0.0120s ]
SQL: SELECT `id` FROM `exam_member_answer` WHERE `id` = 1 LIMIT 1   [ RunTime:0.0010s ]
SQL: DELETE FROM `exam_member_answer` WHERE `id` = 1 [ RunTime:0.0010s ]
SQL: SHOW COLUMNS FROM `exam_test` [ RunTime:0.0090s ]
SQL: SELECT `type`,`right_answer`,`score`,`id` FROM `exam_test` WHERE `id` = 29 LIMIT 1   [ RunTime:0.0000s ]
SQL: INSERT INTO `exam_member_answer` (`qid`,`userid`,`type`,`answer`,`score`,`right_answer`) VALUES ('29','1','0','A','0','C') [ RunTime:0.0000s ]
SQL: SELECT `type`,`right_answer`,`score`,`id` FROM `exam_test` WHERE `id` = 6 LIMIT 1   [ RunTime:0.0010s ]
SQL: INSERT INTO `exam_member_answer` (`qid`,`userid`,`type`,`answer`,`score`,`right_answer`) VALUES ('6','1','0','A','0','B') [ RunTime:0.0010s ]
SQL: SELECT SUM(score) AS tp_sum FROM `exam_member_answer` WHERE `userid` = '1' LIMIT 1   [ RunTime:0.0010s ]
SQL: SHOW COLUMNS FROM `exam_member` [ RunTime:0.0070s ]
SQL: UPDATE `exam_member` SET `score`='0',`time`='1490581988' WHERE `id` = 1 [ RunTime:0.0010s ]

[ 2017-03-27T10:38:21+08:00 ] 127.0.0.1 /Home/Index/addMember.asp
INFO: [ app_begin ] --START--
INFO: Run Behavior\ReadHtmlCacheBehavior [ RunTime:0.002000s ]
INFO: [ app_begin ] --END-- [ RunTime:0.002000s ]
SQL: SHOW COLUMNS FROM `exam_member` [ RunTime:0.0060s ]
SQL: SELECT `id` FROM `exam_member` WHERE `name` = '沈测试' AND `tel` = '18736199128' AND `sex` = '1' LIMIT 1   [ RunTime:0.0000s ]
SQL: SHOW COLUMNS FROM `exam_member_answer` [ RunTime:0.0060s ]
SQL: DELETE FROM `exam_member_answer` WHERE `id` = 1 [ RunTime:0.0010s ]

[ 2017-03-27T10:39:12+08:00 ] 127.0.0.1 /Home/Index/addMember.asp
INFO: [ app_begin ] --START--
INFO: Run Behavior\ReadHtmlCacheBehavior [ RunTime:0.001000s ]
INFO: [ app_begin ] --END-- [ RunTime:0.001000s ]
SQL: SHOW COLUMNS FROM `exam_member` [ RunTime:0.0110s ]
SQL: SELECT `id` FROM `exam_member` WHERE `name` = '沈测试' AND `tel` = '18736199128' AND `sex` = '1' LIMIT 1   [ RunTime:0.0000s ]
SQL: SHOW COLUMNS FROM `exam_member_answer` [ RunTime:0.0100s ]
SQL: DELETE FROM `exam_member_answer` WHERE `id` = 1 [ RunTime:0.0000s ]

[ 2017-03-27T10:39:39+08:00 ] 127.0.0.1 /Home/Index/addMember.asp
INFO: [ app_begin ] --START--
INFO: Run Behavior\ReadHtmlCacheBehavior [ RunTime:0.003000s ]
INFO: [ app_begin ] --END-- [ RunTime:0.003000s ]
SQL: SHOW COLUMNS FROM `exam_member` [ RunTime:0.0030s ]
SQL: SELECT `id` FROM `exam_member` WHERE `name` = '沈测试' AND `tel` = '18736199128' AND `sex` = '1' LIMIT 1   [ RunTime:0.0000s ]
SQL: SHOW COLUMNS FROM `exam_member_answer` [ RunTime:0.0020s ]
SQL: DELETE FROM `exam_member_answer` WHERE `userid` = '1' [ RunTime:0.0010s ]

[ 2017-03-27T10:40:02+08:00 ] 127.0.0.1 /Home/Index/submit_exam.asp
INFO: [ app_begin ] --START--
INFO: Run Behavior\ReadHtmlCacheBehavior [ RunTime:0.000000s ]
INFO: [ app_begin ] --END-- [ RunTime:0.000000s ]
SQL: SHOW COLUMNS FROM `exam_test` [ RunTime:0.0070s ]
SQL: SELECT `type`,`right_answer`,`score`,`id` FROM `exam_test` WHERE `id` = 21 LIMIT 1   [ RunTime:0.0000s ]
SQL: SHOW COLUMNS FROM `exam_member_answer` [ RunTime:0.0030s ]
SQL: INSERT INTO `exam_member_answer` (`qid`,`userid`,`type`,`answer`,`score`,`right_answer`) VALUES ('21','1','0','B','0','A') [ RunTime:0.0000s ]
SQL: SELECT `type`,`right_answer`,`score`,`id` FROM `exam_test` WHERE `id` = 64 LIMIT 1   [ RunTime:0.0010s ]
SQL: INSERT INTO `exam_member_answer` (`qid`,`userid`,`type`,`answer`,`score`,`right_answer`) VALUES ('64','1','0','A','0','B') [ RunTime:0.0000s ]
SQL: SELECT `type`,`right_answer`,`score`,`id` FROM `exam_test` WHERE `id` = 27 LIMIT 1   [ RunTime:0.0000s ]
SQL: INSERT INTO `exam_member_answer` (`qid`,`userid`,`type`,`answer`,`score`,`right_answer`) VALUES ('27','1','1','AB','2','ABCD') [ RunTime:0.0010s ]
SQL: SELECT SUM(score) AS tp_sum FROM `exam_member_answer` WHERE `userid` = '1' LIMIT 1   [ RunTime:0.0000s ]
SQL: SHOW COLUMNS FROM `exam_member` [ RunTime:0.0050s ]
SQL: UPDATE `exam_member` SET `score`='2',`time`='1490582402' WHERE `id` = 1 [ RunTime:0.0010s ]

[ 2017-03-27T10:40:38+08:00 ] 127.0.0.1 /Home/Index/short_submit_exam.asp
INFO: [ app_begin ] --START--
INFO: Run Behavior\ReadHtmlCacheBehavior [ RunTime:0.009000s ]
INFO: [ app_begin ] --END-- [ RunTime:0.009000s ]
SQL: SHOW COLUMNS FROM `exam_testshort` [ RunTime:0.0020s ]
SQL: SELECT `type`,`right_answer`,`score` FROM `exam_testshort` WHERE `id` = 5 LIMIT 1   [ RunTime:0.0000s ]
SQL: SHOW COLUMNS FROM `exam_member_answer` [ RunTime:0.0020s ]
SQL: INSERT INTO `exam_member_answer` (`userid`,`qid`,`type`,`right_answer`,`answer`,`score`) VALUES ('1','5','2','13','你比我呢如果问
                                                ','0') [ RunTime:0.0000s ]
SQL: SELECT `type`,`right_answer`,`score` FROM `exam_testshort` WHERE `id` = 13 LIMIT 1   [ RunTime:0.0000s ]
SQL: INSERT INTO `exam_member_answer` (`userid`,`qid`,`type`,`right_answer`,`answer`,`score`) VALUES ('1','13','2','wt','感觉饿我I人感觉而为
                                                ','0') [ RunTime:0.0010s ]
SQL: SELECT `type`,`right_answer`,`score` FROM `exam_testshort` WHERE `id` = 8 LIMIT 1   [ RunTime:0.0000s ]
SQL: INSERT INTO `exam_member_answer` (`userid`,`qid`,`type`,`right_answer`,`answer`,`score`) VALUES ('1','8','2','r54','放国家认同
                                                ','0') [ RunTime:0.0000s ]
SQL: SELECT `type`,`right_answer`,`score` FROM `exam_testshort` WHERE `id` = 12 LIMIT 1   [ RunTime:0.0010s ]
SQL: INSERT INTO `exam_member_answer` (`userid`,`qid`,`type`,`right_answer`,`answer`,`score`) VALUES ('1','12','2','wr','发个我日头关键人物
                                                ','0') [ RunTime:0.0000s ]
SQL: SELECT `type`,`right_answer`,`score` FROM `exam_testshort` WHERE `id` = 7 LIMIT 1   [ RunTime:0.0000s ]
SQL: INSERT INTO `exam_member_answer` (`userid`,`qid`,`type`,`right_answer`,`answer`,`score`) VALUES ('1','7','2','34','房管局围绕提高觉悟
                                                ','0') [ RunTime:0.0000s ]
SQL: SHOW COLUMNS FROM `exam_member` [ RunTime:0.0020s ]
SQL: UPDATE `exam_member` SET `score_short`='0',`correct_papers`='0',`time`='1490582438' WHERE `id` = 1 [ RunTime:0.0010s ]

[ 2017-03-27T10:41:20+08:00 ] 127.0.0.1 /Home/Index/test_detail/userid/style.css
ERR: 1064:You have an error in your SQL syntax; check the manual that corresponds to your MySQL server version for the right syntax to use near ')' at line 1
 [ SQL语句 ] : SELECT `id`,`question`,`type`,`ifImg`,`a`,`b`,`c`,`d`,`right_answer` FROM `exam_test` WHERE `id` IN () 

[ 2017-03-27T10:41:44+08:00 ] 127.0.0.1 /Home/Index/addMember.asp
INFO: [ app_begin ] --START--
INFO: Run Behavior\ReadHtmlCacheBehavior [ RunTime:0.000000s ]
INFO: [ app_begin ] --END-- [ RunTime:0.000000s ]
SQL: SHOW COLUMNS FROM `exam_member` [ RunTime:0.0030s ]
SQL: SELECT `id` FROM `exam_member` WHERE `name` = '沈测试1' AND `tel` = '18736199128' AND `sex` = '1' LIMIT 1   [ RunTime:0.0010s ]
SQL: INSERT INTO `exam_member` (`name`,`sex`,`age`,`tel`,`score_short`,`time`) VALUES ('沈测试1','1','20','18736199128','0','1490582503') [ RunTime:0.0000s ]

[ 2017-03-27T10:42:20+08:00 ] 127.0.0.1 /Home/Index/submit_exam.asp
INFO: [ app_begin ] --START--
INFO: Run Behavior\ReadHtmlCacheBehavior [ RunTime:0.001000s ]
INFO: [ app_begin ] --END-- [ RunTime:0.001000s ]
SQL: SHOW COLUMNS FROM `exam_test` [ RunTime:0.0030s ]
SQL: SELECT `type`,`right_answer`,`score`,`id` FROM `exam_test` WHERE `id` = 90 LIMIT 1   [ RunTime:0.0000s ]
SQL: SHOW COLUMNS FROM `exam_member_answer` [ RunTime:0.0030s ]
SQL: INSERT INTO `exam_member_answer` (`qid`,`userid`,`type`,`answer`,`score`,`right_answer`) VALUES ('90','2','1','AB','0','CD') [ RunTime:0.0010s ]
SQL: SELECT SUM(score) AS tp_sum FROM `exam_member_answer` WHERE `userid` = '2' LIMIT 1   [ RunTime:0.0000s ]
SQL: SHOW COLUMNS FROM `exam_member` [ RunTime:0.0030s ]
SQL: UPDATE `exam_member` SET `score`='0',`time`='1490582540' WHERE `id` = 2 [ RunTime:0.0000s ]

[ 2017-03-27T10:42:28+08:00 ] 127.0.0.1 /Home/Index/short_submit_exam.asp
INFO: [ app_begin ] --START--
INFO: Run Behavior\ReadHtmlCacheBehavior [ RunTime:0.000000s ]
INFO: [ app_begin ] --END-- [ RunTime:0.000000s ]
SQL: SHOW COLUMNS FROM `exam_testshort` [ RunTime:0.0030s ]
SQL: SELECT `type`,`right_answer`,`score` FROM `exam_testshort` WHERE `id` = 12 LIMIT 1   [ RunTime:0.0000s ]
SQL: SHOW COLUMNS FROM `exam_member_answer` [ RunTime:0.0020s ]
SQL: INSERT INTO `exam_member_answer` (`userid`,`qid`,`type`,`right_answer`,`answer`,`score`) VALUES ('2','12','2','wr','热帖风格热我听过
                                                ','0') [ RunTime:0.0010s ]
SQL: SELECT `type`,`right_answer`,`score` FROM `exam_testshort` WHERE `id` = 6 LIMIT 1   [ RunTime:0.0000s ]
SQL: INSERT INTO `exam_member_answer` (`userid`,`qid`,`type`,`right_answer`,`answer`,`score`) VALUES ('2','6','2','13','
                                                ','0') [ RunTime:0.0000s ]
SQL: SELECT `type`,`right_answer`,`score` FROM `exam_testshort` WHERE `id` = 7 LIMIT 1   [ RunTime:0.0010s ]
SQL: INSERT INTO `exam_member_answer` (`userid`,`qid`,`type`,`right_answer`,`answer`,`score`) VALUES ('2','7','2','34','
                                                ','0') [ RunTime:0.0000s ]
SQL: SELECT `type`,`right_answer`,`score` FROM `exam_testshort` WHERE `id` = 3 LIMIT 1   [ RunTime:0.0000s ]
SQL: INSERT INTO `exam_member_answer` (`userid`,`qid`,`type`,`right_answer`,`answer`,`score`) VALUES ('2','3','2','nindfangisaegnsi       ','
                                                ','0') [ RunTime:0.0000s ]
SQL: SELECT `type`,`right_answer`,`score` FROM `exam_testshort` WHERE `id` = 13 LIMIT 1   [ RunTime:0.0000s ]
SQL: INSERT INTO `exam_member_answer` (`userid`,`qid`,`type`,`right_answer`,`answer`,`score`) VALUES ('2','13','2','wt','
                                                ','0') [ RunTime:0.0000s ]
SQL: SHOW COLUMNS FROM `exam_member` [ RunTime:0.0020s ]
SQL: UPDATE `exam_member` SET `score_short`='0',`correct_papers`='0',`time`='1490582548' WHERE `id` = 2 [ RunTime:0.0000s ]

[ 2017-03-27T10:42:37+08:00 ] 127.0.0.1 /Home/Index/test_detail/userid/style.css
ERR: 1064:You have an error in your SQL syntax; check the manual that corresponds to your MySQL server version for the right syntax to use near ')' at line 1
 [ SQL语句 ] : SELECT `id`,`question`,`type`,`ifImg`,`a`,`b`,`c`,`d`,`right_answer` FROM `exam_test` WHERE `id` IN () 

[ 2017-03-27T10:42:49+08:00 ] 127.0.0.1 /Home/Index/checkUsername.asp
INFO: [ app_begin ] --START--
INFO: Run Behavior\ReadHtmlCacheBehavior [ RunTime:0.001000s ]
INFO: [ app_begin ] --END-- [ RunTime:0.001000s ]
SQL: SHOW COLUMNS FROM `exam_member` [ RunTime:0.0030s ]
SQL: SELECT * FROM `exam_member` WHERE `name` = '沈测试' LIMIT 1   [ RunTime:0.0000s ]
INFO: [ app_end ] --START--
INFO: Run Behavior\ShowPageTraceBehavior [ RunTime:0.001000s ]
INFO: [ app_end ] --END-- [ RunTime:0.001000s ]

[ 2017-03-27T10:43:07+08:00 ] 127.0.0.1 /Home/Index/checkUsername.asp
INFO: [ app_begin ] --START--
INFO: Run Behavior\ReadHtmlCacheBehavior [ RunTime:0.001000s ]
INFO: [ app_begin ] --END-- [ RunTime:0.001000s ]
SQL: SHOW COLUMNS FROM `exam_member` [ RunTime:0.0030s ]
SQL: SELECT * FROM `exam_member` WHERE `name` = '沈测试' LIMIT 1   [ RunTime:0.0010s ]
INFO: [ app_end ] --START--
INFO: Run Behavior\ShowPageTraceBehavior [ RunTime:0.000000s ]
INFO: [ app_end ] --END-- [ RunTime:0.000000s ]

[ 2017-03-27T10:51:02+08:00 ] 127.0.0.1 /Home/Index/checkUsername.asp
INFO: [ app_begin ] --START--
INFO: Run Behavior\ReadHtmlCacheBehavior [ RunTime:0.000000s ]
INFO: [ app_begin ] --END-- [ RunTime:0.001000s ]
SQL: SHOW COLUMNS FROM `exam_member` [ RunTime:0.0150s ]
SQL: SELECT * FROM `exam_member` WHERE `name` = '沈测试' LIMIT 1   [ RunTime:0.0010s ]
INFO: [ app_end ] --START--
INFO: Run Behavior\ShowPageTraceBehavior [ RunTime:0.002000s ]
INFO: [ app_end ] --END-- [ RunTime:0.002000s ]

[ 2017-03-27T10:51:30+08:00 ] 127.0.0.1 /Home/Index/checkUsername.asp
INFO: [ app_begin ] --START--
INFO: Run Behavior\ReadHtmlCacheBehavior [ RunTime:0.001000s ]
INFO: [ app_begin ] --END-- [ RunTime:0.001000s ]
SQL: SHOW COLUMNS FROM `exam_member` [ RunTime:0.0110s ]
SQL: SELECT * FROM `exam_member` WHERE `name` = '沈测试' LIMIT 1   [ RunTime:0.0010s ]
INFO: [ app_end ] --START--
INFO: Run Behavior\ShowPageTraceBehavior [ RunTime:0.002000s ]
INFO: [ app_end ] --END-- [ RunTime:0.002000s ]

[ 2017-03-27T10:53:17+08:00 ] 127.0.0.1 /Home/Index/checkUsername.asp
INFO: [ app_begin ] --START--
INFO: Run Behavior\ReadHtmlCacheBehavior [ RunTime:0.001001s ]
INFO: [ app_begin ] --END-- [ RunTime:0.001001s ]
SQL: SHOW COLUMNS FROM `exam_member` [ RunTime:0.0060s ]
SQL: SELECT * FROM `exam_member` WHERE `name` = '沈测试' LIMIT 1   [ RunTime:0.0010s ]
INFO: [ app_end ] --START--
INFO: Run Behavior\ShowPageTraceBehavior [ RunTime:0.001000s ]
INFO: [ app_end ] --END-- [ RunTime:0.001000s ]

[ 2017-03-27T10:56:42+08:00 ] 127.0.0.1 /Home/Index/checkUsername.asp
INFO: [ app_begin ] --START--
INFO: Run Behavior\ReadHtmlCacheBehavior [ RunTime:0.001000s ]
INFO: [ app_begin ] --END-- [ RunTime:0.001000s ]
SQL: SHOW COLUMNS FROM `exam_member` [ RunTime:0.0050s ]
SQL: SELECT * FROM `exam_member` WHERE `name` = '沈测试' LIMIT 1   [ RunTime:0.0010s ]
INFO: [ app_end ] --START--
INFO: Run Behavior\ShowPageTraceBehavior [ RunTime:0.001000s ]
INFO: [ app_end ] --END-- [ RunTime:0.001000s ]

[ 2017-03-27T11:01:07+08:00 ] 127.0.0.1 /Home/Index/checkUsername.asp
INFO: [ app_begin ] --START--
INFO: Run Behavior\ReadHtmlCacheBehavior [ RunTime:0.000000s ]
INFO: [ app_begin ] --END-- [ RunTime:0.000000s ]
SQL: SHOW COLUMNS FROM `exam_member` [ RunTime:0.0130s ]
SQL: SELECT * FROM `exam_member` WHERE `name` = '沈测试' LIMIT 1   [ RunTime:0.0010s ]
INFO: [ app_end ] --START--
INFO: Run Behavior\ShowPageTraceBehavior [ RunTime:0.002000s ]
INFO: [ app_end ] --END-- [ RunTime:0.002000s ]

[ 2017-03-27T11:02:02+08:00 ] 127.0.0.1 /Home/Index/checkUsername.asp
INFO: [ app_begin ] --START--
INFO: Run Behavior\ReadHtmlCacheBehavior [ RunTime:0.000000s ]
INFO: [ app_begin ] --END-- [ RunTime:0.000000s ]
SQL: SHOW COLUMNS FROM `exam_member` [ RunTime:0.0130s ]
SQL: SELECT * FROM `exam_member` WHERE `name` = '沈测试' LIMIT 1   [ RunTime:0.0010s ]
INFO: [ app_end ] --START--
INFO: Run Behavior\ShowPageTraceBehavior [ RunTime:0.002000s ]
INFO: [ app_end ] --END-- [ RunTime:0.003000s ]

[ 2017-03-27T11:03:33+08:00 ] 127.0.0.1 /Home/Index/checkUsername.asp
INFO: [ app_begin ] --START--
INFO: Run Behavior\ReadHtmlCacheBehavior [ RunTime:0.001000s ]
INFO: [ app_begin ] --END-- [ RunTime:0.001000s ]
SQL: SHOW COLUMNS FROM `exam_member` [ RunTime:0.0110s ]
SQL: SELECT * FROM `exam_member` WHERE `name` = '沈' LIMIT 1   [ RunTime:0.0010s ]
INFO: [ app_end ] --START--
INFO: Run Behavior\ShowPageTraceBehavior [ RunTime:0.001000s ]
INFO: [ app_end ] --END-- [ RunTime:0.001000s ]

[ 2017-03-27T11:03:41+08:00 ] 127.0.0.1 /Home/Index/checkUsername.asp
INFO: [ app_begin ] --START--
INFO: Run Behavior\ReadHtmlCacheBehavior [ RunTime:0.000000s ]
INFO: [ app_begin ] --END-- [ RunTime:0.000000s ]
SQL: SHOW COLUMNS FROM `exam_member` [ RunTime:0.0130s ]
SQL: SELECT * FROM `exam_member` WHERE `name` = '沈测试' LIMIT 1   [ RunTime:0.0010s ]
INFO: [ app_end ] --START--
INFO: Run Behavior\ShowPageTraceBehavior [ RunTime:0.002001s ]
INFO: [ app_end ] --END-- [ RunTime:0.003001s ]

[ 2017-03-27T11:04:05+08:00 ] 127.0.0.1 /Home/Index/checkUsername.asp
INFO: [ app_begin ] --START--
INFO: Run Behavior\ReadHtmlCacheBehavior [ RunTime:0.001000s ]
INFO: [ app_begin ] --END-- [ RunTime:0.001000s ]
SQL: SHOW COLUMNS FROM `exam_member` [ RunTime:0.0120s ]
SQL: SELECT * FROM `exam_member` WHERE `name` = '沈测试' LIMIT 1   [ RunTime:0.0010s ]
INFO: [ app_end ] --START--
INFO: Run Behavior\ShowPageTraceBehavior [ RunTime:0.002000s ]
INFO: [ app_end ] --END-- [ RunTime:0.002000s ]

[ 2017-03-27T11:05:34+08:00 ] 127.0.0.1 /Home/Index/checkUsername.asp
INFO: [ app_begin ] --START--
INFO: Run Behavior\ReadHtmlCacheBehavior [ RunTime:0.000000s ]
INFO: [ app_begin ] --END-- [ RunTime:0.000000s ]
SQL: SHOW COLUMNS FROM `exam_member` [ RunTime:0.0120s ]
SQL: SELECT * FROM `exam_member` WHERE `name` = '1' LIMIT 1   [ RunTime:0.0010s ]
INFO: [ app_end ] --START--
INFO: Run Behavior\ShowPageTraceBehavior [ RunTime:0.002000s ]
INFO: [ app_end ] --END-- [ RunTime:0.002000s ]

[ 2017-03-27T11:05:42+08:00 ] 127.0.0.1 /Home/Index/checkUsername.asp
INFO: [ app_begin ] --START--
INFO: Run Behavior\ReadHtmlCacheBehavior [ RunTime:0.000000s ]
INFO: [ app_begin ] --END-- [ RunTime:0.001000s ]
SQL: SHOW COLUMNS FROM `exam_member` [ RunTime:0.0130s ]
SQL: SELECT * FROM `exam_member` WHERE `name` = '沈' LIMIT 1   [ RunTime:0.0010s ]
INFO: [ app_end ] --START--
INFO: Run Behavior\ShowPageTraceBehavior [ RunTime:0.002000s ]
INFO: [ app_end ] --END-- [ RunTime:0.002000s ]

[ 2017-03-27T11:05:43+08:00 ] 127.0.0.1 /Home/Index/checkUsername.asp
INFO: [ app_begin ] --START--
INFO: Run Behavior\ReadHtmlCacheBehavior [ RunTime:0.001000s ]
INFO: [ app_begin ] --END-- [ RunTime:0.001000s ]
SQL: SHOW COLUMNS FROM `exam_member` [ RunTime:0.0120s ]
SQL: SELECT * FROM `exam_member` WHERE `name` = '沈测试' LIMIT 1   [ RunTime:0.0010s ]
INFO: [ app_end ] --START--
INFO: Run Behavior\ShowPageTraceBehavior [ RunTime:0.001000s ]
INFO: [ app_end ] --END-- [ RunTime:0.002000s ]

[ 2017-03-27T11:08:01+08:00 ] 127.0.0.1 /Home/Index/checkUsername.asp
INFO: [ app_begin ] --START--
INFO: Run Behavior\ReadHtmlCacheBehavior [ RunTime:0.001000s ]
INFO: [ app_begin ] --END-- [ RunTime:0.001000s ]
SQL: SHOW COLUMNS FROM `exam_member` [ RunTime:0.0130s ]
SQL: SELECT * FROM `exam_member` WHERE `name` = '沈' LIMIT 1   [ RunTime:0.0010s ]
INFO: [ app_end ] --START--
INFO: Run Behavior\ShowPageTraceBehavior [ RunTime:0.003000s ]
INFO: [ app_end ] --END-- [ RunTime:0.003000s ]

[ 2017-03-27T11:08:03+08:00 ] 127.0.0.1 /Home/Index/checkUsername.asp
INFO: [ app_begin ] --START--
INFO: Run Behavior\ReadHtmlCacheBehavior [ RunTime:0.000000s ]
INFO: [ app_begin ] --END-- [ RunTime:0.000000s ]
SQL: SHOW COLUMNS FROM `exam_member` [ RunTime:0.0110s ]
SQL: SELECT * FROM `exam_member` WHERE `name` = '沈测试' LIMIT 1   [ RunTime:0.0010s ]
INFO: [ app_end ] --START--
INFO: Run Behavior\ShowPageTraceBehavior [ RunTime:0.002000s ]
INFO: [ app_end ] --END-- [ RunTime:0.002000s ]

[ 2017-03-27T11:10:26+08:00 ] 127.0.0.1 /Home/Index/checkUsername.asp
INFO: [ app_begin ] --START--
INFO: Run Behavior\ReadHtmlCacheBehavior [ RunTime:0.001000s ]
INFO: [ app_begin ] --END-- [ RunTime:0.001000s ]
SQL: SHOW COLUMNS FROM `exam_member` [ RunTime:0.0060s ]
SQL: SELECT * FROM `exam_member` WHERE `name` = '沈测试' LIMIT 1   [ RunTime:0.0010s ]
INFO: [ app_end ] --START--
INFO: Run Behavior\ShowPageTraceBehavior [ RunTime:0.001000s ]
INFO: [ app_end ] --END-- [ RunTime:0.001000s ]

[ 2017-03-27T11:10:35+08:00 ] 127.0.0.1 /Home/Index/checkUsername.asp
INFO: [ app_begin ] --START--
INFO: Run Behavior\ReadHtmlCacheBehavior [ RunTime:0.000000s ]
INFO: [ app_begin ] --END-- [ RunTime:0.001000s ]
SQL: SHOW COLUMNS FROM `exam_member` [ RunTime:0.0120s ]
SQL: SELECT * FROM `exam_member` WHERE `name` = '沈测试' LIMIT 1   [ RunTime:0.0010s ]
INFO: [ app_end ] --START--
INFO: Run Behavior\ShowPageTraceBehavior [ RunTime:0.002000s ]
INFO: [ app_end ] --END-- [ RunTime:0.003000s ]

[ 2017-03-27T11:10:59+08:00 ] 127.0.0.1 /Home/Index/checkUsername.asp
INFO: [ app_begin ] --START--
INFO: Run Behavior\ReadHtmlCacheBehavior [ RunTime:0.001000s ]
INFO: [ app_begin ] --END-- [ RunTime:0.001000s ]
SQL: SHOW COLUMNS FROM `exam_member` [ RunTime:0.0120s ]
SQL: SELECT * FROM `exam_member` WHERE `name` = '沈测试' LIMIT 1   [ RunTime:0.0010s ]
INFO: [ app_end ] --START--
INFO: Run Behavior\ShowPageTraceBehavior [ RunTime:0.002000s ]
INFO: [ app_end ] --END-- [ RunTime:0.002000s ]

[ 2017-03-27T11:17:30+08:00 ] 127.0.0.1 /Home/Index/checkUsername.asp
INFO: [ app_begin ] --START--
INFO: Run Behavior\ReadHtmlCacheBehavior [ RunTime:0.000000s ]
INFO: [ app_begin ] --END-- [ RunTime:0.000000s ]
SQL: SHOW COLUMNS FROM `exam_member` [ RunTime:0.0120s ]
SQL: SELECT * FROM `exam_member` WHERE `name` = '沈测试' LIMIT 1   [ RunTime:0.0010s ]
INFO: [ app_end ] --START--
INFO: Run Behavior\ShowPageTraceBehavior [ RunTime:0.002000s ]
INFO: [ app_end ] --END-- [ RunTime:0.002000s ]

[ 2017-03-27T11:17:47+08:00 ] 127.0.0.1 /Home/Index/checkUsername.asp
INFO: [ app_begin ] --START--
INFO: Run Behavior\ReadHtmlCacheBehavior [ RunTime:0.001000s ]
INFO: [ app_begin ] --END-- [ RunTime:0.001000s ]
SQL: SHOW COLUMNS FROM `exam_member` [ RunTime:0.0120s ]
SQL: SELECT * FROM `exam_member` WHERE `name` = '沈测试' LIMIT 1   [ RunTime:0.0020s ]
INFO: [ app_end ] --START--
INFO: Run Behavior\ShowPageTraceBehavior [ RunTime:0.002000s ]
INFO: [ app_end ] --END-- [ RunTime:0.002000s ]

[ 2017-03-27T11:18:53+08:00 ] 127.0.0.1 /Home/Index/checkUsername.asp
INFO: [ app_begin ] --START--
INFO: Run Behavior\ReadHtmlCacheBehavior [ RunTime:0.000000s ]
INFO: [ app_begin ] --END-- [ RunTime:0.000000s ]
SQL: SHOW COLUMNS FROM `exam_member` [ RunTime:0.0110s ]
SQL: SELECT * FROM `exam_member` WHERE `name` = '沈测试' LIMIT 1   [ RunTime:0.0010s ]
INFO: [ app_end ] --START--
INFO: Run Behavior\ShowPageTraceBehavior [ RunTime:0.002000s ]
INFO: [ app_end ] --END-- [ RunTime:0.002000s ]

[ 2017-03-27T11:19:12+08:00 ] 127.0.0.1 /Home/Index/checkUsername.asp
INFO: [ app_begin ] --START--
INFO: Run Behavior\ReadHtmlCacheBehavior [ RunTime:0.000000s ]
INFO: [ app_begin ] --END-- [ RunTime:0.000000s ]
SQL: SHOW COLUMNS FROM `exam_member` [ RunTime:0.0120s ]
SQL: SELECT * FROM `exam_member` WHERE `name` = '沈测试' LIMIT 1   [ RunTime:0.0010s ]
INFO: [ app_end ] --START--
INFO: Run Behavior\ShowPageTraceBehavior [ RunTime:0.002000s ]
INFO: [ app_end ] --END-- [ RunTime:0.002000s ]

[ 2017-03-27T11:19:19+08:00 ] 127.0.0.1 /Home/Index/checkUsername.asp
INFO: [ app_begin ] --START--
INFO: Run Behavior\ReadHtmlCacheBehavior [ RunTime:0.000000s ]
INFO: [ app_begin ] --END-- [ RunTime:0.000000s ]
SQL: SHOW COLUMNS FROM `exam_member` [ RunTime:0.0090s ]
SQL: SELECT * FROM `exam_member` WHERE `name` = '沈测试' LIMIT 1   [ RunTime:0.0010s ]
INFO: [ app_end ] --START--
INFO: Run Behavior\ShowPageTraceBehavior [ RunTime:0.001000s ]
INFO: [ app_end ] --END-- [ RunTime:0.002000s ]

[ 2017-03-27T11:19:41+08:00 ] 127.0.0.1 /Home/Index/checkUsername.asp
INFO: [ app_begin ] --START--
INFO: Run Behavior\ReadHtmlCacheBehavior [ RunTime:0.003000s ]
INFO: [ app_begin ] --END-- [ RunTime:0.004000s ]
SQL: SHOW COLUMNS FROM `exam_member` [ RunTime:0.0130s ]
SQL: SELECT * FROM `exam_member` WHERE `name` = '沈测试' LIMIT 1   [ RunTime:0.0010s ]
INFO: [ app_end ] --START--
INFO: Run Behavior\ShowPageTraceBehavior [ RunTime:0.003000s ]
INFO: [ app_end ] --END-- [ RunTime:0.003000s ]

[ 2017-03-27T11:22:11+08:00 ] 127.0.0.1 /Home/Index/checkUsername.asp
INFO: [ app_begin ] --START--
INFO: Run Behavior\ReadHtmlCacheBehavior [ RunTime:0.000000s ]
INFO: [ app_begin ] --END-- [ RunTime:0.000000s ]
SQL: SHOW COLUMNS FROM `exam_member` [ RunTime:0.0140s ]
SQL: SELECT * FROM `exam_member` WHERE `name` = '沈测试' LIMIT 1   [ RunTime:0.0010s ]
INFO: [ app_end ] --START--
INFO: Run Behavior\ShowPageTraceBehavior [ RunTime:0.002000s ]
INFO: [ app_end ] --END-- [ RunTime:0.002000s ]

[ 2017-03-27T11:22:17+08:00 ] 127.0.0.1 /Home/Index/checkUsername.asp
INFO: [ app_begin ] --START--
INFO: Run Behavior\ReadHtmlCacheBehavior [ RunTime:0.000000s ]
INFO: [ app_begin ] --END-- [ RunTime:0.000000s ]
SQL: SHOW COLUMNS FROM `exam_member` [ RunTime:0.0130s ]
SQL: SELECT * FROM `exam_member` WHERE `name` = '沈测试' LIMIT 1   [ RunTime:0.0010s ]
INFO: [ app_end ] --START--
INFO: Run Behavior\ShowPageTraceBehavior [ RunTime:0.002000s ]
INFO: [ app_end ] --END-- [ RunTime:0.002000s ]

[ 2017-03-27T11:23:09+08:00 ] 127.0.0.1 /Home/Index/checkUsername.asp
INFO: [ app_begin ] --START--
INFO: Run Behavior\ReadHtmlCacheBehavior [ RunTime:0.000000s ]
INFO: [ app_begin ] --END-- [ RunTime:0.000000s ]
SQL: SHOW COLUMNS FROM `exam_member` [ RunTime:0.0110s ]
SQL: SELECT * FROM `exam_member` WHERE `name` = '沈测试' LIMIT 1   [ RunTime:0.0000s ]
INFO: [ app_end ] --START--
INFO: Run Behavior\ShowPageTraceBehavior [ RunTime:0.001000s ]
INFO: [ app_end ] --END-- [ RunTime:0.001000s ]

[ 2017-03-27T11:23:22+08:00 ] 127.0.0.1 /Home/Index/checkUsername.asp
INFO: [ app_begin ] --START--
INFO: Run Behavior\ReadHtmlCacheBehavior [ RunTime:0.001000s ]
INFO: [ app_begin ] --END-- [ RunTime:0.001000s ]
SQL: SHOW COLUMNS FROM `exam_member` [ RunTime:0.0130s ]
SQL: SELECT * FROM `exam_member` WHERE `name` = '沈测试' LIMIT 1   [ RunTime:0.0010s ]
INFO: [ app_end ] --START--
INFO: Run Behavior\ShowPageTraceBehavior [ RunTime:0.002000s ]
INFO: [ app_end ] --END-- [ RunTime:0.002000s ]

[ 2017-03-27T11:23:39+08:00 ] 127.0.0.1 /Home/Index/checkUsername.asp
INFO: [ app_begin ] --START--
INFO: Run Behavior\ReadHtmlCacheBehavior [ RunTime:0.001000s ]
INFO: [ app_begin ] --END-- [ RunTime:0.001000s ]
SQL: SHOW COLUMNS FROM `exam_member` [ RunTime:0.0030s ]
SQL: SELECT * FROM `exam_member` WHERE `name` = '沈测试' LIMIT 1   [ RunTime:0.0010s ]
INFO: [ app_end ] --START--
INFO: Run Behavior\ShowPageTraceBehavior [ RunTime:0.000000s ]
INFO: [ app_end ] --END-- [ RunTime:0.000000s ]

[ 2017-03-27T11:24:50+08:00 ] 127.0.0.1 /Home/Index/checkUsername.asp
INFO: [ app_begin ] --START--
INFO: Run Behavior\ReadHtmlCacheBehavior [ RunTime:0.001000s ]
INFO: [ app_begin ] --END-- [ RunTime:0.001000s ]
SQL: SHOW COLUMNS FROM `exam_member` [ RunTime:0.0080s ]
SQL: SELECT * FROM `exam_member` WHERE `name` = '沈测试' LIMIT 1   [ RunTime:0.0010s ]
INFO: [ app_end ] --START--
INFO: Run Behavior\ShowPageTraceBehavior [ RunTime:0.001000s ]
INFO: [ app_end ] --END-- [ RunTime:0.001000s ]

[ 2017-03-27T11:24:57+08:00 ] 127.0.0.1 /Home/Index/checkUsername.asp
INFO: [ app_begin ] --START--
INFO: Run Behavior\ReadHtmlCacheBehavior [ RunTime:0.001000s ]
INFO: [ app_begin ] --END-- [ RunTime:0.001000s ]
SQL: SHOW COLUMNS FROM `exam_member` [ RunTime:0.0180s ]
SQL: SELECT * FROM `exam_member` WHERE `name` = '沈测试' LIMIT 1   [ RunTime:0.0010s ]
INFO: [ app_end ] --START--
INFO: Run Behavior\ShowPageTraceBehavior [ RunTime:0.001000s ]
INFO: [ app_end ] --END-- [ RunTime:0.001000s ]

[ 2017-03-27T11:26:42+08:00 ] 127.0.0.1 /Home/Index/checkUsername.asp
INFO: [ app_begin ] --START--
INFO: Run Behavior\ReadHtmlCacheBehavior [ RunTime:0.001000s ]
INFO: [ app_begin ] --END-- [ RunTime:0.001000s ]
SQL: SHOW COLUMNS FROM `exam_member` [ RunTime:0.0130s ]
SQL: SELECT * FROM `exam_member` WHERE `name` = '沈测试' LIMIT 1   [ RunTime:0.0000s ]
INFO: [ app_end ] --START--
INFO: Run Behavior\ShowPageTraceBehavior [ RunTime:0.000000s ]
INFO: [ app_end ] --END-- [ RunTime:0.000000s ]

[ 2017-03-27T11:29:26+08:00 ] 127.0.0.1 /Home/Index/checkUsername.asp
INFO: [ app_begin ] --START--
INFO: Run Behavior\ReadHtmlCacheBehavior [ RunTime:0.000000s ]
INFO: [ app_begin ] --END-- [ RunTime:0.000000s ]
SQL: SHOW COLUMNS FROM `exam_member` [ RunTime:0.0160s ]
SQL: SELECT * FROM `exam_member` WHERE `name` = '沈测试' LIMIT 1   [ RunTime:0.0020s ]
INFO: [ app_end ] --START--
INFO: Run Behavior\ShowPageTraceBehavior [ RunTime:0.003000s ]
INFO: [ app_end ] --END-- [ RunTime:0.003000s ]

[ 2017-03-27T11:29:34+08:00 ] 127.0.0.1 /Home/Index/checkUsername.asp
INFO: [ app_begin ] --START--
INFO: Run Behavior\ReadHtmlCacheBehavior [ RunTime:0.001000s ]
INFO: [ app_begin ] --END-- [ RunTime:0.001000s ]
SQL: SHOW COLUMNS FROM `exam_member` [ RunTime:0.0120s ]
SQL: SELECT * FROM `exam_member` WHERE `name` = '沈测试' LIMIT 1   [ RunTime:0.0010s ]
INFO: [ app_end ] --START--
INFO: Run Behavior\ShowPageTraceBehavior [ RunTime:0.002000s ]
INFO: [ app_end ] --END-- [ RunTime:0.002000s ]

[ 2017-03-27T11:29:43+08:00 ] 127.0.0.1 /Home/Index/checkUsername.asp
INFO: [ app_begin ] --START--
INFO: Run Behavior\ReadHtmlCacheBehavior [ RunTime:0.000000s ]
INFO: [ app_begin ] --END-- [ RunTime:0.000000s ]
SQL: SHOW COLUMNS FROM `exam_member` [ RunTime:0.0110s ]
SQL: SELECT * FROM `exam_member` WHERE `name` = '沈测试' LIMIT 1   [ RunTime:0.0020s ]
INFO: [ app_end ] --START--
INFO: Run Behavior\ShowPageTraceBehavior [ RunTime:0.002000s ]
INFO: [ app_end ] --END-- [ RunTime:0.002000s ]

