[ 2017-03-17T11:35:05+08:00 ] ::1 /test/Uploads/TestPic/2017-03-17/100_58cb3aff29501.png
ERR: 无法加载模块:Uploads

[ 2017-03-17T11:35:05+08:00 ] ::1 /test/Uploads/TestPic/2017-03-17/100_58cb57c3d9e27.png
ERR: 无法加载模块:Uploads

[ 2017-03-17T11:35:05+08:00 ] ::1 /test/Uploads/TestPic/2017-03-17/100_58cb3bd4627d5.png
ERR: 无法加载模块:Uploads

[ 2017-03-17T11:35:24+08:00 ] ::1 /test/Uploads/TestPic/2017-03-17/100_58cb3bd4627d5.png
ERR: 无法加载模块:Uploads

[ 2017-03-17T11:35:24+08:00 ] ::1 /test/Uploads/TestPic/2017-03-17/100_58cb57c3d9e27.png
ERR: 无法加载模块:Uploads

[ 2017-03-17T11:35:24+08:00 ] ::1 /test/Uploads/TestPic/2017-03-17/100_58cb3aff29501.png
ERR: 无法加载模块:Uploads

[ 2017-03-17T11:36:53+08:00 ] ::1 /test/Uploads/TestPic/2017-03-17/200_58cb3aff29501.png
ERR: 无法加载模块:Uploads

[ 2017-03-17T11:36:53+08:00 ] ::1 /test/Uploads/TestPic/2017-03-17/200_58cb57c3d9e27.png
ERR: 无法加载模块:Uploads

[ 2017-03-17T11:36:53+08:00 ] ::1 /test/Uploads/TestPic/2017-03-17/200_58cb3bd4627d5.png
ERR: 无法加载模块:Uploads

[ 2017-03-17T11:37:05+08:00 ] ::1 /test/Uploads/TestPic/2017-03-17/100_58cb57c3d9e27.png
ERR: 无法加载模块:Uploads

[ 2017-03-17T11:37:05+08:00 ] ::1 /test/Uploads/TestPic/2017-03-17/100_58cb3aff29501.png
ERR: 无法加载模块:Uploads

[ 2017-03-17T11:37:05+08:00 ] ::1 /test/Uploads/TestPic/2017-03-17/100_58cb3bd4627d5.png
ERR: 无法加载模块:Uploads

[ 2017-03-17T11:37:38+08:00 ] ::1 /test/Uploads/TestPic/2017-03-17/200_58cb57c3d9e27.png
ERR: 无法加载模块:Uploads

[ 2017-03-17T11:37:38+08:00 ] ::1 /test/Uploads/TestPic/2017-03-17/200_58cb3aff29501.png
ERR: 无法加载模块:Uploads

[ 2017-03-17T11:37:38+08:00 ] ::1 /test/Uploads/TestPic/2017-03-17/200_58cb3bd4627d5.png
ERR: 无法加载模块:Uploads

[ 2017-03-17T11:38:15+08:00 ] ::1 /test/Uploads/TestPic/2017-03-17/100_58cb57c3d9e27.png
ERR: 无法加载模块:Uploads

[ 2017-03-17T11:38:15+08:00 ] ::1 /test/Uploads/TestPic/2017-03-17/100_58cb3aff29501.png
ERR: 无法加载模块:Uploads

[ 2017-03-17T11:38:15+08:00 ] ::1 /test/Uploads/TestPic/2017-03-17/100_58cb3bd4627d5.png
ERR: 无法加载模块:Uploads

[ 2017-03-17T11:38:40+08:00 ] ::1 /test/Uploads/TestPic/2017-03-17/100_58cb3aff29501.png
ERR: 无法加载模块:Uploads

[ 2017-03-17T11:38:40+08:00 ] ::1 /test/Uploads/TestPic/2017-03-17/100_58cb57c3d9e27.png
ERR: 无法加载模块:Uploads

[ 2017-03-17T11:38:40+08:00 ] ::1 /test/Uploads/TestPic/2017-03-17/100_58cb3bd4627d5.png
ERR: 无法加载模块:Uploads

[ 2017-03-17T11:39:07+08:00 ] ::1 /test/Uploads/TestPic/2017-03-17/100_58cb3bd4627d5.png
ERR: 无法加载模块:Uploads

[ 2017-03-17T11:39:07+08:00 ] ::1 /test/Uploads/TestPic/2017-03-17/100_58cb57c3d9e27.png
ERR: 无法加载模块:Uploads

[ 2017-03-17T11:39:07+08:00 ] ::1 /test/Uploads/TestPic/2017-03-17/100_58cb3aff29501.png
ERR: 无法加载模块:Uploads

[ 2017-03-17T11:39:18+08:00 ] ::1 /test/Uploads/TestPic/2017-03-17/100_58cb3aff29501.png
ERR: 无法加载模块:Uploads

[ 2017-03-17T11:39:18+08:00 ] ::1 /test/Uploads/TestPic/2017-03-17/100_58cb57c3d9e27.png
ERR: 无法加载模块:Uploads

[ 2017-03-17T11:39:18+08:00 ] ::1 /test/Uploads/TestPic/2017-03-17/100_58cb3bd4627d5.png
ERR: 无法加载模块:Uploads

[ 2017-03-17T11:39:44+08:00 ] ::1 /test/Uploads/TestPic/2017-03-17/100_58cb3bd4627d5.png
ERR: 无法加载模块:Uploads

[ 2017-03-17T11:39:44+08:00 ] ::1 /test/Uploads/TestPic/2017-03-17/100_58cb57c3d9e27.png
ERR: 无法加载模块:Uploads

[ 2017-03-17T11:39:44+08:00 ] ::1 /test/Uploads/TestPic/2017-03-17/100_58cb3aff29501.png
ERR: 无法加载模块:Uploads

[ 2017-03-17T11:40:35+08:00 ] ::1 /test/Uploads/TestPic/2017-03-17/100_58cb57c3d9e27.png
ERR: 无法加载模块:Uploads

[ 2017-03-17T11:40:35+08:00 ] ::1 /test/Uploads/TestPic/2017-03-17/100_58cb3aff29501.png
ERR: 无法加载模块:Uploads

[ 2017-03-17T11:40:36+08:00 ] ::1 /test/Uploads/TestPic/2017-03-17/100_58cb3bd4627d5.png
ERR: 无法加载模块:Uploads

[ 2017-03-17T11:40:44+08:00 ] ::1 /test/Uploads/TestPic/2017-03-17/100_58cb57c3d9e27.png
ERR: 无法加载模块:Uploads

[ 2017-03-17T11:40:44+08:00 ] ::1 /test/Uploads/TestPic/2017-03-17/100_58cb3bd4627d5.png
ERR: 无法加载模块:Uploads

[ 2017-03-17T11:40:44+08:00 ] ::1 /test/Uploads/TestPic/2017-03-17/100_58cb3aff29501.png
ERR: 无法加载模块:Uploads

[ 2017-03-17T11:40:59+08:00 ] ::1 /test/Uploads/TestPic/2017-03-17/100_58cb57c3d9e27.png
ERR: 无法加载模块:Uploads

[ 2017-03-17T11:40:59+08:00 ] ::1 /test/Uploads/TestPic/2017-03-17/100_58cb3aff29501.png
ERR: 无法加载模块:Uploads

[ 2017-03-17T11:40:59+08:00 ] ::1 /test/Uploads/TestPic/2017-03-17/100_58cb3bd4627d5.png
ERR: 无法加载模块:Uploads

[ 2017-03-17T11:41:03+08:00 ] ::1 /test/Uploads/TestPic/2017-03-17/100_58cb3aff29501.png
ERR: 无法加载模块:Uploads

[ 2017-03-17T11:41:03+08:00 ] ::1 /test/Uploads/TestPic/2017-03-17/100_58cb3bd4627d5.png
ERR: 无法加载模块:Uploads

[ 2017-03-17T11:41:03+08:00 ] ::1 /test/Uploads/TestPic/2017-03-17/100_58cb57c3d9e27.png
ERR: 无法加载模块:Uploads

[ 2017-03-17T11:41:08+08:00 ] ::1 /test/Uploads/TestPic/2017-03-17/100_58cb57c3d9e27.png
ERR: 无法加载模块:Uploads

[ 2017-03-17T11:41:08+08:00 ] ::1 /test/Uploads/TestPic/2017-03-17/100_58cb3bd4627d5.png
ERR: 无法加载模块:Uploads

[ 2017-03-17T11:41:08+08:00 ] ::1 /test/Uploads/TestPic/2017-03-17/100_58cb3aff29501.png
ERR: 无法加载模块:Uploads

[ 2017-03-17T11:51:52+08:00 ] ::1 /test/Uploads/TestPic/2017-03-17/100_58cb3bd4627d5.png
ERR: 无法加载模块:Uploads

[ 2017-03-17T11:51:52+08:00 ] ::1 /test/Uploads/TestPic/2017-03-17/100_58cb57c3d9e27.png
ERR: 无法加载模块:Uploads

[ 2017-03-17T11:51:52+08:00 ] ::1 /test/Uploads/TestPic/2017-03-17/100_58cb3aff29501.png
ERR: 无法加载模块:Uploads

[ 2017-03-17T13:27:59+08:00 ] ::1 /test/uploads/TesShortPic/2017-03-17/100_58cb3bf804042.png
ERR: 无法加载模块:Uploads

[ 2017-03-17T13:28:20+08:00 ] ::1 /test/uploads/TesShortPic/2017-03-17/100_58cb3bf804042.png
ERR: 无法加载模块:Uploads

[ 2017-03-17T13:28:25+08:00 ] ::1 /test/uploads/TesShortPic/2017-03-17/100_58cb3bf804042.png
ERR: 无法加载模块:Uploads

[ 2017-03-17T13:28:51+08:00 ] ::1 /test/uploads/TesShortPic/2017-03-17/100_58cb3bf804042.png
ERR: 无法加载模块:Uploads

[ 2017-03-17T13:28:53+08:00 ] ::1 /test/uploads/TesShortPic/2017-03-17/100_58cb3bf804042.png
ERR: 无法加载模块:Uploads

[ 2017-03-17T13:28:55+08:00 ] ::1 /test/uploads/TesShortPic/2017-03-17/100_58cb3bf804042.png
ERR: 无法加载模块:Uploads

[ 2017-03-17T13:28:57+08:00 ] ::1 /test/uploads/TesShortPic/2017-03-17/100_58cb3bf804042.png
ERR: 无法加载模块:Uploads

[ 2017-03-17T13:29:40+08:00 ] ::1 /test/uploads/TesShortPic/2017-03-17/100_58cb3bf804042.png
ERR: 无法加载模块:Uploads

[ 2017-03-17T13:29:40+08:00 ] ::1 /test/uploads/TesShortPic/2017-03-17/100_58cb743fa4ec1.png
ERR: 无法加载模块:Uploads

[ 2017-03-17T13:29:43+08:00 ] ::1 /test/uploads/TesShortPic/2017-03-17/100_58cb743fa4ec1.png
ERR: 无法加载模块:Uploads

[ 2017-03-17T13:29:43+08:00 ] ::1 /test/uploads/TesShortPic/2017-03-17/100_58cb3bf804042.png
ERR: 无法加载模块:Uploads

[ 2017-03-17T13:31:04+08:00 ] ::1 /test/Uploads/TestShortPic/2017-03-17/100_58cb3bf804042.png
ERR: 无法加载模块:Uploads

[ 2017-03-17T13:38:52+08:00 ] ::1 /test/Uploads/TestShortPic/2017-03-17/100_58cb3bf804042.png
ERR: 无法加载模块:Uploads

[ 2017-03-17T14:06:13+08:00 ] ::1 /test/Uploads/TestPic/2017-03-17/100_58cb3aff29501.png
ERR: 无法加载模块:Uploads

[ 2017-03-17T14:06:13+08:00 ] ::1 /test/Uploads/TestPic/2017-03-17/100_58cb3bd4627d5.png
ERR: 无法加载模块:Uploads

[ 2017-03-17T14:06:13+08:00 ] ::1 /test/Uploads/TestPic/2017-03-17/100_58cb57c3d9e27.png
ERR: 无法加载模块:Uploads

[ 2017-03-17T14:06:18+08:00 ] ::1 /test/Uploads/TestPic/2017-03-17/100_58cb3aff29501.png
ERR: 无法加载模块:Uploads

[ 2017-03-17T14:06:18+08:00 ] ::1 /test/Uploads/TestPic/2017-03-17/100_58cb57c3d9e27.png
ERR: 无法加载模块:Uploads

[ 2017-03-17T14:06:18+08:00 ] ::1 /test/Uploads/TestPic/2017-03-17/100_58cb3bd4627d5.png
ERR: 无法加载模块:Uploads

[ 2017-03-17T15:45:59+08:00 ] ::1 /test/Uploads/TestPic/2017-03-17/100_58cb3bd4627d5.png
ERR: 无法加载模块:Uploads

[ 2017-03-17T15:45:59+08:00 ] ::1 /test/Uploads/TestPic/2017-03-17/100_58cb3aff29501.png
ERR: 无法加载模块:Uploads

[ 2017-03-17T15:45:59+08:00 ] ::1 /test/Uploads/TestPic/2017-03-17/100_58cb57c3d9e27.png
ERR: 无法加载模块:Uploads

[ 2017-03-17T15:45:59+08:00 ] ::1 /test/Uploads/TestPic/2017-03-17/100_58cb3bd4627d5.png
ERR: 无法加载模块:Uploads

[ 2017-03-17T15:45:59+08:00 ] ::1 /test/Uploads/TestPic/2017-03-17/100_58cb3aff29501.png
ERR: 无法加载模块:Uploads

[ 2017-03-17T15:45:59+08:00 ] ::1 /test/Uploads/TestPic/2017-03-17/100_58cb57c3d9e27.png
ERR: 无法加载模块:Uploads

[ 2017-03-17T17:58:20+08:00 ] ::1 /test/Uploads/TestPic/2017-03-17/100_58cb3bd4627d5.png
ERR: 无法加载模块:Uploads

[ 2017-03-17T17:58:20+08:00 ] ::1 /test/Uploads/TestPic/2017-03-17/100_58cb57c3d9e27.png
ERR: 无法加载模块:Uploads

[ 2017-03-17T17:58:20+08:00 ] ::1 /test/Uploads/TestPic/2017-03-17/100_58cb3aff29501.png
ERR: 无法加载模块:Uploads

[ 2017-03-17T17:58:20+08:00 ] ::1 /test/Uploads/TestPic/2017-03-17/100_58cb57c3d9e27.png
ERR: 无法加载模块:Uploads

[ 2017-03-17T17:58:20+08:00 ] ::1 /test/Uploads/TestPic/2017-03-17/100_58cb3bd4627d5.png
ERR: 无法加载模块:Uploads

[ 2017-03-17T17:59:29+08:00 ] ::1 /test/Uploads/TestPic/2017-03-17/100_58cb3bd4627d5.png
ERR: 无法加载模块:Uploads

[ 2017-03-17T17:59:29+08:00 ] ::1 /test/Uploads/TestPic/2017-03-17/100_58cb57c3d9e27.png
ERR: 无法加载模块:Uploads

[ 2017-03-17T17:59:29+08:00 ] ::1 /test/Uploads/TestPic/2017-03-17/100_58cb3aff29501.png
ERR: 无法加载模块:Uploads

[ 2017-03-17T18:01:04+08:00 ] ::1 /test/Uploads/TestPic/2017-03-17/100_58cb57c3d9e27.png
ERR: 无法加载模块:Uploads

[ 2017-03-17T18:01:04+08:00 ] ::1 /test/Uploads/TestPic/2017-03-17/100_58cb3bd4627d5.png
ERR: 无法加载模块:Uploads

[ 2017-03-17T18:01:04+08:00 ] ::1 /test/Uploads/TestPic/2017-03-17/100_58cb3aff29501.png
ERR: 无法加载模块:Uploads

[ 2017-03-17T18:01:04+08:00 ] ::1 /test/Uploads/TestPic/2017-03-17/100_58cb3bd4627d5.png
ERR: 无法加载模块:Uploads

[ 2017-03-17T18:01:04+08:00 ] ::1 /test/Uploads/TestPic/2017-03-17/100_58cb57c3d9e27.png
ERR: 无法加载模块:Uploads

[ 2017-03-17T18:02:48+08:00 ] ::1 /test/Uploads/TestPic/2017-03-17/100_58cb3bd4627d5.png
ERR: 无法加载模块:Uploads

[ 2017-03-17T18:02:48+08:00 ] ::1 /test/Uploads/TestPic/2017-03-17/100_58cb3aff29501.png
ERR: 无法加载模块:Uploads

[ 2017-03-17T18:02:48+08:00 ] ::1 /test/Uploads/TestPic/2017-03-17/100_58cb57c3d9e27.png
ERR: 无法加载模块:Uploads

[ 2017-03-17T18:02:48+08:00 ] ::1 /test/Uploads/TestPic/2017-03-17/100_58cb3bd4627d5.png
ERR: 无法加载模块:Uploads

[ 2017-03-17T18:02:48+08:00 ] ::1 /test/Uploads/TestPic/2017-03-17/100_58cb3aff29501.png
ERR: 无法加载模块:Uploads

[ 2017-03-17T18:02:48+08:00 ] ::1 /test/Uploads/TestPic/2017-03-17/100_58cb57c3d9e27.png
ERR: 无法加载模块:Uploads

[ 2017-03-17T18:04:31+08:00 ] ::1 /test/Uploads/TestPic/2017-03-17/100_58cb57c3d9e27.png
ERR: 无法加载模块:Uploads

[ 2017-03-17T18:04:31+08:00 ] ::1 /test/Uploads/TestPic/2017-03-17/100_58cb3aff29501.png
ERR: 无法加载模块:Uploads

[ 2017-03-17T18:04:31+08:00 ] ::1 /test/Uploads/TestPic/2017-03-17/100_58cb3bd4627d5.png
ERR: 无法加载模块:Uploads

[ 2017-03-17T18:05:37+08:00 ] ::1 /test/Uploads/TestPic/2017-03-17/100_58cb3bd4627d5.png
ERR: 无法加载模块:Uploads

[ 2017-03-17T18:05:37+08:00 ] ::1 /test/Uploads/TestPic/2017-03-17/100_58cb57c3d9e27.png
ERR: 无法加载模块:Uploads

[ 2017-03-17T18:05:37+08:00 ] ::1 /test/Uploads/TestPic/2017-03-17/100_58cb3aff29501.png
ERR: 无法加载模块:Uploads

[ 2017-03-17T18:06:40+08:00 ] ::1 /test/Uploads/TestPic/2017-03-17/100_58cb57c3d9e27.png
ERR: 无法加载模块:Uploads

[ 2017-03-17T18:06:40+08:00 ] ::1 /test/Uploads/TestPic/2017-03-17/100_58cb3aff29501.png
ERR: 无法加载模块:Uploads

[ 2017-03-17T18:06:40+08:00 ] ::1 /test/Uploads/TestPic/2017-03-17/100_58cb3bd4627d5.png
ERR: 无法加载模块:Uploads

[ 2017-03-17T18:07:22+08:00 ] ::1 /test/Uploads/TestPic/2017-03-17/100_58cb3bd4627d5.png
ERR: 无法加载模块:Uploads

[ 2017-03-17T18:07:22+08:00 ] ::1 /test/Uploads/TestPic/2017-03-17/100_58cb3aff29501.png
ERR: 无法加载模块:Uploads

[ 2017-03-17T18:07:22+08:00 ] ::1 /test/Uploads/TestPic/2017-03-17/100_58cb57c3d9e27.png
ERR: 无法加载模块:Uploads

[ 2017-03-17T18:07:52+08:00 ] ::1 /test/Uploads/TestPic/2017-03-17/100_58cb57c3d9e27.png
ERR: 无法加载模块:Uploads

[ 2017-03-17T18:07:52+08:00 ] ::1 /test/Uploads/TestPic/2017-03-17/100_58cb3aff29501.png
ERR: 无法加载模块:Uploads

[ 2017-03-17T18:07:52+08:00 ] ::1 /test/Uploads/TestPic/2017-03-17/100_58cb3bd4627d5.png
ERR: 无法加载模块:Uploads

[ 2017-03-17T18:08:07+08:00 ] ::1 /test/Uploads/TestPic/2017-03-17/100_58cb3bd4627d5.png
ERR: 无法加载模块:Uploads

[ 2017-03-17T18:08:07+08:00 ] ::1 /test/Uploads/TestPic/2017-03-17/100_58cb57c3d9e27.png
ERR: 无法加载模块:Uploads

[ 2017-03-17T18:08:07+08:00 ] ::1 /test/Uploads/TestPic/2017-03-17/100_58cb3aff29501.png
ERR: 无法加载模块:Uploads

[ 2017-03-17T18:08:30+08:00 ] ::1 /test/Uploads/TestPic/2017-03-17/100_58cb3aff29501.png
ERR: 无法加载模块:Uploads

[ 2017-03-17T18:08:30+08:00 ] ::1 /test/Uploads/TestPic/2017-03-17/100_58cb3bd4627d5.png
ERR: 无法加载模块:Uploads

[ 2017-03-17T18:08:30+08:00 ] ::1 /test/Uploads/TestPic/2017-03-17/100_58cb57c3d9e27.png
ERR: 无法加载模块:Uploads

[ 2017-03-17T18:08:44+08:00 ] ::1 /test/Uploads/TestPic/2017-03-17/100_58cb57c3d9e27.png
ERR: 无法加载模块:Uploads

[ 2017-03-17T18:08:44+08:00 ] ::1 /test/Uploads/TestPic/2017-03-17/100_58cb3bd4627d5.png
ERR: 无法加载模块:Uploads

[ 2017-03-17T18:08:44+08:00 ] ::1 /test/Uploads/TestPic/2017-03-17/100_58cb3aff29501.png
ERR: 无法加载模块:Uploads

[ 2017-03-17T18:08:55+08:00 ] ::1 /test/Uploads/TestPic/2017-03-17/100_58cb57c3d9e27.png
ERR: 无法加载模块:Uploads

[ 2017-03-17T18:08:55+08:00 ] ::1 /test/Uploads/TestPic/2017-03-17/100_58cb3bd4627d5.png
ERR: 无法加载模块:Uploads

[ 2017-03-17T18:08:55+08:00 ] ::1 /test/Uploads/TestPic/2017-03-17/100_58cb3aff29501.png
ERR: 无法加载模块:Uploads

[ 2017-03-17T18:09:13+08:00 ] ::1 /test/Uploads/TestPic/2017-03-17/100_58cb3bd4627d5.png
ERR: 无法加载模块:Uploads

[ 2017-03-17T18:09:13+08:00 ] ::1 /test/Uploads/TestPic/2017-03-17/100_58cb57c3d9e27.png
ERR: 无法加载模块:Uploads

[ 2017-03-17T18:09:13+08:00 ] ::1 /test/Uploads/TestPic/2017-03-17/100_58cb3aff29501.png
ERR: 无法加载模块:Uploads

[ 2017-03-17T18:09:24+08:00 ] ::1 /test/Uploads/TestPic/2017-03-17/100_58cb3aff29501.png
ERR: 无法加载模块:Uploads

[ 2017-03-17T18:09:24+08:00 ] ::1 /test/Uploads/TestPic/2017-03-17/100_58cb57c3d9e27.png
ERR: 无法加载模块:Uploads

[ 2017-03-17T18:09:24+08:00 ] ::1 /test/Uploads/TestPic/2017-03-17/100_58cb3bd4627d5.png
ERR: 无法加载模块:Uploads

[ 2017-03-17T18:09:35+08:00 ] ::1 /test/Uploads/TestPic/2017-03-17/100_58cb57c3d9e27.png
ERR: 无法加载模块:Uploads

[ 2017-03-17T18:09:35+08:00 ] ::1 /test/Uploads/TestPic/2017-03-17/100_58cb3aff29501.png
ERR: 无法加载模块:Uploads

[ 2017-03-17T18:09:35+08:00 ] ::1 /test/Uploads/TestPic/2017-03-17/100_58cb3bd4627d5.png
ERR: 无法加载模块:Uploads

[ 2017-03-17T18:09:46+08:00 ] ::1 /test/Uploads/TestPic/2017-03-17/100_58cb57c3d9e27.png
ERR: 无法加载模块:Uploads

[ 2017-03-17T18:09:46+08:00 ] ::1 /test/Uploads/TestPic/2017-03-17/100_58cb3bd4627d5.png
ERR: 无法加载模块:Uploads

[ 2017-03-17T18:09:46+08:00 ] ::1 /test/Uploads/TestPic/2017-03-17/100_58cb3aff29501.png
ERR: 无法加载模块:Uploads

[ 2017-03-17T18:17:08+08:00 ] ::1 /test/Uploads/TestPic/2017-03-17/100_58cb3aff29501.png
ERR: 无法加载模块:Uploads

[ 2017-03-17T18:17:08+08:00 ] ::1 /test/Uploads/TestPic/2017-03-17/100_58cb57c3d9e27.png
ERR: 无法加载模块:Uploads

[ 2017-03-17T18:17:08+08:00 ] ::1 /test/Uploads/TestPic/2017-03-17/100_58cb3bd4627d5.png
ERR: 无法加载模块:Uploads

[ 2017-03-17T18:17:17+08:00 ] ::1 /test/Uploads/TestPic/2017-03-17/100_58cb57c3d9e27.png
ERR: 无法加载模块:Uploads

[ 2017-03-17T18:17:17+08:00 ] ::1 /test/Uploads/TestPic/2017-03-17/100_58cb3aff29501.png
ERR: 无法加载模块:Uploads

[ 2017-03-17T18:17:17+08:00 ] ::1 /test/Uploads/TestPic/2017-03-17/100_58cb3bd4627d5.png
ERR: 无法加载模块:Uploads

[ 2017-03-17T18:17:25+08:00 ] ::1 /test/Uploads/TestPic/2017-03-17/100_58cb3aff29501.png
ERR: 无法加载模块:Uploads

[ 2017-03-17T18:17:25+08:00 ] ::1 /test/Uploads/TestPic/2017-03-17/100_58cb57c3d9e27.png
ERR: 无法加载模块:Uploads

[ 2017-03-17T18:17:25+08:00 ] ::1 /test/Uploads/TestPic/2017-03-17/100_58cb3bd4627d5.png
ERR: 无法加载模块:Uploads

[ 2017-03-17T18:17:34+08:00 ] ::1 /test/Uploads/TestPic/2017-03-17/100_58cb57c3d9e27.png
ERR: 无法加载模块:Uploads

[ 2017-03-17T18:17:34+08:00 ] ::1 /test/Uploads/TestPic/2017-03-17/100_58cb3aff29501.png
ERR: 无法加载模块:Uploads

[ 2017-03-17T18:17:34+08:00 ] ::1 /test/Uploads/TestPic/2017-03-17/100_58cb3bd4627d5.png
ERR: 无法加载模块:Uploads

[ 2017-03-17T18:18:12+08:00 ] ::1 /test/Uploads/TestPic/2017-03-17/100_58cb3bd4627d5.png
ERR: 无法加载模块:Uploads

[ 2017-03-17T18:18:12+08:00 ] ::1 /test/Uploads/TestPic/2017-03-17/100_58cb57c3d9e27.png
ERR: 无法加载模块:Uploads

[ 2017-03-17T18:18:12+08:00 ] ::1 /test/Uploads/TestPic/2017-03-17/100_58cb3aff29501.png
ERR: 无法加载模块:Uploads

[ 2017-03-17T18:19:12+08:00 ] ::1 /test/Uploads/TestPic/2017-03-17/100_58cb3aff29501.png
ERR: 无法加载模块:Uploads

[ 2017-03-17T18:19:12+08:00 ] ::1 /test/Uploads/TestPic/2017-03-17/100_58cb57c3d9e27.png
ERR: 无法加载模块:Uploads

[ 2017-03-17T18:19:12+08:00 ] ::1 /test/Uploads/TestPic/2017-03-17/100_58cb3bd4627d5.png
ERR: 无法加载模块:Uploads

[ 2017-03-17T18:19:26+08:00 ] ::1 /test/Uploads/TestPic/2017-03-17/100_58cb57c3d9e27.png
ERR: 无法加载模块:Uploads

[ 2017-03-17T18:19:26+08:00 ] ::1 /test/Uploads/TestPic/2017-03-17/100_58cb3aff29501.png
ERR: 无法加载模块:Uploads

[ 2017-03-17T18:19:26+08:00 ] ::1 /test/Uploads/TestPic/2017-03-17/100_58cb3bd4627d5.png
ERR: 无法加载模块:Uploads

[ 2017-03-17T18:20:48+08:00 ] ::1 /test/Uploads/TestPic/2017-03-17/100_58cb3bd4627d5.png
ERR: 无法加载模块:Uploads

[ 2017-03-17T18:20:48+08:00 ] ::1 /test/Uploads/TestPic/2017-03-17/100_58cb57c3d9e27.png
ERR: 无法加载模块:Uploads

[ 2017-03-17T18:20:48+08:00 ] ::1 /test/Uploads/TestPic/2017-03-17/100_58cb3aff29501.png
ERR: 无法加载模块:Uploads

[ 2017-03-17T18:23:32+08:00 ] ::1 /test/Uploads/TestPic/2017-03-17/100_58cb57c3d9e27.png
ERR: 无法加载模块:Uploads

[ 2017-03-17T18:23:32+08:00 ] ::1 /test/Uploads/TestPic/2017-03-17/100_58cb3aff29501.png
ERR: 无法加载模块:Uploads

[ 2017-03-17T18:23:32+08:00 ] ::1 /test/Uploads/TestPic/2017-03-17/100_58cb3bd4627d5.png
ERR: 无法加载模块:Uploads

[ 2017-03-17T18:23:39+08:00 ] ::1 /test/Uploads/TestPic/2017-03-17/100_58cb3bd4627d5.png
ERR: 无法加载模块:Uploads

[ 2017-03-17T18:23:39+08:00 ] ::1 /test/Uploads/TestPic/2017-03-17/100_58cb57c3d9e27.png
ERR: 无法加载模块:Uploads

[ 2017-03-17T18:23:39+08:00 ] ::1 /test/Uploads/TestPic/2017-03-17/100_58cb3aff29501.png
ERR: 无法加载模块:Uploads

[ 2017-03-17T18:23:46+08:00 ] ::1 /test/Uploads/TestPic/2017-03-17/100_58cb3aff29501.png
ERR: 无法加载模块:Uploads

[ 2017-03-17T18:23:46+08:00 ] ::1 /test/Uploads/TestPic/2017-03-17/100_58cb3bd4627d5.png
ERR: 无法加载模块:Uploads

[ 2017-03-17T18:23:46+08:00 ] ::1 /test/Uploads/TestPic/2017-03-17/100_58cb57c3d9e27.png
ERR: 无法加载模块:Uploads

[ 2017-03-17T18:24:44+08:00 ] ::1 /test/Uploads/TestPic/2017-03-17/100_58cb57c3d9e27.png
ERR: 无法加载模块:Uploads

[ 2017-03-17T18:24:44+08:00 ] ::1 /test/Uploads/TestPic/2017-03-17/100_58cb3aff29501.png
ERR: 无法加载模块:Uploads

[ 2017-03-17T18:24:44+08:00 ] ::1 /test/Uploads/TestPic/2017-03-17/100_58cb3bd4627d5.png
ERR: 无法加载模块:Uploads

[ 2017-03-17T18:30:04+08:00 ] ::1 /test/Uploads/TestPic/2017-03-17/100_58cb3bd4627d5.png
ERR: 无法加载模块:Uploads

[ 2017-03-17T18:30:04+08:00 ] ::1 /test/Uploads/TestPic/2017-03-17/100_58cb57c3d9e27.png
ERR: 无法加载模块:Uploads

[ 2017-03-17T18:30:04+08:00 ] ::1 /test/Uploads/TestPic/2017-03-17/100_58cb3aff29501.png
ERR: 无法加载模块:Uploads

[ 2017-03-17T18:30:35+08:00 ] ::1 /test/Uploads/TestPic/2017-03-17/100_58cb3aff29501.png
ERR: 无法加载模块:Uploads

[ 2017-03-17T18:30:35+08:00 ] ::1 /test/Uploads/TestPic/2017-03-17/100_58cb57c3d9e27.png
ERR: 无法加载模块:Uploads

[ 2017-03-17T18:30:35+08:00 ] ::1 /test/Uploads/TestPic/2017-03-17/100_58cb3bd4627d5.png
ERR: 无法加载模块:Uploads

[ 2017-03-17T18:37:01+08:00 ] ::1 /test/Uploads/TestShortPic/2017-03-17/100_58cb3bf804042.png
ERR: 无法加载模块:Uploads

[ 2017-03-17T18:38:57+08:00 ] ::1 /test/Uploads/TestShortPic/2017-03-17/100_58cb3bf804042.png
ERR: 无法加载模块:Uploads

[ 2017-03-17T18:39:13+08:00 ] ::1 /test/Uploads/TestShortPic/2017-03-17/100_58cb3bf804042.png
ERR: 无法加载模块:Uploads

[ 2017-03-17T18:41:42+08:00 ] ::1 /test/Uploads/TestShortPic/2017-03-17/100_58cb3bf804042.png
ERR: 无法加载模块:Uploads

[ 2017-03-17T18:41:55+08:00 ] ::1 /test/Uploads/TestShortPic/2017-03-17/100_58cb3bf804042.png
ERR: 无法加载模块:Uploads

[ 2017-03-17T18:42:27+08:00 ] ::1 /test/Uploads/TestShortPic/2017-03-17/100_58cb3bf804042.png
ERR: 无法加载模块:Uploads

[ 2017-03-17T18:44:42+08:00 ] ::1 /test/Uploads/TestShortPic/2017-03-17/100_58cb3bf804042.png
ERR: 无法加载模块:Uploads

[ 2017-03-17T18:46:05+08:00 ] ::1 /test/Uploads/TestShortPic/2017-03-17/100_58cb3bf804042.png
ERR: 无法加载模块:Uploads

[ 2017-03-17T18:46:22+08:00 ] ::1 /test/Uploads/TestShortPic/2017-03-17/100_58cb3bf804042.png
ERR: 无法加载模块:Uploads

[ 2017-03-17T18:46:24+08:00 ] ::1 /test/uploads/TestPic/2017-03-17/58cb3bf804042.png
ERR: 无法加载模块:Uploads

[ 2017-03-17T18:47:10+08:00 ] ::1 /test/Uploads/TestShortPic/2017-03-17/100_58cb3bf804042.png
ERR: 无法加载模块:Uploads

