[ 2017-03-22T09:09:21+08:00 ] ::1 /test/style.css
ERR: 无法加载模块:Style

[ 2017-03-22T09:09:21+08:00 ] ::1 /test/Public/Home/exam/images/abcd.jpg
ERR: 无法加载模块:Public

[ 2017-03-22T10:02:57+08:00 ] ::1 /test/Public/Home/exam/images/abcd.jpg
ERR: 无法加载模块:Public

[ 2017-03-22T10:03:58+08:00 ] ::1 /test/Public/Home/exam/images/abcd.jpg
ERR: 无法加载模块:Public

[ 2017-03-22T10:04:45+08:00 ] ::1 /test/Public/Home/exam/images/abcd.jpg
ERR: 无法加载模块:Public

[ 2017-03-22T10:05:07+08:00 ] ::1 /test/Public/Home/exam/images/abcd.jpg
ERR: 无法加载模块:Public

[ 2017-03-22T10:05:21+08:00 ] ::1 /test/Public/Home/exam/images/abcd.jpg
ERR: 无法加载模块:Public

[ 2017-03-22T10:22:23+08:00 ] ::1 /test/Public/Admin/exam/images/abcd.jpg
ERR: 无法加载模块:Public

[ 2017-03-22T12:47:40+08:00 ] ::1 /test/style.css
ERR: 无法加载模块:Style

[ 2017-03-22T12:47:40+08:00 ] ::1 /test/Public/Home/exam/images/abcd.jpg
ERR: 无法加载模块:Public

[ 2017-03-22T12:48:07+08:00 ] ::1 /test/Public/Home/exam/images/abcd.jpg
ERR: 无法加载模块:Public

[ 2017-03-22T12:48:56+08:00 ] ::1 /test/Public/Home/exam/images/abcd.jpg
ERR: 无法加载模块:Public

[ 2017-03-22T12:49:13+08:00 ] ::1 /test/Public/Home/exam/images/abcd.jpg
ERR: 无法加载模块:Public

[ 2017-03-22T12:55:34+08:00 ] ::1 /test/Public/Home/exam/images/abcd.jpg
ERR: 无法加载模块:Public

[ 2017-03-22T12:55:55+08:00 ] ::1 /test/Public/Home/exam/images/abcd.jpg
ERR: 无法加载模块:Public

[ 2017-03-22T12:56:55+08:00 ] ::1 /test/Public/Home/exam/images/abcd.jpg
ERR: 无法加载模块:Public

[ 2017-03-22T12:57:11+08:00 ] ::1 /test/Public/Home/exam/images/abcd.jpg
ERR: 无法加载模块:Public

[ 2017-03-22T12:58:50+08:00 ] ::1 /test/Public/Home/exam/images/abcd.jpg
ERR: 无法加载模块:Public

[ 2017-03-22T12:59:10+08:00 ] ::1 /test/Public/Home/exam/images/abcd.jpg
ERR: 无法加载模块:Public

[ 2017-03-22T13:00:08+08:00 ] ::1 /test/Public/Home/exam/images/abcd.jpg
ERR: 无法加载模块:Public

[ 2017-03-22T13:00:57+08:00 ] ::1 /test/Public/Home/exam/images/abcd.jpg
ERR: 无法加载模块:Public

[ 2017-03-22T13:09:26+08:00 ] ::1 /test/Public/Home/exam/images/abcd.jpg
ERR: 无法加载模块:Public

[ 2017-03-22T13:09:48+08:00 ] ::1 /test/Public/Home/exam/images/abcd.jpg
ERR: 无法加载模块:Public

[ 2017-03-22T13:10:38+08:00 ] ::1 /test/Public/Home/exam/images/abcd.jpg
ERR: 无法加载模块:Public

[ 2017-03-22T13:10:53+08:00 ] ::1 /test/Public/Home/exam/images/abcd.jpg
ERR: 无法加载模块:Public

[ 2017-03-22T13:15:54+08:00 ] ::1 /test/Public/Home/exam/images/abcd.jpg
ERR: 无法加载模块:Public

[ 2017-03-22T13:16:23+08:00 ] ::1 /test/Public/Home/exam/images/abcd.jpg
ERR: 无法加载模块:Public

[ 2017-03-22T13:16:47+08:00 ] ::1 /test/Public/Home/exam/images/abcd.jpg
ERR: 无法加载模块:Public

[ 2017-03-22T13:17:01+08:00 ] ::1 /test/Public/Home/exam/images/abcd.jpg
ERR: 无法加载模块:Public

[ 2017-03-22T14:17:15+08:00 ] ::1 /test/style.css
ERR: 无法加载模块:Style

[ 2017-03-22T14:17:15+08:00 ] ::1 /test/Public/Home/exam/images/abcd.jpg
ERR: 无法加载模块:Public

[ 2017-03-22T14:17:40+08:00 ] ::1 /test/Public/Home/exam/images/abcd.jpg
ERR: 无法加载模块:Public

[ 2017-03-22T14:19:16+08:00 ] ::1 /test/Public/Home/exam/images/abcd.jpg
ERR: 无法加载模块:Public

[ 2017-03-22T14:19:31+08:00 ] ::1 /test/Public/Home/exam/images/abcd.jpg
ERR: 无法加载模块:Public

[ 2017-03-22T16:07:45+08:00 ] ::1 /test/uploads/TestPic/2017-03-17/300_58cb743fa4ec1.png
ERR: 无法加载模块:Uploads

[ 2017-03-22T16:07:45+08:00 ] ::1 /test/uploads/TestPic/2017-03-20/300_58cf355bdcf03.jpg
ERR: 无法加载模块:Uploads

[ 2017-03-22T16:07:45+08:00 ] ::1 /test/uploads/TestPic/2017-03-17/300_58cb743fa4ec1.png
ERR: 无法加载模块:Uploads

[ 2017-03-22T16:07:45+08:00 ] ::1 /test/uploads/TestPic/2017-03-20/300_58cf355bdcf03.jpg
ERR: 无法加载模块:Uploads

[ 2017-03-22T16:07:45+08:00 ] ::1 /test/Public/Admin/exam/images/abcd.jpg
ERR: 无法加载模块:Public

[ 2017-03-22T16:08:27+08:00 ] ::1 /test/uploads/TestPic/2017-03-20/300_58cf355bdcf03.jpg
ERR: 无法加载模块:Uploads

[ 2017-03-22T16:08:27+08:00 ] ::1 /test/uploads/TestPic/2017-03-17/300_58cb743fa4ec1.png
ERR: 无法加载模块:Uploads

[ 2017-03-22T16:08:27+08:00 ] ::1 /test/uploads/TestPic/2017-03-20/300_58cf355bdcf03.jpg
ERR: 无法加载模块:Uploads

[ 2017-03-22T16:08:27+08:00 ] ::1 /test/uploads/TestPic/2017-03-17/300_58cb743fa4ec1.png
ERR: 无法加载模块:Uploads

[ 2017-03-22T16:11:09+08:00 ] ::1 /test/uploads/TestPic/2017-03-20/300_58cf355bdcf03.jpg
ERR: 无法加载模块:Uploads

[ 2017-03-22T16:11:09+08:00 ] ::1 /test/uploads/TestPic/2017-03-17/300_58cb743fa4ec1.png
ERR: 无法加载模块:Uploads

[ 2017-03-22T16:11:09+08:00 ] ::1 /test/uploads/TestPic/2017-03-17/300_58cb743fa4ec1.png
ERR: 无法加载模块:Uploads

[ 2017-03-22T16:11:09+08:00 ] ::1 /test/uploads/TestPic/2017-03-20/300_58cf355bdcf03.jpg
ERR: 无法加载模块:Uploads

[ 2017-03-22T16:12:06+08:00 ] ::1 /test/uploads/TestPic/2017-03-20/300_58cf355bdcf03.jpg
ERR: 无法加载模块:Uploads

[ 2017-03-22T16:12:06+08:00 ] ::1 /test/uploads/TestPic/2017-03-17/300_58cb743fa4ec1.png
ERR: 无法加载模块:Uploads

[ 2017-03-22T16:12:06+08:00 ] ::1 /test/uploads/TestPic/2017-03-20/300_58cf355bdcf03.jpg
ERR: 无法加载模块:Uploads

[ 2017-03-22T16:12:06+08:00 ] ::1 /test/uploads/TestPic/2017-03-17/300_58cb743fa4ec1.png
ERR: 无法加载模块:Uploads

[ 2017-03-22T16:12:25+08:00 ] ::1 /test/uploads/TestPic/2017-03-17/300_58cb743fa4ec1.png
ERR: 无法加载模块:Uploads

[ 2017-03-22T16:12:25+08:00 ] ::1 /test/uploads/TestPic/2017-03-20/300_58cf355bdcf03.jpg
ERR: 无法加载模块:Uploads

[ 2017-03-22T16:12:25+08:00 ] ::1 /test/uploads/TestPic/2017-03-20/300_58cf355bdcf03.jpg
ERR: 无法加载模块:Uploads

[ 2017-03-22T16:12:25+08:00 ] ::1 /test/uploads/TestPic/2017-03-17/300_58cb743fa4ec1.png
ERR: 无法加载模块:Uploads

[ 2017-03-22T16:12:38+08:00 ] ::1 /test/uploads/TestPic/2017-03-20/300_58cf355bdcf03.jpg
ERR: 无法加载模块:Uploads

[ 2017-03-22T16:12:38+08:00 ] ::1 /test/uploads/TestPic/2017-03-17/300_58cb743fa4ec1.png
ERR: 无法加载模块:Uploads

[ 2017-03-22T16:12:38+08:00 ] ::1 /test/uploads/TestPic/2017-03-17/300_58cb743fa4ec1.png
ERR: 无法加载模块:Uploads

[ 2017-03-22T16:12:38+08:00 ] ::1 /test/uploads/TestPic/2017-03-20/300_58cf355bdcf03.jpg
ERR: 无法加载模块:Uploads

[ 2017-03-22T16:13:20+08:00 ] ::1 /test/uploads/TestPic/2017-03-20/300_58cf355bdcf03.jpg
ERR: 无法加载模块:Uploads

[ 2017-03-22T16:13:20+08:00 ] ::1 /test/uploads/TestPic/2017-03-17/300_58cb743fa4ec1.png
ERR: 无法加载模块:Uploads

[ 2017-03-22T16:13:20+08:00 ] ::1 /test/uploads/TestPic/2017-03-20/300_58cf355bdcf03.jpg
ERR: 无法加载模块:Uploads

[ 2017-03-22T16:13:20+08:00 ] ::1 /test/uploads/TestPic/2017-03-17/300_58cb743fa4ec1.png
ERR: 无法加载模块:Uploads

[ 2017-03-22T16:14:07+08:00 ] ::1 /test/uploads/TestPic/2017-03-17/300_58cb743fa4ec1.png
ERR: 无法加载模块:Uploads

[ 2017-03-22T16:14:07+08:00 ] ::1 /test/uploads/TestPic/2017-03-20/300_58cf355bdcf03.jpg
ERR: 无法加载模块:Uploads

[ 2017-03-22T16:14:07+08:00 ] ::1 /test/uploads/TestPic/2017-03-17/300_58cb743fa4ec1.png
ERR: 无法加载模块:Uploads

[ 2017-03-22T16:14:07+08:00 ] ::1 /test/uploads/TestPic/2017-03-20/300_58cf355bdcf03.jpg
ERR: 无法加载模块:Uploads

[ 2017-03-22T16:14:40+08:00 ] ::1 /test/uploads/TestPic/2017-03-20/300_58cf355bdcf03.jpg
ERR: 无法加载模块:Uploads

[ 2017-03-22T16:14:40+08:00 ] ::1 /test/uploads/TestPic/2017-03-17/300_58cb743fa4ec1.png
ERR: 无法加载模块:Uploads

[ 2017-03-22T16:14:40+08:00 ] ::1 /test/uploads/TestPic/2017-03-17/300_58cb743fa4ec1.png
ERR: 无法加载模块:Uploads

[ 2017-03-22T16:14:40+08:00 ] ::1 /test/uploads/TestPic/2017-03-20/300_58cf355bdcf03.jpg
ERR: 无法加载模块:Uploads

[ 2017-03-22T16:19:26+08:00 ] ::1 /test/uploads/TestPic/2017-03-20/300_58cf355bdcf03.jpg
ERR: 无法加载模块:Uploads

[ 2017-03-22T16:19:26+08:00 ] ::1 /test/uploads/TestPic/2017-03-17/300_58cb743fa4ec1.png
ERR: 无法加载模块:Uploads

[ 2017-03-22T16:19:26+08:00 ] ::1 /test/uploads/TestPic/2017-03-20/300_58cf355bdcf03.jpg
ERR: 无法加载模块:Uploads

[ 2017-03-22T16:19:26+08:00 ] ::1 /test/uploads/TestPic/2017-03-17/300_58cb743fa4ec1.png
ERR: 无法加载模块:Uploads

[ 2017-03-22T16:19:30+08:00 ] ::1 /test/uploads/TestPic/2017-03-20/300_58cf355bdcf03.jpg
ERR: 无法加载模块:Uploads

[ 2017-03-22T16:19:30+08:00 ] ::1 /test/uploads/TestPic/2017-03-17/300_58cb743fa4ec1.png
ERR: 无法加载模块:Uploads

[ 2017-03-22T16:19:30+08:00 ] ::1 /test/uploads/TestPic/2017-03-20/300_58cf355bdcf03.jpg
ERR: 无法加载模块:Uploads

[ 2017-03-22T16:19:30+08:00 ] ::1 /test/uploads/TestPic/2017-03-17/300_58cb743fa4ec1.png
ERR: 无法加载模块:Uploads

[ 2017-03-22T16:19:44+08:00 ] ::1 /test/uploads/TestPic/2017-03-17/300_58cb743fa4ec1.png
ERR: 无法加载模块:Uploads

[ 2017-03-22T16:19:44+08:00 ] ::1 /test/uploads/TestPic/2017-03-20/300_58cf355bdcf03.jpg
ERR: 无法加载模块:Uploads

[ 2017-03-22T16:19:44+08:00 ] ::1 /test/uploads/TestPic/2017-03-20/300_58cf355bdcf03.jpg
ERR: 无法加载模块:Uploads

[ 2017-03-22T16:19:44+08:00 ] ::1 /test/uploads/TestPic/2017-03-17/300_58cb743fa4ec1.png
ERR: 无法加载模块:Uploads

[ 2017-03-22T16:20:03+08:00 ] ::1 /test/uploads/TestPic/2017-03-17/300_58cb743fa4ec1.png
ERR: 无法加载模块:Uploads

[ 2017-03-22T16:20:03+08:00 ] ::1 /test/uploads/TestPic/2017-03-20/300_58cf355bdcf03.jpg
ERR: 无法加载模块:Uploads

[ 2017-03-22T16:20:03+08:00 ] ::1 /test/uploads/TestPic/2017-03-17/300_58cb743fa4ec1.png
ERR: 无法加载模块:Uploads

[ 2017-03-22T16:20:03+08:00 ] ::1 /test/uploads/TestPic/2017-03-20/300_58cf355bdcf03.jpg
ERR: 无法加载模块:Uploads

[ 2017-03-22T16:23:15+08:00 ] ::1 /test/uploads/TestPic/2017-03-20/300_58cf355bdcf03.jpg
ERR: 无法加载模块:Uploads

[ 2017-03-22T16:23:15+08:00 ] ::1 /test/uploads/TestPic/2017-03-17/300_58cb743fa4ec1.png
ERR: 无法加载模块:Uploads

[ 2017-03-22T16:23:15+08:00 ] ::1 /test/uploads/TestPic/2017-03-20/300_58cf355bdcf03.jpg
ERR: 无法加载模块:Uploads

[ 2017-03-22T16:23:30+08:00 ] ::1 /test/uploads/TestPic/2017-03-17/300_58cb743fa4ec1.png
ERR: 无法加载模块:Uploads

[ 2017-03-22T16:23:30+08:00 ] ::1 /test/uploads/TestPic/2017-03-20/300_58cf355bdcf03.jpg
ERR: 无法加载模块:Uploads

[ 2017-03-22T16:23:30+08:00 ] ::1 /test/uploads/TestPic/2017-03-17/300_58cb743fa4ec1.png
ERR: 无法加载模块:Uploads

[ 2017-03-22T16:23:30+08:00 ] ::1 /test/uploads/TestPic/2017-03-20/300_58cf355bdcf03.jpg
ERR: 无法加载模块:Uploads

[ 2017-03-22T16:23:32+08:00 ] ::1 /test/uploads/TestPic/2017-03-20/300_58cf355bdcf03.jpg
ERR: 无法加载模块:Uploads

[ 2017-03-22T16:23:32+08:00 ] ::1 /test/uploads/TestPic/2017-03-17/300_58cb743fa4ec1.png
ERR: 无法加载模块:Uploads

[ 2017-03-22T16:23:32+08:00 ] ::1 /test/uploads/TestPic/2017-03-20/300_58cf355bdcf03.jpg
ERR: 无法加载模块:Uploads

[ 2017-03-22T16:24:09+08:00 ] ::1 /test/uploads/TestPic/2017-03-20/300_58cf355bdcf03.jpg
ERR: 无法加载模块:Uploads

[ 2017-03-22T16:24:09+08:00 ] ::1 /test/uploads/TestPic/2017-03-17/300_58cb743fa4ec1.png
ERR: 无法加载模块:Uploads

[ 2017-03-22T16:24:09+08:00 ] ::1 /test/uploads/TestPic/2017-03-20/300_58cf355bdcf03.jpg
ERR: 无法加载模块:Uploads

[ 2017-03-22T16:26:49+08:00 ] ::1 /test/uploads/TestPic/2017-03-20/300_58cf355bdcf03.jpg
ERR: 无法加载模块:Uploads

[ 2017-03-22T16:26:49+08:00 ] ::1 /test/uploads/TestPic/2017-03-17/300_58cb743fa4ec1.png
ERR: 无法加载模块:Uploads

[ 2017-03-22T16:26:49+08:00 ] ::1 /test/uploads/TestPic/2017-03-17/300_58cb743fa4ec1.png
ERR: 无法加载模块:Uploads

[ 2017-03-22T16:26:49+08:00 ] ::1 /test/uploads/TestPic/2017-03-20/300_58cf355bdcf03.jpg
ERR: 无法加载模块:Uploads

[ 2017-03-22T16:27:18+08:00 ] ::1 /test/uploads/TestPic/2017-03-20/300_58cf355bdcf03.jpg
ERR: 无法加载模块:Uploads

[ 2017-03-22T16:27:18+08:00 ] ::1 /test/uploads/TestPic/2017-03-17/300_58cb743fa4ec1.png
ERR: 无法加载模块:Uploads

[ 2017-03-22T16:27:18+08:00 ] ::1 /test/uploads/TestPic/2017-03-20/300_58cf355bdcf03.jpg
ERR: 无法加载模块:Uploads

[ 2017-03-22T16:27:18+08:00 ] ::1 /test/uploads/TestPic/2017-03-17/300_58cb743fa4ec1.png
ERR: 无法加载模块:Uploads

[ 2017-03-22T16:27:50+08:00 ] ::1 /test/uploads/TestPic/2017-03-20/300_58cf355bdcf03.jpg
ERR: 无法加载模块:Uploads

[ 2017-03-22T16:27:50+08:00 ] ::1 /test/uploads/TestPic/2017-03-17/300_58cb743fa4ec1.png
ERR: 无法加载模块:Uploads

[ 2017-03-22T16:27:50+08:00 ] ::1 /test/uploads/TestPic/2017-03-20/300_58cf355bdcf03.jpg
ERR: 无法加载模块:Uploads

[ 2017-03-22T16:27:50+08:00 ] ::1 /test/uploads/TestPic/2017-03-17/300_58cb743fa4ec1.png
ERR: 无法加载模块:Uploads

[ 2017-03-22T16:28:05+08:00 ] ::1 /test/uploads/TestPic/2017-03-20/300_58cf355bdcf03.jpg
ERR: 无法加载模块:Uploads

[ 2017-03-22T16:28:05+08:00 ] ::1 /test/uploads/TestPic/2017-03-17/300_58cb743fa4ec1.png
ERR: 无法加载模块:Uploads

[ 2017-03-22T16:28:05+08:00 ] ::1 /test/uploads/TestPic/2017-03-17/300_58cb743fa4ec1.png
ERR: 无法加载模块:Uploads

[ 2017-03-22T16:28:05+08:00 ] ::1 /test/uploads/TestPic/2017-03-20/300_58cf355bdcf03.jpg
ERR: 无法加载模块:Uploads

[ 2017-03-22T16:28:51+08:00 ] ::1 /test/uploads/TestPic/2017-03-17/300_58cb743fa4ec1.png
ERR: 无法加载模块:Uploads

[ 2017-03-22T16:28:51+08:00 ] ::1 /test/uploads/TestPic/2017-03-20/300_58cf355bdcf03.jpg
ERR: 无法加载模块:Uploads

[ 2017-03-22T16:28:51+08:00 ] ::1 /test/uploads/TestPic/2017-03-20/300_58cf355bdcf03.jpg
ERR: 无法加载模块:Uploads

[ 2017-03-22T16:28:51+08:00 ] ::1 /test/uploads/TestPic/2017-03-17/300_58cb743fa4ec1.png
ERR: 无法加载模块:Uploads

[ 2017-03-22T16:29:17+08:00 ] ::1 /test/uploads/TestPic/2017-03-20/300_58cf355bdcf03.jpg
ERR: 无法加载模块:Uploads

[ 2017-03-22T16:29:17+08:00 ] ::1 /test/uploads/TestPic/2017-03-17/300_58cb743fa4ec1.png
ERR: 无法加载模块:Uploads

[ 2017-03-22T16:29:17+08:00 ] ::1 /test/uploads/TestPic/2017-03-20/300_58cf355bdcf03.jpg
ERR: 无法加载模块:Uploads

[ 2017-03-22T16:29:17+08:00 ] ::1 /test/uploads/TestPic/2017-03-17/300_58cb743fa4ec1.png
ERR: 无法加载模块:Uploads

[ 2017-03-22T16:31:07+08:00 ] ::1 /test/uploads/TestPic/2017-03-20/300_58cf355bdcf03.jpg
ERR: 无法加载模块:Uploads

[ 2017-03-22T16:31:07+08:00 ] ::1 /test/uploads/TestPic/2017-03-17/300_58cb743fa4ec1.png
ERR: 无法加载模块:Uploads

[ 2017-03-22T16:31:07+08:00 ] ::1 /test/uploads/TestPic/2017-03-17/300_58cb743fa4ec1.png
ERR: 无法加载模块:Uploads

[ 2017-03-22T16:31:07+08:00 ] ::1 /test/uploads/TestPic/2017-03-20/300_58cf355bdcf03.jpg
ERR: 无法加载模块:Uploads

[ 2017-03-22T16:31:58+08:00 ] ::1 /test/uploads/TestPic/2017-03-20/300_58cf355bdcf03.jpg
ERR: 无法加载模块:Uploads

[ 2017-03-22T16:31:58+08:00 ] ::1 /test/uploads/TestPic/2017-03-17/300_58cb743fa4ec1.png
ERR: 无法加载模块:Uploads

[ 2017-03-22T16:33:04+08:00 ] ::1 /test/uploads/TestPic/2017-03-17/300_58cb743fa4ec1.png
ERR: 无法加载模块:Uploads

[ 2017-03-22T16:33:04+08:00 ] ::1 /test/uploads/TestPic/2017-03-20/300_58cf355bdcf03.jpg
ERR: 无法加载模块:Uploads

[ 2017-03-22T16:33:04+08:00 ] ::1 /test/uploads/TestPic/2017-03-17/300_58cb743fa4ec1.png
ERR: 无法加载模块:Uploads

[ 2017-03-22T16:33:04+08:00 ] ::1 /test/uploads/TestPic/2017-03-20/300_58cf355bdcf03.jpg
ERR: 无法加载模块:Uploads

[ 2017-03-22T16:34:01+08:00 ] ::1 /test/uploads/TestPic/2017-03-17/300_58cb743fa4ec1.png
ERR: 无法加载模块:Uploads

[ 2017-03-22T16:34:01+08:00 ] ::1 /test/uploads/TestPic/2017-03-20/300_58cf355bdcf03.jpg
ERR: 无法加载模块:Uploads

[ 2017-03-22T16:34:01+08:00 ] ::1 /test/uploads/TestPic/2017-03-20/300_58cf355bdcf03.jpg
ERR: 无法加载模块:Uploads

[ 2017-03-22T16:34:01+08:00 ] ::1 /test/uploads/TestPic/2017-03-17/300_58cb743fa4ec1.png
ERR: 无法加载模块:Uploads

[ 2017-03-22T16:34:31+08:00 ] ::1 /test/uploads/TestPic/2017-03-17/300_58cb743fa4ec1.png
ERR: 无法加载模块:Uploads

[ 2017-03-22T16:34:31+08:00 ] ::1 /test/uploads/TestPic/2017-03-20/300_58cf355bdcf03.jpg
ERR: 无法加载模块:Uploads

[ 2017-03-22T16:35:20+08:00 ] ::1 /test/uploads/TestPic/2017-03-20/300_58cf355bdcf03.jpg
ERR: 无法加载模块:Uploads

[ 2017-03-22T16:35:20+08:00 ] ::1 /test/uploads/TestPic/2017-03-17/300_58cb743fa4ec1.png
ERR: 无法加载模块:Uploads

[ 2017-03-22T16:35:20+08:00 ] ::1 /test/uploads/TestPic/2017-03-20/300_58cf355bdcf03.jpg
ERR: 无法加载模块:Uploads

[ 2017-03-22T16:35:20+08:00 ] ::1 /test/uploads/TestPic/2017-03-17/300_58cb743fa4ec1.png
ERR: 无法加载模块:Uploads

[ 2017-03-22T16:36:25+08:00 ] ::1 /test/uploads/TestPic/2017-03-20/300_58cf355bdcf03.jpg
ERR: 无法加载模块:Uploads

[ 2017-03-22T16:36:25+08:00 ] ::1 /test/uploads/TestPic/2017-03-17/300_58cb743fa4ec1.png
ERR: 无法加载模块:Uploads

[ 2017-03-22T16:36:25+08:00 ] ::1 /test/uploads/TestPic/2017-03-17/300_58cb743fa4ec1.png
ERR: 无法加载模块:Uploads

[ 2017-03-22T16:36:25+08:00 ] ::1 /test/uploads/TestPic/2017-03-20/300_58cf355bdcf03.jpg
ERR: 无法加载模块:Uploads

[ 2017-03-22T16:36:35+08:00 ] ::1 /test/uploads/TestPic/2017-03-20/300_58cf355bdcf03.jpg
ERR: 无法加载模块:Uploads

[ 2017-03-22T16:36:35+08:00 ] ::1 /test/uploads/TestPic/2017-03-17/300_58cb743fa4ec1.png
ERR: 无法加载模块:Uploads

[ 2017-03-22T16:36:35+08:00 ] ::1 /test/uploads/TestPic/2017-03-20/300_58cf355bdcf03.jpg
ERR: 无法加载模块:Uploads

[ 2017-03-22T16:36:35+08:00 ] ::1 /test/uploads/TestPic/2017-03-17/300_58cb743fa4ec1.png
ERR: 无法加载模块:Uploads

[ 2017-03-22T16:36:37+08:00 ] ::1 /test/uploads/TestPic/2017-03-17/300_58cb743fa4ec1.png
ERR: 无法加载模块:Uploads

[ 2017-03-22T16:36:37+08:00 ] ::1 /test/uploads/TestPic/2017-03-20/300_58cf355bdcf03.jpg
ERR: 无法加载模块:Uploads

[ 2017-03-22T16:36:37+08:00 ] ::1 /test/uploads/TestPic/2017-03-17/300_58cb743fa4ec1.png
ERR: 无法加载模块:Uploads

[ 2017-03-22T16:36:37+08:00 ] ::1 /test/uploads/TestPic/2017-03-20/300_58cf355bdcf03.jpg
ERR: 无法加载模块:Uploads

[ 2017-03-22T16:36:53+08:00 ] ::1 /test/uploads/TestPic/2017-03-17/300_58cb743fa4ec1.png
ERR: 无法加载模块:Uploads

[ 2017-03-22T16:36:53+08:00 ] ::1 /test/uploads/TestPic/2017-03-20/300_58cf355bdcf03.jpg
ERR: 无法加载模块:Uploads

[ 2017-03-22T16:36:53+08:00 ] ::1 /test/uploads/TestPic/2017-03-20/300_58cf355bdcf03.jpg
ERR: 无法加载模块:Uploads

[ 2017-03-22T16:36:53+08:00 ] ::1 /test/uploads/TestPic/2017-03-17/300_58cb743fa4ec1.png
ERR: 无法加载模块:Uploads

[ 2017-03-22T16:37:20+08:00 ] ::1 /test/uploads/TestPic/2017-03-20/300_58cf355bdcf03.jpg
ERR: 无法加载模块:Uploads

[ 2017-03-22T16:37:20+08:00 ] ::1 /test/uploads/TestPic/2017-03-17/300_58cb743fa4ec1.png
ERR: 无法加载模块:Uploads

[ 2017-03-22T16:37:20+08:00 ] ::1 /test/uploads/TestPic/2017-03-17/300_58cb743fa4ec1.png
ERR: 无法加载模块:Uploads

[ 2017-03-22T16:37:20+08:00 ] ::1 /test/uploads/TestPic/2017-03-20/300_58cf355bdcf03.jpg
ERR: 无法加载模块:Uploads

[ 2017-03-22T16:37:26+08:00 ] ::1 /test/uploads/TestPic/2017-03-17/300_58cb743fa4ec1.png
ERR: 无法加载模块:Uploads

[ 2017-03-22T16:37:26+08:00 ] ::1 /test/uploads/TestPic/2017-03-20/300_58cf355bdcf03.jpg
ERR: 无法加载模块:Uploads

[ 2017-03-22T16:37:26+08:00 ] ::1 /test/uploads/TestPic/2017-03-17/300_58cb743fa4ec1.png
ERR: 无法加载模块:Uploads

[ 2017-03-22T16:37:26+08:00 ] ::1 /test/uploads/TestPic/2017-03-20/300_58cf355bdcf03.jpg
ERR: 无法加载模块:Uploads

[ 2017-03-22T16:37:27+08:00 ] ::1 /test/uploads/TestPic/2017-03-20/300_58cf355bdcf03.jpg
ERR: 无法加载模块:Uploads

[ 2017-03-22T16:37:27+08:00 ] ::1 /test/uploads/TestPic/2017-03-17/300_58cb743fa4ec1.png
ERR: 无法加载模块:Uploads

[ 2017-03-22T16:37:27+08:00 ] ::1 /test/uploads/TestPic/2017-03-20/300_58cf355bdcf03.jpg
ERR: 无法加载模块:Uploads

[ 2017-03-22T16:37:27+08:00 ] ::1 /test/uploads/TestPic/2017-03-17/300_58cb743fa4ec1.png
ERR: 无法加载模块:Uploads

[ 2017-03-22T16:37:57+08:00 ] ::1 /test/uploads/TestPic/2017-03-20/300_58cf355bdcf03.jpg
ERR: 无法加载模块:Uploads

[ 2017-03-22T16:37:57+08:00 ] ::1 /test/uploads/TestPic/2017-03-17/300_58cb743fa4ec1.png
ERR: 无法加载模块:Uploads

[ 2017-03-22T16:37:57+08:00 ] ::1 /test/uploads/TestPic/2017-03-17/300_58cb743fa4ec1.png
ERR: 无法加载模块:Uploads

[ 2017-03-22T16:37:57+08:00 ] ::1 /test/uploads/TestPic/2017-03-20/300_58cf355bdcf03.jpg
ERR: 无法加载模块:Uploads

[ 2017-03-22T16:38:22+08:00 ] ::1 /test/uploads/TestPic/2017-03-17/300_58cb743fa4ec1.png
ERR: 无法加载模块:Uploads

[ 2017-03-22T16:38:22+08:00 ] ::1 /test/uploads/TestPic/2017-03-20/300_58cf355bdcf03.jpg
ERR: 无法加载模块:Uploads

[ 2017-03-22T16:38:22+08:00 ] ::1 /test/uploads/TestPic/2017-03-17/300_58cb743fa4ec1.png
ERR: 无法加载模块:Uploads

[ 2017-03-22T16:38:44+08:00 ] ::1 /test/uploads/TestPic/2017-03-20/300_58cf355bdcf03.jpg
ERR: 无法加载模块:Uploads

[ 2017-03-22T16:38:44+08:00 ] ::1 /test/uploads/TestPic/2017-03-17/300_58cb743fa4ec1.png
ERR: 无法加载模块:Uploads

[ 2017-03-22T16:38:44+08:00 ] ::1 /test/uploads/TestPic/2017-03-20/300_58cf355bdcf03.jpg
ERR: 无法加载模块:Uploads

[ 2017-03-22T16:38:44+08:00 ] ::1 /test/uploads/TestPic/2017-03-17/300_58cb743fa4ec1.png
ERR: 无法加载模块:Uploads

[ 2017-03-22T16:38:52+08:00 ] ::1 /test/uploads/TestPic/2017-03-20/300_58cf355bdcf03.jpg
ERR: 无法加载模块:Uploads

[ 2017-03-22T16:38:52+08:00 ] ::1 /test/uploads/TestPic/2017-03-17/300_58cb743fa4ec1.png
ERR: 无法加载模块:Uploads

[ 2017-03-22T16:38:52+08:00 ] ::1 /test/uploads/TestPic/2017-03-20/300_58cf355bdcf03.jpg
ERR: 无法加载模块:Uploads

[ 2017-03-22T16:38:52+08:00 ] ::1 /test/uploads/TestPic/2017-03-17/300_58cb743fa4ec1.png
ERR: 无法加载模块:Uploads

[ 2017-03-22T16:39:00+08:00 ] ::1 /test/uploads/TestPic/2017-03-17/300_58cb743fa4ec1.png
ERR: 无法加载模块:Uploads

[ 2017-03-22T16:39:00+08:00 ] ::1 /test/uploads/TestPic/2017-03-20/300_58cf355bdcf03.jpg
ERR: 无法加载模块:Uploads

[ 2017-03-22T16:39:00+08:00 ] ::1 /test/uploads/TestPic/2017-03-20/300_58cf355bdcf03.jpg
ERR: 无法加载模块:Uploads

[ 2017-03-22T16:39:00+08:00 ] ::1 /test/uploads/TestPic/2017-03-17/300_58cb743fa4ec1.png
ERR: 无法加载模块:Uploads

[ 2017-03-22T16:39:27+08:00 ] ::1 /test/uploads/TestPic/2017-03-20/300_58cf355bdcf03.jpg
ERR: 无法加载模块:Uploads

[ 2017-03-22T16:39:27+08:00 ] ::1 /test/uploads/TestPic/2017-03-17/300_58cb743fa4ec1.png
ERR: 无法加载模块:Uploads

[ 2017-03-22T16:39:27+08:00 ] ::1 /test/uploads/TestPic/2017-03-20/300_58cf355bdcf03.jpg
ERR: 无法加载模块:Uploads

[ 2017-03-22T16:39:27+08:00 ] ::1 /test/uploads/TestPic/2017-03-17/300_58cb743fa4ec1.png
ERR: 无法加载模块:Uploads

[ 2017-03-22T16:39:51+08:00 ] ::1 /test/uploads/TestPic/2017-03-20/300_58cf355bdcf03.jpg
ERR: 无法加载模块:Uploads

[ 2017-03-22T16:39:51+08:00 ] ::1 /test/uploads/TestPic/2017-03-17/300_58cb743fa4ec1.png
ERR: 无法加载模块:Uploads

[ 2017-03-22T16:39:51+08:00 ] ::1 /test/uploads/TestPic/2017-03-20/300_58cf355bdcf03.jpg
ERR: 无法加载模块:Uploads

[ 2017-03-22T16:41:15+08:00 ] ::1 /test/uploads/TestPic/2017-03-20/300_58cf355bdcf03.jpg
ERR: 无法加载模块:Uploads

[ 2017-03-22T16:41:15+08:00 ] ::1 /test/uploads/TestPic/2017-03-17/300_58cb743fa4ec1.png
ERR: 无法加载模块:Uploads

[ 2017-03-22T16:41:15+08:00 ] ::1 /test/uploads/TestPic/2017-03-20/300_58cf355bdcf03.jpg
ERR: 无法加载模块:Uploads

[ 2017-03-22T16:41:15+08:00 ] ::1 /test/uploads/TestPic/2017-03-17/300_58cb743fa4ec1.png
ERR: 无法加载模块:Uploads

[ 2017-03-22T16:42:18+08:00 ] ::1 /test/uploads/TestPic/2017-03-20/300_58cf355bdcf03.jpg
ERR: 无法加载模块:Uploads

[ 2017-03-22T16:42:18+08:00 ] ::1 /test/uploads/TestPic/2017-03-17/300_58cb743fa4ec1.png
ERR: 无法加载模块:Uploads

[ 2017-03-22T16:42:18+08:00 ] ::1 /test/uploads/TestPic/2017-03-20/300_58cf355bdcf03.jpg
ERR: 无法加载模块:Uploads

[ 2017-03-22T16:42:18+08:00 ] ::1 /test/uploads/TestPic/2017-03-17/300_58cb743fa4ec1.png
ERR: 无法加载模块:Uploads

[ 2017-03-22T16:42:44+08:00 ] ::1 /test/uploads/TestPic/2017-03-20/300_58cf355bdcf03.jpg
ERR: 无法加载模块:Uploads

[ 2017-03-22T16:42:44+08:00 ] ::1 /test/uploads/TestPic/2017-03-17/300_58cb743fa4ec1.png
ERR: 无法加载模块:Uploads

[ 2017-03-22T16:42:44+08:00 ] ::1 /test/uploads/TestPic/2017-03-17/300_58cb743fa4ec1.png
ERR: 无法加载模块:Uploads

[ 2017-03-22T16:42:44+08:00 ] ::1 /test/uploads/TestPic/2017-03-20/300_58cf355bdcf03.jpg
ERR: 无法加载模块:Uploads

[ 2017-03-22T16:43:21+08:00 ] ::1 /test/uploads/TestPic/2017-03-17/300_58cb743fa4ec1.png
ERR: 无法加载模块:Uploads

[ 2017-03-22T16:43:21+08:00 ] ::1 /test/uploads/TestPic/2017-03-20/300_58cf355bdcf03.jpg
ERR: 无法加载模块:Uploads

[ 2017-03-22T16:43:30+08:00 ] ::1 /test/uploads/TestPic/2017-03-17/300_58cb743fa4ec1.png
ERR: 无法加载模块:Uploads

[ 2017-03-22T16:43:30+08:00 ] ::1 /test/uploads/TestPic/2017-03-20/300_58cf355bdcf03.jpg
ERR: 无法加载模块:Uploads

[ 2017-03-22T16:43:30+08:00 ] ::1 /test/uploads/TestPic/2017-03-20/300_58cf355bdcf03.jpg
ERR: 无法加载模块:Uploads

[ 2017-03-22T16:43:30+08:00 ] ::1 /test/uploads/TestPic/2017-03-17/300_58cb743fa4ec1.png
ERR: 无法加载模块:Uploads

[ 2017-03-22T16:50:34+08:00 ] ::1 /test/uploads/TestPic/2017-03-17/300_58cb743fa4ec1.png
ERR: 无法加载模块:Uploads

[ 2017-03-22T16:50:34+08:00 ] ::1 /test/uploads/TestPic/2017-03-20/300_58cf355bdcf03.jpg
ERR: 无法加载模块:Uploads

[ 2017-03-22T16:50:34+08:00 ] ::1 /test/uploads/TestPic/2017-03-17/300_58cb743fa4ec1.png
ERR: 无法加载模块:Uploads

[ 2017-03-22T16:50:34+08:00 ] ::1 /test/uploads/TestPic/2017-03-20/300_58cf355bdcf03.jpg
ERR: 无法加载模块:Uploads

[ 2017-03-22T17:13:18+08:00 ] ::1 /test/uploads/TestPic/300_
ERR: 无法加载模块:Uploads

[ 2017-03-22T17:13:18+08:00 ] ::1 /test/uploads/TestPic/300_
ERR: 无法加载模块:Uploads

[ 2017-03-22T17:14:23+08:00 ] ::1 /test/uploads/TestPic/300_
ERR: 无法加载模块:Uploads

[ 2017-03-22T17:14:23+08:00 ] ::1 /test/uploads/TestPic/300_
ERR: 无法加载模块:Uploads

[ 2017-03-22T17:14:30+08:00 ] ::1 /test/uploads/TestPic/300_
ERR: 无法加载模块:Uploads

[ 2017-03-22T17:14:30+08:00 ] ::1 /test/uploads/TestPic/300_
ERR: 无法加载模块:Uploads

[ 2017-03-22T17:15:51+08:00 ] ::1 /test/uploads/TestPic/300_
ERR: 无法加载模块:Uploads

[ 2017-03-22T17:15:51+08:00 ] ::1 /test/uploads/TestPic/300_
ERR: 无法加载模块:Uploads

[ 2017-03-22T17:18:10+08:00 ] ::1 /test/uploads/TestPic/300_
ERR: 无法加载模块:Uploads

[ 2017-03-22T17:18:10+08:00 ] ::1 /test/uploads/TestPic/300_
ERR: 无法加载模块:Uploads

[ 2017-03-22T17:18:48+08:00 ] ::1 /test/uploads/TestPic/300_
ERR: 无法加载模块:Uploads

[ 2017-03-22T17:18:48+08:00 ] ::1 /test/uploads/TestPic/300_
ERR: 无法加载模块:Uploads

[ 2017-03-22T17:18:51+08:00 ] ::1 /test/uploads/TestPic/300_
ERR: 无法加载模块:Uploads

[ 2017-03-22T17:18:51+08:00 ] ::1 /test/uploads/TestPic/300_
ERR: 无法加载模块:Uploads

[ 2017-03-22T17:21:13+08:00 ] ::1 /test/uploads/TestPic/300_
ERR: 无法加载模块:Uploads

[ 2017-03-22T17:21:13+08:00 ] ::1 /test/uploads/TestPic/300_
ERR: 无法加载模块:Uploads

[ 2017-03-22T17:23:03+08:00 ] ::1 /test/uploads/TestPic/300_
ERR: 无法加载模块:Uploads

[ 2017-03-22T17:23:03+08:00 ] ::1 /test/uploads/TestPic/300_
ERR: 无法加载模块:Uploads

[ 2017-03-22T17:23:40+08:00 ] ::1 /test/uploads/TestPic/300_
ERR: 无法加载模块:Uploads

[ 2017-03-22T17:23:40+08:00 ] ::1 /test/uploads/TestPic/300_
ERR: 无法加载模块:Uploads

[ 2017-03-22T17:24:37+08:00 ] ::1 /test/uploads/TestPic/300_
ERR: 无法加载模块:Uploads

[ 2017-03-22T17:24:38+08:00 ] ::1 /test/uploads/TestPic/300_
ERR: 无法加载模块:Uploads

[ 2017-03-22T17:25:03+08:00 ] ::1 /test/uploads/TestPic/300_
ERR: 无法加载模块:Uploads

[ 2017-03-22T17:25:04+08:00 ] ::1 /test/uploads/TestPic/300_
ERR: 无法加载模块:Uploads

[ 2017-03-22T17:25:29+08:00 ] ::1 /test/uploads/TestPic/300_
ERR: 无法加载模块:Uploads

[ 2017-03-22T17:25:30+08:00 ] ::1 /test/uploads/TestPic/300_
ERR: 无法加载模块:Uploads

[ 2017-03-22T17:25:47+08:00 ] ::1 /test/uploads/TestPic/300_
ERR: 无法加载模块:Uploads

[ 2017-03-22T17:25:48+08:00 ] ::1 /test/uploads/TestPic/300_
ERR: 无法加载模块:Uploads

[ 2017-03-22T17:26:19+08:00 ] ::1 /test/uploads/TestPic/300_
ERR: 无法加载模块:Uploads

[ 2017-03-22T17:26:20+08:00 ] ::1 /test/uploads/TestPic/300_
ERR: 无法加载模块:Uploads

[ 2017-03-22T17:26:45+08:00 ] ::1 /test/uploads/TestPic/300_
ERR: 无法加载模块:Uploads

[ 2017-03-22T17:26:46+08:00 ] ::1 /test/uploads/TestPic/300_
ERR: 无法加载模块:Uploads

[ 2017-03-22T17:27:06+08:00 ] ::1 /test/uploads/TestPic/300_
ERR: 无法加载模块:Uploads

[ 2017-03-22T17:27:07+08:00 ] ::1 /test/uploads/TestPic/300_
ERR: 无法加载模块:Uploads

[ 2017-03-22T17:28:29+08:00 ] ::1 /test/uploads/TestPic/300_
ERR: 无法加载模块:Uploads

[ 2017-03-22T17:28:30+08:00 ] ::1 /test/uploads/TestPic/300_
ERR: 无法加载模块:Uploads

[ 2017-03-22T17:28:48+08:00 ] ::1 /test/uploads/TestPic/300_
ERR: 无法加载模块:Uploads

[ 2017-03-22T17:28:50+08:00 ] ::1 /test/uploads/TestPic/300_
ERR: 无法加载模块:Uploads

[ 2017-03-22T17:30:05+08:00 ] ::1 /test/uploads/TestPic/300_
ERR: 无法加载模块:Uploads

[ 2017-03-22T17:30:06+08:00 ] ::1 /test/uploads/TestPic/300_
ERR: 无法加载模块:Uploads

[ 2017-03-22T17:33:01+08:00 ] ::1 /test/style.css
ERR: 无法加载模块:Style

[ 2017-03-22T17:33:01+08:00 ] ::1 /test/Public/Home/exam/images/abcd.jpg
ERR: 无法加载模块:Public

[ 2017-03-22T17:33:29+08:00 ] ::1 /test/Public/Home/exam/images/abcd.jpg
ERR: 无法加载模块:Public

[ 2017-03-22T17:34:29+08:00 ] ::1 /test/Public/Home/exam/images/abcd.jpg
ERR: 无法加载模块:Public

[ 2017-03-22T17:34:46+08:00 ] ::1 /test/Public/Home/exam/images/abcd.jpg
ERR: 无法加载模块:Public

[ 2017-03-22T17:35:51+08:00 ] ::1 /test/uploads/TestPic/300_
ERR: 无法加载模块:Uploads

[ 2017-03-22T17:35:52+08:00 ] ::1 /test/uploads/TestPic/300_
ERR: 无法加载模块:Uploads

[ 2017-03-22T17:46:03+08:00 ] ::1 /test/Public/Home/exam/images/abcd.jpg
ERR: 无法加载模块:Public

[ 2017-03-22T17:46:35+08:00 ] ::1 /test/Public/Home/exam/images/abcd.jpg
ERR: 无法加载模块:Public

[ 2017-03-22T17:46:59+08:00 ] ::1 /test/Public/Home/exam/images/abcd.jpg
ERR: 无法加载模块:Public

[ 2017-03-22T17:55:26+08:00 ] ::1 /test/Public/Home/exam/images/abcd.jpg
ERR: 无法加载模块:Public

[ 2017-03-22T17:56:37+08:00 ] ::1 /test/Public/Home/exam/images/abcd.jpg
ERR: 无法加载模块:Public

[ 2017-03-22T17:58:29+08:00 ] ::1 /test/Public/Home/exam/images/abcd.jpg
ERR: 无法加载模块:Public

[ 2017-03-22T17:59:13+08:00 ] ::1 /test/Public/Home/exam/images/abcd.jpg
ERR: 无法加载模块:Public

[ 2017-03-22T18:01:03+08:00 ] ::1 /test/Public/Home/exam/images/abcd.jpg
ERR: 无法加载模块:Public

[ 2017-03-22T18:02:47+08:00 ] ::1 /test/Public/Home/exam/images/abcd.jpg
ERR: 无法加载模块:Public

[ 2017-03-22T18:03:31+08:00 ] ::1 /test/Public/Home/exam/images/abcd.jpg
ERR: 无法加载模块:Public

[ 2017-03-22T18:04:12+08:00 ] ::1 /test/Public/Home/exam/images/abcd.jpg
ERR: 无法加载模块:Public

[ 2017-03-22T18:05:58+08:00 ] ::1 /test/Public/Home/exam/images/abcd.jpg
ERR: 无法加载模块:Public

[ 2017-03-22T18:06:38+08:00 ] ::1 /test/Public/Home/exam/images/abcd.jpg
ERR: 无法加载模块:Public

[ 2017-03-22T18:07:29+08:00 ] ::1 /test/Public/Home/exam/images/abcd.jpg
ERR: 无法加载模块:Public

[ 2017-03-22T18:10:53+08:00 ] ::1 /test/Public/Home/exam/images/abcd.jpg
ERR: 无法加载模块:Public

[ 2017-03-22T18:11:28+08:00 ] ::1 /test/Public/Home/exam/images/abcd.jpg
ERR: 无法加载模块:Public

[ 2017-03-22T18:12:19+08:00 ] ::1 /test/Public/Home/exam/images/abcd.jpg
ERR: 无法加载模块:Public

[ 2017-03-22T18:12:36+08:00 ] ::1 /test/Public/Home/exam/images/abcd.jpg
ERR: 无法加载模块:Public

[ 2017-03-22T18:16:26+08:00 ] ::1 /test/Public/Home/exam/images/abcd.jpg
ERR: 无法加载模块:Public

[ 2017-03-22T18:16:58+08:00 ] ::1 /test/Public/Home/exam/images/abcd.jpg
ERR: 无法加载模块:Public

[ 2017-03-22T18:18:04+08:00 ] ::1 /test/Public/Home/exam/images/abcd.jpg
ERR: 无法加载模块:Public

[ 2017-03-22T18:18:26+08:00 ] ::1 /test/Public/Home/exam/images/abcd.jpg
ERR: 无法加载模块:Public

[ 2017-03-22T18:20:36+08:00 ] ::1 /test/Public/Home/exam/images/abcd.jpg
ERR: 无法加载模块:Public

[ 2017-03-22T18:20:42+08:00 ] ::1 /test/Public/Home/exam/images/abcd.jpg
ERR: 无法加载模块:Public

[ 2017-03-22T18:21:59+08:00 ] ::1 /test/Public/Home/exam/images/abcd.jpg
ERR: 无法加载模块:Public

[ 2017-03-22T18:22:02+08:00 ] ::1 /test/Public/Home/exam/images/abcd.jpg
ERR: 无法加载模块:Public

[ 2017-03-22T18:22:34+08:00 ] ::1 /test/Public/Home/exam/images/abcd.jpg
ERR: 无法加载模块:Public

[ 2017-03-22T18:25:48+08:00 ] ::1 /test/Public/Home/exam/images/abcd.jpg
ERR: 无法加载模块:Public

[ 2017-03-22T18:26:05+08:00 ] ::1 /test/Public/Home/exam/images/abcd.jpg
ERR: 无法加载模块:Public

[ 2017-03-22T18:26:25+08:00 ] ::1 /test/Public/Home/exam/images/abcd.jpg
ERR: 无法加载模块:Public

[ 2017-03-22T18:26:31+08:00 ] ::1 /test/Public/Home/exam/images/abcd.jpg
ERR: 无法加载模块:Public

[ 2017-03-22T18:26:46+08:00 ] ::1 /test/Public/Home/exam/images/abcd.jpg
ERR: 无法加载模块:Public

[ 2017-03-22T18:30:46+08:00 ] ::1 /test/Public/Home/exam/images/abcd.jpg
ERR: 无法加载模块:Public

[ 2017-03-22T18:44:18+08:00 ] ::1 /test/Public/Home/exam/images/abcd.jpg
ERR: 无法加载模块:Public

[ 2017-03-22T18:46:30+08:00 ] ::1 /test/Public/Home/exam/images/abcd.jpg
ERR: 无法加载模块:Public

[ 2017-03-22T18:46:33+08:00 ] ::1 /test/Public/Home/exam/images/abcd.jpg
ERR: 无法加载模块:Public

[ 2017-03-22T18:46:58+08:00 ] ::1 /test/Public/Home/exam/images/abcd.jpg
ERR: 无法加载模块:Public

[ 2017-03-22T18:47:01+08:00 ] ::1 /test/Public/Home/exam/images/abcd.jpg
ERR: 无法加载模块:Public

[ 2017-03-22T18:49:07+08:00 ] ::1 /test/Public/Home/exam/images/abcd.jpg
ERR: 无法加载模块:Public

[ 2017-03-22T18:49:11+08:00 ] ::1 /test/Public/Home/exam/images/abcd.jpg
ERR: 无法加载模块:Public

[ 2017-03-22T18:49:15+08:00 ] ::1 /test/Public/Home/exam/images/abcd.jpg
ERR: 无法加载模块:Public

[ 2017-03-22T18:49:23+08:00 ] ::1 /test/Public/Home/exam/images/abcd.jpg
ERR: 无法加载模块:Public

[ 2017-03-22T18:49:26+08:00 ] ::1 /test/Public/Home/exam/images/abcd.jpg
ERR: 无法加载模块:Public

