[ 2017-03-23T10:30:06+08:00 ] ::1 /test/style.css
ERR: 无法加载模块:Style

[ 2017-03-23T10:30:06+08:00 ] ::1 /test/Public/Home/exam/images/abcd.jpg
ERR: 无法加载模块:Public

[ 2017-03-23T10:30:08+08:00 ] ::1 /test/Public/Home/exam/images/abcd.jpg
ERR: 无法加载模块:Public

[ 2017-03-23T10:30:27+08:00 ] ::1 /test/Public/Home/exam/images/abcd.jpg
ERR: 无法加载模块:Public

[ 2017-03-23T10:30:30+08:00 ] ::1 /test/Public/Home/exam/images/abcd.jpg
ERR: 无法加载模块:Public

[ 2017-03-23T10:30:32+08:00 ] ::1 /test/Public/Home/exam/images/abcd.jpg
ERR: 无法加载模块:Public

[ 2017-03-23T10:30:35+08:00 ] ::1 /test/Public/Home/exam/images/abcd.jpg
ERR: 无法加载模块:Public

[ 2017-03-23T10:44:35+08:00 ] ::1 /test/Public/Home/exam/images/abcd.jpg
ERR: 无法加载模块:Public

[ 2017-03-23T10:44:37+08:00 ] ::1 /test/Public/Home/exam/images/abcd.jpg
ERR: 无法加载模块:Public

[ 2017-03-23T10:44:41+08:00 ] ::1 /test/Public/Home/exam/images/abcd.jpg
ERR: 无法加载模块:Public

[ 2017-03-23T10:44:55+08:00 ] ::1 /test/Public/Home/exam/images/abcd.jpg
ERR: 无法加载模块:Public

[ 2017-03-23T10:44:57+08:00 ] ::1 /test/Public/Home/exam/images/abcd.jpg
ERR: 无法加载模块:Public

[ 2017-03-23T10:45:11+08:00 ] ::1 /test/Public/Home/exam/images/abcd.jpg
ERR: 无法加载模块:Public

[ 2017-03-23T10:45:19+08:00 ] ::1 /test/Public/Home/exam/images/abcd.jpg
ERR: 无法加载模块:Public

[ 2017-03-23T10:46:37+08:00 ] ::1 /test/Public/Home/exam/images/abcd.jpg
ERR: 无法加载模块:Public

[ 2017-03-23T10:48:08+08:00 ] ::1 /test/Public/Home/exam/images/abcd.jpg
ERR: 无法加载模块:Public

[ 2017-03-23T10:49:18+08:00 ] ::1 /test/Public/Home/exam/images/abcd.jpg
ERR: 无法加载模块:Public

[ 2017-03-23T10:50:16+08:00 ] ::1 /test/Public/Home/exam/images/abcd.jpg
ERR: 无法加载模块:Public

[ 2017-03-23T10:51:08+08:00 ] ::1 /test/Public/Home/exam/images/abcd.jpg
ERR: 无法加载模块:Public

[ 2017-03-23T10:52:41+08:00 ] ::1 /test/Public/Home/exam/images/abcd.jpg
ERR: 无法加载模块:Public

[ 2017-03-23T10:53:43+08:00 ] ::1 /test/Public/Home/exam/images/abcd.jpg
ERR: 无法加载模块:Public

[ 2017-03-23T10:54:18+08:00 ] ::1 /test/Public/Home/exam/images/abcd.jpg
ERR: 无法加载模块:Public

[ 2017-03-23T10:56:29+08:00 ] ::1 /test/Public/Home/exam/images/abcd.jpg
ERR: 无法加载模块:Public

[ 2017-03-23T10:56:32+08:00 ] ::1 /test/Public/Home/exam/images/abcd.jpg
ERR: 无法加载模块:Public

[ 2017-03-23T10:56:44+08:00 ] ::1 /test/Public/Home/exam/images/abcd.jpg
ERR: 无法加载模块:Public

[ 2017-03-23T10:57:04+08:00 ] ::1 /test/Public/Home/exam/images/abcd.jpg
ERR: 无法加载模块:Public

[ 2017-03-23T10:57:21+08:00 ] ::1 /test/Public/Home/exam/images/abcd.jpg
ERR: 无法加载模块:Public

[ 2017-03-23T10:57:51+08:00 ] ::1 /test/Public/Home/exam/images/abcd.jpg
ERR: 无法加载模块:Public

[ 2017-03-23T11:00:23+08:00 ] ::1 /test/Public/Home/exam/images/abcd.jpg
ERR: 无法加载模块:Public

[ 2017-03-23T11:05:27+08:00 ] ::1 /test/Public/Home/exam/images/abcd.jpg
ERR: 无法加载模块:Public

[ 2017-03-23T11:06:04+08:00 ] ::1 /test/Public/Home/exam/images/abcd.jpg
ERR: 无法加载模块:Public

[ 2017-03-23T11:06:22+08:00 ] ::1 /test/Public/Home/exam/images/abcd.jpg
ERR: 无法加载模块:Public

[ 2017-03-23T11:07:09+08:00 ] ::1 /test/Public/Home/exam/images/abcd.jpg
ERR: 无法加载模块:Public

[ 2017-03-23T11:08:40+08:00 ] ::1 /test/Public/Home/exam/images/abcd.jpg
ERR: 无法加载模块:Public

[ 2017-03-23T11:09:20+08:00 ] ::1 /test/Public/Home/exam/images/abcd.jpg
ERR: 无法加载模块:Public

[ 2017-03-23T11:09:51+08:00 ] ::1 /test/Public/Home/exam/images/abcd.jpg
ERR: 无法加载模块:Public

[ 2017-03-23T11:09:57+08:00 ] ::1 /test/Public/Home/exam/images/abcd.jpg
ERR: 无法加载模块:Public

[ 2017-03-23T11:10:04+08:00 ] ::1 /test/Public/Home/exam/images/abcd.jpg
ERR: 无法加载模块:Public

[ 2017-03-23T11:10:50+08:00 ] ::1 /test/Public/Home/exam/images/abcd.jpg
ERR: 无法加载模块:Public

[ 2017-03-23T11:10:55+08:00 ] ::1 /test/Public/Home/exam/images/abcd.jpg
ERR: 无法加载模块:Public

[ 2017-03-23T11:11:21+08:00 ] ::1 /test/Public/Home/exam/images/abcd.jpg
ERR: 无法加载模块:Public

[ 2017-03-23T11:12:04+08:00 ] ::1 /test/Public/Home/exam/images/abcd.jpg
ERR: 无法加载模块:Public

[ 2017-03-23T11:12:18+08:00 ] ::1 /test/Public/Home/exam/images/abcd.jpg
ERR: 无法加载模块:Public

[ 2017-03-23T11:13:33+08:00 ] ::1 /test/Public/Home/exam/images/abcd.jpg
ERR: 无法加载模块:Public

[ 2017-03-23T11:17:12+08:00 ] ::1 /test/Public/Home/exam/images/abcd.jpg
ERR: 无法加载模块:Public

[ 2017-03-23T11:20:29+08:00 ] ::1 /test/Public/Home/exam/images/abcd.jpg
ERR: 无法加载模块:Public

[ 2017-03-23T11:20:44+08:00 ] ::1 /test/Public/Home/exam/images/abcd.jpg
ERR: 无法加载模块:Public

[ 2017-03-23T11:21:13+08:00 ] ::1 /test/Public/Home/exam/images/abcd.jpg
ERR: 无法加载模块:Public

[ 2017-03-23T11:21:34+08:00 ] ::1 /test/Public/Home/exam/images/abcd.jpg
ERR: 无法加载模块:Public

[ 2017-03-23T11:22:30+08:00 ] ::1 /test/Public/Home/exam/images/abcd.jpg
ERR: 无法加载模块:Public

[ 2017-03-23T11:22:58+08:00 ] ::1 /test/Public/Home/exam/images/abcd.jpg
ERR: 无法加载模块:Public

[ 2017-03-23T11:23:25+08:00 ] ::1 /test/Public/Home/exam/images/abcd.jpg
ERR: 无法加载模块:Public

[ 2017-03-23T11:27:58+08:00 ] ::1 /test/Public/Home/exam/images/abcd.jpg
ERR: 无法加载模块:Public

[ 2017-03-23T11:30:19+08:00 ] ::1 /test/Public/Home/exam/images/abcd.jpg
ERR: 无法加载模块:Public

[ 2017-03-23T11:30:33+08:00 ] ::1 /test/Public/Home/exam/images/abcd.jpg
ERR: 无法加载模块:Public

[ 2017-03-23T11:31:06+08:00 ] ::1 /test/Public/Home/exam/images/abcd.jpg
ERR: 无法加载模块:Public

[ 2017-03-23T11:32:38+08:00 ] ::1 /test/Public/Home/exam/images/abcd.jpg
ERR: 无法加载模块:Public

[ 2017-03-23T11:33:00+08:00 ] ::1 /test/Public/Home/exam/images/abcd.jpg
ERR: 无法加载模块:Public

[ 2017-03-23T11:35:57+08:00 ] ::1 /test/Public/Home/exam/images/abcd.jpg
ERR: 无法加载模块:Public

[ 2017-03-23T11:36:22+08:00 ] ::1 /test/Public/Home/exam/images/abcd.jpg
ERR: 无法加载模块:Public

[ 2017-03-23T11:40:26+08:00 ] ::1 /test/Public/Home/exam/images/abcd.jpg
ERR: 无法加载模块:Public

[ 2017-03-23T11:40:37+08:00 ] ::1 /test/Public/Home/exam/images/abcd.jpg
ERR: 无法加载模块:Public

[ 2017-03-23T11:40:42+08:00 ] ::1 /test/Public/Home/exam/images/abcd.jpg
ERR: 无法加载模块:Public

[ 2017-03-23T11:41:25+08:00 ] ::1 /test/Public/Home/exam/images/abcd.jpg
ERR: 无法加载模块:Public

[ 2017-03-23T11:41:47+08:00 ] ::1 /test/Public/Home/exam/images/abcd.jpg
ERR: 无法加载模块:Public

[ 2017-03-23T11:42:48+08:00 ] ::1 /test/Public/Home/exam/images/abcd.jpg
ERR: 无法加载模块:Public

[ 2017-03-23T11:43:15+08:00 ] ::1 /test/Public/Home/exam/images/abcd.jpg
ERR: 无法加载模块:Public

[ 2017-03-23T11:43:45+08:00 ] ::1 /test/Public/Home/exam/images/abcd.jpg
ERR: 无法加载模块:Public

[ 2017-03-23T11:43:51+08:00 ] ::1 /test/Public/Home/exam/images/abcd.jpg
ERR: 无法加载模块:Public

[ 2017-03-23T11:43:57+08:00 ] ::1 /test/Public/Home/exam/images/abcd.jpg
ERR: 无法加载模块:Public

[ 2017-03-23T11:44:54+08:00 ] ::1 /test/Public/Home/exam/images/abcd.jpg
ERR: 无法加载模块:Public

[ 2017-03-23T11:45:03+08:00 ] ::1 /test/Public/Home/exam/images/abcd.jpg
ERR: 无法加载模块:Public

[ 2017-03-23T11:45:10+08:00 ] ::1 /test/Public/Home/exam/images/abcd.jpg
ERR: 无法加载模块:Public

[ 2017-03-23T11:46:58+08:00 ] ::1 /test/Public/Home/exam/images/abcd.jpg
ERR: 无法加载模块:Public

[ 2017-03-23T11:49:39+08:00 ] ::1 /test/Public/Home/exam/images/abcd.jpg
ERR: 无法加载模块:Public

[ 2017-03-23T11:50:37+08:00 ] ::1 /test/Public/Home/exam/images/abcd.jpg
ERR: 无法加载模块:Public

[ 2017-03-23T11:52:43+08:00 ] ::1 /test/Public/Home/exam/images/abcd.jpg
ERR: 无法加载模块:Public

[ 2017-03-23T11:52:53+08:00 ] ::1 /test/Public/Home/exam/images/abcd.jpg
ERR: 无法加载模块:Public

[ 2017-03-23T11:54:46+08:00 ] ::1 /test/Public/Home/exam/images/abcd.jpg
ERR: 无法加载模块:Public

[ 2017-03-23T11:55:26+08:00 ] ::1 /test/Public/Home/exam/images/abcd.jpg
ERR: 无法加载模块:Public

[ 2017-03-23T11:55:37+08:00 ] ::1 /test/Public/Home/exam/images/abcd.jpg
ERR: 无法加载模块:Public

[ 2017-03-23T11:55:43+08:00 ] ::1 /test/Public/Home/exam/images/abcd.jpg
ERR: 无法加载模块:Public

[ 2017-03-23T12:10:24+08:00 ] ::1 /test/uploads/TestShortPic/300_
ERR: 无法加载模块:Uploads

[ 2017-03-23T12:10:26+08:00 ] ::1 /test/uploads/TestShortPic/300_
ERR: 无法加载模块:Uploads

[ 2017-03-23T12:28:05+08:00 ] ::1 /test/uploads/TestShortPic/300_
ERR: 无法加载模块:Uploads

[ 2017-03-23T12:28:06+08:00 ] ::1 /test/uploads/TestShortPic/300_
ERR: 无法加载模块:Uploads

[ 2017-03-23T12:29:04+08:00 ] ::1 /test/uploads/TestShortPic/300_
ERR: 无法加载模块:Uploads

[ 2017-03-23T12:29:05+08:00 ] ::1 /test/uploads/TestShortPic/300_
ERR: 无法加载模块:Uploads

[ 2017-03-23T12:41:02+08:00 ] ::1 /test/uploads/TestShortPic/300_
ERR: 无法加载模块:Uploads

[ 2017-03-23T12:41:03+08:00 ] ::1 /test/uploads/TestShortPic/300_
ERR: 无法加载模块:Uploads

[ 2017-03-23T13:41:16+08:00 ] ::1 /test/uploads/TestShortPic/300_
ERR: 无法加载模块:Uploads

[ 2017-03-23T13:41:17+08:00 ] ::1 /test/uploads/TestShortPic/300_
ERR: 无法加载模块:Uploads

[ 2017-03-23T13:41:22+08:00 ] ::1 /test/uploads/TestShortPic/300_
ERR: 无法加载模块:Uploads

[ 2017-03-23T13:42:40+08:00 ] ::1 /test/Public/Home/exam/images/abcd.jpg
ERR: 无法加载模块:Public

[ 2017-03-23T13:43:17+08:00 ] ::1 /test/Public/Home/exam/images/abcd.jpg
ERR: 无法加载模块:Public

[ 2017-03-23T13:43:20+08:00 ] ::1 /test/Public/Home/exam/images/abcd.jpg
ERR: 无法加载模块:Public

[ 2017-03-23T13:43:51+08:00 ] ::1 /test/Public/Home/exam/images/abcd.jpg
ERR: 无法加载模块:Public

[ 2017-03-23T13:44:55+08:00 ] ::1 /test/Public/Home/exam/images/abcd.jpg
ERR: 无法加载模块:Public

[ 2017-03-23T13:45:13+08:00 ] ::1 /test/Public/Home/exam/images/abcd.jpg
ERR: 无法加载模块:Public

[ 2017-03-23T13:46:23+08:00 ] ::1 /test/uploads/TestShortPic/300_
ERR: 无法加载模块:Uploads

[ 2017-03-23T13:46:25+08:00 ] ::1 /test/uploads/TestShortPic/300_
ERR: 无法加载模块:Uploads

[ 2017-03-23T13:47:35+08:00 ] ::1 /test/uploads/TestShortPic/300_
ERR: 无法加载模块:Uploads

[ 2017-03-23T13:47:36+08:00 ] ::1 /test/uploads/TestShortPic/300_
ERR: 无法加载模块:Uploads

[ 2017-03-23T13:48:46+08:00 ] ::1 /test/Public/Home/exam/images/abcd.jpg
ERR: 无法加载模块:Public

[ 2017-03-23T13:48:48+08:00 ] ::1 /test/Public/Home/exam/images/abcd.jpg
ERR: 无法加载模块:Public

[ 2017-03-23T13:49:13+08:00 ] ::1 /test/Public/Home/exam/images/abcd.jpg
ERR: 无法加载模块:Public

[ 2017-03-23T13:49:23+08:00 ] ::1 /test/Public/Home/exam/images/abcd.jpg
ERR: 无法加载模块:Public

[ 2017-03-23T13:49:36+08:00 ] ::1 /test/Public/Home/exam/images/abcd.jpg
ERR: 无法加载模块:Public

[ 2017-03-23T13:51:10+08:00 ] ::1 /test/Public/Home/exam/images/abcd.jpg
ERR: 无法加载模块:Public

[ 2017-03-23T13:51:13+08:00 ] ::1 /test/Public/Home/exam/images/abcd.jpg
ERR: 无法加载模块:Public

[ 2017-03-23T13:51:34+08:00 ] ::1 /test/Public/Home/exam/images/abcd.jpg
ERR: 无法加载模块:Public

[ 2017-03-23T13:51:44+08:00 ] ::1 /test/Public/Home/exam/images/abcd.jpg
ERR: 无法加载模块:Public

[ 2017-03-23T13:51:55+08:00 ] ::1 /test/Public/Home/exam/images/abcd.jpg
ERR: 无法加载模块:Public

[ 2017-03-23T13:52:14+08:00 ] ::1 /test/uploads/TestShortPic/300_
ERR: 无法加载模块:Uploads

[ 2017-03-23T13:52:15+08:00 ] ::1 /test/uploads/TestShortPic/300_
ERR: 无法加载模块:Uploads

[ 2017-03-23T14:15:59+08:00 ] ::1 /test/Public/Home/exam/images/abcd.jpg
ERR: 无法加载模块:Public

[ 2017-03-23T14:16:02+08:00 ] ::1 /test/Public/Home/exam/images/abcd.jpg
ERR: 无法加载模块:Public

[ 2017-03-23T14:16:25+08:00 ] ::1 /test/Public/Home/exam/images/abcd.jpg
ERR: 无法加载模块:Public

[ 2017-03-23T14:16:36+08:00 ] ::1 /test/Public/Home/exam/images/abcd.jpg
ERR: 无法加载模块:Public

[ 2017-03-23T14:16:49+08:00 ] ::1 /test/Public/Home/exam/images/abcd.jpg
ERR: 无法加载模块:Public

[ 2017-03-23T14:26:10+08:00 ] ::1 /test/Public/Home/exam/images/abcd.jpg
ERR: 无法加载模块:Public

[ 2017-03-23T14:26:17+08:00 ] ::1 /test/Public/Home/exam/images/abcd.jpg
ERR: 无法加载模块:Public

[ 2017-03-23T14:26:19+08:00 ] ::1 /test/Public/Home/exam/images/abcd.jpg
ERR: 无法加载模块:Public

[ 2017-03-23T14:26:49+08:00 ] ::1 /test/Public/Home/exam/images/abcd.jpg
ERR: 无法加载模块:Public

[ 2017-03-23T14:32:52+08:00 ] ::1 /test/Public/Home/exam/images/abcd.jpg
ERR: 无法加载模块:Public

[ 2017-03-23T14:32:55+08:00 ] ::1 /test/Public/Home/exam/images/abcd.jpg
ERR: 无法加载模块:Public

[ 2017-03-23T14:33:19+08:00 ] ::1 /test/Public/Home/exam/images/abcd.jpg
ERR: 无法加载模块:Public

[ 2017-03-23T14:35:41+08:00 ] ::1 /test/Public/Home/exam/images/abcd.jpg
ERR: 无法加载模块:Public

[ 2017-03-23T14:35:59+08:00 ] ::1 /test/Public/Home/exam/images/abcd.jpg
ERR: 无法加载模块:Public

[ 2017-03-23T14:40:31+08:00 ] ::1 /test/Public/Home/exam/images/abcd.jpg
ERR: 无法加载模块:Public

[ 2017-03-23T14:42:14+08:00 ] ::1 /test/Public/Home/exam/images/abcd.jpg
ERR: 无法加载模块:Public

[ 2017-03-23T14:42:32+08:00 ] ::1 /test/Public/Home/exam/images/abcd.jpg
ERR: 无法加载模块:Public

[ 2017-03-23T14:44:32+08:00 ] ::1 /test/Public/Home/exam/images/abcd.jpg
ERR: 无法加载模块:Public

[ 2017-03-23T14:44:54+08:00 ] ::1 /test/Public/Home/exam/images/abcd.jpg
ERR: 无法加载模块:Public

[ 2017-03-23T14:45:20+08:00 ] ::1 /test/Public/Home/exam/images/abcd.jpg
ERR: 无法加载模块:Public

[ 2017-03-23T14:45:41+08:00 ] ::1 /test/Public/Home/exam/images/abcd.jpg
ERR: 无法加载模块:Public

[ 2017-03-23T14:46:01+08:00 ] ::1 /test/Public/Home/exam/images/abcd.jpg
ERR: 无法加载模块:Public

[ 2017-03-23T14:47:23+08:00 ] ::1 /test/Public/Home/exam/images/abcd.jpg
ERR: 无法加载模块:Public

[ 2017-03-23T14:47:52+08:00 ] ::1 /test/Public/Home/exam/images/abcd.jpg
ERR: 无法加载模块:Public

[ 2017-03-23T14:47:58+08:00 ] ::1 /test/Public/Home/exam/images/abcd.jpg
ERR: 无法加载模块:Public

[ 2017-03-23T15:47:21+08:00 ] ::1 /test/beauty/admin
ERR: 无法加载模块:Beauty

[ 2017-03-23T15:47:32+08:00 ] ::1 /test/style.css
ERR: 无法加载模块:Style

[ 2017-03-23T15:47:32+08:00 ] ::1 /test/Public/Home/exam/images/abcd.jpg
ERR: 无法加载模块:Public

