[ 2016-11-28T08:57:26+08:00 ] 127.0.0.1 /index.php/Mobile/Login/LoginOut.html
INFO: [ app_begin ] --START--
INFO: Run Behavior\ReadHtmlCacheBehavior [ RunTime:0.001000s ]
INFO: [ app_begin ] --END-- [ RunTime:0.002000s ]

[ 2016-11-28T08:57:49+08:00 ] 127.0.0.1 /index.php/Mobile/Login/Dologin.html
INFO: [ app_begin ] --START--
INFO: Run Behavior\ReadHtmlCacheBehavior [ RunTime:0.001000s ]
INFO: [ app_begin ] --END-- [ RunTime:0.001000s ]
SQL: SHOW COLUMNS FROM `beauty_user` [ RunTime:0.0080s ]
SQL: SELECT `id`,`username`,`password` FROM `beauty_user` WHERE `username` = 'yanyan' AND `password` = '7219b9b60d9d70a9a7014369d88ebefe' LIMIT 1   [ RunTime:0.0010s ]
SQL: UPDATE `beauty_user` SET `lastlogin`='1480294669' WHERE `username` = 'yanyan' AND `password` = '7219b9b60d9d70a9a7014369d88ebefe' [ RunTime:0.0710s ]

[ 2016-11-28T12:59:05+08:00 ] 127.0.0.1 /index.php/Mobile/Goods/goodsdetail.html
ERR: 1064:You have an error in your SQL syntax; check the manual that corresponds to your MySQL server version for the right syntax to use near '' at line 1
 [ SQL语句 ] : select sum(gcount) as goodscount from beauty_count where gid=

[ 2016-11-28T13:00:40+08:00 ] 127.0.0.1 /index.php/Mobile/Feedback/send.html?textarea=%0D%0A++++++++++++++++&way=
INFO: [ app_begin ] --START--
INFO: Run Behavior\ReadHtmlCacheBehavior [ RunTime:0.001000s ]
INFO: [ app_begin ] --END-- [ RunTime:0.001000s ]
SQL: SHOW COLUMNS FROM `beauty_user` [ RunTime:0.0190s ]
SQL: SELECT * FROM `beauty_user` WHERE `id` = 5 LIMIT 1   [ RunTime:0.0100s ]

