[ 2016-11-30T19:53:06+08:00 ] 127.0.0.1 /index.php/Mobile/Login/Dologin.html
INFO: [ app_begin ] --START--
INFO: Run Behavior\ReadHtmlCacheBehavior [ RunTime:0.001000s ]
INFO: [ app_begin ] --END-- [ RunTime:0.001000s ]
SQL: SHOW COLUMNS FROM `beauty_user` [ RunTime:0.0090s ]
SQL: SELECT `id`,`username`,`password` FROM `beauty_user` WHERE `username` = 'yanyan' AND `password` = '7219b9b60d9d70a9a7014369d88ebefe' LIMIT 1   [ RunTime:0.0020s ]
SQL: UPDATE `beauty_user` SET `lastlogin`='1480506786' WHERE `username` = 'yanyan' AND `password` = '7219b9b60d9d70a9a7014369d88ebefe' [ RunTime:0.0560s ]

[ 2016-11-30T20:18:53+08:00 ] 127.0.0.1 /index.php/Mobile/GoodsList/temai.html?p=2
INFO: [ app_begin ] --START--
INFO: Run Behavior\ReadHtmlCacheBehavior [ RunTime:0.000000s ]
INFO: [ app_begin ] --END-- [ RunTime:0.001000s ]
SQL: SHOW COLUMNS FROM `beauty_category` [ RunTime:0.0090s ]
SQL: SELECT `cname`,`id` FROM `beauty_category` WHERE ( pid=0 )  [ RunTime:0.0020s ]
SQL: SHOW COLUMNS FROM `beauty_brands` [ RunTime:0.0090s ]
SQL: SELECT `bname`,`id`,`blogopath`,`blogoname` FROM `beauty_brands` LIMIT 0,12   [ RunTime:0.0010s ]
SQL: SHOW COLUMNS FROM `beauty_activity` [ RunTime:0.0090s ]
SQL: SHOW COLUMNS FROM `beauty_activity` [ RunTime:0.0090s ]
SQL: SELECT COUNT(*) AS tp_count FROM beauty_activity a,beauty_goods g WHERE ( g.bid=a.bid and g.show=1 and a.astatus=1 ) LIMIT 1   [ RunTime:0.0010s ]
NOTIC: [8] Undefined index: header E:\php\yunhe\beauty\ThinkPHP\Library\Org\Beauty\AjaxPage.class.php 第 121 行.
NOTIC: [8] Undefined variable: order E:\php\yunhe\beauty\beauty\Mobile\Controller\GoodsListController.class.php 第 187 行.
SQL: SHOW COLUMNS FROM `beauty_activity` [ RunTime:0.0090s ]
SQL: SELECT a.aname,g.saleprice,a.rules,g.id,a.bid,g.goodsname,g.imageurl,g.imagename,a.starttime,a.stoptime FROM beauty_activity a,beauty_goods g WHERE ( g.bid=a.bid and g.show=1 and a.astatus=1 ) LIMIT 3,3   [ RunTime:0.0020s ]
INFO: [ view_parse ] --START--
INFO: [ template_filter ] --START--
INFO: Run Behavior\ContentReplaceBehavior [ RunTime:0.000000s ]
INFO: [ template_filter ] --END-- [ RunTime:0.000000s ]
NOTIC: [8] Use of undefined constant utf8 - assumed 'utf8' E:\php\yunhe\beauty\beauty\Runtime\Cache\Mobile\2fabd85af58167a8130a991631574ff5.php 第 12 行.
NOTIC: [8] Use of undefined constant utf8 - assumed 'utf8' E:\php\yunhe\beauty\beauty\Runtime\Cache\Mobile\2fabd85af58167a8130a991631574ff5.php 第 12 行.
NOTIC: [8] Use of undefined constant utf8 - assumed 'utf8' E:\php\yunhe\beauty\beauty\Runtime\Cache\Mobile\2fabd85af58167a8130a991631574ff5.php 第 12 行.
INFO: Run Behavior\ParseTemplateBehavior [ RunTime:0.023001s ]
INFO: [ view_parse ] --END-- [ RunTime:0.023001s ]
INFO: [ view_filter ] --START--
INFO: Run Behavior\WriteHtmlCacheBehavior [ RunTime:0.001001s ]
INFO: [ view_filter ] --END-- [ RunTime:0.001001s ]
INFO: [ app_end ] --START--
INFO: Run Behavior\ShowPageTraceBehavior [ RunTime:0.001000s ]
INFO: [ app_end ] --END-- [ RunTime:0.001000s ]

[ 2016-11-30T20:18:54+08:00 ] 127.0.0.1 /index.php/Mobile/GoodsList/temai.html?p=3
INFO: [ app_begin ] --START--
INFO: Run Behavior\ReadHtmlCacheBehavior [ RunTime:0.000000s ]
INFO: [ app_begin ] --END-- [ RunTime:0.001000s ]
SQL: SHOW COLUMNS FROM `beauty_category` [ RunTime:0.0090s ]
SQL: SELECT `cname`,`id` FROM `beauty_category` WHERE ( pid=0 )  [ RunTime:0.0020s ]
SQL: SHOW COLUMNS FROM `beauty_brands` [ RunTime:0.0100s ]
SQL: SELECT `bname`,`id`,`blogopath`,`blogoname` FROM `beauty_brands` LIMIT 0,12   [ RunTime:0.0020s ]
SQL: SHOW COLUMNS FROM `beauty_activity` [ RunTime:0.0090s ]
SQL: SHOW COLUMNS FROM `beauty_activity` [ RunTime:0.0090s ]
SQL: SELECT COUNT(*) AS tp_count FROM beauty_activity a,beauty_goods g WHERE ( g.bid=a.bid and g.show=1 and a.astatus=1 ) LIMIT 1   [ RunTime:0.0010s ]
NOTIC: [8] Undefined index: header E:\php\yunhe\beauty\ThinkPHP\Library\Org\Beauty\AjaxPage.class.php 第 121 行.
NOTIC: [8] Undefined variable: order E:\php\yunhe\beauty\beauty\Mobile\Controller\GoodsListController.class.php 第 187 行.
SQL: SHOW COLUMNS FROM `beauty_activity` [ RunTime:0.0050s ]
SQL: SELECT a.aname,g.saleprice,a.rules,g.id,a.bid,g.goodsname,g.imageurl,g.imagename,a.starttime,a.stoptime FROM beauty_activity a,beauty_goods g WHERE ( g.bid=a.bid and g.show=1 and a.astatus=1 ) LIMIT 6,3   [ RunTime:0.0030s ]
INFO: [ view_parse ] --START--
INFO: [ template_filter ] --START--
INFO: Run Behavior\ContentReplaceBehavior [ RunTime:0.000000s ]
INFO: [ template_filter ] --END-- [ RunTime:0.000000s ]
NOTIC: [8] Use of undefined constant utf8 - assumed 'utf8' E:\php\yunhe\beauty\beauty\Runtime\Cache\Mobile\2fabd85af58167a8130a991631574ff5.php 第 12 行.
NOTIC: [8] Use of undefined constant utf8 - assumed 'utf8' E:\php\yunhe\beauty\beauty\Runtime\Cache\Mobile\2fabd85af58167a8130a991631574ff5.php 第 12 行.
NOTIC: [8] Use of undefined constant utf8 - assumed 'utf8' E:\php\yunhe\beauty\beauty\Runtime\Cache\Mobile\2fabd85af58167a8130a991631574ff5.php 第 12 行.
INFO: Run Behavior\ParseTemplateBehavior [ RunTime:0.009001s ]
INFO: [ view_parse ] --END-- [ RunTime:0.009001s ]
INFO: [ view_filter ] --START--
INFO: Run Behavior\WriteHtmlCacheBehavior [ RunTime:0.001000s ]
INFO: [ view_filter ] --END-- [ RunTime:0.001000s ]
INFO: [ app_end ] --START--
INFO: Run Behavior\ShowPageTraceBehavior [ RunTime:0.001000s ]
INFO: [ app_end ] --END-- [ RunTime:0.001000s ]

[ 2016-11-30T20:18:55+08:00 ] 127.0.0.1 /index.php/Mobile/GoodsList/temai.html?p=4
INFO: [ app_begin ] --START--
INFO: Run Behavior\ReadHtmlCacheBehavior [ RunTime:0.000000s ]
INFO: [ app_begin ] --END-- [ RunTime:0.002001s ]
SQL: SHOW COLUMNS FROM `beauty_category` [ RunTime:0.0100s ]
SQL: SELECT `cname`,`id` FROM `beauty_category` WHERE ( pid=0 )  [ RunTime:0.0020s ]
SQL: SHOW COLUMNS FROM `beauty_brands` [ RunTime:0.0090s ]
SQL: SELECT `bname`,`id`,`blogopath`,`blogoname` FROM `beauty_brands` LIMIT 0,12   [ RunTime:0.0020s ]
SQL: SHOW COLUMNS FROM `beauty_activity` [ RunTime:0.0090s ]
SQL: SHOW COLUMNS FROM `beauty_activity` [ RunTime:0.0100s ]
SQL: SELECT COUNT(*) AS tp_count FROM beauty_activity a,beauty_goods g WHERE ( g.bid=a.bid and g.show=1 and a.astatus=1 ) LIMIT 1   [ RunTime:0.0010s ]
NOTIC: [8] Undefined index: header E:\php\yunhe\beauty\ThinkPHP\Library\Org\Beauty\AjaxPage.class.php 第 121 行.
NOTIC: [8] Undefined variable: order E:\php\yunhe\beauty\beauty\Mobile\Controller\GoodsListController.class.php 第 187 行.
SQL: SHOW COLUMNS FROM `beauty_activity` [ RunTime:0.0070s ]
SQL: SELECT a.aname,g.saleprice,a.rules,g.id,a.bid,g.goodsname,g.imageurl,g.imagename,a.starttime,a.stoptime FROM beauty_activity a,beauty_goods g WHERE ( g.bid=a.bid and g.show=1 and a.astatus=1 ) LIMIT 9,3   [ RunTime:0.0020s ]
INFO: [ view_parse ] --START--
INFO: [ template_filter ] --START--
INFO: Run Behavior\ContentReplaceBehavior [ RunTime:0.000000s ]
INFO: [ template_filter ] --END-- [ RunTime:0.000000s ]
NOTIC: [8] Use of undefined constant utf8 - assumed 'utf8' E:\php\yunhe\beauty\beauty\Runtime\Cache\Mobile\2fabd85af58167a8130a991631574ff5.php 第 12 行.
NOTIC: [8] Use of undefined constant utf8 - assumed 'utf8' E:\php\yunhe\beauty\beauty\Runtime\Cache\Mobile\2fabd85af58167a8130a991631574ff5.php 第 12 行.
NOTIC: [8] Use of undefined constant utf8 - assumed 'utf8' E:\php\yunhe\beauty\beauty\Runtime\Cache\Mobile\2fabd85af58167a8130a991631574ff5.php 第 12 行.
INFO: Run Behavior\ParseTemplateBehavior [ RunTime:0.009000s ]
INFO: [ view_parse ] --END-- [ RunTime:0.009000s ]
INFO: [ view_filter ] --START--
INFO: Run Behavior\WriteHtmlCacheBehavior [ RunTime:0.000000s ]
INFO: [ view_filter ] --END-- [ RunTime:0.001000s ]
INFO: [ app_end ] --START--
INFO: Run Behavior\ShowPageTraceBehavior [ RunTime:0.001000s ]
INFO: [ app_end ] --END-- [ RunTime:0.001000s ]

[ 2016-11-30T20:18:56+08:00 ] 127.0.0.1 /index.php/Mobile/GoodsList/temai.html?p=5
INFO: [ app_begin ] --START--
INFO: Run Behavior\ReadHtmlCacheBehavior [ RunTime:0.001000s ]
INFO: [ app_begin ] --END-- [ RunTime:0.002000s ]
SQL: SHOW COLUMNS FROM `beauty_category` [ RunTime:0.0080s ]
SQL: SELECT `cname`,`id` FROM `beauty_category` WHERE ( pid=0 )  [ RunTime:0.0010s ]
SQL: SHOW COLUMNS FROM `beauty_brands` [ RunTime:0.0090s ]
SQL: SELECT `bname`,`id`,`blogopath`,`blogoname` FROM `beauty_brands` LIMIT 0,12   [ RunTime:0.0020s ]
SQL: SHOW COLUMNS FROM `beauty_activity` [ RunTime:0.0100s ]
SQL: SHOW COLUMNS FROM `beauty_activity` [ RunTime:0.0090s ]
SQL: SELECT COUNT(*) AS tp_count FROM beauty_activity a,beauty_goods g WHERE ( g.bid=a.bid and g.show=1 and a.astatus=1 ) LIMIT 1   [ RunTime:0.0010s ]
NOTIC: [8] Undefined index: header E:\php\yunhe\beauty\ThinkPHP\Library\Org\Beauty\AjaxPage.class.php 第 121 行.
NOTIC: [8] Undefined variable: order E:\php\yunhe\beauty\beauty\Mobile\Controller\GoodsListController.class.php 第 187 行.
SQL: SHOW COLUMNS FROM `beauty_activity` [ RunTime:0.0040s ]
SQL: SELECT a.aname,g.saleprice,a.rules,g.id,a.bid,g.goodsname,g.imageurl,g.imagename,a.starttime,a.stoptime FROM beauty_activity a,beauty_goods g WHERE ( g.bid=a.bid and g.show=1 and a.astatus=1 ) LIMIT 12,3   [ RunTime:0.0020s ]
INFO: [ view_parse ] --START--
INFO: [ template_filter ] --START--
INFO: Run Behavior\ContentReplaceBehavior [ RunTime:0.000000s ]
INFO: [ template_filter ] --END-- [ RunTime:0.000000s ]
NOTIC: [8] Use of undefined constant utf8 - assumed 'utf8' E:\php\yunhe\beauty\beauty\Runtime\Cache\Mobile\2fabd85af58167a8130a991631574ff5.php 第 12 行.
NOTIC: [8] Use of undefined constant utf8 - assumed 'utf8' E:\php\yunhe\beauty\beauty\Runtime\Cache\Mobile\2fabd85af58167a8130a991631574ff5.php 第 12 行.
NOTIC: [8] Use of undefined constant utf8 - assumed 'utf8' E:\php\yunhe\beauty\beauty\Runtime\Cache\Mobile\2fabd85af58167a8130a991631574ff5.php 第 12 行.
INFO: Run Behavior\ParseTemplateBehavior [ RunTime:0.011000s ]
INFO: [ view_parse ] --END-- [ RunTime:0.011000s ]
INFO: [ view_filter ] --START--
INFO: Run Behavior\WriteHtmlCacheBehavior [ RunTime:0.001001s ]
INFO: [ view_filter ] --END-- [ RunTime:0.001001s ]
INFO: [ app_end ] --START--
INFO: Run Behavior\ShowPageTraceBehavior [ RunTime:0.001000s ]
INFO: [ app_end ] --END-- [ RunTime:0.001000s ]

[ 2016-11-30T20:18:57+08:00 ] 127.0.0.1 /index.php/Mobile/GoodsList/temai.html?p=4
INFO: [ app_begin ] --START--
INFO: Run Behavior\ReadHtmlCacheBehavior [ RunTime:0.001000s ]
INFO: [ app_begin ] --END-- [ RunTime:0.001000s ]
SQL: SHOW COLUMNS FROM `beauty_category` [ RunTime:0.0090s ]
SQL: SELECT `cname`,`id` FROM `beauty_category` WHERE ( pid=0 )  [ RunTime:0.0010s ]
SQL: SHOW COLUMNS FROM `beauty_brands` [ RunTime:0.0090s ]
SQL: SELECT `bname`,`id`,`blogopath`,`blogoname` FROM `beauty_brands` LIMIT 0,12   [ RunTime:0.0020s ]
SQL: SHOW COLUMNS FROM `beauty_activity` [ RunTime:0.0070s ]
SQL: SHOW COLUMNS FROM `beauty_activity` [ RunTime:0.0060s ]
SQL: SELECT COUNT(*) AS tp_count FROM beauty_activity a,beauty_goods g WHERE ( g.bid=a.bid and g.show=1 and a.astatus=1 ) LIMIT 1   [ RunTime:0.0020s ]
NOTIC: [8] Undefined index: header E:\php\yunhe\beauty\ThinkPHP\Library\Org\Beauty\AjaxPage.class.php 第 121 行.
NOTIC: [8] Undefined variable: order E:\php\yunhe\beauty\beauty\Mobile\Controller\GoodsListController.class.php 第 187 行.
SQL: SHOW COLUMNS FROM `beauty_activity` [ RunTime:0.0070s ]
SQL: SELECT a.aname,g.saleprice,a.rules,g.id,a.bid,g.goodsname,g.imageurl,g.imagename,a.starttime,a.stoptime FROM beauty_activity a,beauty_goods g WHERE ( g.bid=a.bid and g.show=1 and a.astatus=1 ) LIMIT 9,3   [ RunTime:0.0020s ]
INFO: [ view_parse ] --START--
INFO: [ template_filter ] --START--
INFO: Run Behavior\ContentReplaceBehavior [ RunTime:0.000000s ]
INFO: [ template_filter ] --END-- [ RunTime:0.000000s ]
NOTIC: [8] Use of undefined constant utf8 - assumed 'utf8' E:\php\yunhe\beauty\beauty\Runtime\Cache\Mobile\2fabd85af58167a8130a991631574ff5.php 第 12 行.
NOTIC: [8] Use of undefined constant utf8 - assumed 'utf8' E:\php\yunhe\beauty\beauty\Runtime\Cache\Mobile\2fabd85af58167a8130a991631574ff5.php 第 12 行.
NOTIC: [8] Use of undefined constant utf8 - assumed 'utf8' E:\php\yunhe\beauty\beauty\Runtime\Cache\Mobile\2fabd85af58167a8130a991631574ff5.php 第 12 行.
INFO: Run Behavior\ParseTemplateBehavior [ RunTime:0.010000s ]
INFO: [ view_parse ] --END-- [ RunTime:0.010000s ]
INFO: [ view_filter ] --START--
INFO: Run Behavior\WriteHtmlCacheBehavior [ RunTime:0.001001s ]
INFO: [ view_filter ] --END-- [ RunTime:0.001001s ]
INFO: [ app_end ] --START--
INFO: Run Behavior\ShowPageTraceBehavior [ RunTime:0.001000s ]
INFO: [ app_end ] --END-- [ RunTime:0.001000s ]

[ 2016-11-30T20:18:59+08:00 ] 127.0.0.1 /index.php/Mobile/GoodsList/temai.html?p=5
INFO: [ app_begin ] --START--
INFO: Run Behavior\ReadHtmlCacheBehavior [ RunTime:0.001000s ]
INFO: [ app_begin ] --END-- [ RunTime:0.001000s ]
SQL: SHOW COLUMNS FROM `beauty_category` [ RunTime:0.0080s ]
SQL: SELECT `cname`,`id` FROM `beauty_category` WHERE ( pid=0 )  [ RunTime:0.0010s ]
SQL: SHOW COLUMNS FROM `beauty_brands` [ RunTime:0.0090s ]
SQL: SELECT `bname`,`id`,`blogopath`,`blogoname` FROM `beauty_brands` LIMIT 0,12   [ RunTime:0.0020s ]
SQL: SHOW COLUMNS FROM `beauty_activity` [ RunTime:0.0090s ]
SQL: SHOW COLUMNS FROM `beauty_activity` [ RunTime:0.0040s ]
SQL: SELECT COUNT(*) AS tp_count FROM beauty_activity a,beauty_goods g WHERE ( g.bid=a.bid and g.show=1 and a.astatus=1 ) LIMIT 1   [ RunTime:0.0020s ]
NOTIC: [8] Undefined index: header E:\php\yunhe\beauty\ThinkPHP\Library\Org\Beauty\AjaxPage.class.php 第 121 行.
NOTIC: [8] Undefined variable: order E:\php\yunhe\beauty\beauty\Mobile\Controller\GoodsListController.class.php 第 187 行.
SQL: SHOW COLUMNS FROM `beauty_activity` [ RunTime:0.0050s ]
SQL: SELECT a.aname,g.saleprice,a.rules,g.id,a.bid,g.goodsname,g.imageurl,g.imagename,a.starttime,a.stoptime FROM beauty_activity a,beauty_goods g WHERE ( g.bid=a.bid and g.show=1 and a.astatus=1 ) LIMIT 12,3   [ RunTime:0.0010s ]
INFO: [ view_parse ] --START--
INFO: [ template_filter ] --START--
INFO: Run Behavior\ContentReplaceBehavior [ RunTime:0.000000s ]
INFO: [ template_filter ] --END-- [ RunTime:0.000000s ]
NOTIC: [8] Use of undefined constant utf8 - assumed 'utf8' E:\php\yunhe\beauty\beauty\Runtime\Cache\Mobile\2fabd85af58167a8130a991631574ff5.php 第 12 行.
NOTIC: [8] Use of undefined constant utf8 - assumed 'utf8' E:\php\yunhe\beauty\beauty\Runtime\Cache\Mobile\2fabd85af58167a8130a991631574ff5.php 第 12 行.
NOTIC: [8] Use of undefined constant utf8 - assumed 'utf8' E:\php\yunhe\beauty\beauty\Runtime\Cache\Mobile\2fabd85af58167a8130a991631574ff5.php 第 12 行.
INFO: Run Behavior\ParseTemplateBehavior [ RunTime:0.009000s ]
INFO: [ view_parse ] --END-- [ RunTime:0.010000s ]
INFO: [ view_filter ] --START--
INFO: Run Behavior\WriteHtmlCacheBehavior [ RunTime:0.000000s ]
INFO: [ view_filter ] --END-- [ RunTime:0.000000s ]
INFO: [ app_end ] --START--
INFO: Run Behavior\ShowPageTraceBehavior [ RunTime:0.001000s ]
INFO: [ app_end ] --END-- [ RunTime:0.001000s ]

[ 2016-11-30T20:19:02+08:00 ] 127.0.0.1 /index.php/Mobile/GoodsList/temai.html?p=1
INFO: [ app_begin ] --START--
INFO: Run Behavior\ReadHtmlCacheBehavior [ RunTime:0.001000s ]
INFO: [ app_begin ] --END-- [ RunTime:0.002000s ]
SQL: SHOW COLUMNS FROM `beauty_category` [ RunTime:0.0090s ]
SQL: SELECT `cname`,`id` FROM `beauty_category` WHERE ( pid=0 )  [ RunTime:0.0020s ]
SQL: SHOW COLUMNS FROM `beauty_brands` [ RunTime:0.0100s ]
SQL: SELECT `bname`,`id`,`blogopath`,`blogoname` FROM `beauty_brands` LIMIT 0,12   [ RunTime:0.0010s ]
SQL: SHOW COLUMNS FROM `beauty_activity` [ RunTime:0.0090s ]
SQL: SHOW COLUMNS FROM `beauty_activity` [ RunTime:0.0070s ]
SQL: SELECT COUNT(*) AS tp_count FROM beauty_activity a,beauty_goods g WHERE ( g.bid=a.bid and g.show=1 and a.astatus=1 ) LIMIT 1   [ RunTime:0.0010s ]
NOTIC: [8] Undefined index: header E:\php\yunhe\beauty\ThinkPHP\Library\Org\Beauty\AjaxPage.class.php 第 121 行.
NOTIC: [8] Undefined variable: order E:\php\yunhe\beauty\beauty\Mobile\Controller\GoodsListController.class.php 第 187 行.
SQL: SHOW COLUMNS FROM `beauty_activity` [ RunTime:0.0060s ]
SQL: SELECT a.aname,g.saleprice,a.rules,g.id,a.bid,g.goodsname,g.imageurl,g.imagename,a.starttime,a.stoptime FROM beauty_activity a,beauty_goods g WHERE ( g.bid=a.bid and g.show=1 and a.astatus=1 ) LIMIT 0,3   [ RunTime:0.0010s ]
INFO: [ view_parse ] --START--
INFO: [ template_filter ] --START--
INFO: Run Behavior\ContentReplaceBehavior [ RunTime:0.001000s ]
INFO: [ template_filter ] --END-- [ RunTime:0.001000s ]
NOTIC: [8] Use of undefined constant utf8 - assumed 'utf8' E:\php\yunhe\beauty\beauty\Runtime\Cache\Mobile\2fabd85af58167a8130a991631574ff5.php 第 12 行.
NOTIC: [8] Use of undefined constant utf8 - assumed 'utf8' E:\php\yunhe\beauty\beauty\Runtime\Cache\Mobile\2fabd85af58167a8130a991631574ff5.php 第 12 行.
NOTIC: [8] Use of undefined constant utf8 - assumed 'utf8' E:\php\yunhe\beauty\beauty\Runtime\Cache\Mobile\2fabd85af58167a8130a991631574ff5.php 第 12 行.
INFO: Run Behavior\ParseTemplateBehavior [ RunTime:0.010000s ]
INFO: [ view_parse ] --END-- [ RunTime:0.010000s ]
INFO: [ view_filter ] --START--
INFO: Run Behavior\WriteHtmlCacheBehavior [ RunTime:0.001000s ]
INFO: [ view_filter ] --END-- [ RunTime:0.001000s ]
INFO: [ app_end ] --START--
INFO: Run Behavior\ShowPageTraceBehavior [ RunTime:0.001000s ]
INFO: [ app_end ] --END-- [ RunTime:0.001000s ]

[ 2016-11-30T20:20:51+08:00 ] 127.0.0.1 /index.php/Mobile/GoodsList/temai.html?p=4
INFO: [ app_begin ] --START--
INFO: Run Behavior\ReadHtmlCacheBehavior [ RunTime:0.000000s ]
INFO: [ app_begin ] --END-- [ RunTime:0.001000s ]
SQL: SHOW COLUMNS FROM `beauty_category` [ RunTime:0.0080s ]
SQL: SELECT `cname`,`id` FROM `beauty_category` WHERE ( pid=0 )  [ RunTime:0.0020s ]
SQL: SHOW COLUMNS FROM `beauty_brands` [ RunTime:0.0090s ]
SQL: SELECT `bname`,`id`,`blogopath`,`blogoname` FROM `beauty_brands` LIMIT 0,12   [ RunTime:0.0020s ]
SQL: SHOW COLUMNS FROM `beauty_activity` [ RunTime:0.0120s ]
SQL: SHOW COLUMNS FROM `beauty_activity` [ RunTime:0.0090s ]
SQL: SELECT COUNT(*) AS tp_count FROM beauty_activity a,beauty_goods g WHERE ( g.bid=a.bid and g.show=1 and a.astatus=1 ) LIMIT 1   [ RunTime:0.0020s ]
NOTIC: [8] Undefined index: header E:\php\yunhe\beauty\ThinkPHP\Library\Org\Beauty\AjaxPage.class.php 第 121 行.
NOTIC: [8] Undefined variable: order E:\php\yunhe\beauty\beauty\Mobile\Controller\GoodsListController.class.php 第 187 行.
SQL: SHOW COLUMNS FROM `beauty_activity` [ RunTime:0.0100s ]
SQL: SELECT a.aname,g.saleprice,a.rules,g.id,a.bid,g.goodsname,g.imageurl,g.imagename,a.starttime,a.stoptime FROM beauty_activity a,beauty_goods g WHERE ( g.bid=a.bid and g.show=1 and a.astatus=1 ) LIMIT 9,3   [ RunTime:0.0020s ]
INFO: [ view_parse ] --START--
INFO: [ template_filter ] --START--
INFO: Run Behavior\ContentReplaceBehavior [ RunTime:0.000000s ]
INFO: [ template_filter ] --END-- [ RunTime:0.000000s ]
NOTIC: [8] Use of undefined constant utf8 - assumed 'utf8' E:\php\yunhe\beauty\beauty\Runtime\Cache\Mobile\2fabd85af58167a8130a991631574ff5.php 第 12 行.
NOTIC: [8] Use of undefined constant utf8 - assumed 'utf8' E:\php\yunhe\beauty\beauty\Runtime\Cache\Mobile\2fabd85af58167a8130a991631574ff5.php 第 12 行.
NOTIC: [8] Use of undefined constant utf8 - assumed 'utf8' E:\php\yunhe\beauty\beauty\Runtime\Cache\Mobile\2fabd85af58167a8130a991631574ff5.php 第 12 行.
INFO: Run Behavior\ParseTemplateBehavior [ RunTime:0.010001s ]
INFO: [ view_parse ] --END-- [ RunTime:0.010001s ]
INFO: [ view_filter ] --START--
INFO: Run Behavior\WriteHtmlCacheBehavior [ RunTime:0.001000s ]
INFO: [ view_filter ] --END-- [ RunTime:0.001000s ]
INFO: [ app_end ] --START--
INFO: Run Behavior\ShowPageTraceBehavior [ RunTime:0.001000s ]
INFO: [ app_end ] --END-- [ RunTime:0.001000s ]

[ 2016-11-30T20:20:52+08:00 ] 127.0.0.1 /index.php/Mobile/GoodsList/temai.html?p=3
INFO: [ app_begin ] --START--
INFO: Run Behavior\ReadHtmlCacheBehavior [ RunTime:0.001000s ]
INFO: [ app_begin ] --END-- [ RunTime:0.001000s ]
SQL: SHOW COLUMNS FROM `beauty_category` [ RunTime:0.0100s ]
SQL: SELECT `cname`,`id` FROM `beauty_category` WHERE ( pid=0 )  [ RunTime:0.0010s ]
SQL: SHOW COLUMNS FROM `beauty_brands` [ RunTime:0.0090s ]
SQL: SELECT `bname`,`id`,`blogopath`,`blogoname` FROM `beauty_brands` LIMIT 0,12   [ RunTime:0.0020s ]
SQL: SHOW COLUMNS FROM `beauty_activity` [ RunTime:0.0100s ]
SQL: SHOW COLUMNS FROM `beauty_activity` [ RunTime:0.0080s ]
SQL: SELECT COUNT(*) AS tp_count FROM beauty_activity a,beauty_goods g WHERE ( g.bid=a.bid and g.show=1 and a.astatus=1 ) LIMIT 1   [ RunTime:0.0010s ]
NOTIC: [8] Undefined index: header E:\php\yunhe\beauty\ThinkPHP\Library\Org\Beauty\AjaxPage.class.php 第 121 行.
NOTIC: [8] Undefined variable: order E:\php\yunhe\beauty\beauty\Mobile\Controller\GoodsListController.class.php 第 187 行.
SQL: SHOW COLUMNS FROM `beauty_activity` [ RunTime:0.0070s ]
SQL: SELECT a.aname,g.saleprice,a.rules,g.id,a.bid,g.goodsname,g.imageurl,g.imagename,a.starttime,a.stoptime FROM beauty_activity a,beauty_goods g WHERE ( g.bid=a.bid and g.show=1 and a.astatus=1 ) LIMIT 6,3   [ RunTime:0.0020s ]
INFO: [ view_parse ] --START--
INFO: [ template_filter ] --START--
INFO: Run Behavior\ContentReplaceBehavior [ RunTime:0.000000s ]
INFO: [ template_filter ] --END-- [ RunTime:0.000000s ]
NOTIC: [8] Use of undefined constant utf8 - assumed 'utf8' E:\php\yunhe\beauty\beauty\Runtime\Cache\Mobile\2fabd85af58167a8130a991631574ff5.php 第 12 行.
NOTIC: [8] Use of undefined constant utf8 - assumed 'utf8' E:\php\yunhe\beauty\beauty\Runtime\Cache\Mobile\2fabd85af58167a8130a991631574ff5.php 第 12 行.
NOTIC: [8] Use of undefined constant utf8 - assumed 'utf8' E:\php\yunhe\beauty\beauty\Runtime\Cache\Mobile\2fabd85af58167a8130a991631574ff5.php 第 12 行.
INFO: Run Behavior\ParseTemplateBehavior [ RunTime:0.009001s ]
INFO: [ view_parse ] --END-- [ RunTime:0.009001s ]
INFO: [ view_filter ] --START--
INFO: Run Behavior\WriteHtmlCacheBehavior [ RunTime:0.001000s ]
INFO: [ view_filter ] --END-- [ RunTime:0.001000s ]
INFO: [ app_end ] --START--
INFO: Run Behavior\ShowPageTraceBehavior [ RunTime:0.001000s ]
INFO: [ app_end ] --END-- [ RunTime:0.001000s ]

[ 2016-11-30T20:20:53+08:00 ] 127.0.0.1 /index.php/Mobile/GoodsList/temai.html?p=2
INFO: [ app_begin ] --START--
INFO: Run Behavior\ReadHtmlCacheBehavior [ RunTime:0.001000s ]
INFO: [ app_begin ] --END-- [ RunTime:0.002001s ]
SQL: SHOW COLUMNS FROM `beauty_category` [ RunTime:0.0050s ]
SQL: SELECT `cname`,`id` FROM `beauty_category` WHERE ( pid=0 )  [ RunTime:0.0010s ]
SQL: SHOW COLUMNS FROM `beauty_brands` [ RunTime:0.0050s ]
SQL: SELECT `bname`,`id`,`blogopath`,`blogoname` FROM `beauty_brands` LIMIT 0,12   [ RunTime:0.0030s ]
SQL: SHOW COLUMNS FROM `beauty_activity` [ RunTime:0.0050s ]
SQL: SHOW COLUMNS FROM `beauty_activity` [ RunTime:0.0050s ]
SQL: SELECT COUNT(*) AS tp_count FROM beauty_activity a,beauty_goods g WHERE ( g.bid=a.bid and g.show=1 and a.astatus=1 ) LIMIT 1   [ RunTime:0.0010s ]
NOTIC: [8] Undefined index: header E:\php\yunhe\beauty\ThinkPHP\Library\Org\Beauty\AjaxPage.class.php 第 121 行.
NOTIC: [8] Undefined variable: order E:\php\yunhe\beauty\beauty\Mobile\Controller\GoodsListController.class.php 第 187 行.
SQL: SHOW COLUMNS FROM `beauty_activity` [ RunTime:0.0050s ]
SQL: SELECT a.aname,g.saleprice,a.rules,g.id,a.bid,g.goodsname,g.imageurl,g.imagename,a.starttime,a.stoptime FROM beauty_activity a,beauty_goods g WHERE ( g.bid=a.bid and g.show=1 and a.astatus=1 ) LIMIT 3,3   [ RunTime:0.0020s ]
INFO: [ view_parse ] --START--
INFO: [ template_filter ] --START--
INFO: Run Behavior\ContentReplaceBehavior [ RunTime:0.000000s ]
INFO: [ template_filter ] --END-- [ RunTime:0.000000s ]
NOTIC: [8] Use of undefined constant utf8 - assumed 'utf8' E:\php\yunhe\beauty\beauty\Runtime\Cache\Mobile\2fabd85af58167a8130a991631574ff5.php 第 12 行.
NOTIC: [8] Use of undefined constant utf8 - assumed 'utf8' E:\php\yunhe\beauty\beauty\Runtime\Cache\Mobile\2fabd85af58167a8130a991631574ff5.php 第 12 行.
NOTIC: [8] Use of undefined constant utf8 - assumed 'utf8' E:\php\yunhe\beauty\beauty\Runtime\Cache\Mobile\2fabd85af58167a8130a991631574ff5.php 第 12 行.
INFO: Run Behavior\ParseTemplateBehavior [ RunTime:0.009000s ]
INFO: [ view_parse ] --END-- [ RunTime:0.009000s ]
INFO: [ view_filter ] --START--
INFO: Run Behavior\WriteHtmlCacheBehavior [ RunTime:0.001000s ]
INFO: [ view_filter ] --END-- [ RunTime:0.001000s ]
INFO: [ app_end ] --START--
INFO: Run Behavior\ShowPageTraceBehavior [ RunTime:0.001000s ]
INFO: [ app_end ] --END-- [ RunTime:0.001000s ]

[ 2016-11-30T20:20:54+08:00 ] 127.0.0.1 /index.php/Mobile/GoodsList/temai.html?p=1
INFO: [ app_begin ] --START--
INFO: Run Behavior\ReadHtmlCacheBehavior [ RunTime:0.002000s ]
INFO: [ app_begin ] --END-- [ RunTime:0.004000s ]
SQL: SHOW COLUMNS FROM `beauty_category` [ RunTime:0.0090s ]
SQL: SELECT `cname`,`id` FROM `beauty_category` WHERE ( pid=0 )  [ RunTime:0.0010s ]
SQL: SHOW COLUMNS FROM `beauty_brands` [ RunTime:0.0090s ]
SQL: SELECT `bname`,`id`,`blogopath`,`blogoname` FROM `beauty_brands` LIMIT 0,12   [ RunTime:0.0020s ]
SQL: SHOW COLUMNS FROM `beauty_activity` [ RunTime:0.0090s ]
SQL: SHOW COLUMNS FROM `beauty_activity` [ RunTime:0.0080s ]
SQL: SELECT COUNT(*) AS tp_count FROM beauty_activity a,beauty_goods g WHERE ( g.bid=a.bid and g.show=1 and a.astatus=1 ) LIMIT 1   [ RunTime:0.0010s ]
NOTIC: [8] Undefined index: header E:\php\yunhe\beauty\ThinkPHP\Library\Org\Beauty\AjaxPage.class.php 第 121 行.
NOTIC: [8] Undefined variable: order E:\php\yunhe\beauty\beauty\Mobile\Controller\GoodsListController.class.php 第 187 行.
SQL: SHOW COLUMNS FROM `beauty_activity` [ RunTime:0.0060s ]
SQL: SELECT a.aname,g.saleprice,a.rules,g.id,a.bid,g.goodsname,g.imageurl,g.imagename,a.starttime,a.stoptime FROM beauty_activity a,beauty_goods g WHERE ( g.bid=a.bid and g.show=1 and a.astatus=1 ) LIMIT 0,3   [ RunTime:0.0010s ]
INFO: [ view_parse ] --START--
INFO: [ template_filter ] --START--
INFO: Run Behavior\ContentReplaceBehavior [ RunTime:0.000000s ]
INFO: [ template_filter ] --END-- [ RunTime:0.001000s ]
NOTIC: [8] Use of undefined constant utf8 - assumed 'utf8' E:\php\yunhe\beauty\beauty\Runtime\Cache\Mobile\2fabd85af58167a8130a991631574ff5.php 第 12 行.
NOTIC: [8] Use of undefined constant utf8 - assumed 'utf8' E:\php\yunhe\beauty\beauty\Runtime\Cache\Mobile\2fabd85af58167a8130a991631574ff5.php 第 12 行.
NOTIC: [8] Use of undefined constant utf8 - assumed 'utf8' E:\php\yunhe\beauty\beauty\Runtime\Cache\Mobile\2fabd85af58167a8130a991631574ff5.php 第 12 行.
INFO: Run Behavior\ParseTemplateBehavior [ RunTime:0.010000s ]
INFO: [ view_parse ] --END-- [ RunTime:0.010000s ]
INFO: [ view_filter ] --START--
INFO: Run Behavior\WriteHtmlCacheBehavior [ RunTime:0.000000s ]
INFO: [ view_filter ] --END-- [ RunTime:0.000000s ]
INFO: [ app_end ] --START--
INFO: Run Behavior\ShowPageTraceBehavior [ RunTime:0.001000s ]
INFO: [ app_end ] --END-- [ RunTime:0.001000s ]

[ 2016-11-30T20:20:57+08:00 ] 127.0.0.1 /index.php/Mobile/GoodsList/temai.html?p=5
INFO: [ app_begin ] --START--
INFO: Run Behavior\ReadHtmlCacheBehavior [ RunTime:0.000000s ]
INFO: [ app_begin ] --END-- [ RunTime:0.001000s ]
SQL: SHOW COLUMNS FROM `beauty_category` [ RunTime:0.0100s ]
SQL: SELECT `cname`,`id` FROM `beauty_category` WHERE ( pid=0 )  [ RunTime:0.0020s ]
SQL: SHOW COLUMNS FROM `beauty_brands` [ RunTime:0.0100s ]
SQL: SELECT `bname`,`id`,`blogopath`,`blogoname` FROM `beauty_brands` LIMIT 0,12   [ RunTime:0.0020s ]
SQL: SHOW COLUMNS FROM `beauty_activity` [ RunTime:0.0050s ]
SQL: SHOW COLUMNS FROM `beauty_activity` [ RunTime:0.0050s ]
SQL: SELECT COUNT(*) AS tp_count FROM beauty_activity a,beauty_goods g WHERE ( g.bid=a.bid and g.show=1 and a.astatus=1 ) LIMIT 1   [ RunTime:0.0020s ]
NOTIC: [8] Undefined index: header E:\php\yunhe\beauty\ThinkPHP\Library\Org\Beauty\AjaxPage.class.php 第 121 行.
NOTIC: [8] Undefined variable: order E:\php\yunhe\beauty\beauty\Mobile\Controller\GoodsListController.class.php 第 187 行.
SQL: SHOW COLUMNS FROM `beauty_activity` [ RunTime:0.0050s ]
SQL: SELECT a.aname,g.saleprice,a.rules,g.id,a.bid,g.goodsname,g.imageurl,g.imagename,a.starttime,a.stoptime FROM beauty_activity a,beauty_goods g WHERE ( g.bid=a.bid and g.show=1 and a.astatus=1 ) LIMIT 12,3   [ RunTime:0.0020s ]
INFO: [ view_parse ] --START--
INFO: [ template_filter ] --START--
INFO: Run Behavior\ContentReplaceBehavior [ RunTime:0.000000s ]
INFO: [ template_filter ] --END-- [ RunTime:0.000000s ]
NOTIC: [8] Use of undefined constant utf8 - assumed 'utf8' E:\php\yunhe\beauty\beauty\Runtime\Cache\Mobile\2fabd85af58167a8130a991631574ff5.php 第 12 行.
NOTIC: [8] Use of undefined constant utf8 - assumed 'utf8' E:\php\yunhe\beauty\beauty\Runtime\Cache\Mobile\2fabd85af58167a8130a991631574ff5.php 第 12 行.
NOTIC: [8] Use of undefined constant utf8 - assumed 'utf8' E:\php\yunhe\beauty\beauty\Runtime\Cache\Mobile\2fabd85af58167a8130a991631574ff5.php 第 12 行.
INFO: Run Behavior\ParseTemplateBehavior [ RunTime:0.010001s ]
INFO: [ view_parse ] --END-- [ RunTime:0.010001s ]
INFO: [ view_filter ] --START--
INFO: Run Behavior\WriteHtmlCacheBehavior [ RunTime:0.000000s ]
INFO: [ view_filter ] --END-- [ RunTime:0.000000s ]
INFO: [ app_end ] --START--
INFO: Run Behavior\ShowPageTraceBehavior [ RunTime:0.001000s ]
INFO: [ app_end ] --END-- [ RunTime:0.001000s ]

[ 2016-11-30T20:20:57+08:00 ] 127.0.0.1 /index.php/Mobile/GoodsList/temai.html?p=2
INFO: [ app_begin ] --START--
INFO: Run Behavior\ReadHtmlCacheBehavior [ RunTime:0.001000s ]
INFO: [ app_begin ] --END-- [ RunTime:0.001000s ]
SQL: SHOW COLUMNS FROM `beauty_category` [ RunTime:0.0090s ]
SQL: SELECT `cname`,`id` FROM `beauty_category` WHERE ( pid=0 )  [ RunTime:0.0010s ]
SQL: SHOW COLUMNS FROM `beauty_brands` [ RunTime:0.0090s ]
SQL: SELECT `bname`,`id`,`blogopath`,`blogoname` FROM `beauty_brands` LIMIT 0,12   [ RunTime:0.0020s ]
SQL: SHOW COLUMNS FROM `beauty_activity` [ RunTime:0.0090s ]
SQL: SHOW COLUMNS FROM `beauty_activity` [ RunTime:0.0080s ]
SQL: SELECT COUNT(*) AS tp_count FROM beauty_activity a,beauty_goods g WHERE ( g.bid=a.bid and g.show=1 and a.astatus=1 ) LIMIT 1   [ RunTime:0.0010s ]
NOTIC: [8] Undefined index: header E:\php\yunhe\beauty\ThinkPHP\Library\Org\Beauty\AjaxPage.class.php 第 121 行.
NOTIC: [8] Undefined variable: order E:\php\yunhe\beauty\beauty\Mobile\Controller\GoodsListController.class.php 第 187 行.
SQL: SHOW COLUMNS FROM `beauty_activity` [ RunTime:0.0060s ]
SQL: SELECT a.aname,g.saleprice,a.rules,g.id,a.bid,g.goodsname,g.imageurl,g.imagename,a.starttime,a.stoptime FROM beauty_activity a,beauty_goods g WHERE ( g.bid=a.bid and g.show=1 and a.astatus=1 ) LIMIT 3,3   [ RunTime:0.0020s ]
INFO: [ view_parse ] --START--
INFO: [ template_filter ] --START--
INFO: Run Behavior\ContentReplaceBehavior [ RunTime:0.000000s ]
INFO: [ template_filter ] --END-- [ RunTime:0.000000s ]
NOTIC: [8] Use of undefined constant utf8 - assumed 'utf8' E:\php\yunhe\beauty\beauty\Runtime\Cache\Mobile\2fabd85af58167a8130a991631574ff5.php 第 12 行.
NOTIC: [8] Use of undefined constant utf8 - assumed 'utf8' E:\php\yunhe\beauty\beauty\Runtime\Cache\Mobile\2fabd85af58167a8130a991631574ff5.php 第 12 行.
NOTIC: [8] Use of undefined constant utf8 - assumed 'utf8' E:\php\yunhe\beauty\beauty\Runtime\Cache\Mobile\2fabd85af58167a8130a991631574ff5.php 第 12 行.
INFO: Run Behavior\ParseTemplateBehavior [ RunTime:0.011001s ]
INFO: [ view_parse ] --END-- [ RunTime:0.011001s ]
INFO: [ view_filter ] --START--
INFO: Run Behavior\WriteHtmlCacheBehavior [ RunTime:0.001000s ]
INFO: [ view_filter ] --END-- [ RunTime:0.001000s ]
INFO: [ app_end ] --START--
INFO: Run Behavior\ShowPageTraceBehavior [ RunTime:0.001000s ]
INFO: [ app_end ] --END-- [ RunTime:0.001000s ]

[ 2016-11-30T20:20:58+08:00 ] 127.0.0.1 /index.php/Mobile/GoodsList/temai.html?p=1
INFO: [ app_begin ] --START--
INFO: Run Behavior\ReadHtmlCacheBehavior [ RunTime:0.001000s ]
INFO: [ app_begin ] --END-- [ RunTime:0.002000s ]
SQL: SHOW COLUMNS FROM `beauty_category` [ RunTime:0.0090s ]
SQL: SELECT `cname`,`id` FROM `beauty_category` WHERE ( pid=0 )  [ RunTime:0.0010s ]
SQL: SHOW COLUMNS FROM `beauty_brands` [ RunTime:0.0090s ]
SQL: SELECT `bname`,`id`,`blogopath`,`blogoname` FROM `beauty_brands` LIMIT 0,12   [ RunTime:0.0020s ]
SQL: SHOW COLUMNS FROM `beauty_activity` [ RunTime:0.0080s ]
SQL: SHOW COLUMNS FROM `beauty_activity` [ RunTime:0.0060s ]
SQL: SELECT COUNT(*) AS tp_count FROM beauty_activity a,beauty_goods g WHERE ( g.bid=a.bid and g.show=1 and a.astatus=1 ) LIMIT 1   [ RunTime:0.0020s ]
NOTIC: [8] Undefined index: header E:\php\yunhe\beauty\ThinkPHP\Library\Org\Beauty\AjaxPage.class.php 第 121 行.
NOTIC: [8] Undefined variable: order E:\php\yunhe\beauty\beauty\Mobile\Controller\GoodsListController.class.php 第 187 行.
SQL: SHOW COLUMNS FROM `beauty_activity` [ RunTime:0.0070s ]
SQL: SELECT a.aname,g.saleprice,a.rules,g.id,a.bid,g.goodsname,g.imageurl,g.imagename,a.starttime,a.stoptime FROM beauty_activity a,beauty_goods g WHERE ( g.bid=a.bid and g.show=1 and a.astatus=1 ) LIMIT 0,3   [ RunTime:0.0020s ]
INFO: [ view_parse ] --START--
INFO: [ template_filter ] --START--
INFO: Run Behavior\ContentReplaceBehavior [ RunTime:0.000000s ]
INFO: [ template_filter ] --END-- [ RunTime:0.000000s ]
NOTIC: [8] Use of undefined constant utf8 - assumed 'utf8' E:\php\yunhe\beauty\beauty\Runtime\Cache\Mobile\2fabd85af58167a8130a991631574ff5.php 第 12 行.
NOTIC: [8] Use of undefined constant utf8 - assumed 'utf8' E:\php\yunhe\beauty\beauty\Runtime\Cache\Mobile\2fabd85af58167a8130a991631574ff5.php 第 12 行.
NOTIC: [8] Use of undefined constant utf8 - assumed 'utf8' E:\php\yunhe\beauty\beauty\Runtime\Cache\Mobile\2fabd85af58167a8130a991631574ff5.php 第 12 行.
INFO: Run Behavior\ParseTemplateBehavior [ RunTime:0.011001s ]
INFO: [ view_parse ] --END-- [ RunTime:0.011001s ]
INFO: [ view_filter ] --START--
INFO: Run Behavior\WriteHtmlCacheBehavior [ RunTime:0.001000s ]
INFO: [ view_filter ] --END-- [ RunTime:0.001000s ]
INFO: [ app_end ] --START--
INFO: Run Behavior\ShowPageTraceBehavior [ RunTime:0.001000s ]
INFO: [ app_end ] --END-- [ RunTime:0.001000s ]

[ 2016-11-30T20:20:59+08:00 ] 127.0.0.1 /index.php/Mobile/GoodsList/temai.html?p=2
INFO: [ app_begin ] --START--
INFO: Run Behavior\ReadHtmlCacheBehavior [ RunTime:0.002000s ]
INFO: [ app_begin ] --END-- [ RunTime:0.003000s ]
SQL: SHOW COLUMNS FROM `beauty_category` [ RunTime:0.0090s ]
SQL: SELECT `cname`,`id` FROM `beauty_category` WHERE ( pid=0 )  [ RunTime:0.0010s ]
SQL: SHOW COLUMNS FROM `beauty_brands` [ RunTime:0.0090s ]
SQL: SELECT `bname`,`id`,`blogopath`,`blogoname` FROM `beauty_brands` LIMIT 0,12   [ RunTime:0.0010s ]
SQL: SHOW COLUMNS FROM `beauty_activity` [ RunTime:0.0100s ]
SQL: SHOW COLUMNS FROM `beauty_activity` [ RunTime:0.0100s ]
SQL: SELECT COUNT(*) AS tp_count FROM beauty_activity a,beauty_goods g WHERE ( g.bid=a.bid and g.show=1 and a.astatus=1 ) LIMIT 1   [ RunTime:0.0020s ]
NOTIC: [8] Undefined index: header E:\php\yunhe\beauty\ThinkPHP\Library\Org\Beauty\AjaxPage.class.php 第 121 行.
NOTIC: [8] Undefined variable: order E:\php\yunhe\beauty\beauty\Mobile\Controller\GoodsListController.class.php 第 187 行.
SQL: SHOW COLUMNS FROM `beauty_activity` [ RunTime:0.0060s ]
SQL: SELECT a.aname,g.saleprice,a.rules,g.id,a.bid,g.goodsname,g.imageurl,g.imagename,a.starttime,a.stoptime FROM beauty_activity a,beauty_goods g WHERE ( g.bid=a.bid and g.show=1 and a.astatus=1 ) LIMIT 3,3   [ RunTime:0.0020s ]
INFO: [ view_parse ] --START--
INFO: [ template_filter ] --START--
INFO: Run Behavior\ContentReplaceBehavior [ RunTime:0.000000s ]
INFO: [ template_filter ] --END-- [ RunTime:0.000000s ]
NOTIC: [8] Use of undefined constant utf8 - assumed 'utf8' E:\php\yunhe\beauty\beauty\Runtime\Cache\Mobile\2fabd85af58167a8130a991631574ff5.php 第 12 行.
NOTIC: [8] Use of undefined constant utf8 - assumed 'utf8' E:\php\yunhe\beauty\beauty\Runtime\Cache\Mobile\2fabd85af58167a8130a991631574ff5.php 第 12 行.
NOTIC: [8] Use of undefined constant utf8 - assumed 'utf8' E:\php\yunhe\beauty\beauty\Runtime\Cache\Mobile\2fabd85af58167a8130a991631574ff5.php 第 12 行.
INFO: Run Behavior\ParseTemplateBehavior [ RunTime:0.009000s ]
INFO: [ view_parse ] --END-- [ RunTime:0.009000s ]
INFO: [ view_filter ] --START--
INFO: Run Behavior\WriteHtmlCacheBehavior [ RunTime:0.001001s ]
INFO: [ view_filter ] --END-- [ RunTime:0.001001s ]
INFO: [ app_end ] --START--
INFO: Run Behavior\ShowPageTraceBehavior [ RunTime:0.001000s ]
INFO: [ app_end ] --END-- [ RunTime:0.001000s ]

[ 2016-11-30T20:21:00+08:00 ] 127.0.0.1 /index.php/Mobile/GoodsList/temai.html?p=3
INFO: [ app_begin ] --START--
INFO: Run Behavior\ReadHtmlCacheBehavior [ RunTime:0.001000s ]
INFO: [ app_begin ] --END-- [ RunTime:0.002000s ]
SQL: SHOW COLUMNS FROM `beauty_category` [ RunTime:0.0080s ]
SQL: SELECT `cname`,`id` FROM `beauty_category` WHERE ( pid=0 )  [ RunTime:0.0020s ]
SQL: SHOW COLUMNS FROM `beauty_brands` [ RunTime:0.0090s ]
SQL: SELECT `bname`,`id`,`blogopath`,`blogoname` FROM `beauty_brands` LIMIT 0,12   [ RunTime:0.0010s ]
SQL: SHOW COLUMNS FROM `beauty_activity` [ RunTime:0.0100s ]
SQL: SHOW COLUMNS FROM `beauty_activity` [ RunTime:0.0090s ]
SQL: SELECT COUNT(*) AS tp_count FROM beauty_activity a,beauty_goods g WHERE ( g.bid=a.bid and g.show=1 and a.astatus=1 ) LIMIT 1   [ RunTime:0.0010s ]
NOTIC: [8] Undefined index: header E:\php\yunhe\beauty\ThinkPHP\Library\Org\Beauty\AjaxPage.class.php 第 121 行.
NOTIC: [8] Undefined variable: order E:\php\yunhe\beauty\beauty\Mobile\Controller\GoodsListController.class.php 第 187 行.
SQL: SHOW COLUMNS FROM `beauty_activity` [ RunTime:0.0050s ]
SQL: SELECT a.aname,g.saleprice,a.rules,g.id,a.bid,g.goodsname,g.imageurl,g.imagename,a.starttime,a.stoptime FROM beauty_activity a,beauty_goods g WHERE ( g.bid=a.bid and g.show=1 and a.astatus=1 ) LIMIT 6,3   [ RunTime:0.0010s ]
INFO: [ view_parse ] --START--
INFO: [ template_filter ] --START--
INFO: Run Behavior\ContentReplaceBehavior [ RunTime:0.000000s ]
INFO: [ template_filter ] --END-- [ RunTime:0.000000s ]
NOTIC: [8] Use of undefined constant utf8 - assumed 'utf8' E:\php\yunhe\beauty\beauty\Runtime\Cache\Mobile\2fabd85af58167a8130a991631574ff5.php 第 12 行.
NOTIC: [8] Use of undefined constant utf8 - assumed 'utf8' E:\php\yunhe\beauty\beauty\Runtime\Cache\Mobile\2fabd85af58167a8130a991631574ff5.php 第 12 行.
NOTIC: [8] Use of undefined constant utf8 - assumed 'utf8' E:\php\yunhe\beauty\beauty\Runtime\Cache\Mobile\2fabd85af58167a8130a991631574ff5.php 第 12 行.
INFO: Run Behavior\ParseTemplateBehavior [ RunTime:0.010001s ]
INFO: [ view_parse ] --END-- [ RunTime:0.010001s ]
INFO: [ view_filter ] --START--
INFO: Run Behavior\WriteHtmlCacheBehavior [ RunTime:0.003000s ]
INFO: [ view_filter ] --END-- [ RunTime:0.003000s ]
INFO: [ app_end ] --START--
INFO: Run Behavior\ShowPageTraceBehavior [ RunTime:0.001000s ]
INFO: [ app_end ] --END-- [ RunTime:0.002000s ]

