[ 2017-04-10T16:25:49+08:00 ] 127.0.0.1 /Mobile
INFO: [ app_init ] --START--
INFO: Run Behavior\BuildLiteBehavior [ RunTime:0.000000s ]
INFO: [ app_init ] --END-- [ RunTime:0.001000s ]

[ 2017-04-10T16:25:59+08:00 ] 127.0.0.1 /Mobile/Index/index
INFO: [ app_init ] --START--
INFO: Run Behavior\BuildLiteBehavior [ RunTime:0.000000s ]
INFO: [ app_init ] --END-- [ RunTime:0.000000s ]

[ 2017-04-10T16:27:05+08:00 ] 127.0.0.1 /Mobile/Index/index
INFO: [ app_init ] --START--
INFO: Run Behavior\BuildLiteBehavior [ RunTime:0.000000s ]
INFO: [ app_init ] --END-- [ RunTime:0.000000s ]
INFO: [ app_begin ] --START--
INFO: Run Behavior\ReadHtmlCacheBehavior [ RunTime:0.001000s ]
INFO: [ app_begin ] --END-- [ RunTime:0.001000s ]
SQL: SHOW COLUMNS FROM `beauty_category` [ RunTime:0.0130s ]
SQL: SELECT `path`,`id`,`cname` FROM `beauty_category` WHERE `id` = 1 LIMIT 1   [ RunTime:0.0010s ]
SQL: SELECT `id`,`cname` FROM `beauty_category` WHERE `path` LIKE '1%'  [ RunTime:0.0020s ]
SQL: SHOW COLUMNS FROM `beauty_goods` [ RunTime:0.0080s ]
SQL: SELECT g.id as gid,g.goodsname,g.imageurl,g.imagename,g.salenum,g.saleprice,g.cid from beauty_goods g where
        g.cid in (1,2,3,4,5,6,7,8,9,10,11,12,13,14,15,16,17,18,19,20,21,104) and g.show=1
        and g.bid not in (select bid from beauty_activity where astatus=1) ORDER by g.addtime desc limit 0,1 [ RunTime:0.0010s ]
SQL: SELECT `path`,`id`,`cname` FROM `beauty_category` WHERE `id` = 22 LIMIT 1   [ RunTime:0.0010s ]
SQL: SELECT `id`,`cname` FROM `beauty_category` WHERE `path` LIKE '22%'  [ RunTime:0.0010s ]
SQL: SELECT g.id as gid,g.goodsname,g.imageurl,g.imagename,g.salenum,g.saleprice,g.cid from beauty_goods g where
        g.cid in (22,23,24,25,26,27,28,29,30,31,32) and g.show=1
        and g.bid not in (select bid from beauty_activity where astatus=1) ORDER by g.addtime desc limit 0,1 [ RunTime:0.0010s ]
SQL: SELECT `path`,`id`,`cname` FROM `beauty_category` WHERE `id` = 33 LIMIT 1   [ RunTime:0.0010s ]
SQL: SELECT `id`,`cname` FROM `beauty_category` WHERE `path` LIKE '33%'  [ RunTime:0.0010s ]
SQL: SELECT g.id as gid,g.goodsname,g.imageurl,g.imagename,g.salenum,g.saleprice,g.cid from beauty_goods g where
        g.cid in (33,34,35,36,37,38,39,40,41,42,43,44,45,46,47,48,49,50,51,52,103) and g.show=1
        and g.bid not in (select bid from beauty_activity where astatus=1) ORDER by g.addtime desc limit 0,1 [ RunTime:0.0010s ]
SQL: SELECT `path`,`id`,`cname` FROM `beauty_category` WHERE `id` = 53 LIMIT 1   [ RunTime:0.0000s ]
SQL: SELECT `id`,`cname` FROM `beauty_category` WHERE `path` LIKE '53%'  [ RunTime:0.0000s ]
SQL: SELECT g.id as gid,g.goodsname,g.imageurl,g.imagename,g.salenum,g.saleprice,g.cid from beauty_goods g where
        g.cid in (53,54,55,56,57,60,61,62,63,64,65,66,67,68,69) and g.show=1
        and g.bid not in (select bid from beauty_activity where astatus=1) ORDER by g.addtime desc limit 0,1 [ RunTime:0.0000s ]
SQL: SELECT `path`,`id`,`cname` FROM `beauty_category` WHERE `id` = 83 LIMIT 1   [ RunTime:0.0000s ]
SQL: SELECT `id`,`cname` FROM `beauty_category` WHERE `path` LIKE '83%'  [ RunTime:0.0000s ]
SQL: SELECT g.id as gid,g.goodsname,g.imageurl,g.imagename,g.salenum,g.saleprice,g.cid from beauty_goods g where
        g.cid in (83,84,85,86,88,89,90,91,92,100,101,102) and g.show=1
        and g.bid not in (select bid from beauty_activity where astatus=1) ORDER by g.addtime desc limit 0,1 [ RunTime:0.0010s ]
SQL: SELECT `path`,`id`,`cname` FROM `beauty_category` WHERE `id` = 87 LIMIT 1   [ RunTime:0.0000s ]
SQL: SELECT `id`,`cname` FROM `beauty_category` WHERE `path` LIKE '87%'  [ RunTime:0.0000s ]
SQL: SELECT g.id as gid,g.goodsname,g.imageurl,g.imagename,g.salenum,g.saleprice,g.cid from beauty_goods g where
        g.cid in (87,93,94,95,96,97,98,99) and g.show=1
        and g.bid not in (select bid from beauty_activity where astatus=1) ORDER by g.addtime desc limit 0,1 [ RunTime:0.0010s ]
SQL: SHOW COLUMNS FROM `beauty_activity` [ RunTime:0.0070s ]
SQL: SELECT a.rules,a.aname, g.id,a.bid,g.goodsname,g.imageurl,g.imagename,a.starttime,a.stoptime
               FROM beauty_activity a,beauty_brands b,beauty_goods g
                where a.bid=b.id and b.id=g.bid and g.show=1 and a.astatus=1 and b.status=1 and a.aname="限时特卖"
                ORDER BY a.addtime desc, g.salenum desc,g.addtime desc limit 0,2 [ RunTime:0.0010s ]
SQL: SELECT `goodsname`,`saleprice`,`imageurl`,`imagename`,`id` FROM `beauty_goods` LIMIT 0,8   [ RunTime:0.0000s ]
SQL: SHOW COLUMNS FROM `beauty_advertise` [ RunTime:0.0040s ]
SQL: SELECT * FROM `beauty_advertise` WHERE `status` = 1 AND `position` = 5 LIMIT 0,1   [ RunTime:0.0010s ]
SQL: SELECT * FROM `beauty_advertise` WHERE `status` = 1 AND `position` = 5 LIMIT 2,1   [ RunTime:0.0000s ]
SQL: SELECT * FROM `beauty_advertise` WHERE `status` = 1 AND `position` = 5 LIMIT 4,1   [ RunTime:0.0010s ]
SQL: SHOW COLUMNS FROM `beauty_brands` [ RunTime:0.0040s ]
SQL: SELECT `bname`,`blogopath`,`blogoname`,`id` FROM `beauty_brands` WHERE `status` = 1  [ RunTime:0.0010s ]
SQL: SELECT `imageurl`,`imagename` FROM `beauty_goods` WHERE ( goodsname like "%男%" ) ORDER BY addtime desc LIMIT 0,2   [ RunTime:0.0000s ]
SQL: SELECT `imageurl`,`imagename` FROM `beauty_goods` WHERE ( goodsname like "%女%" ) LIMIT 0,2   [ RunTime:0.0000s ]
SQL: SHOW COLUMNS FROM `beauty_message_user` [ RunTime:0.0530s ]
SQL: SHOW COLUMNS FROM `beauty_message_user` [ RunTime:0.0120s ]
SQL: SELECT u.sendId,t.title,t.content FROM beauty_message_user u,beauty_messagetext t WHERE u.receiveId = null AND ( u.textId=t.id and u.status=1 ) ORDER BY u.id desc  [ RunTime:0.0060s ]
INFO: [ view_parse ] --START--
INFO: [ template_filter ] --START--
INFO: Run Behavior\ContentReplaceBehavior [ RunTime:0.000000s ]
INFO: [ template_filter ] --END-- [ RunTime:0.000000s ]
NOTIC: [8] Undefined index: beauty_ F:\WWW\beauty\beauty\Runtime\Cache\Mobile\dc34b5ac2bf7e2da37ac1122b530a240.php 第 24 行.
NOTIC: [8] Use of undefined constant utf8 - assumed 'utf8' F:\WWW\beauty\beauty\Runtime\Cache\Mobile\dc34b5ac2bf7e2da37ac1122b530a240.php 第 184 行.
NOTIC: [8] Use of undefined constant utf8 - assumed 'utf8' F:\WWW\beauty\beauty\Runtime\Cache\Mobile\dc34b5ac2bf7e2da37ac1122b530a240.php 第 184 行.
NOTIC: [8] Use of undefined constant utf8 - assumed 'utf8' F:\WWW\beauty\beauty\Runtime\Cache\Mobile\dc34b5ac2bf7e2da37ac1122b530a240.php 第 184 行.
NOTIC: [8] Use of undefined constant utf8 - assumed 'utf8' F:\WWW\beauty\beauty\Runtime\Cache\Mobile\dc34b5ac2bf7e2da37ac1122b530a240.php 第 184 行.
NOTIC: [8] Use of undefined constant utf8 - assumed 'utf8' F:\WWW\beauty\beauty\Runtime\Cache\Mobile\dc34b5ac2bf7e2da37ac1122b530a240.php 第 184 行.
NOTIC: [8] Use of undefined constant utf8 - assumed 'utf8' F:\WWW\beauty\beauty\Runtime\Cache\Mobile\dc34b5ac2bf7e2da37ac1122b530a240.php 第 184 行.
NOTIC: [8] Use of undefined constant utf8 - assumed 'utf8' F:\WWW\beauty\beauty\Runtime\Cache\Mobile\dc34b5ac2bf7e2da37ac1122b530a240.php 第 184 行.
NOTIC: [8] Use of undefined constant utf8 - assumed 'utf8' F:\WWW\beauty\beauty\Runtime\Cache\Mobile\dc34b5ac2bf7e2da37ac1122b530a240.php 第 184 行.
NOTIC: [8] Undefined index: beauty_ F:\WWW\beauty\beauty\Runtime\Cache\Mobile\dc34b5ac2bf7e2da37ac1122b530a240.php 第 208 行.
NOTIC: [8] Undefined index: beauty_ F:\WWW\beauty\beauty\Runtime\Cache\Mobile\dc34b5ac2bf7e2da37ac1122b530a240.php 第 212 行.
NOTIC: [8] Undefined index: beauty_ F:\WWW\beauty\beauty\Runtime\Cache\Mobile\dc34b5ac2bf7e2da37ac1122b530a240.php 第 215 行.
INFO: Run Behavior\ParseTemplateBehavior [ RunTime:0.065004s ]
INFO: [ view_parse ] --END-- [ RunTime:0.065004s ]
INFO: [ view_filter ] --START--
INFO: Run Behavior\WriteHtmlCacheBehavior [ RunTime:0.003000s ]
INFO: [ view_filter ] --END-- [ RunTime:0.003000s ]
INFO: [ app_end ] --START--
INFO: Run Behavior\ShowPageTraceBehavior [ RunTime:0.000000s ]
INFO: [ app_end ] --END-- [ RunTime:0.001000s ]

[ 2017-04-10T16:27:05+08:00 ] 127.0.0.1 /Mobile/Index/index
INFO: [ app_init ] --START--
INFO: Run Behavior\BuildLiteBehavior [ RunTime:0.000000s ]
INFO: [ app_init ] --END-- [ RunTime:0.000000s ]
INFO: [ app_begin ] --START--

[ 2017-04-10T16:41:20+08:00 ] 127.0.0.1 /Mobile
INFO: [ app_init ] --START--
INFO: Run Behavior\BuildLiteBehavior [ RunTime:0.000000s ]
INFO: [ app_init ] --END-- [ RunTime:0.001000s ]

[ 2017-04-10T16:41:33+08:00 ] 127.0.0.1 /Mobile
INFO: [ app_init ] --START--
INFO: Run Behavior\BuildLiteBehavior [ RunTime:0.000000s ]
INFO: [ app_init ] --END-- [ RunTime:0.000000s ]
INFO: [ app_begin ] --START--
INFO: Run Behavior\ReadHtmlCacheBehavior [ RunTime:0.001001s ]
INFO: [ app_begin ] --END-- [ RunTime:0.001001s ]
SQL: SHOW COLUMNS FROM `beauty_category` [ RunTime:0.0150s ]
SQL: SELECT `path`,`id`,`cname` FROM `beauty_category` WHERE `id` = 1 LIMIT 1   [ RunTime:0.0010s ]
SQL: SELECT `id`,`cname` FROM `beauty_category` WHERE `path` LIKE '1%'  [ RunTime:0.0010s ]
SQL: SHOW COLUMNS FROM `beauty_goods` [ RunTime:0.0060s ]
SQL: SELECT g.id as gid,g.goodsname,g.imageurl,g.imagename,g.salenum,g.saleprice,g.cid from beauty_goods g where
        g.cid in (1,2,3,4,5,6,7,8,9,10,11,12,13,14,15,16,17,18,19,20,21,104) and g.show=1
        and g.bid not in (select bid from beauty_activity where astatus=1) ORDER by g.addtime desc limit 0,1 [ RunTime:0.0000s ]
SQL: SELECT `path`,`id`,`cname` FROM `beauty_category` WHERE `id` = 22 LIMIT 1   [ RunTime:0.0000s ]
SQL: SELECT `id`,`cname` FROM `beauty_category` WHERE `path` LIKE '22%'  [ RunTime:0.0000s ]
SQL: SELECT g.id as gid,g.goodsname,g.imageurl,g.imagename,g.salenum,g.saleprice,g.cid from beauty_goods g where
        g.cid in (22,23,24,25,26,27,28,29,30,31,32) and g.show=1
        and g.bid not in (select bid from beauty_activity where astatus=1) ORDER by g.addtime desc limit 0,1 [ RunTime:0.0000s ]
SQL: SELECT `path`,`id`,`cname` FROM `beauty_category` WHERE `id` = 33 LIMIT 1   [ RunTime:0.0000s ]
SQL: SELECT `id`,`cname` FROM `beauty_category` WHERE `path` LIKE '33%'  [ RunTime:0.0000s ]
SQL: SELECT g.id as gid,g.goodsname,g.imageurl,g.imagename,g.salenum,g.saleprice,g.cid from beauty_goods g where
        g.cid in (33,34,35,36,37,38,39,40,41,42,43,44,45,46,47,48,49,50,51,52,103) and g.show=1
        and g.bid not in (select bid from beauty_activity where astatus=1) ORDER by g.addtime desc limit 0,1 [ RunTime:0.0010s ]
SQL: SELECT `path`,`id`,`cname` FROM `beauty_category` WHERE `id` = 53 LIMIT 1   [ RunTime:0.0000s ]
SQL: SELECT `id`,`cname` FROM `beauty_category` WHERE `path` LIKE '53%'  [ RunTime:0.0000s ]
SQL: SELECT g.id as gid,g.goodsname,g.imageurl,g.imagename,g.salenum,g.saleprice,g.cid from beauty_goods g where
        g.cid in (53,54,55,56,57,60,61,62,63,64,65,66,67,68,69) and g.show=1
        and g.bid not in (select bid from beauty_activity where astatus=1) ORDER by g.addtime desc limit 0,1 [ RunTime:0.0000s ]
SQL: SELECT `path`,`id`,`cname` FROM `beauty_category` WHERE `id` = 83 LIMIT 1   [ RunTime:0.0010s ]
SQL: SELECT `id`,`cname` FROM `beauty_category` WHERE `path` LIKE '83%'  [ RunTime:0.0000s ]
SQL: SELECT g.id as gid,g.goodsname,g.imageurl,g.imagename,g.salenum,g.saleprice,g.cid from beauty_goods g where
        g.cid in (83,84,85,86,88,89,90,91,92,100,101,102) and g.show=1
        and g.bid not in (select bid from beauty_activity where astatus=1) ORDER by g.addtime desc limit 0,1 [ RunTime:0.0010s ]
SQL: SELECT `path`,`id`,`cname` FROM `beauty_category` WHERE `id` = 87 LIMIT 1   [ RunTime:0.0000s ]
SQL: SELECT `id`,`cname` FROM `beauty_category` WHERE `path` LIKE '87%'  [ RunTime:0.0010s ]
SQL: SELECT g.id as gid,g.goodsname,g.imageurl,g.imagename,g.salenum,g.saleprice,g.cid from beauty_goods g where
        g.cid in (87,93,94,95,96,97,98,99) and g.show=1
        and g.bid not in (select bid from beauty_activity where astatus=1) ORDER by g.addtime desc limit 0,1 [ RunTime:0.0000s ]
SQL: SHOW COLUMNS FROM `beauty_activity` [ RunTime:0.0050s ]
SQL: SELECT a.rules,a.aname, g.id,a.bid,g.goodsname,g.imageurl,g.imagename,a.starttime,a.stoptime
               FROM beauty_activity a,beauty_brands b,beauty_goods g
                where a.bid=b.id and b.id=g.bid and g.show=1 and a.astatus=1 and b.status=1 and a.aname="限时特卖"
                ORDER BY a.addtime desc, g.salenum desc,g.addtime desc limit 0,2 [ RunTime:0.0010s ]
SQL: SELECT `goodsname`,`saleprice`,`imageurl`,`imagename`,`id` FROM `beauty_goods` LIMIT 0,8   [ RunTime:0.0000s ]
SQL: SHOW COLUMNS FROM `beauty_advertise` [ RunTime:0.0040s ]
SQL: SELECT * FROM `beauty_advertise` WHERE `status` = 1 AND `position` = 5 LIMIT 0,1   [ RunTime:0.0000s ]
SQL: SELECT * FROM `beauty_advertise` WHERE `status` = 1 AND `position` = 5 LIMIT 2,1   [ RunTime:0.0000s ]
SQL: SELECT * FROM `beauty_advertise` WHERE `status` = 1 AND `position` = 5 LIMIT 4,1   [ RunTime:0.0000s ]
SQL: SHOW COLUMNS FROM `beauty_brands` [ RunTime:0.0030s ]
SQL: SELECT `bname`,`blogopath`,`blogoname`,`id` FROM `beauty_brands` WHERE `status` = 1  [ RunTime:0.0000s ]
SQL: SELECT `imageurl`,`imagename` FROM `beauty_goods` WHERE ( goodsname like "%男%" ) ORDER BY addtime desc LIMIT 0,2   [ RunTime:0.0010s ]
SQL: SELECT `imageurl`,`imagename` FROM `beauty_goods` WHERE ( goodsname like "%女%" ) LIMIT 0,2   [ RunTime:0.0000s ]
SQL: SHOW COLUMNS FROM `beauty_message_user` [ RunTime:0.0030s ]
SQL: SHOW COLUMNS FROM `beauty_message_user` [ RunTime:0.0020s ]
SQL: SELECT u.sendId,t.title,t.content FROM beauty_message_user u,beauty_messagetext t WHERE u.receiveId = null AND ( u.textId=t.id and u.status=1 ) ORDER BY u.id desc  [ RunTime:0.0010s ]
INFO: [ view_parse ] --START--
INFO: [ template_filter ] --START--
INFO: Run Behavior\ContentReplaceBehavior [ RunTime:0.000000s ]
INFO: [ template_filter ] --END-- [ RunTime:0.000000s ]
NOTIC: [8] Undefined index: beauty_ F:\WWW\beauty\beauty\Runtime\Cache\Mobile\dc34b5ac2bf7e2da37ac1122b530a240.php 第 24 行.
NOTIC: [8] Use of undefined constant utf8 - assumed 'utf8' F:\WWW\beauty\beauty\Runtime\Cache\Mobile\dc34b5ac2bf7e2da37ac1122b530a240.php 第 184 行.
NOTIC: [8] Use of undefined constant utf8 - assumed 'utf8' F:\WWW\beauty\beauty\Runtime\Cache\Mobile\dc34b5ac2bf7e2da37ac1122b530a240.php 第 184 行.
NOTIC: [8] Use of undefined constant utf8 - assumed 'utf8' F:\WWW\beauty\beauty\Runtime\Cache\Mobile\dc34b5ac2bf7e2da37ac1122b530a240.php 第 184 行.
NOTIC: [8] Use of undefined constant utf8 - assumed 'utf8' F:\WWW\beauty\beauty\Runtime\Cache\Mobile\dc34b5ac2bf7e2da37ac1122b530a240.php 第 184 行.
NOTIC: [8] Use of undefined constant utf8 - assumed 'utf8' F:\WWW\beauty\beauty\Runtime\Cache\Mobile\dc34b5ac2bf7e2da37ac1122b530a240.php 第 184 行.
NOTIC: [8] Use of undefined constant utf8 - assumed 'utf8' F:\WWW\beauty\beauty\Runtime\Cache\Mobile\dc34b5ac2bf7e2da37ac1122b530a240.php 第 184 行.
NOTIC: [8] Use of undefined constant utf8 - assumed 'utf8' F:\WWW\beauty\beauty\Runtime\Cache\Mobile\dc34b5ac2bf7e2da37ac1122b530a240.php 第 184 行.
NOTIC: [8] Use of undefined constant utf8 - assumed 'utf8' F:\WWW\beauty\beauty\Runtime\Cache\Mobile\dc34b5ac2bf7e2da37ac1122b530a240.php 第 184 行.
NOTIC: [8] Undefined index: beauty_ F:\WWW\beauty\beauty\Runtime\Cache\Mobile\dc34b5ac2bf7e2da37ac1122b530a240.php 第 208 行.
NOTIC: [8] Undefined index: beauty_ F:\WWW\beauty\beauty\Runtime\Cache\Mobile\dc34b5ac2bf7e2da37ac1122b530a240.php 第 212 行.
NOTIC: [8] Undefined index: beauty_ F:\WWW\beauty\beauty\Runtime\Cache\Mobile\dc34b5ac2bf7e2da37ac1122b530a240.php 第 215 行.
INFO: Run Behavior\ParseTemplateBehavior [ RunTime:0.019001s ]
INFO: [ view_parse ] --END-- [ RunTime:0.019001s ]
INFO: [ view_filter ] --START--
INFO: Run Behavior\WriteHtmlCacheBehavior [ RunTime:0.001000s ]
INFO: [ view_filter ] --END-- [ RunTime:0.001000s ]
INFO: [ app_end ] --START--
INFO: Run Behavior\ShowPageTraceBehavior [ RunTime:0.001000s ]
INFO: [ app_end ] --END-- [ RunTime:0.002000s ]

[ 2017-04-10T16:42:09+08:00 ] 127.0.0.1 /Mobile
INFO: [ app_init ] --START--
INFO: Run Behavior\BuildLiteBehavior [ RunTime:0.000000s ]
INFO: [ app_init ] --END-- [ RunTime:0.000000s ]
INFO: [ app_begin ] --START--
INFO: Run Behavior\ReadHtmlCacheBehavior [ RunTime:0.001000s ]
INFO: [ app_begin ] --END-- [ RunTime:0.001000s ]
SQL: SHOW COLUMNS FROM `beauty_category` [ RunTime:0.0030s ]
SQL: SELECT `path`,`id`,`cname` FROM `beauty_category` WHERE `id` = 1 LIMIT 1   [ RunTime:0.0010s ]
SQL: SELECT `id`,`cname` FROM `beauty_category` WHERE `path` LIKE '1%'  [ RunTime:0.0000s ]
SQL: SHOW COLUMNS FROM `beauty_goods` [ RunTime:0.0030s ]
SQL: SELECT g.id as gid,g.goodsname,g.imageurl,g.imagename,g.salenum,g.saleprice,g.cid from beauty_goods g where
        g.cid in (1,2,3,4,5,6,7,8,9,10,11,12,13,14,15,16,17,18,19,20,21,104) and g.show=1
        and g.bid not in (select bid from beauty_activity where astatus=1) ORDER by g.addtime desc limit 0,1 [ RunTime:0.0010s ]
SQL: SELECT `path`,`id`,`cname` FROM `beauty_category` WHERE `id` = 22 LIMIT 1   [ RunTime:0.0010s ]
SQL: SELECT `id`,`cname` FROM `beauty_category` WHERE `path` LIKE '22%'  [ RunTime:0.0000s ]
SQL: SELECT g.id as gid,g.goodsname,g.imageurl,g.imagename,g.salenum,g.saleprice,g.cid from beauty_goods g where
        g.cid in (22,23,24,25,26,27,28,29,30,31,32) and g.show=1
        and g.bid not in (select bid from beauty_activity where astatus=1) ORDER by g.addtime desc limit 0,1 [ RunTime:0.0010s ]
SQL: SELECT `path`,`id`,`cname` FROM `beauty_category` WHERE `id` = 33 LIMIT 1   [ RunTime:0.0000s ]
SQL: SELECT `id`,`cname` FROM `beauty_category` WHERE `path` LIKE '33%'  [ RunTime:0.0010s ]
SQL: SELECT g.id as gid,g.goodsname,g.imageurl,g.imagename,g.salenum,g.saleprice,g.cid from beauty_goods g where
        g.cid in (33,34,35,36,37,38,39,40,41,42,43,44,45,46,47,48,49,50,51,52,103) and g.show=1
        and g.bid not in (select bid from beauty_activity where astatus=1) ORDER by g.addtime desc limit 0,1 [ RunTime:0.0010s ]
SQL: SELECT `path`,`id`,`cname` FROM `beauty_category` WHERE `id` = 53 LIMIT 1   [ RunTime:0.0010s ]
SQL: SELECT `id`,`cname` FROM `beauty_category` WHERE `path` LIKE '53%'  [ RunTime:0.0010s ]
SQL: SELECT g.id as gid,g.goodsname,g.imageurl,g.imagename,g.salenum,g.saleprice,g.cid from beauty_goods g where
        g.cid in (53,54,55,56,57,60,61,62,63,64,65,66,67,68,69) and g.show=1
        and g.bid not in (select bid from beauty_activity where astatus=1) ORDER by g.addtime desc limit 0,1 [ RunTime:0.0000s ]
SQL: SELECT `path`,`id`,`cname` FROM `beauty_category` WHERE `id` = 83 LIMIT 1   [ RunTime:0.0000s ]
SQL: SELECT `id`,`cname` FROM `beauty_category` WHERE `path` LIKE '83%'  [ RunTime:0.0000s ]
SQL: SELECT g.id as gid,g.goodsname,g.imageurl,g.imagename,g.salenum,g.saleprice,g.cid from beauty_goods g where
        g.cid in (83,84,85,86,88,89,90,91,92,100,101,102) and g.show=1
        and g.bid not in (select bid from beauty_activity where astatus=1) ORDER by g.addtime desc limit 0,1 [ RunTime:0.0010s ]
SQL: SELECT `path`,`id`,`cname` FROM `beauty_category` WHERE `id` = 87 LIMIT 1   [ RunTime:0.0000s ]
SQL: SELECT `id`,`cname` FROM `beauty_category` WHERE `path` LIKE '87%'  [ RunTime:0.0000s ]
SQL: SELECT g.id as gid,g.goodsname,g.imageurl,g.imagename,g.salenum,g.saleprice,g.cid from beauty_goods g where
        g.cid in (87,93,94,95,96,97,98,99) and g.show=1
        and g.bid not in (select bid from beauty_activity where astatus=1) ORDER by g.addtime desc limit 0,1 [ RunTime:0.0000s ]
SQL: SHOW COLUMNS FROM `beauty_activity` [ RunTime:0.0050s ]
SQL: SELECT a.rules,a.aname, g.id,a.bid,g.goodsname,g.imageurl,g.imagename,a.starttime,a.stoptime
               FROM beauty_activity a,beauty_brands b,beauty_goods g
                where a.bid=b.id and b.id=g.bid and g.show=1 and a.astatus=1 and b.status=1 and a.aname="限时特卖"
                ORDER BY a.addtime desc, g.salenum desc,g.addtime desc limit 0,2 [ RunTime:0.0000s ]
SQL: SELECT `goodsname`,`saleprice`,`imageurl`,`imagename`,`id` FROM `beauty_goods` LIMIT 0,8   [ RunTime:0.0010s ]
SQL: SHOW COLUMNS FROM `beauty_advertise` [ RunTime:0.0070s ]
SQL: SELECT * FROM `beauty_advertise` WHERE `status` = 1 AND `position` = 5 LIMIT 0,1   [ RunTime:0.0020s ]
SQL: SELECT * FROM `beauty_advertise` WHERE `status` = 1 AND `position` = 5 LIMIT 2,1   [ RunTime:0.0020s ]
SQL: SELECT * FROM `beauty_advertise` WHERE `status` = 1 AND `position` = 5 LIMIT 4,1   [ RunTime:0.0000s ]
SQL: SHOW COLUMNS FROM `beauty_brands` [ RunTime:0.0030s ]
SQL: SELECT `bname`,`blogopath`,`blogoname`,`id` FROM `beauty_brands` WHERE `status` = 1  [ RunTime:0.0010s ]
SQL: SELECT `imageurl`,`imagename` FROM `beauty_goods` WHERE ( goodsname like "%男%" ) ORDER BY addtime desc LIMIT 0,2   [ RunTime:0.0000s ]
SQL: SELECT `imageurl`,`imagename` FROM `beauty_goods` WHERE ( goodsname like "%女%" ) LIMIT 0,2   [ RunTime:0.0000s ]
SQL: SHOW COLUMNS FROM `beauty_message_user` [ RunTime:0.0060s ]
SQL: SHOW COLUMNS FROM `beauty_message_user` [ RunTime:0.0070s ]
SQL: SELECT u.sendId,t.title,t.content FROM beauty_message_user u,beauty_messagetext t WHERE u.receiveId = null AND ( u.textId=t.id and u.status=1 ) ORDER BY u.id desc  [ RunTime:0.0000s ]
INFO: [ view_parse ] --START--
INFO: [ template_filter ] --START--
INFO: Run Behavior\ContentReplaceBehavior [ RunTime:0.000000s ]
INFO: [ template_filter ] --END-- [ RunTime:0.000000s ]
NOTIC: [8] Undefined index: beauty_ F:\WWW\beauty\beauty\Runtime\Cache\Mobile\dc34b5ac2bf7e2da37ac1122b530a240.php 第 24 行.
NOTIC: [8] Use of undefined constant utf8 - assumed 'utf8' F:\WWW\beauty\beauty\Runtime\Cache\Mobile\dc34b5ac2bf7e2da37ac1122b530a240.php 第 184 行.
NOTIC: [8] Use of undefined constant utf8 - assumed 'utf8' F:\WWW\beauty\beauty\Runtime\Cache\Mobile\dc34b5ac2bf7e2da37ac1122b530a240.php 第 184 行.
NOTIC: [8] Use of undefined constant utf8 - assumed 'utf8' F:\WWW\beauty\beauty\Runtime\Cache\Mobile\dc34b5ac2bf7e2da37ac1122b530a240.php 第 184 行.
NOTIC: [8] Use of undefined constant utf8 - assumed 'utf8' F:\WWW\beauty\beauty\Runtime\Cache\Mobile\dc34b5ac2bf7e2da37ac1122b530a240.php 第 184 行.
NOTIC: [8] Use of undefined constant utf8 - assumed 'utf8' F:\WWW\beauty\beauty\Runtime\Cache\Mobile\dc34b5ac2bf7e2da37ac1122b530a240.php 第 184 行.
NOTIC: [8] Use of undefined constant utf8 - assumed 'utf8' F:\WWW\beauty\beauty\Runtime\Cache\Mobile\dc34b5ac2bf7e2da37ac1122b530a240.php 第 184 行.
NOTIC: [8] Use of undefined constant utf8 - assumed 'utf8' F:\WWW\beauty\beauty\Runtime\Cache\Mobile\dc34b5ac2bf7e2da37ac1122b530a240.php 第 184 行.
NOTIC: [8] Use of undefined constant utf8 - assumed 'utf8' F:\WWW\beauty\beauty\Runtime\Cache\Mobile\dc34b5ac2bf7e2da37ac1122b530a240.php 第 184 行.
NOTIC: [8] Undefined index: beauty_ F:\WWW\beauty\beauty\Runtime\Cache\Mobile\dc34b5ac2bf7e2da37ac1122b530a240.php 第 208 行.
NOTIC: [8] Undefined index: beauty_ F:\WWW\beauty\beauty\Runtime\Cache\Mobile\dc34b5ac2bf7e2da37ac1122b530a240.php 第 212 行.
NOTIC: [8] Undefined index: beauty_ F:\WWW\beauty\beauty\Runtime\Cache\Mobile\dc34b5ac2bf7e2da37ac1122b530a240.php 第 215 行.
INFO: Run Behavior\ParseTemplateBehavior [ RunTime:0.030001s ]
INFO: [ view_parse ] --END-- [ RunTime:0.030001s ]
INFO: [ view_filter ] --START--
INFO: Run Behavior\WriteHtmlCacheBehavior [ RunTime:0.003001s ]
INFO: [ view_filter ] --END-- [ RunTime:0.003001s ]
INFO: [ app_end ] --START--
INFO: Run Behavior\ShowPageTraceBehavior [ RunTime:0.001000s ]
INFO: [ app_end ] --END-- [ RunTime:0.001000s ]

[ 2017-04-10T16:42:11+08:00 ] 127.0.0.1 /Mobile
INFO: [ app_init ] --START--
INFO: Run Behavior\BuildLiteBehavior [ RunTime:0.000000s ]
INFO: [ app_init ] --END-- [ RunTime:0.001000s ]
INFO: [ app_begin ] --START--

[ 2017-04-10T16:42:11+08:00 ] 127.0.0.1 /Mobile
INFO: [ app_init ] --START--
INFO: Run Behavior\BuildLiteBehavior [ RunTime:0.000000s ]
INFO: [ app_init ] --END-- [ RunTime:0.000000s ]
INFO: [ app_begin ] --START--

[ 2017-04-10T16:42:22+08:00 ] 127.0.0.1 /Mobile
INFO: [ app_init ] --START--
INFO: Run Behavior\BuildLiteBehavior [ RunTime:0.000000s ]
INFO: [ app_init ] --END-- [ RunTime:0.000000s ]
INFO: [ app_begin ] --START--
INFO: Run Behavior\ReadHtmlCacheBehavior [ RunTime:0.001000s ]
INFO: [ app_begin ] --END-- [ RunTime:0.001000s ]
SQL: SHOW COLUMNS FROM `beauty_category` [ RunTime:0.0040s ]
SQL: SELECT `path`,`id`,`cname` FROM `beauty_category` WHERE `id` = 1 LIMIT 1   [ RunTime:0.0010s ]
SQL: SELECT `id`,`cname` FROM `beauty_category` WHERE `path` LIKE '1%'  [ RunTime:0.0010s ]
SQL: SHOW COLUMNS FROM `beauty_goods` [ RunTime:0.0050s ]
SQL: SELECT g.id as gid,g.goodsname,g.imageurl,g.imagename,g.salenum,g.saleprice,g.cid from beauty_goods g where
        g.cid in (1,2,3,4,5,6,7,8,9,10,11,12,13,14,15,16,17,18,19,20,21,104) and g.show=1
        and g.bid not in (select bid from beauty_activity where astatus=1) ORDER by g.addtime desc limit 0,1 [ RunTime:0.0010s ]
SQL: SELECT `path`,`id`,`cname` FROM `beauty_category` WHERE `id` = 22 LIMIT 1   [ RunTime:0.0000s ]
SQL: SELECT `id`,`cname` FROM `beauty_category` WHERE `path` LIKE '22%'  [ RunTime:0.0010s ]
SQL: SELECT g.id as gid,g.goodsname,g.imageurl,g.imagename,g.salenum,g.saleprice,g.cid from beauty_goods g where
        g.cid in (22,23,24,25,26,27,28,29,30,31,32) and g.show=1
        and g.bid not in (select bid from beauty_activity where astatus=1) ORDER by g.addtime desc limit 0,1 [ RunTime:0.0000s ]
SQL: SELECT `path`,`id`,`cname` FROM `beauty_category` WHERE `id` = 33 LIMIT 1   [ RunTime:0.0010s ]
SQL: SELECT `id`,`cname` FROM `beauty_category` WHERE `path` LIKE '33%'  [ RunTime:0.0000s ]
SQL: SELECT g.id as gid,g.goodsname,g.imageurl,g.imagename,g.salenum,g.saleprice,g.cid from beauty_goods g where
        g.cid in (33,34,35,36,37,38,39,40,41,42,43,44,45,46,47,48,49,50,51,52,103) and g.show=1
        and g.bid not in (select bid from beauty_activity where astatus=1) ORDER by g.addtime desc limit 0,1 [ RunTime:0.0010s ]
SQL: SELECT `path`,`id`,`cname` FROM `beauty_category` WHERE `id` = 53 LIMIT 1   [ RunTime:0.0000s ]
SQL: SELECT `id`,`cname` FROM `beauty_category` WHERE `path` LIKE '53%'  [ RunTime:0.0010s ]
SQL: SELECT g.id as gid,g.goodsname,g.imageurl,g.imagename,g.salenum,g.saleprice,g.cid from beauty_goods g where
        g.cid in (53,54,55,56,57,60,61,62,63,64,65,66,67,68,69) and g.show=1
        and g.bid not in (select bid from beauty_activity where astatus=1) ORDER by g.addtime desc limit 0,1 [ RunTime:0.0000s ]
SQL: SELECT `path`,`id`,`cname` FROM `beauty_category` WHERE `id` = 83 LIMIT 1   [ RunTime:0.0010s ]
SQL: SELECT `id`,`cname` FROM `beauty_category` WHERE `path` LIKE '83%'  [ RunTime:0.0000s ]
SQL: SELECT g.id as gid,g.goodsname,g.imageurl,g.imagename,g.salenum,g.saleprice,g.cid from beauty_goods g where
        g.cid in (83,84,85,86,88,89,90,91,92,100,101,102) and g.show=1
        and g.bid not in (select bid from beauty_activity where astatus=1) ORDER by g.addtime desc limit 0,1 [ RunTime:0.0000s ]
SQL: SELECT `path`,`id`,`cname` FROM `beauty_category` WHERE `id` = 87 LIMIT 1   [ RunTime:0.0000s ]
SQL: SELECT `id`,`cname` FROM `beauty_category` WHERE `path` LIKE '87%'  [ RunTime:0.0000s ]
SQL: SELECT g.id as gid,g.goodsname,g.imageurl,g.imagename,g.salenum,g.saleprice,g.cid from beauty_goods g where
        g.cid in (87,93,94,95,96,97,98,99) and g.show=1
        and g.bid not in (select bid from beauty_activity where astatus=1) ORDER by g.addtime desc limit 0,1 [ RunTime:0.0010s ]
SQL: SHOW COLUMNS FROM `beauty_activity` [ RunTime:0.0040s ]
SQL: SELECT a.rules,a.aname, g.id,a.bid,g.goodsname,g.imageurl,g.imagename,a.starttime,a.stoptime
               FROM beauty_activity a,beauty_brands b,beauty_goods g
                where a.bid=b.id and b.id=g.bid and g.show=1 and a.astatus=1 and b.status=1 and a.aname="限时特卖"
                ORDER BY a.addtime desc, g.salenum desc,g.addtime desc limit 0,2 [ RunTime:0.0010s ]
SQL: SELECT `goodsname`,`saleprice`,`imageurl`,`imagename`,`id` FROM `beauty_goods` LIMIT 0,8   [ RunTime:0.0010s ]
SQL: SHOW COLUMNS FROM `beauty_advertise` [ RunTime:0.0040s ]
SQL: SELECT * FROM `beauty_advertise` WHERE `status` = 1 AND `position` = 5 LIMIT 0,1   [ RunTime:0.0000s ]
SQL: SELECT * FROM `beauty_advertise` WHERE `status` = 1 AND `position` = 5 LIMIT 2,1   [ RunTime:0.0010s ]
SQL: SELECT * FROM `beauty_advertise` WHERE `status` = 1 AND `position` = 5 LIMIT 4,1   [ RunTime:0.0000s ]
SQL: SHOW COLUMNS FROM `beauty_brands` [ RunTime:0.0050s ]
SQL: SELECT `bname`,`blogopath`,`blogoname`,`id` FROM `beauty_brands` WHERE `status` = 1  [ RunTime:0.0000s ]
SQL: SELECT `imageurl`,`imagename` FROM `beauty_goods` WHERE ( goodsname like "%男%" ) ORDER BY addtime desc LIMIT 0,2   [ RunTime:0.0000s ]
SQL: SELECT `imageurl`,`imagename` FROM `beauty_goods` WHERE ( goodsname like "%女%" ) LIMIT 0,2   [ RunTime:0.0010s ]
SQL: SHOW COLUMNS FROM `beauty_message_user` [ RunTime:0.0030s ]
SQL: SHOW COLUMNS FROM `beauty_message_user` [ RunTime:0.0030s ]
SQL: SELECT u.sendId,t.title,t.content FROM beauty_message_user u,beauty_messagetext t WHERE u.receiveId = null AND ( u.textId=t.id and u.status=1 ) ORDER BY u.id desc  [ RunTime:0.0000s ]
INFO: [ view_parse ] --START--
INFO: [ template_filter ] --START--
INFO: Run Behavior\ContentReplaceBehavior [ RunTime:0.000000s ]
INFO: [ template_filter ] --END-- [ RunTime:0.000000s ]
NOTIC: [8] Undefined index: beauty_ F:\WWW\beauty\beauty\Runtime\Cache\Mobile\dc34b5ac2bf7e2da37ac1122b530a240.php 第 24 行.
NOTIC: [8] Use of undefined constant utf8 - assumed 'utf8' F:\WWW\beauty\beauty\Runtime\Cache\Mobile\dc34b5ac2bf7e2da37ac1122b530a240.php 第 184 行.
NOTIC: [8] Use of undefined constant utf8 - assumed 'utf8' F:\WWW\beauty\beauty\Runtime\Cache\Mobile\dc34b5ac2bf7e2da37ac1122b530a240.php 第 184 行.
NOTIC: [8] Use of undefined constant utf8 - assumed 'utf8' F:\WWW\beauty\beauty\Runtime\Cache\Mobile\dc34b5ac2bf7e2da37ac1122b530a240.php 第 184 行.
NOTIC: [8] Use of undefined constant utf8 - assumed 'utf8' F:\WWW\beauty\beauty\Runtime\Cache\Mobile\dc34b5ac2bf7e2da37ac1122b530a240.php 第 184 行.
NOTIC: [8] Use of undefined constant utf8 - assumed 'utf8' F:\WWW\beauty\beauty\Runtime\Cache\Mobile\dc34b5ac2bf7e2da37ac1122b530a240.php 第 184 行.
NOTIC: [8] Use of undefined constant utf8 - assumed 'utf8' F:\WWW\beauty\beauty\Runtime\Cache\Mobile\dc34b5ac2bf7e2da37ac1122b530a240.php 第 184 行.
NOTIC: [8] Use of undefined constant utf8 - assumed 'utf8' F:\WWW\beauty\beauty\Runtime\Cache\Mobile\dc34b5ac2bf7e2da37ac1122b530a240.php 第 184 行.
NOTIC: [8] Use of undefined constant utf8 - assumed 'utf8' F:\WWW\beauty\beauty\Runtime\Cache\Mobile\dc34b5ac2bf7e2da37ac1122b530a240.php 第 184 行.
NOTIC: [8] Undefined index: beauty_ F:\WWW\beauty\beauty\Runtime\Cache\Mobile\dc34b5ac2bf7e2da37ac1122b530a240.php 第 208 行.
NOTIC: [8] Undefined index: beauty_ F:\WWW\beauty\beauty\Runtime\Cache\Mobile\dc34b5ac2bf7e2da37ac1122b530a240.php 第 212 行.
NOTIC: [8] Undefined index: beauty_ F:\WWW\beauty\beauty\Runtime\Cache\Mobile\dc34b5ac2bf7e2da37ac1122b530a240.php 第 215 行.
INFO: Run Behavior\ParseTemplateBehavior [ RunTime:0.021001s ]
INFO: [ view_parse ] --END-- [ RunTime:0.021001s ]
INFO: [ view_filter ] --START--
INFO: Run Behavior\WriteHtmlCacheBehavior [ RunTime:0.001000s ]
INFO: [ view_filter ] --END-- [ RunTime:0.001000s ]
INFO: [ app_end ] --START--
INFO: Run Behavior\ShowPageTraceBehavior [ RunTime:0.001000s ]
INFO: [ app_end ] --END-- [ RunTime:0.001000s ]

[ 2017-04-10T17:42:03+08:00 ] 127.0.0.1 /favicon.ico
INFO: [ app_init ] --START--
INFO: Run Behavior\BuildLiteBehavior [ RunTime:0.000000s ]
INFO: [ app_init ] --END-- [ RunTime:0.001000s ]

[ 2017-04-10T17:42:06+08:00 ] 127.0.0.1 /
INFO: [ app_init ] --START--
INFO: Run Behavior\BuildLiteBehavior [ RunTime:0.000000s ]
INFO: [ app_init ] --END-- [ RunTime:0.000000s ]

[ 2017-04-10T17:42:22+08:00 ] 127.0.0.1 /Home
INFO: [ app_init ] --START--
INFO: Run Behavior\BuildLiteBehavior [ RunTime:0.000000s ]
INFO: [ app_init ] --END-- [ RunTime:0.001000s ]

[ 2017-04-10T17:42:29+08:00 ] 127.0.0.1 /Home/Index
INFO: [ app_init ] --START--
INFO: Run Behavior\BuildLiteBehavior [ RunTime:0.000000s ]
INFO: [ app_init ] --END-- [ RunTime:0.000000s ]

[ 2017-04-10T17:42:33+08:00 ] 127.0.0.1 /Home/Index/index
INFO: [ app_init ] --START--
INFO: Run Behavior\BuildLiteBehavior [ RunTime:0.000000s ]
INFO: [ app_init ] --END-- [ RunTime:0.001000s ]

