[ 2017-03-20T14:16:41+08:00 ] ::1 /test/index.php/Home/Index/style.css
ERR: 非法操作:style.css

[ 2017-03-20T14:17:20+08:00 ] ::1 /test/index.php/Home/Index/style.css
ERR: 非法操作:style.css

[ 2017-03-20T14:17:22+08:00 ] ::1 /test/index.php/Home/Index/style.css
ERR: 非法操作:style.css

[ 2017-03-20T14:17:35+08:00 ] ::1 /test/index.php/Home/Index/style.css
ERR: 非法操作:style.css

[ 2017-03-20T14:17:51+08:00 ] ::1 /test/index.php/Home/Index/style.css
ERR: 非法操作:style.css

[ 2017-03-20T14:18:02+08:00 ] ::1 /test/index.php/Home/Index/style.css
ERR: 非法操作:style.css

[ 2017-03-20T14:18:06+08:00 ] ::1 /test/index.php/Home/Index/style.css
ERR: 非法操作:style.css

[ 2017-03-20T14:18:25+08:00 ] ::1 /test/index.php/Home/Index/style.css
ERR: 非法操作:style.css

[ 2017-03-20T14:18:38+08:00 ] ::1 /test/index.php/Home/Index/style.css
ERR: 非法操作:style.css

[ 2017-03-20T14:18:49+08:00 ] ::1 /test/index.php/Home/Index/style.css
ERR: 非法操作:style.css

[ 2017-03-20T14:19:11+08:00 ] ::1 /test/index.php/Home/Index/style.css
ERR: 非法操作:style.css

[ 2017-03-20T14:19:15+08:00 ] ::1 /test/index.php/Home/Index/style.css
ERR: 非法操作:style.css

[ 2017-03-20T14:19:25+08:00 ] ::1 /test/index.php/Home/Index/style.css
ERR: 非法操作:style.css

[ 2017-03-20T14:19:27+08:00 ] ::1 /test/index.php/Home/Index/style.css
ERR: 非法操作:style.css

[ 2017-03-20T14:19:45+08:00 ] ::1 /test/index.php/Home/Index/style.css
ERR: 非法操作:style.css

[ 2017-03-20T14:19:45+08:00 ] ::1 /test/index.php/Home/Index/style.css
ERR: 非法操作:style.css

[ 2017-03-20T14:39:04+08:00 ] ::1 /test/index.php/Home/Index/style.css
ERR: 非法操作:style.css

[ 2017-03-20T14:39:08+08:00 ] ::1 /test/index.php/Home/Index/style.css
ERR: 非法操作:style.css

[ 2017-03-20T14:39:27+08:00 ] ::1 /test/index.php/Home/Index/Home/Member/addMember
INFO: [ app_begin ] --START--
INFO: Run Behavior\ReadHtmlCacheBehavior [ RunTime:0.001000s ]
INFO: [ app_begin ] --END-- [ RunTime:0.001000s ]
ERR: 非法操作:Home

[ 2017-03-20T14:41:01+08:00 ] ::1 /test/index.php/Home/Index/style.css
ERR: 非法操作:style.css

[ 2017-03-20T14:41:20+08:00 ] ::1 /test/index.php/Home/Index/style.css
ERR: 非法操作:style.css

[ 2017-03-20T14:41:23+08:00 ] ::1 /test/index.php/Home/Index/style.css
ERR: 非法操作:style.css

[ 2017-03-20T14:44:14+08:00 ] ::1 /test/index.php/Home/Index/style.css
ERR: 非法操作:style.css

[ 2017-03-20T14:46:27+08:00 ] ::1 /test/index.php/Home/Index/style.css
ERR: 非法操作:style.css

[ 2017-03-20T14:46:45+08:00 ] ::1 /test/index.php/Home/Index/%7BU(%22Home/Index/exam_list%22)%7D
ERR: 非法操作:{U("Home

[ 2017-03-20T14:47:10+08:00 ] ::1 /test/index.php/Home/Index/style.css
ERR: 非法操作:style.css

[ 2017-03-20T14:48:02+08:00 ] ::1 /test/index.php/Home/Index/style.css
ERR: 非法操作:style.css

[ 2017-03-20T14:48:13+08:00 ] ::1 /test/index.php/Home/Index/%7BU(%22Home/Index/exam_list%22)%7D
ERR: 非法操作:{U("Home

[ 2017-03-20T14:48:22+08:00 ] ::1 /test/index.php/Home/Index/%7BU(%22Home/Index/exam_list%22)%7D
ERR: 非法操作:{U("Home

[ 2017-03-20T14:49:27+08:00 ] ::1 /test/index.php/Home/Index/style.css
ERR: 非法操作:style.css

[ 2017-03-20T14:49:39+08:00 ] ::1 /test/index.php/Home/Index/%7BU(%22Home/Index/exam_list%22)%7D
ERR: 非法操作:{U("Home

[ 2017-03-20T14:53:53+08:00 ] ::1 /test/index.php/Home/Index/%7BU(%22Home/Index/exam_list%22)%7D
ERR: 非法操作:{U("Home

[ 2017-03-20T14:53:55+08:00 ] ::1 /test/index.php/Home/Index/style.css
ERR: 非法操作:style.css

[ 2017-03-20T14:54:01+08:00 ] ::1 /test/index.php/Home/Index/style.css
ERR: 非法操作:style.css

[ 2017-03-20T14:54:09+08:00 ] ::1 /test/index.php/Home/Index/style.css
ERR: 非法操作:style.css

[ 2017-03-20T14:55:48+08:00 ] ::1 /test/index.php/Home/Index/style.css
ERR: 非法操作:style.css

[ 2017-03-20T14:55:48+08:00 ] ::1 /test/index.php/Home/Index/style.css
ERR: 非法操作:style.css

[ 2017-03-20T14:55:55+08:00 ] ::1 /test/index.php/Home/style.css
ERR: 无法加载控制器:Style.css

[ 2017-03-20T14:57:45+08:00 ] ::1 /test/index.php/Home/style.css
ERR: 无法加载控制器:Style.css

[ 2017-03-20T14:59:44+08:00 ] ::1 /test/index.php/Home/style.css
ERR: 无法加载控制器:Style.css

[ 2017-03-20T14:59:45+08:00 ] ::1 /test/index.php/Home/style.css
ERR: 无法加载控制器:Style.css

[ 2017-03-20T14:59:48+08:00 ] ::1 /test/index.php/Home/style.css
ERR: 无法加载控制器:Style.css

[ 2017-03-20T14:59:51+08:00 ] ::1 /test/index.php/Home/style.css
ERR: 无法加载控制器:Style.css

[ 2017-03-20T14:59:59+08:00 ] ::1 /test/index.php/Home/style.css
ERR: 无法加载控制器:Style.css

[ 2017-03-20T15:00:40+08:00 ] ::1 /test/index.php/Home/style.css
ERR: 无法加载控制器:Style.css

[ 2017-03-20T15:00:47+08:00 ] ::1 /test/index.php/Home/style.css
ERR: 无法加载控制器:Style.css

[ 2017-03-20T15:01:08+08:00 ] ::1 /test/index.php/Home/style.css
ERR: 无法加载控制器:Style.css

[ 2017-03-20T15:01:29+08:00 ] ::1 /test/index.php/Home/style.css
ERR: 无法加载控制器:Style.css

[ 2017-03-20T15:03:39+08:00 ] ::1 /test/index.php/Home/style.css
ERR: 无法加载控制器:Style.css

[ 2017-03-20T15:03:58+08:00 ] ::1 /test/index.php/Home/style.css
ERR: 无法加载控制器:Style.css

[ 2017-03-20T15:03:59+08:00 ] ::1 /test/index.php/Home/style.css
ERR: 无法加载控制器:Style.css

[ 2017-03-20T15:03:59+08:00 ] ::1 /test/index.php/Home/style.css
ERR: 无法加载控制器:Style.css

[ 2017-03-20T15:04:00+08:00 ] ::1 /test/index.php/Home/style.css
ERR: 无法加载控制器:Style.css

[ 2017-03-20T15:04:01+08:00 ] ::1 /test/index.php/Home/style.css
ERR: 无法加载控制器:Style.css

[ 2017-03-20T15:04:02+08:00 ] ::1 /test/index.php/Home/style.css
ERR: 无法加载控制器:Style.css

[ 2017-03-20T15:04:02+08:00 ] ::1 /test/index.php/Home/style.css
ERR: 无法加载控制器:Style.css

[ 2017-03-20T15:04:24+08:00 ] ::1 /test/index.php/Home/style.css
ERR: 无法加载控制器:Style.css

[ 2017-03-20T15:04:25+08:00 ] ::1 /test/index.php/Home/style.css
ERR: 无法加载控制器:Style.css

[ 2017-03-20T15:04:26+08:00 ] ::1 /test/index.php/Home/style.css
ERR: 无法加载控制器:Style.css

[ 2017-03-20T15:04:26+08:00 ] ::1 /test/index.php/Home/style.css
ERR: 无法加载控制器:Style.css

[ 2017-03-20T15:04:27+08:00 ] ::1 /test/index.php/Home/style.css
ERR: 无法加载控制器:Style.css

[ 2017-03-20T15:04:28+08:00 ] ::1 /test/index.php/Home/style.css
ERR: 无法加载控制器:Style.css

[ 2017-03-20T15:04:30+08:00 ] ::1 /test/index.php/Home/style.css
ERR: 无法加载控制器:Style.css

[ 2017-03-20T15:04:33+08:00 ] ::1 /test/index.php/Home/style.css
ERR: 无法加载控制器:Style.css

[ 2017-03-20T15:04:35+08:00 ] ::1 /test/index.php/Home/style.css
ERR: 无法加载控制器:Style.css

[ 2017-03-20T15:04:35+08:00 ] ::1 /test/index.php/Home/style.css
ERR: 无法加载控制器:Style.css

[ 2017-03-20T15:05:32+08:00 ] ::1 /test/index.php/Home/style.css
ERR: 无法加载控制器:Style.css

[ 2017-03-20T15:05:33+08:00 ] ::1 /test/index.php/Home/style.css
ERR: 无法加载控制器:Style.css

[ 2017-03-20T15:05:39+08:00 ] ::1 /test/index.php/Home/style.css
ERR: 无法加载控制器:Style.css

[ 2017-03-20T15:05:50+08:00 ] ::1 /test/index.php/Home/style.css
ERR: 无法加载控制器:Style.css

[ 2017-03-20T15:05:52+08:00 ] ::1 /test/index.php/Home/style.css
ERR: 无法加载控制器:Style.css

[ 2017-03-20T15:05:54+08:00 ] ::1 /test/index.php/Home/style.css
ERR: 无法加载控制器:Style.css

[ 2017-03-20T15:05:57+08:00 ] ::1 /test/index.php/Home/style.css
ERR: 无法加载控制器:Style.css

[ 2017-03-20T15:06:12+08:00 ] ::1 /test/index.php/Home/style.css
ERR: 无法加载控制器:Style.css

[ 2017-03-20T15:06:21+08:00 ] ::1 /test/index.php/Home/style.css
ERR: 无法加载控制器:Style.css

[ 2017-03-20T15:07:34+08:00 ] ::1 /test/index.php/Home/style.css
ERR: 无法加载控制器:Style.css

[ 2017-03-20T15:07:59+08:00 ] ::1 /test/index.php/Home/style.css
ERR: 无法加载控制器:Style.css

[ 2017-03-20T15:09:33+08:00 ] ::1 /test/index.php/Home/style.css
ERR: 无法加载控制器:Style.css

[ 2017-03-20T15:13:10+08:00 ] ::1 /test/index.php/Home/style.css
ERR: 无法加载控制器:Style.css

[ 2017-03-20T15:13:48+08:00 ] ::1 /test/index.php/Home/style.css
ERR: 无法加载控制器:Style.css

[ 2017-03-20T15:15:00+08:00 ] ::1 /test/index.php/Home/style.css
ERR: 无法加载控制器:Style.css

[ 2017-03-20T15:16:24+08:00 ] ::1 /test/index.php/Home/style.css
ERR: 无法加载控制器:Style.css

[ 2017-03-20T15:17:05+08:00 ] ::1 /test/index.php/Home/style.css
ERR: 无法加载控制器:Style.css

[ 2017-03-20T15:17:49+08:00 ] ::1 /test/index.php/Home/Index/style.css
ERR: 非法操作:style.css

[ 2017-03-20T15:19:44+08:00 ] ::1 /test/index.php/Home/Index/style.css
ERR: 非法操作:style.css

[ 2017-03-20T15:19:48+08:00 ] ::1 /test/index.php/Home/Index/style.css
ERR: 非法操作:style.css

[ 2017-03-20T15:19:59+08:00 ] ::1 /test/index.php/Home/Index/style.css
ERR: 非法操作:style.css

[ 2017-03-20T15:22:54+08:00 ] ::1 /test/index.php/Home/Index/style.css
ERR: 非法操作:style.css

[ 2017-03-20T15:23:48+08:00 ] ::1 /test/index.php/Home/Index/addMember
INFO: [ app_begin ] --START--
INFO: Run Behavior\ReadHtmlCacheBehavior [ RunTime:0.001000s ]
INFO: [ app_begin ] --END-- [ RunTime:0.001000s ]

[ 2017-03-20T15:23:53+08:00 ] ::1 /test/index.php/Home/Index/addMember
INFO: [ app_begin ] --START--
INFO: Run Behavior\ReadHtmlCacheBehavior [ RunTime:0.001000s ]
INFO: [ app_begin ] --END-- [ RunTime:0.001000s ]

[ 2017-03-20T15:33:20+08:00 ] ::1 /test/index.php/Home/Index/addMember
INFO: [ app_begin ] --START--
INFO: Run Behavior\ReadHtmlCacheBehavior [ RunTime:0.001000s ]
INFO: [ app_begin ] --END-- [ RunTime:0.001000s ]

[ 2017-03-20T15:45:57+08:00 ] ::1 /test/index.php/Home/Index/addMember
INFO: [ app_begin ] --START--
INFO: Run Behavior\ReadHtmlCacheBehavior [ RunTime:0.000000s ]
INFO: [ app_begin ] --END-- [ RunTime:0.000000s ]
SQL: SHOW COLUMNS FROM `exam_member` [ RunTime:0.0040s ]
SQL: INSERT INTO `exam_member` (`name`,`sex`,`age`,`tel`,`cometime`,`starttime`,`stoptime`) VALUES ('shenyanyan','1','21','18736199128','1488643200','1488729600','1489420800') [ RunTime:0.0000s ]

[ 2017-03-20T15:46:31+08:00 ] ::1 /test/index.php/Home/Index/addMember
INFO: [ app_begin ] --START--
INFO: Run Behavior\ReadHtmlCacheBehavior [ RunTime:0.001000s ]
INFO: [ app_begin ] --END-- [ RunTime:0.001000s ]
SQL: SHOW COLUMNS FROM `exam_member` [ RunTime:0.0130s ]
SQL: INSERT INTO `exam_member` (`name`,`sex`,`age`,`tel`,`cometime`,`starttime`,`stoptime`) VALUES ('shenyanyan','1','21','18736199128','1488643200','1488729600','1489420800') [ RunTime:0.0010s ]

[ 2017-03-20T15:51:12+08:00 ] ::1 /test/index.php/Home/Index/addMember
INFO: [ app_begin ] --START--
INFO: Run Behavior\ReadHtmlCacheBehavior [ RunTime:0.001000s ]
INFO: [ app_begin ] --END-- [ RunTime:0.001000s ]
SQL: SHOW COLUMNS FROM `exam_member` [ RunTime:0.0080s ]
SQL: INSERT INTO `exam_member` (`name`,`sex`,`age`,`tel`,`cometime`,`starttime`,`stoptime`) VALUES ('23','0','21','1213','1488643200','1488038400','1489334400') [ RunTime:0.0000s ]

[ 2017-03-20T15:51:13+08:00 ] ::1 /test/index.php/Home/Index/style.css
ERR: 非法操作:style.css

[ 2017-03-20T15:53:52+08:00 ] ::1 /test/index.php/Home/Index/style.css
ERR: 非法操作:style.css

[ 2017-03-20T15:54:19+08:00 ] ::1 /test/index.php/Home/Index/style.css
ERR: 非法操作:style.css

[ 2017-03-20T15:54:20+08:00 ] ::1 /test/index.php/Home/Index/style.css
ERR: 非法操作:style.css

[ 2017-03-20T15:57:28+08:00 ] ::1 /test/index.php/Home/Index/style.css
ERR: 非法操作:style.css

[ 2017-03-20T15:57:29+08:00 ] ::1 /test/index.php/Home/Index/style.css
ERR: 非法操作:style.css

[ 2017-03-20T15:57:47+08:00 ] ::1 /test/index.php/Home/Index/style.css
ERR: 非法操作:style.css

[ 2017-03-20T16:04:19+08:00 ] ::1 /test/index.php/Home/Index/style.css
ERR: 非法操作:style.css

[ 2017-03-20T16:04:20+08:00 ] ::1 /test/index.php/Home/Index/style.css
ERR: 非法操作:style.css

[ 2017-03-20T16:04:20+08:00 ] ::1 /test/index.php/Home/Index/style.css
ERR: 非法操作:style.css

[ 2017-03-20T16:04:20+08:00 ] ::1 /test/index.php/Home/Index/style.css
ERR: 非法操作:style.css

[ 2017-03-20T16:04:40+08:00 ] ::1 /test/index.php/Home/Index/style.css
ERR: 非法操作:style.css

[ 2017-03-20T16:04:40+08:00 ] ::1 /test/index.php/Home/Index/style.css
ERR: 非法操作:style.css

[ 2017-03-20T16:04:41+08:00 ] ::1 /test/index.php/Home/Index/style.css
ERR: 非法操作:style.css

[ 2017-03-20T16:04:58+08:00 ] ::1 /test/index.php/Home/Index/style.css
ERR: 非法操作:style.css

[ 2017-03-20T16:04:59+08:00 ] ::1 /test/index.php/Home/Index/style.css
ERR: 非法操作:style.css

[ 2017-03-20T16:04:59+08:00 ] ::1 /test/index.php/Home/Index/style.css
ERR: 非法操作:style.css

[ 2017-03-20T16:05:18+08:00 ] ::1 /test/index.php/Home/Index/style.css
ERR: 非法操作:style.css

[ 2017-03-20T16:05:18+08:00 ] ::1 /test/index.php/Home/Index/style.css
ERR: 非法操作:style.css

[ 2017-03-20T16:05:18+08:00 ] ::1 /test/index.php/Home/Index/style.css
ERR: 非法操作:style.css

[ 2017-03-20T16:05:27+08:00 ] ::1 /test/index.php/Home/Index/style.css
ERR: 非法操作:style.css

[ 2017-03-20T16:05:28+08:00 ] ::1 /test/index.php/Home/Index/style.css
ERR: 非法操作:style.css

[ 2017-03-20T16:05:36+08:00 ] ::1 /test/index.php/Home/Index/style.css
ERR: 非法操作:style.css

[ 2017-03-20T16:05:37+08:00 ] ::1 /test/index.php/Home/Index/style.css
ERR: 非法操作:style.css

[ 2017-03-20T16:05:48+08:00 ] ::1 /test/index.php/Home/Index/style.css
ERR: 非法操作:style.css

[ 2017-03-20T16:05:49+08:00 ] ::1 /test/index.php/Home/Index/style.css
ERR: 非法操作:style.css

[ 2017-03-20T16:07:42+08:00 ] ::1 /test/index.php/Home/Index/style.css
ERR: 非法操作:style.css

[ 2017-03-20T16:07:43+08:00 ] ::1 /test/index.php/Home/Index/style.css
ERR: 非法操作:style.css

[ 2017-03-20T16:07:43+08:00 ] ::1 /test/index.php/Home/Index/style.css
ERR: 非法操作:style.css

[ 2017-03-20T16:07:43+08:00 ] ::1 /test/index.php/Home/Index/style.css
ERR: 非法操作:style.css

[ 2017-03-20T16:07:49+08:00 ] ::1 /test/index.php/Home/Index/style.css
ERR: 非法操作:style.css

[ 2017-03-20T16:08:06+08:00 ] ::1 /test/index.php/Home/Index/style.css
ERR: 非法操作:style.css

[ 2017-03-20T16:08:06+08:00 ] ::1 /test/index.php/Home/Index/style.css
ERR: 非法操作:style.css

[ 2017-03-20T16:08:07+08:00 ] ::1 /test/index.php/Home/Index/style.css
ERR: 非法操作:style.css

[ 2017-03-20T16:08:08+08:00 ] ::1 /test/index.php/Home/Index/style.css
ERR: 非法操作:style.css

[ 2017-03-20T16:08:08+08:00 ] ::1 /test/index.php/Home/Index/style.css
ERR: 非法操作:style.css

[ 2017-03-20T16:08:28+08:00 ] ::1 /test/index.php/Home/Index/style.css
ERR: 非法操作:style.css

[ 2017-03-20T16:08:29+08:00 ] ::1 /test/index.php/Home/Index/style.css
ERR: 非法操作:style.css

[ 2017-03-20T16:08:44+08:00 ] ::1 /test/index.php/Home/Index/style.css
ERR: 非法操作:style.css

[ 2017-03-20T16:08:44+08:00 ] ::1 /test/index.php/Home/Index/style.css
ERR: 非法操作:style.css

[ 2017-03-20T16:08:45+08:00 ] ::1 /test/index.php/Home/Index/style.css
ERR: 非法操作:style.css

[ 2017-03-20T16:10:50+08:00 ] ::1 /test/index.php/Home/Index/style.css
ERR: 非法操作:style.css

[ 2017-03-20T16:11:31+08:00 ] ::1 /test/index.php/Home/Index/style.css
ERR: 非法操作:style.css

[ 2017-03-20T16:20:52+08:00 ] ::1 /test/index.php/Home/Index/exam_list.html
ERR: 1054:Unknown column 'name' in 'field list'
 [ SQL语句 ] : SELECT `id`,`type`,`status`,`name`,`A`,`B`,`C`,`D`,`right_answer` FROM `exam_test` WHERE `type` = 1 AND `status` = 1 

[ 2017-03-20T16:20:53+08:00 ] ::1 /test/index.php/Home/Index/exam_list.html
ERR: 1054:Unknown column 'name' in 'field list'
 [ SQL语句 ] : SELECT `id`,`type`,`status`,`name`,`A`,`B`,`C`,`D`,`right_answer` FROM `exam_test` WHERE `type` = 1 AND `status` = 1 

[ 2017-03-20T16:20:55+08:00 ] ::1 /test/index.php/Home/Index/exam_list.html
ERR: 1054:Unknown column 'name' in 'field list'
 [ SQL语句 ] : SELECT `id`,`type`,`status`,`name`,`A`,`B`,`C`,`D`,`right_answer` FROM `exam_test` WHERE `type` = 1 AND `status` = 1 

[ 2017-03-20T16:21:25+08:00 ] ::1 /test/index.php/Home/Index/style.css
ERR: 非法操作:style.css

[ 2017-03-20T16:23:49+08:00 ] ::1 /test/index.php/Home/Index/style.css
ERR: 非法操作:style.css

[ 2017-03-20T16:24:23+08:00 ] ::1 /test/index.php/Home/Index/style.css
ERR: 非法操作:style.css

[ 2017-03-20T16:24:28+08:00 ] ::1 /test/index.php/Home/Index/style.css
ERR: 非法操作:style.css

[ 2017-03-20T16:24:34+08:00 ] ::1 /test/index.php/Home/Index/style.css
ERR: 非法操作:style.css

[ 2017-03-20T16:24:48+08:00 ] ::1 /test/index.php/Home/Index/style.css
ERR: 非法操作:style.css

[ 2017-03-20T16:25:04+08:00 ] ::1 /test/index.php/Home/Index/style.css
ERR: 非法操作:style.css

[ 2017-03-20T16:27:17+08:00 ] ::1 /test/index.php/Home/Index/style.css
ERR: 非法操作:style.css

[ 2017-03-20T16:27:24+08:00 ] ::1 /test/index.php/Home/Index/style.css
ERR: 非法操作:style.css

[ 2017-03-20T16:28:16+08:00 ] ::1 /test/index.php/Home/Index/style.css
ERR: 非法操作:style.css

[ 2017-03-20T16:28:19+08:00 ] ::1 /test/index.php/Home/Index/style.css
ERR: 非法操作:style.css

[ 2017-03-20T16:28:35+08:00 ] ::1 /test/index.php/Home/Index/style.css
ERR: 非法操作:style.css

[ 2017-03-20T16:31:58+08:00 ] ::1 /test/index.php/Home/Index/style.css
ERR: 非法操作:style.css

[ 2017-03-20T16:32:13+08:00 ] ::1 /test/index.php/Home/Index/style.css
ERR: 非法操作:style.css

[ 2017-03-20T16:32:27+08:00 ] ::1 /test/index.php/Home/Index/style.css
ERR: 非法操作:style.css

[ 2017-03-20T16:32:37+08:00 ] ::1 /test/index.php/Home/Index/style.css
ERR: 非法操作:style.css

[ 2017-03-20T16:33:36+08:00 ] ::1 /test/index.php/Home/Index/style.css
ERR: 非法操作:style.css

[ 2017-03-20T16:33:39+08:00 ] ::1 /test/index.php/Home/Index/style.css
ERR: 非法操作:style.css

[ 2017-03-20T16:33:42+08:00 ] ::1 /test/index.php/Home/Index/style.css
ERR: 非法操作:style.css

[ 2017-03-20T16:33:47+08:00 ] ::1 /test/index.php/Home/Index/style.css
ERR: 非法操作:style.css

[ 2017-03-20T16:33:50+08:00 ] ::1 /test/index.php/Home/Index/style.css
ERR: 非法操作:style.css

[ 2017-03-20T16:33:53+08:00 ] ::1 /test/index.php/Home/Index/style.css
ERR: 非法操作:style.css

[ 2017-03-20T16:34:33+08:00 ] ::1 /test/index.php/Home/Index/style.css
ERR: 非法操作:style.css

[ 2017-03-20T16:34:35+08:00 ] ::1 /test/index.php/Home/Index/style.css
ERR: 非法操作:style.css

[ 2017-03-20T16:34:37+08:00 ] ::1 /test/index.php/Home/Index/style.css
ERR: 非法操作:style.css

[ 2017-03-20T16:35:44+08:00 ] ::1 /test/index.php/Home/Index/style.css
ERR: 非法操作:style.css

[ 2017-03-20T16:37:03+08:00 ] ::1 /test/index.php/Home/Index/style.css
ERR: 非法操作:style.css

[ 2017-03-20T16:37:19+08:00 ] ::1 /test/index.php/Home/Index/style.css
ERR: 非法操作:style.css

[ 2017-03-20T16:37:25+08:00 ] ::1 /test/index.php/Home/Index/style.css
ERR: 非法操作:style.css

[ 2017-03-20T16:39:03+08:00 ] ::1 /test/index.php/Home/Index/style.css
ERR: 非法操作:style.css

[ 2017-03-20T16:39:49+08:00 ] ::1 /test/index.php/Home/Index/style.css
ERR: 非法操作:style.css

[ 2017-03-20T16:39:54+08:00 ] ::1 /test/index.php/Home/Index/style.css
ERR: 非法操作:style.css

[ 2017-03-20T16:40:35+08:00 ] ::1 /test/index.php/Home/Index/style.css
ERR: 非法操作:style.css

[ 2017-03-20T16:40:38+08:00 ] ::1 /test/index.php/Home/Index/style.css
ERR: 非法操作:style.css

[ 2017-03-20T16:40:53+08:00 ] ::1 /test/index.php/Home/Index/style.css
ERR: 非法操作:style.css

[ 2017-03-20T16:40:57+08:00 ] ::1 /test/index.php/Home/Index/style.css
ERR: 非法操作:style.css

[ 2017-03-20T16:41:22+08:00 ] ::1 /test/index.php/Home/Index/addMember
INFO: [ app_begin ] --START--
INFO: Run Behavior\ReadHtmlCacheBehavior [ RunTime:0.001000s ]
INFO: [ app_begin ] --END-- [ RunTime:0.001000s ]
SQL: SHOW COLUMNS FROM `exam_member` [ RunTime:0.0140s ]
SQL: INSERT INTO `exam_member` (`name`,`sex`,`age`,`tel`,`cometime`,`starttime`,`stoptime`) VALUES ('1432','0','31','2323','1488643200','1489507200','1488729600') [ RunTime:0.0010s ]

[ 2017-03-20T16:41:24+08:00 ] ::1 /test/index.php/Home/Index/style.css
ERR: 非法操作:style.css

[ 2017-03-20T16:41:30+08:00 ] ::1 /test/index.php/Home/Index/style.css
ERR: 非法操作:style.css

[ 2017-03-20T16:41:34+08:00 ] ::1 /test/index.php/Home/Index/style.css
ERR: 非法操作:style.css

[ 2017-03-20T16:41:41+08:00 ] ::1 /test/index.php/Home/Index/style.css
ERR: 非法操作:style.css

[ 2017-03-20T16:41:44+08:00 ] ::1 /test/index.php/Home/Index/style.css
ERR: 非法操作:style.css

[ 2017-03-20T16:41:47+08:00 ] ::1 /test/index.php/Home/Index/style.css
ERR: 非法操作:style.css

[ 2017-03-20T16:41:49+08:00 ] ::1 /test/index.php/Home/Index/style.css
ERR: 非法操作:style.css

[ 2017-03-20T16:41:52+08:00 ] ::1 /test/index.php/Home/Index/style.css
ERR: 非法操作:style.css

[ 2017-03-20T16:41:55+08:00 ] ::1 /test/index.php/Home/Index/style.css
ERR: 非法操作:style.css

[ 2017-03-20T16:41:57+08:00 ] ::1 /test/index.php/Home/Index/style.css
ERR: 非法操作:style.css

[ 2017-03-20T16:42:03+08:00 ] ::1 /test/index.php/Home/Index/addMember
INFO: [ app_begin ] --START--
INFO: Run Behavior\ReadHtmlCacheBehavior [ RunTime:0.000000s ]
INFO: [ app_begin ] --END-- [ RunTime:0.000000s ]
SQL: SHOW COLUMNS FROM `exam_member` [ RunTime:0.0130s ]
SQL: INSERT INTO `exam_member` (`name`,`sex`,`age`,`tel`,`cometime`,`starttime`,`stoptime`) VALUES ('1432','0','31','2323','1488643200','1489507200','1488729600') [ RunTime:0.0010s ]

[ 2017-03-20T16:42:05+08:00 ] ::1 /test/index.php/Home/Index/style.css
ERR: 非法操作:style.css

[ 2017-03-20T16:42:35+08:00 ] ::1 /test/index.php/Home/Index/addMember
INFO: [ app_begin ] --START--
INFO: Run Behavior\ReadHtmlCacheBehavior [ RunTime:0.000000s ]
INFO: [ app_begin ] --END-- [ RunTime:0.000000s ]
SQL: SHOW COLUMNS FROM `exam_member` [ RunTime:0.0120s ]
SQL: INSERT INTO `exam_member` (`name`,`sex`,`age`,`tel`,`cometime`,`starttime`,`stoptime`) VALUES ('1432','0','31','2323','1488643200','1489507200','1488729600') [ RunTime:0.0010s ]

[ 2017-03-20T16:42:37+08:00 ] ::1 /test/index.php/Home/Index/style.css
ERR: 非法操作:style.css

[ 2017-03-20T16:42:44+08:00 ] ::1 /test/index.php/Home/Index/style.css
ERR: 非法操作:style.css

[ 2017-03-20T16:42:47+08:00 ] ::1 /test/index.php/Home/Index/addMember
INFO: [ app_begin ] --START--
INFO: Run Behavior\ReadHtmlCacheBehavior [ RunTime:0.001000s ]
INFO: [ app_begin ] --END-- [ RunTime:0.001000s ]
SQL: SHOW COLUMNS FROM `exam_member` [ RunTime:0.0130s ]
SQL: INSERT INTO `exam_member` (`name`,`sex`,`age`,`tel`,`cometime`,`starttime`,`stoptime`) VALUES ('1432','0','31','2323','1488643200','1489507200','1488729600') [ RunTime:0.0010s ]

[ 2017-03-20T16:42:49+08:00 ] ::1 /test/index.php/Home/Index/style.css
ERR: 非法操作:style.css

[ 2017-03-20T16:43:07+08:00 ] ::1 /test/index.php/Home/Index/addMember
INFO: [ app_begin ] --START--
INFO: Run Behavior\ReadHtmlCacheBehavior [ RunTime:0.001000s ]
INFO: [ app_begin ] --END-- [ RunTime:0.001000s ]
SQL: SHOW COLUMNS FROM `exam_member` [ RunTime:0.0140s ]
SQL: INSERT INTO `exam_member` (`name`,`sex`,`age`,`tel`,`cometime`,`starttime`,`stoptime`) VALUES ('艳艳','1','20','15978404887','1488643200','1489507200','1490198400') [ RunTime:0.0010s ]

[ 2017-03-20T16:43:08+08:00 ] ::1 /test/index.php/Home/Index/addMember
INFO: [ app_begin ] --START--
INFO: Run Behavior\ReadHtmlCacheBehavior [ RunTime:0.001000s ]
INFO: [ app_begin ] --END-- [ RunTime:0.001000s ]
SQL: SHOW COLUMNS FROM `exam_member` [ RunTime:0.0080s ]
SQL: INSERT INTO `exam_member` (`name`,`sex`,`age`,`tel`,`cometime`,`starttime`,`stoptime`) VALUES ('艳艳','1','20','15978404887','1488643200','1489507200','1490198400') [ RunTime:0.0040s ]

[ 2017-03-20T16:43:11+08:00 ] ::1 /test/index.php/Home/Index/style.css
ERR: 非法操作:style.css

[ 2017-03-20T16:44:28+08:00 ] ::1 /test/index.php/Home/Index/addMember
INFO: [ app_begin ] --START--
INFO: Run Behavior\ReadHtmlCacheBehavior [ RunTime:0.001000s ]
INFO: [ app_begin ] --END-- [ RunTime:0.001000s ]
SQL: SHOW COLUMNS FROM `exam_member` [ RunTime:0.0030s ]
SQL: INSERT INTO `exam_member` (`name`,`sex`,`age`,`tel`,`cometime`,`starttime`,`stoptime`) VALUES ('贝贝','1','25','13978404887','1490025600','1488988800','1489507200') [ RunTime:0.0000s ]

[ 2017-03-20T16:44:30+08:00 ] ::1 /test/index.php/Home/Index/style.css
ERR: 非法操作:style.css

[ 2017-03-20T16:47:21+08:00 ] ::1 /test/index.php/Home/Index/style.css
ERR: 非法操作:style.css

[ 2017-03-20T16:47:23+08:00 ] ::1 /test/index.php/Home/Index/style.css
ERR: 非法操作:style.css

[ 2017-03-20T16:47:24+08:00 ] ::1 /test/index.php/Home/Index/style.css
ERR: 非法操作:style.css

[ 2017-03-20T16:47:26+08:00 ] ::1 /test/index.php/Home/Index/style.css
ERR: 非法操作:style.css

[ 2017-03-20T16:47:27+08:00 ] ::1 /test/index.php/Home/Index/style.css
ERR: 非法操作:style.css

[ 2017-03-20T16:47:28+08:00 ] ::1 /test/index.php/Home/Index/style.css
ERR: 非法操作:style.css

[ 2017-03-20T16:50:25+08:00 ] ::1 /test/index.php/Home/Index/style.css
ERR: 非法操作:style.css

[ 2017-03-20T16:50:30+08:00 ] ::1 /test/index.php/Home/Index/style.css
ERR: 非法操作:style.css

[ 2017-03-20T16:50:41+08:00 ] ::1 /test/index.php/Home/Index/style.css
ERR: 非法操作:style.css

[ 2017-03-20T16:50:43+08:00 ] ::1 /test/index.php/Home/Index/style.css
ERR: 非法操作:style.css

[ 2017-03-20T16:50:46+08:00 ] ::1 /test/index.php/Home/Index/style.css
ERR: 非法操作:style.css

[ 2017-03-20T16:51:44+08:00 ] ::1 /test/index.php/Home/Index/style.css
ERR: 非法操作:style.css

[ 2017-03-20T16:51:47+08:00 ] ::1 /test/index.php/Home/Index/style.css
ERR: 非法操作:style.css

[ 2017-03-20T16:51:49+08:00 ] ::1 /test/index.php/Home/Index/style.css
ERR: 非法操作:style.css

[ 2017-03-20T16:53:45+08:00 ] ::1 /test/index.php/Home/Index/style.css
ERR: 非法操作:style.css

[ 2017-03-20T16:53:47+08:00 ] ::1 /test/index.php/Home/Index/style.css
ERR: 非法操作:style.css

[ 2017-03-20T16:55:02+08:00 ] ::1 /test/index.php/Home/Index/style.css
ERR: 非法操作:style.css

[ 2017-03-20T16:55:05+08:00 ] ::1 /test/index.php/Home/Index/style.css
ERR: 非法操作:style.css

[ 2017-03-20T16:55:07+08:00 ] ::1 /test/index.php/Home/Index/style.css
ERR: 非法操作:style.css

[ 2017-03-20T16:55:10+08:00 ] ::1 /test/index.php/Home/Index/style.css
ERR: 非法操作:style.css

[ 2017-03-20T16:55:25+08:00 ] ::1 /test/index.php/Home/Index/style.css
ERR: 非法操作:style.css

[ 2017-03-20T16:55:28+08:00 ] ::1 /test/index.php/Home/Index/style.css
ERR: 非法操作:style.css

[ 2017-03-20T16:55:43+08:00 ] ::1 /test/index.php/Home/Index/style.css
ERR: 非法操作:style.css

[ 2017-03-20T16:55:47+08:00 ] ::1 /test/index.php/Home/Index/style.css
ERR: 非法操作:style.css

[ 2017-03-20T16:55:49+08:00 ] ::1 /test/index.php/Home/Index/style.css
ERR: 非法操作:style.css

[ 2017-03-20T16:55:53+08:00 ] ::1 /test/index.php/Home/Index/style.css
ERR: 非法操作:style.css

[ 2017-03-20T16:55:58+08:00 ] ::1 /test/index.php/Home/Index/style.css
ERR: 非法操作:style.css

[ 2017-03-20T16:57:57+08:00 ] ::1 /test/index.php/Home/Index/style.css
ERR: 非法操作:style.css

[ 2017-03-20T16:59:28+08:00 ] ::1 /test/index.php/Home/Index/style.css
ERR: 非法操作:style.css

[ 2017-03-20T16:59:39+08:00 ] ::1 /test/index.php/Home/Index/style.css
ERR: 非法操作:style.css

[ 2017-03-20T16:59:41+08:00 ] ::1 /test/index.php/Home/Index/style.css
ERR: 非法操作:style.css

[ 2017-03-20T17:11:38+08:00 ] ::1 /test/index.php/Home/Index/style.css
ERR: 非法操作:style.css

[ 2017-03-20T17:11:41+08:00 ] ::1 /test/index.php/Home/Index/style.css
ERR: 非法操作:style.css

[ 2017-03-20T17:11:49+08:00 ] ::1 /test/index.php/Home/Index/style.css
ERR: 非法操作:style.css

[ 2017-03-20T17:11:56+08:00 ] ::1 /test/index.php/Home/Index/style.css
ERR: 非法操作:style.css

[ 2017-03-20T17:12:02+08:00 ] ::1 /test/index.php/Home/Index/style.css
ERR: 非法操作:style.css

[ 2017-03-20T17:12:04+08:00 ] ::1 /test/index.php/Home/Index/style.css
ERR: 非法操作:style.css

[ 2017-03-20T17:18:56+08:00 ] ::1 /test/index.php/Home/Index/style.css
ERR: 非法操作:style.css

[ 2017-03-20T17:18:59+08:00 ] ::1 /test/index.php/Home/Index/style.css
ERR: 非法操作:style.css

[ 2017-03-20T17:22:50+08:00 ] ::1 /test/index.php/Home/Index/style.css
ERR: 非法操作:style.css

[ 2017-03-20T17:47:36+08:00 ] ::1 /test/index.php/Home/Index/style.css
ERR: 非法操作:style.css

[ 2017-03-20T17:48:10+08:00 ] ::1 /test/index.php/Home/Index/style.css
ERR: 非法操作:style.css

[ 2017-03-20T17:49:55+08:00 ] ::1 /test/index.php/Home/Index/style.css
ERR: 非法操作:style.css

[ 2017-03-20T17:49:57+08:00 ] ::1 /test/index.php/Home/Index/style.css
ERR: 非法操作:style.css

[ 2017-03-20T17:50:35+08:00 ] ::1 /test/index.php/Home/Index/style.css
ERR: 非法操作:style.css

[ 2017-03-20T17:50:52+08:00 ] ::1 /test/index.php/Home/Index/style.css
ERR: 非法操作:style.css

[ 2017-03-20T17:50:55+08:00 ] ::1 /test/index.php/Home/Index/style.css
ERR: 非法操作:style.css

[ 2017-03-20T17:50:57+08:00 ] ::1 /test/index.php/Home/Index/style.css
ERR: 非法操作:style.css

[ 2017-03-20T17:52:11+08:00 ] ::1 /test/index.php/Home/Index/style.css
ERR: 非法操作:style.css

[ 2017-03-20T17:53:01+08:00 ] ::1 /test/index.php/Home/Index/style.css
ERR: 非法操作:style.css

[ 2017-03-20T17:53:02+08:00 ] ::1 /test/index.php/Home/Index/style.css
ERR: 非法操作:style.css

[ 2017-03-20T17:53:34+08:00 ] ::1 /test/index.php/Home/Index/style.css
ERR: 非法操作:style.css

[ 2017-03-20T17:54:55+08:00 ] ::1 /test/index.php/Home/Index/style.css
ERR: 非法操作:style.css

[ 2017-03-20T17:55:31+08:00 ] ::1 /test/index.php/Home/Index/style.css
ERR: 非法操作:style.css

[ 2017-03-20T17:56:06+08:00 ] ::1 /test/index.php/Home/Index/style.css
ERR: 非法操作:style.css

[ 2017-03-20T18:00:55+08:00 ] ::1 /test/index.php/Home/Index/style.css
ERR: 非法操作:style.css

[ 2017-03-20T18:12:14+08:00 ] ::1 /test/index.php/Home/Index/style.css
ERR: 非法操作:style.css

[ 2017-03-20T18:15:41+08:00 ] ::1 /test/index.php/Home/Index/style.css
ERR: 非法操作:style.css

[ 2017-03-20T18:15:55+08:00 ] ::1 /test/index.php/Home/Index/style.css
ERR: 非法操作:style.css

[ 2017-03-20T18:17:04+08:00 ] ::1 /test/index.php/Home/Index/style.css
ERR: 非法操作:style.css

[ 2017-03-20T18:17:11+08:00 ] ::1 /test/index.php/Home/Index/style.css
ERR: 非法操作:style.css

[ 2017-03-20T18:17:53+08:00 ] ::1 /test/index.php/Home/Index/style.css
ERR: 非法操作:style.css

[ 2017-03-20T18:18:37+08:00 ] ::1 /test/index.php/Home/Index/style.css
ERR: 非法操作:style.css

[ 2017-03-20T18:19:03+08:00 ] ::1 /test/index.php/Home/Index/style.css
ERR: 非法操作:style.css

[ 2017-03-20T18:19:07+08:00 ] ::1 /test/index.php/Home/Index/style.css
ERR: 非法操作:style.css

[ 2017-03-20T18:19:27+08:00 ] ::1 /test/index.php/Home/Index/style.css
ERR: 非法操作:style.css

[ 2017-03-20T18:19:49+08:00 ] ::1 /test/index.php/Home/Index/style.css
ERR: 非法操作:style.css

[ 2017-03-20T18:19:51+08:00 ] ::1 /test/index.php/Home/Index/style.css
ERR: 非法操作:style.css

[ 2017-03-20T18:19:54+08:00 ] ::1 /test/index.php/Home/Index/style.css
ERR: 非法操作:style.css

[ 2017-03-20T18:20:51+08:00 ] ::1 /test/index.php/Home/Index/style.css
ERR: 非法操作:style.css

[ 2017-03-20T18:21:08+08:00 ] ::1 /test/index.php/Home/Index/style.css
ERR: 非法操作:style.css

[ 2017-03-20T18:21:46+08:00 ] ::1 /test/index.php/Home/Index/style.css
ERR: 非法操作:style.css

[ 2017-03-20T18:21:50+08:00 ] ::1 /test/index.php/Home/Index/style.css
ERR: 非法操作:style.css

[ 2017-03-20T18:22:22+08:00 ] ::1 /test/index.php/Home/Index/style.css
ERR: 非法操作:style.css

[ 2017-03-20T18:22:58+08:00 ] ::1 /test/index.php/Home/Index/style.css
ERR: 非法操作:style.css

[ 2017-03-20T18:23:14+08:00 ] ::1 /test/index.php/Home/Index/style.css
ERR: 非法操作:style.css

[ 2017-03-20T18:24:27+08:00 ] ::1 /test/index.php/Home/Index/style.css
ERR: 非法操作:style.css

[ 2017-03-20T18:24:53+08:00 ] ::1 /test/index.php/Home/Index/style.css
ERR: 非法操作:style.css

[ 2017-03-20T18:26:39+08:00 ] ::1 /test/index.php/Home/Index/style.css
ERR: 非法操作:style.css

[ 2017-03-20T18:26:41+08:00 ] ::1 /test/index.php/Home/Index/style.css
ERR: 非法操作:style.css

[ 2017-03-20T18:27:02+08:00 ] ::1 /test/index.php/Home/Index/style.css
ERR: 非法操作:style.css

[ 2017-03-20T18:27:06+08:00 ] ::1 /test/index.php/Home/Index/style.css
ERR: 非法操作:style.css

[ 2017-03-20T18:27:19+08:00 ] ::1 /test/index.php/Home/Index/style.css
ERR: 非法操作:style.css

[ 2017-03-20T18:27:51+08:00 ] ::1 /test/index.php/Home/Index/style.css
ERR: 非法操作:style.css

[ 2017-03-20T18:27:57+08:00 ] ::1 /test/index.php/Home/Index/style.css
ERR: 非法操作:style.css

[ 2017-03-20T18:28:33+08:00 ] ::1 /test/index.php/Home/Index/style.css
ERR: 非法操作:style.css

[ 2017-03-20T18:29:11+08:00 ] ::1 /test/index.php/Home/Index/style.css
ERR: 非法操作:style.css

[ 2017-03-20T18:29:25+08:00 ] ::1 /test/index.php/Home/Index/style.css
ERR: 非法操作:style.css

[ 2017-03-20T18:30:03+08:00 ] ::1 /test/index.php/Home/Index/style.css
ERR: 非法操作:style.css

[ 2017-03-20T18:31:17+08:00 ] ::1 /test/index.php/Home/Index/style.css
ERR: 非法操作:style.css

[ 2017-03-20T18:31:56+08:00 ] ::1 /test/index.php/Home/Index/style.css
ERR: 非法操作:style.css

[ 2017-03-20T18:32:07+08:00 ] ::1 /test/index.php/Home/Index/style.css
ERR: 非法操作:style.css

[ 2017-03-20T18:32:09+08:00 ] ::1 /test/index.php/Home/Index/style.css
ERR: 非法操作:style.css

[ 2017-03-20T18:32:24+08:00 ] ::1 /test/index.php/Home/Index/style.css
ERR: 非法操作:style.css

[ 2017-03-20T18:32:26+08:00 ] ::1 /test/index.php/Home/Index/style.css
ERR: 非法操作:style.css

[ 2017-03-20T18:32:30+08:00 ] ::1 /test/index.php/Home/Index/style.css
ERR: 非法操作:style.css

[ 2017-03-20T18:32:33+08:00 ] ::1 /test/index.php/Home/Index/style.css
ERR: 非法操作:style.css

[ 2017-03-20T18:32:35+08:00 ] ::1 /test/index.php/Home/Index/style.css
ERR: 非法操作:style.css

[ 2017-03-20T18:33:48+08:00 ] ::1 /test/index.php/Home/Index/style.css
ERR: 非法操作:style.css

[ 2017-03-20T18:33:50+08:00 ] ::1 /test/index.php/Home/Index/style.css
ERR: 非法操作:style.css

[ 2017-03-20T18:33:51+08:00 ] ::1 /test/index.php/Home/Index/style.css
ERR: 非法操作:style.css

[ 2017-03-20T18:34:38+08:00 ] ::1 /test/index.php/Home/Index/style.css
ERR: 非法操作:style.css

[ 2017-03-20T18:37:00+08:00 ] ::1 /test/index.php/Home/Index/style.css
ERR: 非法操作:style.css

[ 2017-03-20T18:37:02+08:00 ] ::1 /test/index.php/Home/Index/style.css
ERR: 非法操作:style.css

[ 2017-03-20T18:37:05+08:00 ] ::1 /test/index.php/Home/Index/style.css
ERR: 非法操作:style.css

[ 2017-03-20T18:37:16+08:00 ] ::1 /test/index.php/Home/Index/style.css
ERR: 非法操作:style.css

[ 2017-03-20T18:37:18+08:00 ] ::1 /test/index.php/Home/Index/style.css
ERR: 非法操作:style.css

[ 2017-03-20T18:37:20+08:00 ] ::1 /test/index.php/Home/Index/style.css
ERR: 非法操作:style.css

[ 2017-03-20T18:37:22+08:00 ] ::1 /test/index.php/Home/Index/style.css
ERR: 非法操作:style.css

[ 2017-03-20T18:37:43+08:00 ] ::1 /test/index.php/Home/Index/style.css
ERR: 非法操作:style.css

[ 2017-03-20T18:37:45+08:00 ] ::1 /test/index.php/Home/Index/style.css
ERR: 非法操作:style.css

[ 2017-03-20T18:37:47+08:00 ] ::1 /test/index.php/Home/Index/style.css
ERR: 非法操作:style.css

[ 2017-03-20T18:38:11+08:00 ] ::1 /test/index.php/Home/Index/style.css
ERR: 非法操作:style.css

[ 2017-03-20T18:38:13+08:00 ] ::1 /test/index.php/Home/Index/style.css
ERR: 非法操作:style.css

[ 2017-03-20T18:38:15+08:00 ] ::1 /test/index.php/Home/Index/style.css
ERR: 非法操作:style.css

[ 2017-03-20T18:38:29+08:00 ] ::1 /test/index.php/Home/Index/style.css
ERR: 非法操作:style.css

[ 2017-03-20T18:38:31+08:00 ] ::1 /test/index.php/Home/Index/style.css
ERR: 非法操作:style.css

[ 2017-03-20T18:38:36+08:00 ] ::1 /test/index.php/Home/Index/style.css
ERR: 非法操作:style.css

[ 2017-03-20T18:38:38+08:00 ] ::1 /test/index.php/Home/Index/style.css
ERR: 非法操作:style.css

[ 2017-03-20T18:38:40+08:00 ] ::1 /test/index.php/Home/Index/style.css
ERR: 非法操作:style.css

[ 2017-03-20T18:38:41+08:00 ] ::1 /test/index.php/Home/Index/style.css
ERR: 非法操作:style.css

[ 2017-03-20T18:38:44+08:00 ] ::1 /test/index.php/Home/Index/style.css
ERR: 非法操作:style.css

[ 2017-03-20T18:38:46+08:00 ] ::1 /test/index.php/Home/Index/style.css
ERR: 非法操作:style.css

[ 2017-03-20T18:39:30+08:00 ] ::1 /test/index.php/Home/Index/style.css
ERR: 非法操作:style.css

[ 2017-03-20T18:39:32+08:00 ] ::1 /test/index.php/Home/Index/style.css
ERR: 非法操作:style.css

[ 2017-03-20T18:41:04+08:00 ] ::1 /test/index.php/Home/Index/style.css
ERR: 非法操作:style.css

[ 2017-03-20T18:41:06+08:00 ] ::1 /test/index.php/Home/Index/style.css
ERR: 非法操作:style.css

[ 2017-03-20T18:41:08+08:00 ] ::1 /test/index.php/Home/Index/style.css
ERR: 非法操作:style.css

[ 2017-03-20T18:41:22+08:00 ] ::1 /test/index.php/Home/Index/style.css
ERR: 非法操作:style.css

[ 2017-03-20T18:41:24+08:00 ] ::1 /test/index.php/Home/Index/style.css
ERR: 非法操作:style.css

[ 2017-03-20T18:41:26+08:00 ] ::1 /test/index.php/Home/Index/style.css
ERR: 非法操作:style.css

[ 2017-03-20T18:41:31+08:00 ] ::1 /test/index.php/Home/Index/style.css
ERR: 非法操作:style.css

[ 2017-03-20T18:41:33+08:00 ] ::1 /test/index.php/Home/Index/style.css
ERR: 非法操作:style.css

[ 2017-03-20T18:41:35+08:00 ] ::1 /test/index.php/Home/Index/style.css
ERR: 非法操作:style.css

[ 2017-03-20T18:41:57+08:00 ] ::1 /test/index.php/Home/Index/style.css
ERR: 非法操作:style.css

[ 2017-03-20T18:42:05+08:00 ] ::1 /test/index.php/Home/Index/style.css
ERR: 非法操作:style.css

[ 2017-03-20T18:42:08+08:00 ] ::1 /test/index.php/Home/Index/style.css
ERR: 非法操作:style.css

[ 2017-03-20T18:42:38+08:00 ] ::1 /test/index.php/Home/Index/style.css
ERR: 非法操作:style.css

[ 2017-03-20T18:44:32+08:00 ] ::1 /test/index.php/Home/Index/style.css
ERR: 非法操作:style.css

[ 2017-03-20T18:44:32+08:00 ] ::1 /test/index.php/Home/Index/style.css
ERR: 非法操作:style.css

[ 2017-03-20T18:44:34+08:00 ] ::1 /test/index.php/Home/Index/style.css
ERR: 非法操作:style.css

[ 2017-03-20T18:44:37+08:00 ] ::1 /test/index.php/Home/Index/style.css
ERR: 非法操作:style.css

[ 2017-03-20T18:45:08+08:00 ] ::1 /test/index.php/Home/Index/style.css
ERR: 非法操作:style.css

[ 2017-03-20T18:45:10+08:00 ] ::1 /test/index.php/Home/Index/style.css
ERR: 非法操作:style.css

[ 2017-03-20T18:45:12+08:00 ] ::1 /test/index.php/Home/Index/style.css
ERR: 非法操作:style.css

[ 2017-03-20T18:45:14+08:00 ] ::1 /test/index.php/Home/Index/style.css
ERR: 非法操作:style.css

[ 2017-03-20T18:45:15+08:00 ] ::1 /test/index.php/Home/Index/style.css
ERR: 非法操作:style.css

[ 2017-03-20T18:45:17+08:00 ] ::1 /test/index.php/Home/Index/style.css
ERR: 非法操作:style.css

[ 2017-03-20T18:46:00+08:00 ] ::1 /test/index.php/Home/Index/style.css
ERR: 非法操作:style.css

[ 2017-03-20T18:46:26+08:00 ] ::1 /test/index.php/Home/Index/style.css
ERR: 非法操作:style.css

[ 2017-03-20T18:46:30+08:00 ] ::1 /test/index.php/Home/Index/style.css
ERR: 非法操作:style.css

[ 2017-03-20T18:46:32+08:00 ] ::1 /test/index.php/Home/Index/style.css
ERR: 非法操作:style.css

[ 2017-03-20T18:46:34+08:00 ] ::1 /test/index.php/Home/Index/style.css
ERR: 非法操作:style.css

[ 2017-03-20T18:48:01+08:00 ] ::1 /test/index.php/Home/Index/style.css
ERR: 非法操作:style.css

[ 2017-03-20T18:48:05+08:00 ] ::1 /test/index.php/Home/Index/style.css
ERR: 非法操作:style.css

[ 2017-03-20T18:48:07+08:00 ] ::1 /test/index.php/Home/Index/style.css
ERR: 非法操作:style.css

[ 2017-03-20T18:48:10+08:00 ] ::1 /test/index.php/Home/Index/style.css
ERR: 非法操作:style.css

[ 2017-03-20T18:48:12+08:00 ] ::1 /test/index.php/Home/Index/style.css
ERR: 非法操作:style.css

[ 2017-03-20T18:48:14+08:00 ] ::1 /test/index.php/Home/Index/style.css
ERR: 非法操作:style.css

[ 2017-03-20T18:49:22+08:00 ] ::1 /test/index.php/Home/Index/style.css
ERR: 非法操作:style.css

[ 2017-03-20T18:49:24+08:00 ] ::1 /test/index.php/Home/Index/style.css
ERR: 非法操作:style.css

[ 2017-03-20T18:50:40+08:00 ] ::1 /test/index.php/Home/Index/style.css
ERR: 非法操作:style.css

[ 2017-03-20T18:51:14+08:00 ] ::1 /test/index.php/Home/Index/style.css
ERR: 非法操作:style.css

[ 2017-03-20T18:51:37+08:00 ] ::1 /test/index.php/Home/Index/style.css
ERR: 非法操作:style.css

[ 2017-03-20T18:51:49+08:00 ] ::1 /test/index.php/Home/Index/style.css
ERR: 非法操作:style.css

[ 2017-03-20T18:53:02+08:00 ] ::1 /test/index.php/Home/Index/style.css
ERR: 非法操作:style.css

[ 2017-03-20T18:53:04+08:00 ] ::1 /test/index.php/Home/Index/style.css
ERR: 非法操作:style.css

[ 2017-03-20T18:53:32+08:00 ] ::1 /test/index.php/Home/Index/style.css
ERR: 非法操作:style.css

[ 2017-03-20T18:53:48+08:00 ] ::1 /test/index.php/Home/Index/style.css
ERR: 非法操作:style.css

[ 2017-03-20T18:54:20+08:00 ] ::1 /test/index.php/Home/Index/style.css
ERR: 非法操作:style.css

[ 2017-03-20T18:54:27+08:00 ] ::1 /test/index.php/Home/Index/style.css
ERR: 非法操作:style.css

[ 2017-03-20T18:56:05+08:00 ] ::1 /test/index.php/Home/Index/style.css
ERR: 非法操作:style.css

[ 2017-03-20T18:56:41+08:00 ] ::1 /test/index.php/Home/Index/style.css
ERR: 非法操作:style.css

[ 2017-03-20T18:58:02+08:00 ] ::1 /test/index.php/Home/Index/style.css
ERR: 非法操作:style.css

[ 2017-03-20T18:58:45+08:00 ] ::1 /test/index.php/Home/Index/style.css
ERR: 非法操作:style.css

[ 2017-03-20T18:59:18+08:00 ] ::1 /test/index.php/Home/Index/style.css
ERR: 非法操作:style.css

[ 2017-03-20T18:59:21+08:00 ] ::1 /test/index.php/Home/Index/style.css
ERR: 非法操作:style.css

[ 2017-03-20T18:59:33+08:00 ] ::1 /test/index.php/Home/Index/style.css
ERR: 非法操作:style.css

[ 2017-03-20T18:59:35+08:00 ] ::1 /test/index.php/Home/Index/style.css
ERR: 非法操作:style.css

[ 2017-03-20T18:59:40+08:00 ] ::1 /test/index.php/Home/Index/style.css
ERR: 非法操作:style.css

[ 2017-03-20T18:59:42+08:00 ] ::1 /test/index.php/Home/Index/style.css
ERR: 非法操作:style.css

[ 2017-03-20T19:00:06+08:00 ] ::1 /test/index.php/Home/Index/style.css
ERR: 非法操作:style.css

[ 2017-03-20T19:00:09+08:00 ] ::1 /test/index.php/Home/Index/style.css
ERR: 非法操作:style.css

[ 2017-03-20T19:00:13+08:00 ] ::1 /test/index.php/Home/Index/style.css
ERR: 非法操作:style.css

[ 2017-03-20T19:00:21+08:00 ] ::1 /test/index.php/Home/Index/style.css
ERR: 非法操作:style.css

[ 2017-03-20T19:01:14+08:00 ] ::1 /test/index.php/Home/Index/style.css
ERR: 非法操作:style.css

[ 2017-03-20T19:01:45+08:00 ] ::1 /test/index.php/Home/Index/style.css
ERR: 非法操作:style.css

[ 2017-03-20T19:02:00+08:00 ] ::1 /test/index.php/Home/Index/style.css
ERR: 非法操作:style.css

[ 2017-03-20T19:02:14+08:00 ] ::1 /test/index.php/Home/Index/style.css
ERR: 非法操作:style.css

[ 2017-03-20T19:02:19+08:00 ] ::1 /test/index.php/Home/Index/style.css
ERR: 非法操作:style.css

[ 2017-03-20T19:03:15+08:00 ] ::1 /test/index.php/Home/Index/style.css
ERR: 非法操作:style.css

[ 2017-03-20T19:03:25+08:00 ] ::1 /test/index.php/Home/Index/style.css
ERR: 非法操作:style.css

[ 2017-03-20T19:03:40+08:00 ] ::1 /test/index.php/Home/Index/style.css
ERR: 非法操作:style.css

[ 2017-03-20T19:03:48+08:00 ] ::1 /test/index.php/Home/Index/style.css
ERR: 非法操作:style.css

[ 2017-03-20T19:04:12+08:00 ] ::1 /test/index.php/Home/Index/style.css
ERR: 非法操作:style.css

[ 2017-03-20T19:04:15+08:00 ] ::1 /test/index.php/Home/Index/style.css
ERR: 非法操作:style.css

[ 2017-03-20T19:04:17+08:00 ] ::1 /test/index.php/Home/Index/style.css
ERR: 非法操作:style.css

[ 2017-03-20T19:04:20+08:00 ] ::1 /test/index.php/Home/Index/style.css
ERR: 非法操作:style.css

[ 2017-03-20T19:04:25+08:00 ] ::1 /test/index.php/Home/Index/style.css
ERR: 非法操作:style.css

[ 2017-03-20T19:04:28+08:00 ] ::1 /test/index.php/Home/Index/style.css
ERR: 非法操作:style.css

[ 2017-03-20T19:04:30+08:00 ] ::1 /test/index.php/Home/Index/style.css
ERR: 非法操作:style.css

[ 2017-03-20T19:05:04+08:00 ] ::1 /test/index.php/Home/Index/style.css
ERR: 非法操作:style.css

[ 2017-03-20T19:05:07+08:00 ] ::1 /test/index.php/Home/Index/style.css
ERR: 非法操作:style.css

[ 2017-03-20T19:05:09+08:00 ] ::1 /test/index.php/Home/Index/style.css
ERR: 非法操作:style.css

[ 2017-03-20T19:05:12+08:00 ] ::1 /test/index.php/Home/Index/style.css
ERR: 非法操作:style.css

[ 2017-03-20T19:06:00+08:00 ] ::1 /test/index.php/Home/Index/style.css
ERR: 非法操作:style.css

[ 2017-03-20T19:06:03+08:00 ] ::1 /test/index.php/Home/Index/style.css
ERR: 非法操作:style.css

[ 2017-03-20T19:06:06+08:00 ] ::1 /test/index.php/Home/Index/style.css
ERR: 非法操作:style.css

[ 2017-03-20T19:06:12+08:00 ] ::1 /test/index.php/Home/Index/style.css
ERR: 非法操作:style.css

[ 2017-03-20T19:06:47+08:00 ] ::1 /test/index.php/Home/Index/style.css
ERR: 非法操作:style.css

[ 2017-03-20T19:06:48+08:00 ] ::1 /test/index.php/Home/Index/style.css
ERR: 非法操作:style.css

[ 2017-03-20T19:06:51+08:00 ] ::1 /test/index.php/Home/Index/style.css
ERR: 非法操作:style.css

[ 2017-03-20T19:07:09+08:00 ] ::1 /test/index.php/Home/Index/style.css
ERR: 非法操作:style.css

[ 2017-03-20T19:07:11+08:00 ] ::1 /test/index.php/Home/Index/style.css
ERR: 非法操作:style.css

[ 2017-03-20T19:07:15+08:00 ] ::1 /test/index.php/Home/Index/style.css
ERR: 非法操作:style.css

[ 2017-03-20T19:07:19+08:00 ] ::1 /test/index.php/Home/Index/style.css
ERR: 非法操作:style.css

[ 2017-03-20T19:07:29+08:00 ] ::1 /test/index.php/Home/Index/style.css
ERR: 非法操作:style.css

[ 2017-03-20T19:07:31+08:00 ] ::1 /test/index.php/Home/Index/style.css
ERR: 非法操作:style.css

[ 2017-03-20T19:07:32+08:00 ] ::1 /test/index.php/Home/Index/style.css
ERR: 非法操作:style.css

[ 2017-03-20T19:07:39+08:00 ] ::1 /test/index.php/Home/Index/style.css
ERR: 非法操作:style.css

[ 2017-03-20T19:07:41+08:00 ] ::1 /test/index.php/Home/Index/style.css
ERR: 非法操作:style.css

