[ 2017-03-24T11:18:27+08:00 ] 192.168.67.150 /index.php/Home/Index/style.css
ERR: 非法操作:style.css

[ 2017-03-24T11:35:25+08:00 ] 127.0.0.1 /index.php/Home/Index/style.css
ERR: 非法操作:style.css

[ 2017-03-24T11:36:31+08:00 ] 127.0.0.1 /index.php/Home/Index/style.css
ERR: 非法操作:style.css

[ 2017-03-24T11:48:54+08:00 ] 192.168.67.150 /index.php/Home/Index/style.css
ERR: 非法操作:style.css

[ 2017-03-24T11:50:11+08:00 ] 192.168.67.150 /index.php/Home/Index/style.css
ERR: 非法操作:style.css

[ 2017-03-24T12:01:50+08:00 ] 127.0.0.1 /index.php/Home/Index/style.css
ERR: 非法操作:style.css

[ 2017-03-24T12:01:53+08:00 ] 127.0.0.1 /index.php/Home/Index/style.css
ERR: 非法操作:style.css

[ 2017-03-24T12:49:00+08:00 ] 127.0.0.1 /index.php/Home/Index/style.css
ERR: 非法操作:style.css

[ 2017-03-24T12:49:03+08:00 ] 127.0.0.1 /index.php/Home/Index/style.css
ERR: 非法操作:style.css

[ 2017-03-24T12:49:16+08:00 ] 127.0.0.1 /index.php/Home/Index/style.css
ERR: 非法操作:style.css

[ 2017-03-24T12:50:15+08:00 ] 127.0.0.1 /index.php/Home/Index/style.css
ERR: 非法操作:style.css

[ 2017-03-24T12:50:22+08:00 ] 127.0.0.1 /Home/Index/style.css
ERR: 非法操作:style.css

[ 2017-03-24T12:50:35+08:00 ] 127.0.0.1 /index.php/Home/Index/style.css
ERR: 非法操作:style.css

[ 2017-03-24T12:51:55+08:00 ] 127.0.0.1 /Home/Index/style.css
ERR: 非法操作:style.css

[ 2017-03-24T12:54:23+08:00 ] 127.0.0.1 /Home/Index/style.css
ERR: 非法操作:style.css

[ 2017-03-24T12:54:59+08:00 ] 127.0.0.1 /Home/Index/style.css
ERR: 非法操作:style.css

[ 2017-03-24T12:55:04+08:00 ] 127.0.0.1 /index.php/Home/Index/style.css
ERR: 非法操作:style.css

[ 2017-03-24T12:55:12+08:00 ] 127.0.0.1 /Home/Index/style.css
ERR: 非法操作:style.css

[ 2017-03-24T12:55:39+08:00 ] 127.0.0.1 /Home/Index/style.css
ERR: 非法操作:style.css

[ 2017-03-24T12:56:10+08:00 ] 127.0.0.1 /index.php/Home/Index/addMember.html
INFO: [ app_begin ] --START--
INFO: Run Behavior\ReadHtmlCacheBehavior [ RunTime:0.000000s ]
INFO: [ app_begin ] --END-- [ RunTime:0.000000s ]
SQL: SHOW COLUMNS FROM `exam_member` [ RunTime:0.0060s ]
SQL: INSERT INTO `exam_member` (`name`,`sex`,`age`,`tel`,`cometime`,`starttime`,`stoptime`,`score_short`,`time`) VALUES ('123','1','20','18736199128','1488643200','1488902400','1490544000','0','1490331369') [ RunTime:0.0170s ]

[ 2017-03-24T12:56:12+08:00 ] 127.0.0.1 /index.php/Home/Index/style.css
ERR: 非法操作:style.css

[ 2017-03-24T12:56:16+08:00 ] 127.0.0.1 /index.php/Home/Index/style.css
ERR: 非法操作:style.css

[ 2017-03-24T12:56:34+08:00 ] 127.0.0.1 /index.php/Home/Index/style.css
ERR: 非法操作:style.css

[ 2017-03-24T12:57:07+08:00 ] 127.0.0.1 /index.php/Home/Index/style.css
ERR: 非法操作:style.css

[ 2017-03-24T12:58:54+08:00 ] 127.0.0.1 /index.php/Home/Index/style.css
ERR: 非法操作:style.css

[ 2017-03-24T12:59:13+08:00 ] 127.0.0.1 /index.php/Home/Index/style.css
ERR: 非法操作:style.css

[ 2017-03-24T12:59:20+08:00 ] 127.0.0.1 /index.php/Home/Index/submit_exam.html
INFO: [ app_begin ] --START--
INFO: Run Behavior\ReadHtmlCacheBehavior [ RunTime:0.001000s ]
INFO: [ app_begin ] --END-- [ RunTime:0.001000s ]
SQL: SHOW COLUMNS FROM `exam_member_answer` [ RunTime:0.0100s ]
SQL: SELECT SUM(score) AS tp_sum FROM `exam_member_answer` WHERE `userid` = '43' LIMIT 1   [ RunTime:0.0170s ]
SQL: SHOW COLUMNS FROM `exam_member` [ RunTime:0.0090s ]
SQL: UPDATE `exam_member` SET `score`=NULL,`time`='1490331560' WHERE `id` = 43 [ RunTime:0.0000s ]

[ 2017-03-24T12:59:22+08:00 ] 127.0.0.1 /index.php/Home/Index/style.css
ERR: 非法操作:style.css

[ 2017-03-24T12:59:49+08:00 ] 127.0.0.1 /index.php/Home/Index/style.css
ERR: 非法操作:style.css

[ 2017-03-24T12:59:52+08:00 ] 127.0.0.1 /index.php/Home/Index/style.css
ERR: 非法操作:style.css

[ 2017-03-24T13:01:02+08:00 ] ::1 /test/index.php/Home/Index/style.css
ERR: 非法操作:style.css

[ 2017-03-24T13:48:30+08:00 ] 127.0.0.1 /index.php/Home/Index/style.css
ERR: 非法操作:style.css

[ 2017-03-24T13:48:45+08:00 ] 127.0.0.1 /index.php/Home/Index/addMember.html
INFO: [ app_begin ] --START--
INFO: Run Behavior\ReadHtmlCacheBehavior [ RunTime:0.001000s ]
INFO: [ app_begin ] --END-- [ RunTime:0.001000s ]
SQL: SHOW COLUMNS FROM `exam_member` [ RunTime:0.0100s ]
SQL: INSERT INTO `exam_member` (`name`,`sex`,`age`,`tel`,`cometime`,`starttime`,`stoptime`,`score_short`,`time`) VALUES ('yanyan','1','20','18736199128','1488643200','1489939200','1490889600','0','1490334524') [ RunTime:0.0010s ]

[ 2017-03-24T13:48:48+08:00 ] 127.0.0.1 /index.php/Home/Index/style.css
ERR: 非法操作:style.css

[ 2017-03-24T13:49:34+08:00 ] 127.0.0.1 /index.php/Home/Index/style.css
ERR: 非法操作:style.css

[ 2017-03-24T13:49:40+08:00 ] 127.0.0.1 /index.php/Home/Index/submit_exam.html
INFO: [ app_begin ] --START--
INFO: Run Behavior\ReadHtmlCacheBehavior [ RunTime:0.000000s ]
INFO: [ app_begin ] --END-- [ RunTime:0.001000s ]
SQL: SHOW COLUMNS FROM `exam_member_answer` [ RunTime:0.0030s ]
SQL: SELECT SUM(score) AS tp_sum FROM `exam_member_answer` WHERE `userid` = '44' LIMIT 1   [ RunTime:0.0010s ]
SQL: SHOW COLUMNS FROM `exam_member` [ RunTime:0.0020s ]
SQL: UPDATE `exam_member` SET `score`=NULL,`time`='1490334580' WHERE `id` = 44 [ RunTime:0.0000s ]

[ 2017-03-24T13:51:45+08:00 ] 127.0.0.1 /index.php/Home/Index/submit_exam.html
INFO: [ app_begin ] --START--
INFO: Run Behavior\ReadHtmlCacheBehavior [ RunTime:0.000000s ]
INFO: [ app_begin ] --END-- [ RunTime:0.000000s ]
SQL: SHOW COLUMNS FROM `exam_member_answer` [ RunTime:0.0110s ]
SQL: SELECT SUM(score) AS tp_sum FROM `exam_member_answer` WHERE `userid` = '44' LIMIT 1   [ RunTime:0.0010s ]
SQL: SHOW COLUMNS FROM `exam_member` [ RunTime:0.0110s ]
SQL: UPDATE `exam_member` SET `score`='0',`time`='1490334705' WHERE `id` = 44 [ RunTime:0.0010s ]

[ 2017-03-24T13:51:50+08:00 ] 127.0.0.1 /index.php/Home/Index/submit_exam.html
INFO: [ app_begin ] --START--
INFO: Run Behavior\ReadHtmlCacheBehavior [ RunTime:0.000000s ]
INFO: [ app_begin ] --END-- [ RunTime:0.000000s ]
SQL: SHOW COLUMNS FROM `exam_test` [ RunTime:0.0110s ]
SQL: SELECT `type`,`right_answer`,`score`,`id` FROM `exam_test` WHERE `id` = 26 LIMIT 1   [ RunTime:0.0000s ]
SQL: SHOW COLUMNS FROM `exam_member_answer` [ RunTime:0.0090s ]
SQL: INSERT INTO `exam_member_answer` (`qid`,`userid`,`type`,`answer`,`score`,`right_answer`) VALUES ('26','44','0','A','0','C') [ RunTime:0.0010s ]
SQL: SELECT SUM(score) AS tp_sum FROM `exam_member_answer` WHERE `userid` = '44' LIMIT 1   [ RunTime:0.0010s ]
SQL: SHOW COLUMNS FROM `exam_member` [ RunTime:0.0100s ]
SQL: UPDATE `exam_member` SET `score`='0',`time`='1490334710' WHERE `id` = 44 [ RunTime:0.0010s ]

[ 2017-03-24T13:51:59+08:00 ] 127.0.0.1 /index.php/Home/Index/submit_exam.html
INFO: [ app_begin ] --START--
INFO: Run Behavior\ReadHtmlCacheBehavior [ RunTime:0.001000s ]
INFO: [ app_begin ] --END-- [ RunTime:0.001000s ]
SQL: SHOW COLUMNS FROM `exam_test` [ RunTime:0.0080s ]
SQL: SELECT `type`,`right_answer`,`score`,`id` FROM `exam_test` WHERE `id` = 4 LIMIT 1   [ RunTime:0.0000s ]
SQL: SHOW COLUMNS FROM `exam_member_answer` [ RunTime:0.0050s ]
SQL: INSERT INTO `exam_member_answer` (`qid`,`userid`,`type`,`answer`,`score`,`right_answer`) VALUES ('4','44','1','ABCD','0','ABC') [ RunTime:0.0010s ]
SQL: SELECT `type`,`right_answer`,`score`,`id` FROM `exam_test` WHERE `id` = 26 LIMIT 1   [ RunTime:0.0010s ]
SQL: INSERT INTO `exam_member_answer` (`qid`,`userid`,`type`,`answer`,`score`,`right_answer`) VALUES ('26','44','0','A','0','C') [ RunTime:0.0010s ]
SQL: SELECT `type`,`right_answer`,`score`,`id` FROM `exam_test` WHERE `id` = 24 LIMIT 1   [ RunTime:0.0010s ]
SQL: INSERT INTO `exam_member_answer` (`qid`,`userid`,`type`,`answer`,`score`,`right_answer`) VALUES ('24','44','0','B','0','C') [ RunTime:0.0010s ]
SQL: SELECT SUM(score) AS tp_sum FROM `exam_member_answer` WHERE `userid` = '44' LIMIT 1   [ RunTime:0.0010s ]
SQL: SHOW COLUMNS FROM `exam_member` [ RunTime:0.0050s ]
SQL: UPDATE `exam_member` SET `score`='0',`time`='1490334719' WHERE `id` = 44 [ RunTime:0.0010s ]

[ 2017-03-24T13:52:10+08:00 ] 127.0.0.1 /index.php/Home/Index/submit_exam.html
INFO: [ app_begin ] --START--
INFO: Run Behavior\ReadHtmlCacheBehavior [ RunTime:0.000000s ]
INFO: [ app_begin ] --END-- [ RunTime:0.001001s ]
SQL: SHOW COLUMNS FROM `exam_test` [ RunTime:0.0050s ]
SQL: SELECT `type`,`right_answer`,`score`,`id` FROM `exam_test` WHERE `id` = 12 LIMIT 1   [ RunTime:0.0000s ]
SQL: SHOW COLUMNS FROM `exam_member_answer` [ RunTime:0.0030s ]
SQL: INSERT INTO `exam_member_answer` (`qid`,`userid`,`type`,`answer`,`score`,`right_answer`) VALUES ('12','44','1','D','2','AD') [ RunTime:0.0000s ]
SQL: SELECT `type`,`right_answer`,`score`,`id` FROM `exam_test` WHERE `id` = 18 LIMIT 1   [ RunTime:0.0010s ]
SQL: INSERT INTO `exam_member_answer` (`qid`,`userid`,`type`,`answer`,`score`,`right_answer`) VALUES ('18','44','0','A','0','B') [ RunTime:0.0000s ]
SQL: SELECT `type`,`right_answer`,`score`,`id` FROM `exam_test` WHERE `id` = 20 LIMIT 1   [ RunTime:0.0000s ]
SQL: INSERT INTO `exam_member_answer` (`qid`,`userid`,`type`,`answer`,`score`,`right_answer`) VALUES ('20','44','1','ABCD','0','AB') [ RunTime:0.0010s ]
SQL: SELECT `type`,`right_answer`,`score`,`id` FROM `exam_test` WHERE `id` = 4 LIMIT 1   [ RunTime:0.0000s ]
SQL: INSERT INTO `exam_member_answer` (`qid`,`userid`,`type`,`answer`,`score`,`right_answer`) VALUES ('4','44','1','ABCD','0','ABC') [ RunTime:0.0000s ]
SQL: SELECT `type`,`right_answer`,`score`,`id` FROM `exam_test` WHERE `id` = 26 LIMIT 1   [ RunTime:0.0000s ]
SQL: INSERT INTO `exam_member_answer` (`qid`,`userid`,`type`,`answer`,`score`,`right_answer`) VALUES ('26','44','0','A','0','C') [ RunTime:0.0000s ]
SQL: SELECT `type`,`right_answer`,`score`,`id` FROM `exam_test` WHERE `id` = 24 LIMIT 1   [ RunTime:0.0000s ]
SQL: INSERT INTO `exam_member_answer` (`qid`,`userid`,`type`,`answer`,`score`,`right_answer`) VALUES ('24','44','0','B','0','C') [ RunTime:0.0010s ]
SQL: SELECT SUM(score) AS tp_sum FROM `exam_member_answer` WHERE `userid` = '44' LIMIT 1   [ RunTime:0.0000s ]
SQL: SHOW COLUMNS FROM `exam_member` [ RunTime:0.0020s ]
SQL: UPDATE `exam_member` SET `score`='2',`time`='1490334730' WHERE `id` = 44 [ RunTime:0.0010s ]

[ 2017-03-24T13:52:13+08:00 ] 127.0.0.1 /index.php/Home/Index/style.css
ERR: 非法操作:style.css

[ 2017-03-24T13:52:22+08:00 ] 127.0.0.1 /index.php/Home/Index/style.css
ERR: 非法操作:style.css

[ 2017-03-24T13:52:24+08:00 ] 127.0.0.1 /index.php/Home/Index/style.css
ERR: 非法操作:style.css

[ 2017-03-24T13:52:26+08:00 ] 127.0.0.1 /index.php/Home/Index/style.css
ERR: 非法操作:style.css

[ 2017-03-24T13:53:58+08:00 ] 127.0.0.1 /index.php/Home/Index/style.css
ERR: 非法操作:style.css

[ 2017-03-24T13:54:02+08:00 ] 127.0.0.1 /index.php/Home/Index/style.css
ERR: 非法操作:style.css

[ 2017-03-24T13:54:16+08:00 ] 127.0.0.1 /index.php/Home/Index/style.css
ERR: 非法操作:style.css

[ 2017-03-24T13:54:48+08:00 ] 127.0.0.1 /index.php/Home/Index/style.css
ERR: 非法操作:style.css

[ 2017-03-24T13:54:51+08:00 ] 127.0.0.1 /index.php/Home/Index/style.css
ERR: 非法操作:style.css

[ 2017-03-24T13:57:07+08:00 ] 127.0.0.1 /index.php/Home/Index/style.css
ERR: 非法操作:style.css

[ 2017-03-24T13:59:04+08:00 ] 127.0.0.1 /index.php/Home/Index/style.css
ERR: 非法操作:style.css

[ 2017-03-24T14:17:07+08:00 ] 127.0.0.1 /index.php/Home/Index/style.css
ERR: 非法操作:style.css

[ 2017-03-24T14:34:40+08:00 ] 127.0.0.1 /index.php/Home/Index/short_list.html
ERR: 非法操作:short_list.html

[ 2017-03-24T14:34:49+08:00 ] 127.0.0.1 /Home/Index/style.css
ERR: 非法操作:style.css

[ 2017-03-24T14:43:15+08:00 ] 127.0.0.1 /index.php/Home/Index/style.css
ERR: 非法操作:style.css

[ 2017-03-24T14:43:22+08:00 ] 127.0.0.1 /Home/Index/style.css
ERR: 非法操作:style.css

[ 2017-03-24T14:51:04+08:00 ] 127.0.0.1 /Home/Index/style.css
ERR: 非法操作:style.css

[ 2017-03-24T14:51:07+08:00 ] 127.0.0.1 /Home/Index/132
ERR: 非法操作:132

[ 2017-03-24T14:51:11+08:00 ] 127.0.0.1 /Home/Index/132
ERR: 非法操作:132

[ 2017-03-24T14:51:15+08:00 ] 127.0.0.1 /Home/Index/en
ERR: 非法操作:en

[ 2017-03-24T14:51:42+08:00 ] 127.0.0.1 /Home/Index/en
ERR: 非法操作:en

[ 2017-03-24T14:53:31+08:00 ] 127.0.0.1 /Home/Index/style.css
ERR: 非法操作:style.css

[ 2017-03-24T14:53:35+08:00 ] 127.0.0.1 /Home/Index/123
ERR: 非法操作:123

[ 2017-03-24T14:54:08+08:00 ] 127.0.0.1 /Home/Index/123
ERR: 非法操作:123

[ 2017-03-24T15:03:43+08:00 ] 127.0.0.1 /Index/addMember.asp
INFO: [ app_begin ] --START--
INFO: Run Behavior\ReadHtmlCacheBehavior [ RunTime:0.001000s ]
INFO: [ app_begin ] --END-- [ RunTime:0.001000s ]
SQL: SHOW COLUMNS FROM `exam_member` [ RunTime:0.0090s ]
SQL: INSERT INTO `exam_member` (`name`,`sex`,`age`,`tel`,`cometime`,`starttime`,`stoptime`,`score_short`,`time`) VALUES ('艳艳','1','20','18736199128','1488643200','1488643200','1489507200','0','1490339021') [ RunTime:0.0010s ]

[ 2017-03-24T16:42:40+08:00 ] 127.0.0.1 /home/index/exam_list
ERR: 1146:Table 'exam.exam_text' doesn't exist
 [ SQL语句 ] : SHOW COLUMNS FROM `exam_text`

[ 2017-03-24T17:01:47+08:00 ] 127.0.0.1 /home/index/exam_list
ERR: Think\Model:getRandData方法不存在！

[ 2017-03-24T17:01:49+08:00 ] 127.0.0.1 /home/index/exam_list
ERR: Think\Model:getRandData方法不存在！

[ 2017-03-24T17:37:18+08:00 ] 127.0.0.1 /Home/Index/addMember.asp
INFO: [ app_begin ] --START--
INFO: Run Behavior\ReadHtmlCacheBehavior [ RunTime:0.003001s ]
INFO: [ app_begin ] --END-- [ RunTime:0.003001s ]
SQL: SHOW COLUMNS FROM `exam_member` [ RunTime:0.0050s ]
SQL: INSERT INTO `exam_member` (`name`,`sex`,`age`,`tel`,`score_short`,`time`) VALUES ('yanyan','1','20','18736199128','0','1490348237') [ RunTime:0.0010s ]

[ 2017-03-24T17:38:34+08:00 ] 127.0.0.1 /Home/Index/submit_exam.asp
INFO: [ app_begin ] --START--
INFO: Run Behavior\ReadHtmlCacheBehavior [ RunTime:0.001000s ]
INFO: [ app_begin ] --END-- [ RunTime:0.002000s ]
SQL: SHOW COLUMNS FROM `exam_test` [ RunTime:0.0030s ]
SQL: SELECT `type`,`right_answer`,`score`,`id` FROM `exam_test` WHERE `id` = 93 LIMIT 1   [ RunTime:0.0010s ]
SQL: SHOW COLUMNS FROM `exam_member_answer` [ RunTime:0.0040s ]
SQL: INSERT INTO `exam_member_answer` (`qid`,`userid`,`type`,`answer`,`score`,`right_answer`) VALUES ('93','46','1','ABC','0','BC') [ RunTime:0.0000s ]
SQL: SELECT `type`,`right_answer`,`score`,`id` FROM `exam_test` WHERE `id` = 81 LIMIT 1   [ RunTime:0.0000s ]
SQL: INSERT INTO `exam_member_answer` (`qid`,`userid`,`type`,`answer`,`score`,`right_answer`) VALUES ('81','46','1','ABC','0','CD') [ RunTime:0.0000s ]
SQL: SELECT `type`,`right_answer`,`score`,`id` FROM `exam_test` WHERE `id` = 25 LIMIT 1   [ RunTime:0.0000s ]
SQL: INSERT INTO `exam_member_answer` (`qid`,`userid`,`type`,`answer`,`score`,`right_answer`) VALUES ('25','46','0','A','0','B') [ RunTime:0.0000s ]
SQL: SELECT `type`,`right_answer`,`score`,`id` FROM `exam_test` WHERE `id` = 15 LIMIT 1   [ RunTime:0.0000s ]
SQL: INSERT INTO `exam_member_answer` (`qid`,`userid`,`type`,`answer`,`score`,`right_answer`) VALUES ('15','46','0','A','0','B') [ RunTime:0.0010s ]
SQL: SELECT `type`,`right_answer`,`score`,`id` FROM `exam_test` WHERE `id` = 9 LIMIT 1   [ RunTime:0.0000s ]
SQL: INSERT INTO `exam_member_answer` (`qid`,`userid`,`type`,`answer`,`score`,`right_answer`) VALUES ('9','46','0','C','3','C') [ RunTime:0.0000s ]
SQL: SELECT `type`,`right_answer`,`score`,`id` FROM `exam_test` WHERE `id` = 31 LIMIT 1   [ RunTime:0.0010s ]
SQL: INSERT INTO `exam_member_answer` (`qid`,`userid`,`type`,`answer`,`score`,`right_answer`) VALUES ('31','46','0','A','0','B') [ RunTime:0.0000s ]
SQL: SELECT `type`,`right_answer`,`score`,`id` FROM `exam_test` WHERE `id` = 34 LIMIT 1   [ RunTime:0.0000s ]
SQL: INSERT INTO `exam_member_answer` (`qid`,`userid`,`type`,`answer`,`score`,`right_answer`) VALUES ('34','46','1','AB','0','B') [ RunTime:0.0000s ]
SQL: SELECT `type`,`right_answer`,`score`,`id` FROM `exam_test` WHERE `id` = 67 LIMIT 1   [ RunTime:0.0000s ]
SQL: INSERT INTO `exam_member_answer` (`qid`,`userid`,`type`,`answer`,`score`,`right_answer`) VALUES ('67','46','0','C','0','B') [ RunTime:0.0010s ]
SQL: SELECT `type`,`right_answer`,`score`,`id` FROM `exam_test` WHERE `id` = 56 LIMIT 1   [ RunTime:0.0000s ]
SQL: INSERT INTO `exam_member_answer` (`qid`,`userid`,`type`,`answer`,`score`,`right_answer`) VALUES ('56','46','0','D','0','B') [ RunTime:0.0000s ]
SQL: SELECT `type`,`right_answer`,`score`,`id` FROM `exam_test` WHERE `id` = 91 LIMIT 1   [ RunTime:0.0000s ]
SQL: INSERT INTO `exam_member_answer` (`qid`,`userid`,`type`,`answer`,`score`,`right_answer`) VALUES ('91','46','1','AB','0','CD') [ RunTime:0.0000s ]
SQL: SELECT `type`,`right_answer`,`score`,`id` FROM `exam_test` WHERE `id` = 14 LIMIT 1   [ RunTime:0.0000s ]
SQL: INSERT INTO `exam_member_answer` (`qid`,`userid`,`type`,`answer`,`score`,`right_answer`) VALUES ('14','46','1','A','0','CD') [ RunTime:0.0000s ]
SQL: SELECT `type`,`right_answer`,`score`,`id` FROM `exam_test` WHERE `id` = 75 LIMIT 1   [ RunTime:0.0000s ]
SQL: INSERT INTO `exam_member_answer` (`qid`,`userid`,`type`,`answer`,`score`,`right_answer`) VALUES ('75','46','1','D','2','CD') [ RunTime:0.0000s ]
SQL: SELECT `type`,`right_answer`,`score`,`id` FROM `exam_test` WHERE `id` = 62 LIMIT 1   [ RunTime:0.0000s ]
SQL: INSERT INTO `exam_member_answer` (`qid`,`userid`,`type`,`answer`,`score`,`right_answer`) VALUES ('62','46','0','D','0','B') [ RunTime:0.0000s ]
SQL: SELECT `type`,`right_answer`,`score`,`id` FROM `exam_test` WHERE `id` = 55 LIMIT 1   [ RunTime:0.0000s ]
SQL: INSERT INTO `exam_member_answer` (`qid`,`userid`,`type`,`answer`,`score`,`right_answer`) VALUES ('55','46','0','A','0','B') [ RunTime:0.0000s ]
SQL: SELECT `type`,`right_answer`,`score`,`id` FROM `exam_test` WHERE `id` = 33 LIMIT 1   [ RunTime:0.0000s ]
SQL: INSERT INTO `exam_member_answer` (`qid`,`userid`,`type`,`answer`,`score`,`right_answer`) VALUES ('33','46','0','A','0','D') [ RunTime:0.0000s ]
SQL: SELECT `type`,`right_answer`,`score`,`id` FROM `exam_test` WHERE `id` = 53 LIMIT 1   [ RunTime:0.0000s ]
SQL: INSERT INTO `exam_member_answer` (`qid`,`userid`,`type`,`answer`,`score`,`right_answer`) VALUES ('53','46','0','C','0','B') [ RunTime:0.0000s ]
SQL: SELECT `type`,`right_answer`,`score`,`id` FROM `exam_test` WHERE `id` = 47 LIMIT 1   [ RunTime:0.0000s ]
SQL: INSERT INTO `exam_member_answer` (`qid`,`userid`,`type`,`answer`,`score`,`right_answer`) VALUES ('47','46','0','C','0','B') [ RunTime:0.0000s ]
SQL: SELECT `type`,`right_answer`,`score`,`id` FROM `exam_test` WHERE `id` = 74 LIMIT 1   [ RunTime:0.0000s ]
SQL: INSERT INTO `exam_member_answer` (`qid`,`userid`,`type`,`answer`,`score`,`right_answer`) VALUES ('74','46','1','D','2','CD') [ RunTime:0.0000s ]
SQL: SELECT `type`,`right_answer`,`score`,`id` FROM `exam_test` WHERE `id` = 12 LIMIT 1   [ RunTime:0.0000s ]
SQL: INSERT INTO `exam_member_answer` (`qid`,`userid`,`type`,`answer`,`score`,`right_answer`) VALUES ('12','46','1','A','2','AD') [ RunTime:0.0000s ]
SQL: SELECT `type`,`right_answer`,`score`,`id` FROM `exam_test` WHERE `id` = 5 LIMIT 1   [ RunTime:0.0000s ]
SQL: INSERT INTO `exam_member_answer` (`qid`,`userid`,`type`,`answer`,`score`,`right_answer`) VALUES ('5','46','0','B','0','D') [ RunTime:0.0000s ]
SQL: SELECT `type`,`right_answer`,`score`,`id` FROM `exam_test` WHERE `id` = 32 LIMIT 1   [ RunTime:0.0000s ]
SQL: INSERT INTO `exam_member_answer` (`qid`,`userid`,`type`,`answer`,`score`,`right_answer`) VALUES ('32','46','0','C','0','B') [ RunTime:0.0000s ]
SQL: SELECT `type`,`right_answer`,`score`,`id` FROM `exam_test` WHERE `id` = 42 LIMIT 1   [ RunTime:0.0000s ]
SQL: INSERT INTO `exam_member_answer` (`qid`,`userid`,`type`,`answer`,`score`,`right_answer`) VALUES ('42','46','0','D','0','B') [ RunTime:0.0010s ]
SQL: SELECT `type`,`right_answer`,`score`,`id` FROM `exam_test` WHERE `id` = 4 LIMIT 1   [ RunTime:0.0000s ]
SQL: INSERT INTO `exam_member_answer` (`qid`,`userid`,`type`,`answer`,`score`,`right_answer`) VALUES ('4','46','1','D','0','ABC') [ RunTime:0.0000s ]
SQL: SELECT `type`,`right_answer`,`score`,`id` FROM `exam_test` WHERE `id` = 16 LIMIT 1   [ RunTime:0.0000s ]
SQL: INSERT INTO `exam_member_answer` (`qid`,`userid`,`type`,`answer`,`score`,`right_answer`) VALUES ('16','46','0','B','0','C') [ RunTime:0.0000s ]
SQL: SELECT `type`,`right_answer`,`score`,`id` FROM `exam_test` WHERE `id` = 6 LIMIT 1   [ RunTime:0.0000s ]
SQL: INSERT INTO `exam_member_answer` (`qid`,`userid`,`type`,`answer`,`score`,`right_answer`) VALUES ('6','46','0','A','0','B') [ RunTime:0.0000s ]
SQL: SELECT `type`,`right_answer`,`score`,`id` FROM `exam_test` WHERE `id` = 21 LIMIT 1   [ RunTime:0.0000s ]
SQL: INSERT INTO `exam_member_answer` (`qid`,`userid`,`type`,`answer`,`score`,`right_answer`) VALUES ('21','46','0','D','0','A') [ RunTime:0.0000s ]
SQL: SELECT `type`,`right_answer`,`score`,`id` FROM `exam_test` WHERE `id` = 65 LIMIT 1   [ RunTime:0.0000s ]
SQL: INSERT INTO `exam_member_answer` (`qid`,`userid`,`type`,`answer`,`score`,`right_answer`) VALUES ('65','46','0','D','0','B') [ RunTime:0.0000s ]
SQL: SELECT `type`,`right_answer`,`score`,`id` FROM `exam_test` WHERE `id` = 49 LIMIT 1   [ RunTime:0.0000s ]
SQL: INSERT INTO `exam_member_answer` (`qid`,`userid`,`type`,`answer`,`score`,`right_answer`) VALUES ('49','46','0','A','0','B') [ RunTime:0.0000s ]
SQL: SELECT SUM(score) AS tp_sum FROM `exam_member_answer` WHERE `userid` = '46' LIMIT 1   [ RunTime:0.0000s ]
SQL: SHOW COLUMNS FROM `exam_member` [ RunTime:0.0020s ]
SQL: UPDATE `exam_member` SET `score`='9',`time`='1490348314' WHERE `id` = 46 [ RunTime:0.0000s ]

[ 2017-03-24T17:38:53+08:00 ] 127.0.0.1 /Home/Index/short_submit_exam.asp
INFO: [ app_begin ] --START--
INFO: Run Behavior\ReadHtmlCacheBehavior [ RunTime:0.000000s ]
INFO: [ app_begin ] --END-- [ RunTime:0.000000s ]
SQL: SHOW COLUMNS FROM `exam_testshort` [ RunTime:0.0030s ]
SQL: SELECT `type`,`right_answer`,`score` FROM `exam_testshort` WHERE `id` = 5 LIMIT 1   [ RunTime:0.0000s ]
SQL: SHOW COLUMNS FROM `exam_member_answer` [ RunTime:0.0030s ]
SQL: INSERT INTO `exam_member_answer` (`userid`,`qid`,`type`,`right_answer`,`answer`,`score`) VALUES ('46','5','2','13','jfioejigrj4ewi
                                                ','0') [ RunTime:0.0010s ]
SQL: SELECT `type`,`right_answer`,`score` FROM `exam_testshort` WHERE `id` = 2 LIMIT 1   [ RunTime:0.0000s ]
SQL: INSERT INTO `exam_member_answer` (`userid`,`qid`,`type`,`right_answer`,`answer`,`score`) VALUES ('46','2','2','nindfangisaegnsi        ','kgir4w95t3tg
                                                ','0') [ RunTime:0.0010s ]
SQL: SELECT `type`,`right_answer`,`score` FROM `exam_testshort` WHERE `id` = 13 LIMIT 1   [ RunTime:0.0000s ]
SQL: INSERT INTO `exam_member_answer` (`userid`,`qid`,`type`,`right_answer`,`answer`,`score`) VALUES ('46','13','2','wt','gktj405i9y40ty
                                                ','0') [ RunTime:0.0010s ]
SQL: SELECT `type`,`right_answer`,`score` FROM `exam_testshort` WHERE `id` = 9 LIMIT 1   [ RunTime:0.0000s ]
SQL: INSERT INTO `exam_member_answer` (`userid`,`qid`,`type`,`right_answer`,`answer`,`score`) VALUES ('46','9','2','wr','tglr45toky405y4
                                                ','0') [ RunTime:0.0000s ]
SQL: SELECT `type`,`right_answer`,`score` FROM `exam_testshort` WHERE `id` = 10 LIMIT 1   [ RunTime:0.0000s ]
SQL: INSERT INTO `exam_member_answer` (`userid`,`qid`,`type`,`right_answer`,`answer`,`score`) VALUES ('46','10','2','wrt','hk56k45y454
                                                ','0') [ RunTime:0.0000s ]
SQL: SHOW COLUMNS FROM `exam_member` [ RunTime:0.0040s ]
SQL: UPDATE `exam_member` SET `score_short`='0',`correct_papers`='0',`time`='1490348333' WHERE `id` = 46 [ RunTime:0.0000s ]

[ 2017-03-24T17:39:00+08:00 ] 127.0.0.1 /Home/Index/test_detail/userid/style.css
ERR: 1064:You have an error in your SQL syntax; check the manual that corresponds to your MySQL server version for the right syntax to use near ')' at line 1
 [ SQL语句 ] : SELECT `id`,`question`,`type`,`ifImg`,`a`,`b`,`c`,`d`,`right_answer` FROM `exam_test` WHERE `id` IN () 

[ 2017-03-24T17:52:17+08:00 ] 127.0.0.1 /Home/Index/addMember.asp
INFO: [ app_begin ] --START--
INFO: Run Behavior\ReadHtmlCacheBehavior [ RunTime:0.001000s ]
INFO: [ app_begin ] --END-- [ RunTime:0.001000s ]
SQL: SHOW COLUMNS FROM `exam_member` [ RunTime:0.0030s ]
SQL: INSERT INTO `exam_member` (`name`,`sex`,`age`,`tel`,`score_short`,`time`) VALUES ('金测试','0','23','15985414521','0','1490349136') [ RunTime:0.0000s ]

[ 2017-03-24T17:53:48+08:00 ] 127.0.0.1 /Home/Index/submit_exam.asp
INFO: [ app_begin ] --START--
INFO: Run Behavior\ReadHtmlCacheBehavior [ RunTime:0.001000s ]
INFO: [ app_begin ] --END-- [ RunTime:0.001000s ]
SQL: SHOW COLUMNS FROM `exam_test` [ RunTime:0.0120s ]
SQL: SELECT `type`,`right_answer`,`score`,`id` FROM `exam_test` WHERE `id` = 9 LIMIT 1   [ RunTime:0.0010s ]
SQL: SHOW COLUMNS FROM `exam_member_answer` [ RunTime:0.0070s ]
SQL: INSERT INTO `exam_member_answer` (`qid`,`userid`,`type`,`answer`,`score`,`right_answer`) VALUES ('9','47','0','A','0','C') [ RunTime:0.0000s ]
SQL: SELECT `type`,`right_answer`,`score`,`id` FROM `exam_test` WHERE `id` = 91 LIMIT 1   [ RunTime:0.0000s ]
SQL: INSERT INTO `exam_member_answer` (`qid`,`userid`,`type`,`answer`,`score`,`right_answer`) VALUES ('91','47','1','C','2','CD') [ RunTime:0.0000s ]
SQL: SELECT `type`,`right_answer`,`score`,`id` FROM `exam_test` WHERE `id` = 49 LIMIT 1   [ RunTime:0.0000s ]
SQL: INSERT INTO `exam_member_answer` (`qid`,`userid`,`type`,`answer`,`score`,`right_answer`) VALUES ('49','47','0','C','0','B') [ RunTime:0.0010s ]
SQL: SELECT `type`,`right_answer`,`score`,`id` FROM `exam_test` WHERE `id` = 45 LIMIT 1   [ RunTime:0.0010s ]
SQL: INSERT INTO `exam_member_answer` (`qid`,`userid`,`type`,`answer`,`score`,`right_answer`) VALUES ('45','47','0','B','3','B') [ RunTime:0.0010s ]
SQL: SELECT `type`,`right_answer`,`score`,`id` FROM `exam_test` WHERE `id` = 87 LIMIT 1   [ RunTime:0.0010s ]
SQL: INSERT INTO `exam_member_answer` (`qid`,`userid`,`type`,`answer`,`score`,`right_answer`) VALUES ('87','47','1','C','2','CD') [ RunTime:0.0010s ]
SQL: SELECT `type`,`right_answer`,`score`,`id` FROM `exam_test` WHERE `id` = 39 LIMIT 1   [ RunTime:0.0000s ]
SQL: INSERT INTO `exam_member_answer` (`qid`,`userid`,`type`,`answer`,`score`,`right_answer`) VALUES ('39','47','1','B','0','CD') [ RunTime:0.0010s ]
SQL: SELECT `type`,`right_answer`,`score`,`id` FROM `exam_test` WHERE `id` = 62 LIMIT 1   [ RunTime:0.0010s ]
SQL: INSERT INTO `exam_member_answer` (`qid`,`userid`,`type`,`answer`,`score`,`right_answer`) VALUES ('62','47','0','B','3','B') [ RunTime:0.0010s ]
SQL: SELECT `type`,`right_answer`,`score`,`id` FROM `exam_test` WHERE `id` = 32 LIMIT 1   [ RunTime:0.0010s ]
SQL: INSERT INTO `exam_member_answer` (`qid`,`userid`,`type`,`answer`,`score`,`right_answer`) VALUES ('32','47','0','C','0','B') [ RunTime:0.0010s ]
SQL: SELECT `type`,`right_answer`,`score`,`id` FROM `exam_test` WHERE `id` = 65 LIMIT 1   [ RunTime:0.0010s ]
SQL: INSERT INTO `exam_member_answer` (`qid`,`userid`,`type`,`answer`,`score`,`right_answer`) VALUES ('65','47','0','D','0','B') [ RunTime:0.0000s ]
SQL: SELECT `type`,`right_answer`,`score`,`id` FROM `exam_test` WHERE `id` = 3 LIMIT 1   [ RunTime:0.0000s ]
SQL: INSERT INTO `exam_member_answer` (`qid`,`userid`,`type`,`answer`,`score`,`right_answer`) VALUES ('3','47','0','C','0','B') [ RunTime:0.0000s ]
SQL: SELECT `type`,`right_answer`,`score`,`id` FROM `exam_test` WHERE `id` = 74 LIMIT 1   [ RunTime:0.0010s ]
SQL: INSERT INTO `exam_member_answer` (`qid`,`userid`,`type`,`answer`,`score`,`right_answer`) VALUES ('74','47','1','C','2','CD') [ RunTime:0.0000s ]
SQL: SELECT `type`,`right_answer`,`score`,`id` FROM `exam_test` WHERE `id` = 48 LIMIT 1   [ RunTime:0.0000s ]
SQL: INSERT INTO `exam_member_answer` (`qid`,`userid`,`type`,`answer`,`score`,`right_answer`) VALUES ('48','47','0','B','3','B') [ RunTime:0.0000s ]
SQL: SELECT `type`,`right_answer`,`score`,`id` FROM `exam_test` WHERE `id` = 71 LIMIT 1   [ RunTime:0.0000s ]
SQL: INSERT INTO `exam_member_answer` (`qid`,`userid`,`type`,`answer`,`score`,`right_answer`) VALUES ('71','47','1','D','2','CD') [ RunTime:0.0000s ]
SQL: SELECT `type`,`right_answer`,`score`,`id` FROM `exam_test` WHERE `id` = 89 LIMIT 1   [ RunTime:0.0000s ]
SQL: INSERT INTO `exam_member_answer` (`qid`,`userid`,`type`,`answer`,`score`,`right_answer`) VALUES ('89','47','1','B','0','CD') [ RunTime:0.0000s ]
SQL: SELECT `type`,`right_answer`,`score`,`id` FROM `exam_test` WHERE `id` = 53 LIMIT 1   [ RunTime:0.0000s ]
SQL: INSERT INTO `exam_member_answer` (`qid`,`userid`,`type`,`answer`,`score`,`right_answer`) VALUES ('53','47','0','C','0','B') [ RunTime:0.0010s ]
SQL: SELECT `type`,`right_answer`,`score`,`id` FROM `exam_test` WHERE `id` = 24 LIMIT 1   [ RunTime:0.0010s ]
SQL: INSERT INTO `exam_member_answer` (`qid`,`userid`,`type`,`answer`,`score`,`right_answer`) VALUES ('24','47','0','B','0','C') [ RunTime:0.0000s ]
SQL: SELECT `type`,`right_answer`,`score`,`id` FROM `exam_test` WHERE `id` = 44 LIMIT 1   [ RunTime:0.0000s ]
SQL: INSERT INTO `exam_member_answer` (`qid`,`userid`,`type`,`answer`,`score`,`right_answer`) VALUES ('44','47','0','B','3','B') [ RunTime:0.0000s ]
SQL: SELECT `type`,`right_answer`,`score`,`id` FROM `exam_test` WHERE `id` = 101 LIMIT 1   [ RunTime:0.0010s ]
SQL: INSERT INTO `exam_member_answer` (`qid`,`userid`,`type`,`answer`,`score`,`right_answer`) VALUES ('101','47','1','ABC','0','AD') [ RunTime:0.0010s ]
SQL: SELECT `type`,`right_answer`,`score`,`id` FROM `exam_test` WHERE `id` = 10 LIMIT 1   [ RunTime:0.0000s ]
SQL: INSERT INTO `exam_member_answer` (`qid`,`userid`,`type`,`answer`,`score`,`right_answer`) VALUES ('10','47','0','C','0','D') [ RunTime:0.0000s ]
SQL: SELECT `type`,`right_answer`,`score`,`id` FROM `exam_test` WHERE `id` = 20 LIMIT 1   [ RunTime:0.0000s ]
SQL: INSERT INTO `exam_member_answer` (`qid`,`userid`,`type`,`answer`,`score`,`right_answer`) VALUES ('20','47','1','B','2','AB') [ RunTime:0.0000s ]
SQL: SELECT `type`,`right_answer`,`score`,`id` FROM `exam_test` WHERE `id` = 70 LIMIT 1   [ RunTime:0.0000s ]
SQL: INSERT INTO `exam_member_answer` (`qid`,`userid`,`type`,`answer`,`score`,`right_answer`) VALUES ('70','47','0','B','3','B') [ RunTime:0.0000s ]
SQL: SELECT `type`,`right_answer`,`score`,`id` FROM `exam_test` WHERE `id` = 11 LIMIT 1   [ RunTime:0.0000s ]
SQL: INSERT INTO `exam_member_answer` (`qid`,`userid`,`type`,`answer`,`score`,`right_answer`) VALUES ('11','47','0','A','3','A') [ RunTime:0.0010s ]
SQL: SELECT `type`,`right_answer`,`score`,`id` FROM `exam_test` WHERE `id` = 15 LIMIT 1   [ RunTime:0.0000s ]
SQL: INSERT INTO `exam_member_answer` (`qid`,`userid`,`type`,`answer`,`score`,`right_answer`) VALUES ('15','47','0','C','0','B') [ RunTime:0.0010s ]
SQL: SELECT `type`,`right_answer`,`score`,`id` FROM `exam_test` WHERE `id` = 18 LIMIT 1   [ RunTime:0.0000s ]
SQL: INSERT INTO `exam_member_answer` (`qid`,`userid`,`type`,`answer`,`score`,`right_answer`) VALUES ('18','47','0','B','3','B') [ RunTime:0.0010s ]
SQL: SELECT `type`,`right_answer`,`score`,`id` FROM `exam_test` WHERE `id` = 37 LIMIT 1   [ RunTime:0.0000s ]
SQL: INSERT INTO `exam_member_answer` (`qid`,`userid`,`type`,`answer`,`score`,`right_answer`) VALUES ('37','47','1','AB','0','CD') [ RunTime:0.0010s ]
SQL: SELECT `type`,`right_answer`,`score`,`id` FROM `exam_test` WHERE `id` = 64 LIMIT 1   [ RunTime:0.0000s ]
SQL: INSERT INTO `exam_member_answer` (`qid`,`userid`,`type`,`answer`,`score`,`right_answer`) VALUES ('64','47','0','B','3','B') [ RunTime:0.0010s ]
SQL: SELECT `type`,`right_answer`,`score`,`id` FROM `exam_test` WHERE `id` = 55 LIMIT 1   [ RunTime:0.0000s ]
SQL: INSERT INTO `exam_member_answer` (`qid`,`userid`,`type`,`answer`,`score`,`right_answer`) VALUES ('55','47','0','B','3','B') [ RunTime:0.0010s ]
SQL: SELECT `type`,`right_answer`,`score`,`id` FROM `exam_test` WHERE `id` = 58 LIMIT 1   [ RunTime:0.0000s ]
SQL: INSERT INTO `exam_member_answer` (`qid`,`userid`,`type`,`answer`,`score`,`right_answer`) VALUES ('58','47','0','C','0','B') [ RunTime:0.0000s ]
SQL: SELECT `type`,`right_answer`,`score`,`id` FROM `exam_test` WHERE `id` = 68 LIMIT 1   [ RunTime:0.0000s ]
SQL: INSERT INTO `exam_member_answer` (`qid`,`userid`,`type`,`answer`,`score`,`right_answer`) VALUES ('68','47','0','B','3','B') [ RunTime:0.0000s ]
SQL: SELECT `type`,`right_answer`,`score`,`id` FROM `exam_test` WHERE `id` = 82 LIMIT 1   [ RunTime:0.0000s ]
SQL: INSERT INTO `exam_member_answer` (`qid`,`userid`,`type`,`answer`,`score`,`right_answer`) VALUES ('82','47','1','A','0','CD') [ RunTime:0.0000s ]
SQL: SELECT SUM(score) AS tp_sum FROM `exam_member_answer` WHERE `userid` = '47' LIMIT 1   [ RunTime:0.0010s ]
SQL: SHOW COLUMNS FROM `exam_member` [ RunTime:0.0030s ]
SQL: UPDATE `exam_member` SET `score`='40',`time`='1490349228' WHERE `id` = 47 [ RunTime:0.0000s ]

[ 2017-03-24T17:54:29+08:00 ] 127.0.0.1 /Home/Index/short_submit_exam.asp
INFO: [ app_begin ] --START--
INFO: Run Behavior\ReadHtmlCacheBehavior [ RunTime:0.001000s ]
INFO: [ app_begin ] --END-- [ RunTime:0.001000s ]
SQL: SHOW COLUMNS FROM `exam_testshort` [ RunTime:0.0030s ]
SQL: SELECT `type`,`right_answer`,`score` FROM `exam_testshort` WHERE `id` = 6 LIMIT 1   [ RunTime:0.0000s ]
SQL: SHOW COLUMNS FROM `exam_member_answer` [ RunTime:0.0020s ]
SQL: INSERT INTO `exam_member_answer` (`userid`,`qid`,`type`,`right_answer`,`answer`,`score`) VALUES ('47','6','2','13','
                                      123          ','0') [ RunTime:0.0000s ]
SQL: SELECT `type`,`right_answer`,`score` FROM `exam_testshort` WHERE `id` = 2 LIMIT 1   [ RunTime:0.0000s ]
SQL: INSERT INTO `exam_member_answer` (`userid`,`qid`,`type`,`right_answer`,`answer`,`score`) VALUES ('47','2','2','nindfangisaegnsi        ','
                                                452','0') [ RunTime:0.0000s ]
SQL: SELECT `type`,`right_answer`,`score` FROM `exam_testshort` WHERE `id` = 3 LIMIT 1   [ RunTime:0.0000s ]
SQL: INSERT INTO `exam_member_answer` (`userid`,`qid`,`type`,`right_answer`,`answer`,`score`) VALUES ('47','3','2','nindfangisaegnsi       ','
                                            524    ','0') [ RunTime:0.0000s ]
SQL: SELECT `type`,`right_answer`,`score` FROM `exam_testshort` WHERE `id` = 10 LIMIT 1   [ RunTime:0.0010s ]
SQL: INSERT INTO `exam_member_answer` (`userid`,`qid`,`type`,`right_answer`,`answer`,`score`) VALUES ('47','10','2','wrt','
                                                4522','0') [ RunTime:0.0000s ]
SQL: SELECT `type`,`right_answer`,`score` FROM `exam_testshort` WHERE `id` = 13 LIMIT 1   [ RunTime:0.0010s ]
SQL: INSERT INTO `exam_member_answer` (`userid`,`qid`,`type`,`right_answer`,`answer`,`score`) VALUES ('47','13','2','wt','
                                                1452','0') [ RunTime:0.0000s ]
SQL: SHOW COLUMNS FROM `exam_member` [ RunTime:0.0030s ]
SQL: UPDATE `exam_member` SET `score_short`='0',`correct_papers`='0',`time`='1490349269' WHERE `id` = 47 [ RunTime:0.0000s ]

[ 2017-03-24T17:54:38+08:00 ] 127.0.0.1 /Home/Index/test_detail/userid/style.css
ERR: 1064:You have an error in your SQL syntax; check the manual that corresponds to your MySQL server version for the right syntax to use near ')' at line 1
 [ SQL语句 ] : SELECT `id`,`question`,`type`,`ifImg`,`a`,`b`,`c`,`d`,`right_answer` FROM `exam_test` WHERE `id` IN () 

[ 2017-03-24T18:32:33+08:00 ] 127.0.0.1 /Home/Index/checkUsername.asp
INFO: [ app_begin ] --START--
INFO: Run Behavior\ReadHtmlCacheBehavior [ RunTime:0.000000s ]
INFO: [ app_begin ] --END-- [ RunTime:0.000000s ]
SQL: SHOW COLUMNS FROM `exam_member` [ RunTime:0.0040s ]
SQL: SELECT * FROM `exam_member` WHERE `name` = '' AND `tel` = '' LIMIT 1   [ RunTime:0.0000s ]
INFO: [ app_end ] --START--
INFO: Run Behavior\ShowPageTraceBehavior [ RunTime:0.001000s ]
INFO: [ app_end ] --END-- [ RunTime:0.001000s ]

[ 2017-03-24T18:32:40+08:00 ] 127.0.0.1 /Home/Index/checkUsername.asp
INFO: [ app_begin ] --START--
INFO: Run Behavior\ReadHtmlCacheBehavior [ RunTime:0.000000s ]
INFO: [ app_begin ] --END-- [ RunTime:0.000000s ]
SQL: SHOW COLUMNS FROM `exam_member` [ RunTime:0.0080s ]
SQL: SELECT * FROM `exam_member` WHERE `name` = '' AND `tel` = '' LIMIT 1   [ RunTime:0.0010s ]
INFO: [ app_end ] --START--
INFO: Run Behavior\ShowPageTraceBehavior [ RunTime:0.002001s ]
INFO: [ app_end ] --END-- [ RunTime:0.002001s ]

[ 2017-03-24T18:32:41+08:00 ] 127.0.0.1 /Home/Index/checkUsername.asp
INFO: [ app_begin ] --START--
INFO: Run Behavior\ReadHtmlCacheBehavior [ RunTime:0.002000s ]
INFO: [ app_begin ] --END-- [ RunTime:0.002000s ]
SQL: SHOW COLUMNS FROM `exam_member` [ RunTime:0.0040s ]
SQL: SELECT * FROM `exam_member` WHERE `name` = '' AND `tel` = '' LIMIT 1   [ RunTime:0.0000s ]
INFO: [ app_end ] --START--
INFO: Run Behavior\ShowPageTraceBehavior [ RunTime:0.001000s ]
INFO: [ app_end ] --END-- [ RunTime:0.001000s ]

[ 2017-03-24T18:32:42+08:00 ] 127.0.0.1 /Home/Index/checkUsername.asp
INFO: [ app_begin ] --START--
INFO: Run Behavior\ReadHtmlCacheBehavior [ RunTime:0.000000s ]
INFO: [ app_begin ] --END-- [ RunTime:0.000000s ]
SQL: SHOW COLUMNS FROM `exam_member` [ RunTime:0.0040s ]
SQL: SELECT * FROM `exam_member` WHERE `name` = '' AND `tel` = '' LIMIT 1   [ RunTime:0.0010s ]
INFO: [ app_end ] --START--
INFO: Run Behavior\ShowPageTraceBehavior [ RunTime:0.001000s ]
INFO: [ app_end ] --END-- [ RunTime:0.001000s ]

[ 2017-03-24T18:32:43+08:00 ] 127.0.0.1 /Home/Index/checkUsername.asp
INFO: [ app_begin ] --START--
INFO: Run Behavior\ReadHtmlCacheBehavior [ RunTime:0.001000s ]
INFO: [ app_begin ] --END-- [ RunTime:0.001000s ]
SQL: SHOW COLUMNS FROM `exam_member` [ RunTime:0.0020s ]
SQL: SELECT * FROM `exam_member` WHERE `name` = '' AND `tel` = '' LIMIT 1   [ RunTime:0.0000s ]
INFO: [ app_end ] --START--
INFO: Run Behavior\ShowPageTraceBehavior [ RunTime:0.001000s ]
INFO: [ app_end ] --END-- [ RunTime:0.001000s ]

[ 2017-03-24T18:32:59+08:00 ] 127.0.0.1 /Home/Index/checkUsername.asp
INFO: [ app_begin ] --START--
INFO: Run Behavior\ReadHtmlCacheBehavior [ RunTime:0.001000s ]
INFO: [ app_begin ] --END-- [ RunTime:0.001000s ]
SQL: SHOW COLUMNS FROM `exam_member` [ RunTime:0.0040s ]
SQL: SELECT * FROM `exam_member` WHERE `name` = '' AND `tel` = '' LIMIT 1   [ RunTime:0.0010s ]
INFO: [ app_end ] --START--
INFO: Run Behavior\ShowPageTraceBehavior [ RunTime:0.001000s ]
INFO: [ app_end ] --END-- [ RunTime:0.001000s ]

[ 2017-03-24T18:33:08+08:00 ] 127.0.0.1 /Home/Index/checkUsername.asp
INFO: [ app_begin ] --START--
INFO: Run Behavior\ReadHtmlCacheBehavior [ RunTime:0.001000s ]
INFO: [ app_begin ] --END-- [ RunTime:0.002000s ]
SQL: SHOW COLUMNS FROM `exam_member` [ RunTime:0.0020s ]
SQL: SELECT * FROM `exam_member` WHERE `name` = '' AND `tel` = '' LIMIT 1   [ RunTime:0.0000s ]
INFO: [ app_end ] --START--
INFO: Run Behavior\ShowPageTraceBehavior [ RunTime:0.001000s ]
INFO: [ app_end ] --END-- [ RunTime:0.001000s ]

[ 2017-03-24T18:33:09+08:00 ] 127.0.0.1 /Home/Index/checkUsername.asp
INFO: [ app_begin ] --START--
INFO: Run Behavior\ReadHtmlCacheBehavior [ RunTime:0.000000s ]
INFO: [ app_begin ] --END-- [ RunTime:0.000000s ]
SQL: SHOW COLUMNS FROM `exam_member` [ RunTime:0.0100s ]
SQL: SELECT * FROM `exam_member` WHERE `name` = '' AND `tel` = '' LIMIT 1   [ RunTime:0.0010s ]
INFO: [ app_end ] --START--
INFO: Run Behavior\ShowPageTraceBehavior [ RunTime:0.001000s ]
INFO: [ app_end ] --END-- [ RunTime:0.001000s ]

[ 2017-03-24T18:33:10+08:00 ] 127.0.0.1 /Home/Index/checkUsername.asp
INFO: [ app_begin ] --START--
INFO: Run Behavior\ReadHtmlCacheBehavior [ RunTime:0.000000s ]
INFO: [ app_begin ] --END-- [ RunTime:0.000000s ]
SQL: SHOW COLUMNS FROM `exam_member` [ RunTime:0.0070s ]
SQL: SELECT * FROM `exam_member` WHERE `name` = '' AND `tel` = '' LIMIT 1   [ RunTime:0.0010s ]
INFO: [ app_end ] --START--
INFO: Run Behavior\ShowPageTraceBehavior [ RunTime:0.001000s ]
INFO: [ app_end ] --END-- [ RunTime:0.001000s ]

[ 2017-03-24T18:33:11+08:00 ] 127.0.0.1 /Home/Index/checkUsername.asp
INFO: [ app_begin ] --START--
INFO: Run Behavior\ReadHtmlCacheBehavior [ RunTime:0.001000s ]
INFO: [ app_begin ] --END-- [ RunTime:0.001000s ]
SQL: SHOW COLUMNS FROM `exam_member` [ RunTime:0.0060s ]
SQL: SELECT * FROM `exam_member` WHERE `name` = '' AND `tel` = '' LIMIT 1   [ RunTime:0.0010s ]
INFO: [ app_end ] --START--
INFO: Run Behavior\ShowPageTraceBehavior [ RunTime:0.002000s ]
INFO: [ app_end ] --END-- [ RunTime:0.002000s ]

[ 2017-03-24T18:33:12+08:00 ] 127.0.0.1 /Home/Index/checkUsername.asp
INFO: [ app_begin ] --START--
INFO: Run Behavior\ReadHtmlCacheBehavior [ RunTime:0.001000s ]
INFO: [ app_begin ] --END-- [ RunTime:0.001000s ]
SQL: SHOW COLUMNS FROM `exam_member` [ RunTime:0.0040s ]
SQL: SELECT * FROM `exam_member` WHERE `name` = '' AND `tel` = '' LIMIT 1   [ RunTime:0.0000s ]
INFO: [ app_end ] --START--
INFO: Run Behavior\ShowPageTraceBehavior [ RunTime:0.001000s ]
INFO: [ app_end ] --END-- [ RunTime:0.001000s ]

[ 2017-03-24T18:33:13+08:00 ] 127.0.0.1 /Home/Index/checkUsername.asp
INFO: [ app_begin ] --START--
INFO: Run Behavior\ReadHtmlCacheBehavior [ RunTime:0.001000s ]
INFO: [ app_begin ] --END-- [ RunTime:0.001000s ]
SQL: SHOW COLUMNS FROM `exam_member` [ RunTime:0.0020s ]
SQL: SELECT * FROM `exam_member` WHERE `name` = '' AND `tel` = '' LIMIT 1   [ RunTime:0.0000s ]
INFO: [ app_end ] --START--
INFO: Run Behavior\ShowPageTraceBehavior [ RunTime:0.001000s ]
INFO: [ app_end ] --END-- [ RunTime:0.001000s ]

[ 2017-03-24T18:33:14+08:00 ] 127.0.0.1 /Home/Index/checkUsername.asp
INFO: [ app_begin ] --START--
INFO: Run Behavior\ReadHtmlCacheBehavior [ RunTime:0.000000s ]
INFO: [ app_begin ] --END-- [ RunTime:0.000000s ]
SQL: SHOW COLUMNS FROM `exam_member` [ RunTime:0.0030s ]
SQL: SELECT * FROM `exam_member` WHERE `name` = '' AND `tel` = '' LIMIT 1   [ RunTime:0.0000s ]
INFO: [ app_end ] --START--
INFO: Run Behavior\ShowPageTraceBehavior [ RunTime:0.002000s ]
INFO: [ app_end ] --END-- [ RunTime:0.002000s ]

[ 2017-03-24T18:33:15+08:00 ] 127.0.0.1 /Home/Index/checkUsername.asp
INFO: [ app_begin ] --START--
INFO: Run Behavior\ReadHtmlCacheBehavior [ RunTime:0.000000s ]
INFO: [ app_begin ] --END-- [ RunTime:0.000000s ]
SQL: SHOW COLUMNS FROM `exam_member` [ RunTime:0.0060s ]
SQL: SELECT * FROM `exam_member` WHERE `name` = '' AND `tel` = '' LIMIT 1   [ RunTime:0.0010s ]
INFO: [ app_end ] --START--
INFO: Run Behavior\ShowPageTraceBehavior [ RunTime:0.002000s ]
INFO: [ app_end ] --END-- [ RunTime:0.002000s ]

[ 2017-03-24T18:33:16+08:00 ] 127.0.0.1 /Home/Index/checkUsername.asp
INFO: [ app_begin ] --START--
INFO: Run Behavior\ReadHtmlCacheBehavior [ RunTime:0.001000s ]
INFO: [ app_begin ] --END-- [ RunTime:0.001000s ]
SQL: SHOW COLUMNS FROM `exam_member` [ RunTime:0.0080s ]
SQL: SELECT * FROM `exam_member` WHERE `name` = '' AND `tel` = '' LIMIT 1   [ RunTime:0.0010s ]
INFO: [ app_end ] --START--
INFO: Run Behavior\ShowPageTraceBehavior [ RunTime:0.002001s ]
INFO: [ app_end ] --END-- [ RunTime:0.002001s ]

[ 2017-03-24T18:33:17+08:00 ] 127.0.0.1 /Home/Index/checkUsername.asp
INFO: [ app_begin ] --START--
INFO: Run Behavior\ReadHtmlCacheBehavior [ RunTime:0.000000s ]
INFO: [ app_begin ] --END-- [ RunTime:0.000000s ]
SQL: SHOW COLUMNS FROM `exam_member` [ RunTime:0.0080s ]
SQL: SELECT * FROM `exam_member` WHERE `name` = '' AND `tel` = '' LIMIT 1   [ RunTime:0.0010s ]
INFO: [ app_end ] --START--
INFO: Run Behavior\ShowPageTraceBehavior [ RunTime:0.002001s ]
INFO: [ app_end ] --END-- [ RunTime:0.003001s ]

[ 2017-03-24T18:33:18+08:00 ] 127.0.0.1 /Home/Index/checkUsername.asp
INFO: [ app_begin ] --START--
INFO: Run Behavior\ReadHtmlCacheBehavior [ RunTime:0.001000s ]
INFO: [ app_begin ] --END-- [ RunTime:0.002000s ]
SQL: SHOW COLUMNS FROM `exam_member` [ RunTime:0.0050s ]
SQL: SELECT * FROM `exam_member` WHERE `name` = '' AND `tel` = '' LIMIT 1   [ RunTime:0.0010s ]
INFO: [ app_end ] --START--
INFO: Run Behavior\ShowPageTraceBehavior [ RunTime:0.001000s ]
INFO: [ app_end ] --END-- [ RunTime:0.001000s ]

[ 2017-03-24T18:33:55+08:00 ] 127.0.0.1 /Home/Index/checkUsername.asp
INFO: [ app_begin ] --START--
INFO: Run Behavior\ReadHtmlCacheBehavior [ RunTime:0.001000s ]
INFO: [ app_begin ] --END-- [ RunTime:0.001000s ]
SQL: SHOW COLUMNS FROM `exam_member` [ RunTime:0.0070s ]
SQL: SELECT * FROM `exam_member` WHERE `name` = '' AND `tel` = '' LIMIT 1   [ RunTime:0.0010s ]
INFO: [ app_end ] --START--
INFO: Run Behavior\ShowPageTraceBehavior [ RunTime:0.001000s ]
INFO: [ app_end ] --END-- [ RunTime:0.001000s ]

[ 2017-03-24T18:34:36+08:00 ] 127.0.0.1 /Home/Index/checkUsername.asp
INFO: [ app_begin ] --START--
INFO: Run Behavior\ReadHtmlCacheBehavior [ RunTime:0.001000s ]
INFO: [ app_begin ] --END-- [ RunTime:0.001000s ]
SQL: SHOW COLUMNS FROM `exam_member` [ RunTime:0.0070s ]
SQL: SELECT * FROM `exam_member` WHERE `name` = '' LIMIT 1   [ RunTime:0.0010s ]
INFO: [ app_end ] --START--
INFO: Run Behavior\ShowPageTraceBehavior [ RunTime:0.001000s ]
INFO: [ app_end ] --END-- [ RunTime:0.001000s ]

[ 2017-03-24T18:35:22+08:00 ] 127.0.0.1 /Home/Index/checkUsername.asp
INFO: [ app_begin ] --START--
INFO: Run Behavior\ReadHtmlCacheBehavior [ RunTime:0.000000s ]
INFO: [ app_begin ] --END-- [ RunTime:0.000000s ]
SQL: SHOW COLUMNS FROM `exam_member` [ RunTime:0.0050s ]
SQL: SELECT * FROM `exam_member` WHERE `name` = '' LIMIT 1   [ RunTime:0.0000s ]
INFO: [ app_end ] --START--
INFO: Run Behavior\ShowPageTraceBehavior [ RunTime:0.001000s ]
INFO: [ app_end ] --END-- [ RunTime:0.001000s ]

[ 2017-03-24T18:35:26+08:00 ] 127.0.0.1 /Home/Index/checkUsername.asp
INFO: [ app_begin ] --START--
INFO: Run Behavior\ReadHtmlCacheBehavior [ RunTime:0.001000s ]
INFO: [ app_begin ] --END-- [ RunTime:0.001000s ]
SQL: SHOW COLUMNS FROM `exam_member` [ RunTime:0.0020s ]
SQL: SELECT * FROM `exam_member` WHERE `name` = '' LIMIT 1   [ RunTime:0.0000s ]
INFO: [ app_end ] --START--
INFO: Run Behavior\ShowPageTraceBehavior [ RunTime:0.001000s ]
INFO: [ app_end ] --END-- [ RunTime:0.001000s ]

[ 2017-03-24T18:35:27+08:00 ] 127.0.0.1 /Home/Index/checkUsername.asp
INFO: [ app_begin ] --START--
INFO: Run Behavior\ReadHtmlCacheBehavior [ RunTime:0.001000s ]
INFO: [ app_begin ] --END-- [ RunTime:0.001000s ]
SQL: SHOW COLUMNS FROM `exam_member` [ RunTime:0.0060s ]
SQL: SELECT * FROM `exam_member` WHERE `name` = '' LIMIT 1   [ RunTime:0.0000s ]
INFO: [ app_end ] --START--
INFO: Run Behavior\ShowPageTraceBehavior [ RunTime:0.002000s ]
INFO: [ app_end ] --END-- [ RunTime:0.002000s ]

[ 2017-03-24T18:35:33+08:00 ] 127.0.0.1 /Home/Index/checkUsername.asp
INFO: [ app_begin ] --START--
INFO: Run Behavior\ReadHtmlCacheBehavior [ RunTime:0.001000s ]
INFO: [ app_begin ] --END-- [ RunTime:0.001000s ]
SQL: SHOW COLUMNS FROM `exam_member` [ RunTime:0.0030s ]
SQL: SELECT * FROM `exam_member` WHERE `name` = '' LIMIT 1   [ RunTime:0.0010s ]
INFO: [ app_end ] --START--
INFO: Run Behavior\ShowPageTraceBehavior [ RunTime:0.000000s ]
INFO: [ app_end ] --END-- [ RunTime:0.000000s ]

[ 2017-03-24T18:35:34+08:00 ] 127.0.0.1 /Home/Index/checkUsername.asp
INFO: [ app_begin ] --START--
INFO: Run Behavior\ReadHtmlCacheBehavior [ RunTime:0.001001s ]
INFO: [ app_begin ] --END-- [ RunTime:0.002001s ]
SQL: SHOW COLUMNS FROM `exam_member` [ RunTime:0.0030s ]
SQL: SELECT * FROM `exam_member` WHERE `name` = '' LIMIT 1   [ RunTime:0.0010s ]
INFO: [ app_end ] --START--
INFO: Run Behavior\ShowPageTraceBehavior [ RunTime:0.001000s ]
INFO: [ app_end ] --END-- [ RunTime:0.001000s ]

[ 2017-03-24T18:35:35+08:00 ] 127.0.0.1 /Home/Index/checkUsername.asp
INFO: [ app_begin ] --START--
INFO: Run Behavior\ReadHtmlCacheBehavior [ RunTime:0.001000s ]
INFO: [ app_begin ] --END-- [ RunTime:0.001000s ]
SQL: SHOW COLUMNS FROM `exam_member` [ RunTime:0.0030s ]
SQL: SELECT * FROM `exam_member` WHERE `name` = '' LIMIT 1   [ RunTime:0.0000s ]
INFO: [ app_end ] --START--
INFO: Run Behavior\ShowPageTraceBehavior [ RunTime:0.001000s ]
INFO: [ app_end ] --END-- [ RunTime:0.001000s ]

[ 2017-03-24T18:35:36+08:00 ] 127.0.0.1 /Home/Index/checkUsername.asp
INFO: [ app_begin ] --START--
INFO: Run Behavior\ReadHtmlCacheBehavior [ RunTime:0.001000s ]
INFO: [ app_begin ] --END-- [ RunTime:0.001000s ]
SQL: SHOW COLUMNS FROM `exam_member` [ RunTime:0.0030s ]
SQL: SELECT * FROM `exam_member` WHERE `name` = '' LIMIT 1   [ RunTime:0.0000s ]
INFO: [ app_end ] --START--
INFO: Run Behavior\ShowPageTraceBehavior [ RunTime:0.001000s ]
INFO: [ app_end ] --END-- [ RunTime:0.001000s ]

[ 2017-03-24T18:35:37+08:00 ] 127.0.0.1 /Home/Index/checkUsername.asp
INFO: [ app_begin ] --START--
INFO: Run Behavior\ReadHtmlCacheBehavior [ RunTime:0.000000s ]
INFO: [ app_begin ] --END-- [ RunTime:0.000000s ]
SQL: SHOW COLUMNS FROM `exam_member` [ RunTime:0.0100s ]
SQL: SELECT * FROM `exam_member` WHERE `name` = '' LIMIT 1   [ RunTime:0.0000s ]
INFO: [ app_end ] --START--
INFO: Run Behavior\ShowPageTraceBehavior [ RunTime:0.001000s ]
INFO: [ app_end ] --END-- [ RunTime:0.001000s ]

[ 2017-03-24T18:36:04+08:00 ] 127.0.0.1 /Home/Index/checkUsername.asp
INFO: [ app_begin ] --START--
INFO: Run Behavior\ReadHtmlCacheBehavior [ RunTime:0.001000s ]
INFO: [ app_begin ] --END-- [ RunTime:0.001000s ]
SQL: SHOW COLUMNS FROM `exam_member` [ RunTime:0.0030s ]
SQL: SELECT * FROM `exam_member` WHERE `name` = '艳艳' LIMIT 1   [ RunTime:0.0000s ]
INFO: [ app_end ] --START--
INFO: Run Behavior\ShowPageTraceBehavior [ RunTime:0.001000s ]
INFO: [ app_end ] --END-- [ RunTime:0.001000s ]

[ 2017-03-24T18:37:33+08:00 ] 127.0.0.1 /Home/Index/checkUsername.asp
INFO: [ app_begin ] --START--
INFO: Run Behavior\ReadHtmlCacheBehavior [ RunTime:0.001000s ]
INFO: [ app_begin ] --END-- [ RunTime:0.001000s ]
SQL: SHOW COLUMNS FROM `exam_member` [ RunTime:0.0040s ]
SQL: SELECT * FROM `exam_member` WHERE `name` = 'yanyan' LIMIT 1   [ RunTime:0.0010s ]
INFO: [ app_end ] --START--
INFO: Run Behavior\ShowPageTraceBehavior [ RunTime:0.001000s ]
INFO: [ app_end ] --END-- [ RunTime:0.001000s ]

[ 2017-03-24T18:37:42+08:00 ] 127.0.0.1 /Home/Index/test_detail.asp
INFO: [ app_begin ] --START--
INFO: Run Behavior\ReadHtmlCacheBehavior [ RunTime:0.001000s ]
INFO: [ app_begin ] --END-- [ RunTime:0.001000s ]
NOTIC: [8] Undefined index: userid F:\WWW\test\Application\Home\Controller\IndexController.class.php 第 193 行.
SQL: SHOW COLUMNS FROM `exam_member` [ RunTime:0.0100s ]
SQL: SELECT `id` FROM `exam_member` WHERE `name` = 'yanyan' AND `tel` = '18736199128' LIMIT 1   [ RunTime:0.0010s ]
SQL: SELECT `question_id`,`name`,`score`,`score_short` FROM `exam_member` WHERE `id` = 44 LIMIT 1   [ RunTime:0.0010s ]
SQL: SHOW COLUMNS FROM `exam_test` [ RunTime:0.0110s ]
SQL: SELECT `id`,`question`,`type`,`ifImg`,`a`,`b`,`c`,`d`,`right_answer` FROM `exam_test` WHERE `id` IN ('17','7','2','21','29','23','8','12','19','18','5','20','1','22','4','28','26','24')  [ RunTime:0.0020s ]
SQL: SHOW COLUMNS FROM `exam_member_answer` [ RunTime:0.0100s ]
SQL: SELECT `answer`,`score` FROM `exam_member_answer` WHERE `userid` = '44' AND `type` <> 2 AND `qid` = 1 LIMIT 1   [ RunTime:0.0010s ]
SQL: SELECT `answer`,`score` FROM `exam_member_answer` WHERE `userid` = '44' AND `type` <> 2 AND `qid` = 2 LIMIT 1   [ RunTime:0.0010s ]
SQL: SELECT `answer`,`score` FROM `exam_member_answer` WHERE `userid` = '44' AND `type` <> 2 AND `qid` = 4 LIMIT 1   [ RunTime:0.0000s ]
SQL: SELECT `answer`,`score` FROM `exam_member_answer` WHERE `userid` = '44' AND `type` <> 2 AND `qid` = 5 LIMIT 1   [ RunTime:0.0010s ]
SQL: SHOW COLUMNS FROM `exam_test_pic` [ RunTime:0.0050s ]
SQL: SELECT `picurl`,`picname` FROM `exam_test_pic` WHERE `test_id` = 5 LIMIT 1   [ RunTime:0.0010s ]
SQL: SELECT `answer`,`score` FROM `exam_member_answer` WHERE `userid` = '44' AND `type` <> 2 AND `qid` = 7 LIMIT 1   [ RunTime:0.0000s ]
SQL: SELECT `answer`,`score` FROM `exam_member_answer` WHERE `userid` = '44' AND `type` <> 2 AND `qid` = 8 LIMIT 1   [ RunTime:0.0000s ]
SQL: SELECT `picurl`,`picname` FROM `exam_test_pic` WHERE `test_id` = 8 LIMIT 1   [ RunTime:0.0000s ]
SQL: SELECT `answer`,`score` FROM `exam_member_answer` WHERE `userid` = '44' AND `type` <> 2 AND `qid` = 12 LIMIT 1   [ RunTime:0.0010s ]
SQL: SELECT `picurl`,`picname` FROM `exam_test_pic` WHERE `test_id` = 12 LIMIT 1   [ RunTime:0.0000s ]
SQL: SELECT `answer`,`score` FROM `exam_member_answer` WHERE `userid` = '44' AND `type` <> 2 AND `qid` = 17 LIMIT 1   [ RunTime:0.0000s ]
SQL: SELECT `answer`,`score` FROM `exam_member_answer` WHERE `userid` = '44' AND `type` <> 2 AND `qid` = 18 LIMIT 1   [ RunTime:0.0000s ]
SQL: SELECT `answer`,`score` FROM `exam_member_answer` WHERE `userid` = '44' AND `type` <> 2 AND `qid` = 19 LIMIT 1   [ RunTime:0.0010s ]
SQL: SELECT `answer`,`score` FROM `exam_member_answer` WHERE `userid` = '44' AND `type` <> 2 AND `qid` = 20 LIMIT 1   [ RunTime:0.0000s ]
SQL: SELECT `answer`,`score` FROM `exam_member_answer` WHERE `userid` = '44' AND `type` <> 2 AND `qid` = 21 LIMIT 1   [ RunTime:0.0000s ]
SQL: SELECT `answer`,`score` FROM `exam_member_answer` WHERE `userid` = '44' AND `type` <> 2 AND `qid` = 22 LIMIT 1   [ RunTime:0.0000s ]
SQL: SELECT `answer`,`score` FROM `exam_member_answer` WHERE `userid` = '44' AND `type` <> 2 AND `qid` = 23 LIMIT 1   [ RunTime:0.0010s ]
SQL: SELECT `answer`,`score` FROM `exam_member_answer` WHERE `userid` = '44' AND `type` <> 2 AND `qid` = 24 LIMIT 1   [ RunTime:0.0010s ]
SQL: SELECT `answer`,`score` FROM `exam_member_answer` WHERE `userid` = '44' AND `type` <> 2 AND `qid` = 26 LIMIT 1   [ RunTime:0.0000s ]
SQL: SELECT `answer`,`score` FROM `exam_member_answer` WHERE `userid` = '44' AND `type` <> 2 AND `qid` = 28 LIMIT 1   [ RunTime:0.0000s ]
SQL: SELECT `answer`,`score` FROM `exam_member_answer` WHERE `userid` = '44' AND `type` <> 2 AND `qid` = 29 LIMIT 1   [ RunTime:0.0010s ]
INFO: [ view_parse ] --START--
INFO: [ template_filter ] --START--
INFO: Run Behavior\ContentReplaceBehavior [ RunTime:0.000000s ]
INFO: [ template_filter ] --END-- [ RunTime:0.000000s ]
INFO: Run Behavior\ParseTemplateBehavior [ RunTime:0.013001s ]
INFO: [ view_parse ] --END-- [ RunTime:0.013001s ]
INFO: [ view_filter ] --START--
INFO: Run Behavior\WriteHtmlCacheBehavior [ RunTime:0.000000s ]
INFO: [ view_filter ] --END-- [ RunTime:0.000000s ]
INFO: [ app_end ] --START--
INFO: Run Behavior\ShowPageTraceBehavior [ RunTime:0.001000s ]
INFO: [ app_end ] --END-- [ RunTime:0.001000s ]

[ 2017-03-24T18:41:31+08:00 ] 127.0.0.1 /Home/Index/checkUsername.asp
INFO: [ app_begin ] --START--
INFO: Run Behavior\ReadHtmlCacheBehavior [ RunTime:0.000000s ]
INFO: [ app_begin ] --END-- [ RunTime:0.000000s ]
SQL: SHOW COLUMNS FROM `exam_member` [ RunTime:0.0020s ]
SQL: SELECT * FROM `exam_member` WHERE `name` = '艳艳' LIMIT 1   [ RunTime:0.0000s ]
INFO: [ app_end ] --START--
INFO: Run Behavior\ShowPageTraceBehavior [ RunTime:0.001000s ]
INFO: [ app_end ] --END-- [ RunTime:0.001000s ]

[ 2017-03-24T18:42:15+08:00 ] 127.0.0.1 /Home/Index/checkUsername.asp
INFO: [ app_begin ] --START--
INFO: Run Behavior\ReadHtmlCacheBehavior [ RunTime:0.000000s ]
INFO: [ app_begin ] --END-- [ RunTime:0.000000s ]
SQL: SHOW COLUMNS FROM `exam_member` [ RunTime:0.0030s ]
SQL: SELECT * FROM `exam_member` WHERE `name` = 'yanyan' LIMIT 1   [ RunTime:0.0010s ]
INFO: [ app_end ] --START--
INFO: Run Behavior\ShowPageTraceBehavior [ RunTime:0.000000s ]
INFO: [ app_end ] --END-- [ RunTime:0.001000s ]

[ 2017-03-24T18:52:22+08:00 ] 127.0.0.1 /Home/Index/checkUsername.asp
INFO: [ app_begin ] --START--
INFO: Run Behavior\ReadHtmlCacheBehavior [ RunTime:0.001000s ]
INFO: [ app_begin ] --END-- [ RunTime:0.001000s ]
SQL: SHOW COLUMNS FROM `exam_member` [ RunTime:0.0110s ]
SQL: SELECT * FROM `exam_member` WHERE `name` = 'yanyan' LIMIT 1   [ RunTime:0.0010s ]
INFO: [ app_end ] --START--
INFO: Run Behavior\ShowPageTraceBehavior [ RunTime:0.003000s ]
INFO: [ app_end ] --END-- [ RunTime:0.003000s ]

[ 2017-03-24T18:54:45+08:00 ] 127.0.0.1 /Home/Index/checkUsername.asp
INFO: [ app_begin ] --START--
INFO: Run Behavior\ReadHtmlCacheBehavior [ RunTime:0.001000s ]
INFO: [ app_begin ] --END-- [ RunTime:0.001000s ]
SQL: SHOW COLUMNS FROM `exam_member` [ RunTime:0.0100s ]
SQL: SELECT * FROM `exam_member` WHERE `name` = 'y' LIMIT 1   [ RunTime:0.0010s ]
INFO: [ app_end ] --START--
INFO: Run Behavior\ShowPageTraceBehavior [ RunTime:0.002000s ]
INFO: [ app_end ] --END-- [ RunTime:0.003000s ]

[ 2017-03-24T18:54:46+08:00 ] 127.0.0.1 /Home/Index/checkUsername.asp
INFO: [ app_begin ] --START--
INFO: Run Behavior\ReadHtmlCacheBehavior [ RunTime:0.000000s ]
INFO: [ app_begin ] --END-- [ RunTime:0.000000s ]
SQL: SHOW COLUMNS FROM `exam_member` [ RunTime:0.0040s ]
SQL: SELECT * FROM `exam_member` WHERE `name` = 'yan' LIMIT 1   [ RunTime:0.0000s ]
INFO: [ app_end ] --START--
INFO: Run Behavior\ShowPageTraceBehavior [ RunTime:0.000000s ]
INFO: [ app_end ] --END-- [ RunTime:0.000000s ]

[ 2017-03-24T18:54:47+08:00 ] 127.0.0.1 /Home/Index/checkUsername.asp
INFO: [ app_begin ] --START--
INFO: Run Behavior\ReadHtmlCacheBehavior [ RunTime:0.001000s ]
INFO: [ app_begin ] --END-- [ RunTime:0.001000s ]
SQL: SHOW COLUMNS FROM `exam_member` [ RunTime:0.0050s ]
SQL: SELECT * FROM `exam_member` WHERE `name` = 'yan\'ya' LIMIT 1   [ RunTime:0.0000s ]
INFO: [ app_end ] --START--
INFO: Run Behavior\ShowPageTraceBehavior [ RunTime:0.001000s ]
INFO: [ app_end ] --END-- [ RunTime:0.001000s ]

[ 2017-03-24T18:54:48+08:00 ] 127.0.0.1 /Home/Index/checkUsername.asp
INFO: [ app_begin ] --START--
INFO: Run Behavior\ReadHtmlCacheBehavior [ RunTime:0.001000s ]
INFO: [ app_begin ] --END-- [ RunTime:0.001000s ]
SQL: SHOW COLUMNS FROM `exam_member` [ RunTime:0.0070s ]
SQL: SELECT * FROM `exam_member` WHERE `name` = 'yan\'yan' LIMIT 1   [ RunTime:0.0010s ]
INFO: [ app_end ] --START--
INFO: Run Behavior\ShowPageTraceBehavior [ RunTime:0.001001s ]
INFO: [ app_end ] --END-- [ RunTime:0.002001s ]

[ 2017-03-24T18:54:49+08:00 ] 127.0.0.1 /Home/Index/checkUsername.asp
INFO: [ app_begin ] --START--
INFO: Run Behavior\ReadHtmlCacheBehavior [ RunTime:0.001000s ]
INFO: [ app_begin ] --END-- [ RunTime:0.001000s ]
SQL: SHOW COLUMNS FROM `exam_member` [ RunTime:0.0060s ]
SQL: SELECT * FROM `exam_member` WHERE `name` = 'yanyan' LIMIT 1   [ RunTime:0.0010s ]
INFO: [ app_end ] --START--
INFO: Run Behavior\ShowPageTraceBehavior [ RunTime:0.001000s ]
INFO: [ app_end ] --END-- [ RunTime:0.001000s ]

[ 2017-03-24T18:54:50+08:00 ] 127.0.0.1 /Home/Index/checkUsername.asp
INFO: [ app_begin ] --START--
INFO: Run Behavior\ReadHtmlCacheBehavior [ RunTime:0.000000s ]
INFO: [ app_begin ] --END-- [ RunTime:0.000000s ]
SQL: SHOW COLUMNS FROM `exam_member` [ RunTime:0.0050s ]
SQL: SELECT * FROM `exam_member` WHERE `name` = 'yanyan1' LIMIT 1   [ RunTime:0.0010s ]
INFO: [ app_end ] --START--
INFO: Run Behavior\ShowPageTraceBehavior [ RunTime:0.001000s ]
INFO: [ app_end ] --END-- [ RunTime:0.001000s ]

[ 2017-03-24T18:54:53+08:00 ] 127.0.0.1 /Home/Index/checkUsername.asp
INFO: [ app_begin ] --START--
INFO: Run Behavior\ReadHtmlCacheBehavior [ RunTime:0.000000s ]
INFO: [ app_begin ] --END-- [ RunTime:0.000000s ]
SQL: SHOW COLUMNS FROM `exam_member` [ RunTime:0.0060s ]
SQL: SELECT * FROM `exam_member` WHERE `name` = 'yanyan' LIMIT 1   [ RunTime:0.0000s ]
INFO: [ app_end ] --START--
INFO: Run Behavior\ShowPageTraceBehavior [ RunTime:0.001000s ]
INFO: [ app_end ] --END-- [ RunTime:0.001000s ]

[ 2017-03-24T19:04:55+08:00 ] 127.0.0.1 /Home/Index/checkUsername.asp
INFO: [ app_begin ] --START--
INFO: Run Behavior\ReadHtmlCacheBehavior [ RunTime:0.002001s ]
INFO: [ app_begin ] --END-- [ RunTime:0.002001s ]
SQL: SHOW COLUMNS FROM `exam_member` [ RunTime:0.0080s ]
SQL: SELECT * FROM `exam_member` WHERE `name` = 'yanyan' LIMIT 1   [ RunTime:0.0010s ]
INFO: [ app_end ] --START--
INFO: Run Behavior\ShowPageTraceBehavior [ RunTime:0.002000s ]
INFO: [ app_end ] --END-- [ RunTime:0.002000s ]

[ 2017-03-24T19:08:49+08:00 ] 127.0.0.1 /Home/Index/checkUsername.asp
INFO: [ app_begin ] --START--
INFO: Run Behavior\ReadHtmlCacheBehavior [ RunTime:0.001001s ]
INFO: [ app_begin ] --END-- [ RunTime:0.001001s ]
SQL: SHOW COLUMNS FROM `exam_member` [ RunTime:0.0100s ]
SQL: SELECT * FROM `exam_member` WHERE `name` = 'jack1' LIMIT 1   [ RunTime:0.0010s ]
INFO: [ app_end ] --START--
INFO: Run Behavior\ShowPageTraceBehavior [ RunTime:0.002000s ]
INFO: [ app_end ] --END-- [ RunTime:0.002000s ]

[ 2017-03-24T19:15:22+08:00 ] 127.0.0.1 /Home/Index/checkUsername.asp
INFO: [ app_begin ] --START--
INFO: Run Behavior\ReadHtmlCacheBehavior [ RunTime:0.001000s ]
INFO: [ app_begin ] --END-- [ RunTime:0.001000s ]
SQL: SHOW COLUMNS FROM `exam_member` [ RunTime:0.0100s ]
SQL: SELECT * FROM `exam_member` WHERE `name` = 'yanyan' LIMIT 1   [ RunTime:0.0010s ]
INFO: [ app_end ] --START--
INFO: Run Behavior\ShowPageTraceBehavior [ RunTime:0.002000s ]
INFO: [ app_end ] --END-- [ RunTime:0.002000s ]

[ 2017-03-24T19:15:46+08:00 ] 127.0.0.1 /Home/Index/checkUsername.asp
INFO: [ app_begin ] --START--
INFO: Run Behavior\ReadHtmlCacheBehavior [ RunTime:0.001000s ]
INFO: [ app_begin ] --END-- [ RunTime:0.001000s ]
SQL: SHOW COLUMNS FROM `exam_member` [ RunTime:0.0090s ]
SQL: SELECT * FROM `exam_member` WHERE `name` = '金测试' LIMIT 1   [ RunTime:0.0010s ]
INFO: [ app_end ] --START--
INFO: Run Behavior\ShowPageTraceBehavior [ RunTime:0.002000s ]
INFO: [ app_end ] --END-- [ RunTime:0.002000s ]

[ 2017-03-24T19:16:39+08:00 ] 127.0.0.1 /Home/Index/short_detail.asp
ERR: 1064:You have an error in your SQL syntax; check the manual that corresponds to your MySQL server version for the right syntax to use near ')' at line 1
 [ SQL语句 ] : SELECT `id`,`question`,`type`,`ifImg`,`right_answer` FROM `exam_testshort` WHERE `id` IN () 

[ 2017-03-24T19:17:08+08:00 ] 127.0.0.1 /Home/Index/checkUsername.asp
INFO: [ app_begin ] --START--
INFO: Run Behavior\ReadHtmlCacheBehavior [ RunTime:0.000000s ]
INFO: [ app_begin ] --END-- [ RunTime:0.000000s ]
SQL: SHOW COLUMNS FROM `exam_member` [ RunTime:0.0060s ]
SQL: SELECT * FROM `exam_member` WHERE `name` = '34' LIMIT 1   [ RunTime:0.0000s ]
INFO: [ app_end ] --START--
INFO: Run Behavior\ShowPageTraceBehavior [ RunTime:0.001000s ]
INFO: [ app_end ] --END-- [ RunTime:0.001000s ]

[ 2017-03-24T19:18:08+08:00 ] 127.0.0.1 /Home/Index/short_detail.asp
ERR: 1064:You have an error in your SQL syntax; check the manual that corresponds to your MySQL server version for the right syntax to use near ')' at line 1
 [ SQL语句 ] : SELECT `id`,`question`,`type`,`ifImg`,`right_answer` FROM `exam_testshort` WHERE `id` IN () 

[ 2017-03-24T19:18:54+08:00 ] 127.0.0.1 /Home/Index/short_detail.asp
ERR: 1064:You have an error in your SQL syntax; check the manual that corresponds to your MySQL server version for the right syntax to use near ')' at line 1
 [ SQL语句 ] : SELECT `id`,`question`,`type`,`ifImg`,`right_answer` FROM `exam_testshort` WHERE `id` IN () 

[ 2017-03-24T19:19:03+08:00 ] 127.0.0.1 /Home/Index/checkUsername.asp
INFO: [ app_begin ] --START--
INFO: Run Behavior\ReadHtmlCacheBehavior [ RunTime:0.000000s ]
INFO: [ app_begin ] --END-- [ RunTime:0.000000s ]
SQL: SHOW COLUMNS FROM `exam_member` [ RunTime:0.0100s ]
SQL: SELECT * FROM `exam_member` WHERE `name` = '34' LIMIT 1   [ RunTime:0.0010s ]
INFO: [ app_end ] --START--
INFO: Run Behavior\ShowPageTraceBehavior [ RunTime:0.003001s ]
INFO: [ app_end ] --END-- [ RunTime:0.003001s ]

[ 2017-03-24T19:19:07+08:00 ] 127.0.0.1 /Home/Index/short_detail.asp
ERR: 1064:You have an error in your SQL syntax; check the manual that corresponds to your MySQL server version for the right syntax to use near ')' at line 1
 [ SQL语句 ] : SELECT `id`,`question`,`type`,`ifImg`,`right_answer` FROM `exam_testshort` WHERE `id` IN () 

[ 2017-03-24T19:19:47+08:00 ] 127.0.0.1 /Home/Index/checkUsername.asp
INFO: [ app_begin ] --START--
INFO: Run Behavior\ReadHtmlCacheBehavior [ RunTime:0.000000s ]
INFO: [ app_begin ] --END-- [ RunTime:0.000000s ]
SQL: SHOW COLUMNS FROM `exam_member` [ RunTime:0.0090s ]
SQL: SELECT * FROM `exam_member` WHERE `name` = '34' LIMIT 1   [ RunTime:0.0020s ]
INFO: [ app_end ] --START--
INFO: Run Behavior\ShowPageTraceBehavior [ RunTime:0.002000s ]
INFO: [ app_end ] --END-- [ RunTime:0.002000s ]

[ 2017-03-24T19:19:52+08:00 ] 127.0.0.1 /Home/Index/short_detail.asp
ERR: 1064:You have an error in your SQL syntax; check the manual that corresponds to your MySQL server version for the right syntax to use near ')' at line 1
 [ SQL语句 ] : SELECT `id`,`question`,`type`,`ifImg`,`right_answer` FROM `exam_testshort` WHERE `id` IN () 

[ 2017-03-24T19:20:29+08:00 ] 127.0.0.1 /Home/Index/short_detail.asp
ERR: 1064:You have an error in your SQL syntax; check the manual that corresponds to your MySQL server version for the right syntax to use near ')' at line 1
 [ SQL语句 ] : SELECT `id`,`question`,`type`,`ifImg`,`right_answer` FROM `exam_testshort` WHERE `id` IN () 

[ 2017-03-24T19:20:36+08:00 ] 127.0.0.1 /Home/Index/checkUsername.asp
INFO: [ app_begin ] --START--
INFO: Run Behavior\ReadHtmlCacheBehavior [ RunTime:0.001000s ]
INFO: [ app_begin ] --END-- [ RunTime:0.001000s ]
SQL: SHOW COLUMNS FROM `exam_member` [ RunTime:0.0090s ]
SQL: SELECT * FROM `exam_member` WHERE `name` = '34' LIMIT 1   [ RunTime:0.0010s ]
INFO: [ app_end ] --START--
INFO: Run Behavior\ShowPageTraceBehavior [ RunTime:0.002000s ]
INFO: [ app_end ] --END-- [ RunTime:0.002000s ]

[ 2017-03-24T19:20:40+08:00 ] 127.0.0.1 /Home/Index/short_detail.asp
ERR: 1064:You have an error in your SQL syntax; check the manual that corresponds to your MySQL server version for the right syntax to use near ')' at line 1
 [ SQL语句 ] : SELECT `id`,`question`,`type`,`ifImg`,`right_answer` FROM `exam_testshort` WHERE `id` IN () 

[ 2017-03-24T19:21:25+08:00 ] 127.0.0.1 /Home/Index/checkUsername.asp
INFO: [ app_begin ] --START--
INFO: Run Behavior\ReadHtmlCacheBehavior [ RunTime:0.000000s ]
INFO: [ app_begin ] --END-- [ RunTime:0.000000s ]
SQL: SHOW COLUMNS FROM `exam_member` [ RunTime:0.0110s ]
SQL: SELECT * FROM `exam_member` WHERE `name` = '金测试' LIMIT 1   [ RunTime:0.0010s ]
INFO: [ app_end ] --START--
INFO: Run Behavior\ShowPageTraceBehavior [ RunTime:0.002000s ]
INFO: [ app_end ] --END-- [ RunTime:0.003000s ]

[ 2017-03-24T19:21:26+08:00 ] 127.0.0.1 /Home/Index/short_detail.asp
ERR: 1064:You have an error in your SQL syntax; check the manual that corresponds to your MySQL server version for the right syntax to use near ')' at line 1
 [ SQL语句 ] : SELECT `id`,`question`,`type`,`ifImg`,`right_answer` FROM `exam_testshort` WHERE `id` IN () 

[ 2017-03-24T19:22:29+08:00 ] 127.0.0.1 /Home/Index/checkUsername.asp
INFO: [ app_begin ] --START--
INFO: Run Behavior\ReadHtmlCacheBehavior [ RunTime:0.001000s ]
INFO: [ app_begin ] --END-- [ RunTime:0.001000s ]
SQL: SHOW COLUMNS FROM `exam_member` [ RunTime:0.0090s ]
SQL: SELECT * FROM `exam_member` WHERE `name` = '金测试' LIMIT 1   [ RunTime:0.0010s ]
INFO: [ app_end ] --START--
INFO: Run Behavior\ShowPageTraceBehavior [ RunTime:0.002000s ]
INFO: [ app_end ] --END-- [ RunTime:0.003000s ]

[ 2017-03-24T19:24:54+08:00 ] 127.0.0.1 /Home/Index/checkUsername.asp
INFO: [ app_begin ] --START--
INFO: Run Behavior\ReadHtmlCacheBehavior [ RunTime:0.000000s ]
INFO: [ app_begin ] --END-- [ RunTime:0.001000s ]
SQL: SHOW COLUMNS FROM `exam_member` [ RunTime:0.0110s ]
SQL: SELECT * FROM `exam_member` WHERE `name` = '金测试' LIMIT 1   [ RunTime:0.0020s ]
INFO: [ app_end ] --START--
INFO: Run Behavior\ShowPageTraceBehavior [ RunTime:0.001000s ]
INFO: [ app_end ] --END-- [ RunTime:0.002000s ]

[ 2017-03-24T19:28:04+08:00 ] 127.0.0.1 /Home/Index/short_detail.asp
ERR: 1064:You have an error in your SQL syntax; check the manual that corresponds to your MySQL server version for the right syntax to use near ')' at line 1
 [ SQL语句 ] : SELECT `id`,`question`,`type`,`ifImg`,`right_answer` FROM `exam_testshort` WHERE `id` IN () 

[ 2017-03-24T19:28:17+08:00 ] 127.0.0.1 /Home/Index/checkUsername.asp
INFO: [ app_begin ] --START--
INFO: Run Behavior\ReadHtmlCacheBehavior [ RunTime:0.001000s ]
INFO: [ app_begin ] --END-- [ RunTime:0.001000s ]
SQL: SHOW COLUMNS FROM `exam_member` [ RunTime:0.0090s ]
SQL: SELECT * FROM `exam_member` WHERE `name` = '金测试' LIMIT 1   [ RunTime:0.0010s ]
INFO: [ app_end ] --START--
INFO: Run Behavior\ShowPageTraceBehavior [ RunTime:0.003000s ]
INFO: [ app_end ] --END-- [ RunTime:0.003000s ]

[ 2017-03-24T19:29:29+08:00 ] 127.0.0.1 /Home/Index/checkUsername.asp
INFO: [ app_begin ] --START--
INFO: Run Behavior\ReadHtmlCacheBehavior [ RunTime:0.000000s ]
INFO: [ app_begin ] --END-- [ RunTime:0.001000s ]
SQL: SHOW COLUMNS FROM `exam_member` [ RunTime:0.0100s ]
SQL: SELECT * FROM `exam_member` WHERE `name` = '金测试' LIMIT 1   [ RunTime:0.0010s ]
INFO: [ app_end ] --START--
INFO: Run Behavior\ShowPageTraceBehavior [ RunTime:0.003000s ]
INFO: [ app_end ] --END-- [ RunTime:0.003000s ]

[ 2017-03-24T19:29:36+08:00 ] 127.0.0.1 /Home/Index/short_detail.asp
ERR: 1064:You have an error in your SQL syntax; check the manual that corresponds to your MySQL server version for the right syntax to use near ')' at line 1
 [ SQL语句 ] : SELECT `id`,`question`,`type`,`ifImg`,`right_answer` FROM `exam_testshort` WHERE `id` IN () 

[ 2017-03-24T19:30:49+08:00 ] 127.0.0.1 /Home/Index/checkUsername.asp
INFO: [ app_begin ] --START--
INFO: Run Behavior\ReadHtmlCacheBehavior [ RunTime:0.000000s ]
INFO: [ app_begin ] --END-- [ RunTime:0.000000s ]
SQL: SHOW COLUMNS FROM `exam_member` [ RunTime:0.0080s ]
SQL: SELECT * FROM `exam_member` WHERE `name` = '金测试' LIMIT 1   [ RunTime:0.0010s ]
INFO: [ app_end ] --START--
INFO: Run Behavior\ShowPageTraceBehavior [ RunTime:0.002000s ]
INFO: [ app_end ] --END-- [ RunTime:0.002000s ]

[ 2017-03-24T19:30:59+08:00 ] 127.0.0.1 /Home/Index/short_detail.asp
ERR: 1064:You have an error in your SQL syntax; check the manual that corresponds to your MySQL server version for the right syntax to use near ')' at line 1
 [ SQL语句 ] : SELECT `id`,`question`,`type`,`ifImg`,`right_answer` FROM `exam_testshort` WHERE `id` IN () 

[ 2017-03-24T19:32:03+08:00 ] 127.0.0.1 /Home/Index/short_detail.asp
ERR: 1064:You have an error in your SQL syntax; check the manual that corresponds to your MySQL server version for the right syntax to use near ')' at line 1
 [ SQL语句 ] : SELECT `id`,`question`,`type`,`ifImg`,`right_answer` FROM `exam_testshort` WHERE `id` IN () 

[ 2017-03-24T19:32:06+08:00 ] 127.0.0.1 /Home/Index/checkUsername.asp
INFO: [ app_begin ] --START--
INFO: Run Behavior\ReadHtmlCacheBehavior [ RunTime:0.000000s ]
INFO: [ app_begin ] --END-- [ RunTime:0.000000s ]
SQL: SHOW COLUMNS FROM `exam_member` [ RunTime:0.0100s ]
SQL: SELECT * FROM `exam_member` WHERE `name` = '金测试' LIMIT 1   [ RunTime:0.0010s ]
INFO: [ app_end ] --START--
INFO: Run Behavior\ShowPageTraceBehavior [ RunTime:0.002000s ]
INFO: [ app_end ] --END-- [ RunTime:0.002000s ]

[ 2017-03-24T19:32:07+08:00 ] 127.0.0.1 /Home/Index/short_detail.asp
ERR: 1064:You have an error in your SQL syntax; check the manual that corresponds to your MySQL server version for the right syntax to use near ')' at line 1
 [ SQL语句 ] : SELECT `id`,`question`,`type`,`ifImg`,`right_answer` FROM `exam_testshort` WHERE `id` IN () 

[ 2017-03-24T19:32:56+08:00 ] 127.0.0.1 /Home/Index/checkUsername.asp
INFO: [ app_begin ] --START--
INFO: Run Behavior\ReadHtmlCacheBehavior [ RunTime:0.003000s ]
INFO: [ app_begin ] --END-- [ RunTime:0.003000s ]
SQL: SHOW COLUMNS FROM `exam_member` [ RunTime:0.0030s ]
SQL: SELECT * FROM `exam_member` WHERE `name` = '金测试' LIMIT 1   [ RunTime:0.0000s ]
INFO: [ app_end ] --START--
INFO: Run Behavior\ShowPageTraceBehavior [ RunTime:0.001000s ]
INFO: [ app_end ] --END-- [ RunTime:0.001000s ]

[ 2017-03-24T19:32:57+08:00 ] 127.0.0.1 /Home/Index/short_detail.asp
ERR: 1064:You have an error in your SQL syntax; check the manual that corresponds to your MySQL server version for the right syntax to use near ')' at line 1
 [ SQL语句 ] : SELECT `id`,`question`,`type`,`ifImg`,`right_answer` FROM `exam_testshort` WHERE `id` IN () 

[ 2017-03-24T19:33:47+08:00 ] 127.0.0.1 /Home/Index/checkUsername.asp
INFO: [ app_begin ] --START--
INFO: Run Behavior\ReadHtmlCacheBehavior [ RunTime:0.000000s ]
INFO: [ app_begin ] --END-- [ RunTime:0.000000s ]
SQL: SHOW COLUMNS FROM `exam_member` [ RunTime:0.0100s ]
SQL: SELECT * FROM `exam_member` WHERE `name` = '金测试' LIMIT 1   [ RunTime:0.0010s ]
INFO: [ app_end ] --START--
INFO: Run Behavior\ShowPageTraceBehavior [ RunTime:0.002000s ]
INFO: [ app_end ] --END-- [ RunTime:0.002000s ]

[ 2017-03-24T19:34:02+08:00 ] 127.0.0.1 /Home/Index/checkUsername.asp
INFO: [ app_begin ] --START--
INFO: Run Behavior\ReadHtmlCacheBehavior [ RunTime:0.000000s ]
INFO: [ app_begin ] --END-- [ RunTime:0.000000s ]
SQL: SHOW COLUMNS FROM `exam_member` [ RunTime:0.0090s ]
SQL: SELECT * FROM `exam_member` WHERE `name` = '金测试' LIMIT 1   [ RunTime:0.0000s ]
INFO: [ app_end ] --START--
INFO: Run Behavior\ShowPageTraceBehavior [ RunTime:0.001000s ]
INFO: [ app_end ] --END-- [ RunTime:0.001000s ]

[ 2017-03-24T19:35:35+08:00 ] 127.0.0.1 /Home/Index/checkUsername.asp
INFO: [ app_begin ] --START--
INFO: Run Behavior\ReadHtmlCacheBehavior [ RunTime:0.001000s ]
INFO: [ app_begin ] --END-- [ RunTime:0.001000s ]
SQL: SHOW COLUMNS FROM `exam_member` [ RunTime:0.0090s ]
SQL: SELECT * FROM `exam_member` WHERE `name` = '金测试' LIMIT 1   [ RunTime:0.0010s ]
INFO: [ app_end ] --START--
INFO: Run Behavior\ShowPageTraceBehavior [ RunTime:0.003000s ]
INFO: [ app_end ] --END-- [ RunTime:0.003000s ]

[ 2017-03-24T19:39:21+08:00 ] 127.0.0.1 /Home/Index/checkUsername.asp
INFO: [ app_begin ] --START--
INFO: Run Behavior\ReadHtmlCacheBehavior [ RunTime:0.001000s ]
INFO: [ app_begin ] --END-- [ RunTime:0.001000s ]
SQL: SHOW COLUMNS FROM `exam_member` [ RunTime:0.0040s ]
SQL: SELECT * FROM `exam_member` WHERE `name` = '金测试' LIMIT 1   [ RunTime:0.0010s ]
INFO: [ app_end ] --START--
INFO: Run Behavior\ShowPageTraceBehavior [ RunTime:0.001000s ]
INFO: [ app_end ] --END-- [ RunTime:0.001000s ]

[ 2017-03-24T19:42:14+08:00 ] 127.0.0.1 /Home/Index/checkUsername.asp
INFO: [ app_begin ] --START--
INFO: Run Behavior\ReadHtmlCacheBehavior [ RunTime:0.001000s ]
INFO: [ app_begin ] --END-- [ RunTime:0.001000s ]
SQL: SHOW COLUMNS FROM `exam_member` [ RunTime:0.0100s ]
SQL: SELECT * FROM `exam_member` WHERE `name` = '金测试' LIMIT 1   [ RunTime:0.0010s ]
INFO: [ app_end ] --START--
INFO: Run Behavior\ShowPageTraceBehavior [ RunTime:0.002000s ]
INFO: [ app_end ] --END-- [ RunTime:0.002000s ]

[ 2017-03-24T19:45:33+08:00 ] 127.0.0.1 /Home/Index/checkUsername.asp
INFO: [ app_begin ] --START--
INFO: Run Behavior\ReadHtmlCacheBehavior [ RunTime:0.001000s ]
INFO: [ app_begin ] --END-- [ RunTime:0.001000s ]
SQL: SHOW COLUMNS FROM `exam_member` [ RunTime:0.0040s ]
SQL: SELECT * FROM `exam_member` WHERE `name` = '金测试' LIMIT 1   [ RunTime:0.0000s ]
INFO: [ app_end ] --START--
INFO: Run Behavior\ShowPageTraceBehavior [ RunTime:0.001000s ]
INFO: [ app_end ] --END-- [ RunTime:0.001000s ]

[ 2017-03-24T19:50:22+08:00 ] 127.0.0.1 /Home/Index/checkUsername.asp
INFO: [ app_begin ] --START--
INFO: Run Behavior\ReadHtmlCacheBehavior [ RunTime:0.000000s ]
INFO: [ app_begin ] --END-- [ RunTime:0.000000s ]
SQL: SHOW COLUMNS FROM `exam_member` [ RunTime:0.0110s ]
SQL: SELECT * FROM `exam_member` WHERE `name` = 'yanyan' LIMIT 1   [ RunTime:0.0010s ]
INFO: [ app_end ] --START--
INFO: Run Behavior\ShowPageTraceBehavior [ RunTime:0.002001s ]
INFO: [ app_end ] --END-- [ RunTime:0.003001s ]

[ 2017-03-24T19:50:38+08:00 ] 127.0.0.1 /Home/Index/checkUsername.asp
INFO: [ app_begin ] --START--
INFO: Run Behavior\ReadHtmlCacheBehavior [ RunTime:0.001000s ]
INFO: [ app_begin ] --END-- [ RunTime:0.001000s ]
SQL: SHOW COLUMNS FROM `exam_member` [ RunTime:0.0100s ]
SQL: SELECT * FROM `exam_member` WHERE `name` = 'yanyan' LIMIT 1   [ RunTime:0.0020s ]
INFO: [ app_end ] --START--
INFO: Run Behavior\ShowPageTraceBehavior [ RunTime:0.002000s ]
INFO: [ app_end ] --END-- [ RunTime:0.002000s ]

