[ 2017-03-23T10:30:08+08:00 ] ::1 /test/index.php/Home/Index/style.css
ERR: 非法操作:style.css

[ 2017-03-23T10:30:27+08:00 ] ::1 /test/index.php/Home/Index/style.css
ERR: 非法操作:style.css

[ 2017-03-23T10:30:30+08:00 ] ::1 /test/index.php/Home/Index/style.css
ERR: 非法操作:style.css

[ 2017-03-23T10:30:32+08:00 ] ::1 /test/index.php/Home/Index/style.css
ERR: 非法操作:style.css

[ 2017-03-23T10:30:35+08:00 ] ::1 /test/index.php/Home/Index/style.css
ERR: 非法操作:style.css

[ 2017-03-23T10:44:35+08:00 ] ::1 /test/index.php/Home/Index/style.css
ERR: 非法操作:style.css

[ 2017-03-23T10:44:37+08:00 ] ::1 /test/index.php/Home/Index/style.css
ERR: 非法操作:style.css

[ 2017-03-23T10:44:41+08:00 ] ::1 /test/index.php/Home/Index/style.css
ERR: 非法操作:style.css

[ 2017-03-23T10:44:55+08:00 ] ::1 /test/index.php/Home/Index/style.css
ERR: 非法操作:style.css

[ 2017-03-23T10:44:57+08:00 ] ::1 /test/index.php/Home/Index/style.css
ERR: 非法操作:style.css

[ 2017-03-23T10:45:05+08:00 ] ::1 /test/index.php/Home/Index/style.css
ERR: 非法操作:style.css

[ 2017-03-23T10:45:11+08:00 ] ::1 /test/index.php/Home/Index/style.css
ERR: 非法操作:style.css

[ 2017-03-23T10:45:19+08:00 ] ::1 /test/index.php/Home/Index/style.css
ERR: 非法操作:style.css

[ 2017-03-23T10:46:37+08:00 ] ::1 /test/index.php/Home/Index/style.css
ERR: 非法操作:style.css

[ 2017-03-23T10:48:07+08:00 ] ::1 /test/index.php/Home/Index/style.css
ERR: 非法操作:style.css

[ 2017-03-23T10:49:18+08:00 ] ::1 /test/index.php/Home/Index/style.css
ERR: 非法操作:style.css

[ 2017-03-23T10:50:15+08:00 ] ::1 /test/index.php/Home/Index/style.css
ERR: 非法操作:style.css

[ 2017-03-23T10:51:08+08:00 ] ::1 /test/index.php/Home/Index/style.css
ERR: 非法操作:style.css

[ 2017-03-23T10:52:41+08:00 ] ::1 /test/index.php/Home/Index/style.css
ERR: 非法操作:style.css

[ 2017-03-23T10:53:43+08:00 ] ::1 /test/index.php/Home/Index/style.css
ERR: 非法操作:style.css

[ 2017-03-23T10:54:18+08:00 ] ::1 /test/index.php/Home/Index/style.css
ERR: 非法操作:style.css

[ 2017-03-23T10:56:29+08:00 ] ::1 /test/index.php/Home/Index/style.css
ERR: 非法操作:style.css

[ 2017-03-23T10:56:32+08:00 ] ::1 /test/index.php/Home/Index/style.css
ERR: 非法操作:style.css

[ 2017-03-23T10:56:44+08:00 ] ::1 /test/index.php/Home/Index/style.css
ERR: 非法操作:style.css

[ 2017-03-23T10:57:04+08:00 ] ::1 /test/index.php/Home/Index/style.css
ERR: 非法操作:style.css

[ 2017-03-23T10:57:21+08:00 ] ::1 /test/index.php/Home/Index/style.css
ERR: 非法操作:style.css

[ 2017-03-23T10:57:51+08:00 ] ::1 /test/index.php/Home/Index/style.css
ERR: 非法操作:style.css

[ 2017-03-23T11:00:23+08:00 ] ::1 /test/index.php/Home/Index/style.css
ERR: 非法操作:style.css

[ 2017-03-23T11:05:26+08:00 ] ::1 /test/index.php/Home/Index/style.css
ERR: 非法操作:style.css

[ 2017-03-23T11:06:04+08:00 ] ::1 /test/index.php/Home/Index/style.css
ERR: 非法操作:style.css

[ 2017-03-23T11:06:22+08:00 ] ::1 /test/index.php/Home/Index/style.css
ERR: 非法操作:style.css

[ 2017-03-23T11:07:09+08:00 ] ::1 /test/index.php/Home/Index/style.css
ERR: 非法操作:style.css

[ 2017-03-23T11:08:40+08:00 ] ::1 /test/index.php/Home/Index/style.css
ERR: 非法操作:style.css

[ 2017-03-23T11:09:20+08:00 ] ::1 /test/index.php/Home/Index/style.css
ERR: 非法操作:style.css

[ 2017-03-23T11:09:51+08:00 ] ::1 /test/index.php/Home/Index/style.css
ERR: 非法操作:style.css

[ 2017-03-23T11:09:57+08:00 ] ::1 /test/index.php/Home/Index/style.css
ERR: 非法操作:style.css

[ 2017-03-23T11:10:04+08:00 ] ::1 /test/index.php/Home/Index/style.css
ERR: 非法操作:style.css

[ 2017-03-23T11:10:50+08:00 ] ::1 /test/index.php/Home/Index/style.css
ERR: 非法操作:style.css

[ 2017-03-23T11:10:54+08:00 ] ::1 /test/index.php/Home/Index/style.css
ERR: 非法操作:style.css

[ 2017-03-23T11:11:21+08:00 ] ::1 /test/index.php/Home/Index/style.css
ERR: 非法操作:style.css

[ 2017-03-23T11:12:04+08:00 ] ::1 /test/index.php/Home/Index/style.css
ERR: 非法操作:style.css

[ 2017-03-23T11:12:18+08:00 ] ::1 /test/index.php/Home/Index/style.css
ERR: 非法操作:style.css

[ 2017-03-23T11:13:33+08:00 ] ::1 /test/index.php/Home/Index/style.css
ERR: 非法操作:style.css

[ 2017-03-23T11:17:12+08:00 ] ::1 /test/index.php/Home/Index/style.css
ERR: 非法操作:style.css

[ 2017-03-23T11:20:29+08:00 ] ::1 /test/index.php/Home/Index/style.css
ERR: 非法操作:style.css

[ 2017-03-23T11:20:44+08:00 ] ::1 /test/index.php/Home/Index/style.css
ERR: 非法操作:style.css

[ 2017-03-23T11:21:13+08:00 ] ::1 /test/index.php/Home/Index/style.css
ERR: 非法操作:style.css

[ 2017-03-23T11:21:34+08:00 ] ::1 /test/index.php/Home/Index/style.css
ERR: 非法操作:style.css

[ 2017-03-23T11:22:30+08:00 ] ::1 /test/index.php/Home/Index/style.css
ERR: 非法操作:style.css

[ 2017-03-23T11:22:58+08:00 ] ::1 /test/index.php/Home/Index/style.css
ERR: 非法操作:style.css

[ 2017-03-23T11:23:25+08:00 ] ::1 /test/index.php/Home/Index/style.css
ERR: 非法操作:style.css

[ 2017-03-23T11:27:57+08:00 ] ::1 /test/index.php/Home/Index/style.css
ERR: 非法操作:style.css

[ 2017-03-23T11:30:19+08:00 ] ::1 /test/index.php/Home/Index/style.css
ERR: 非法操作:style.css

[ 2017-03-23T11:30:33+08:00 ] ::1 /test/index.php/Home/Index/style.css
ERR: 非法操作:style.css

[ 2017-03-23T11:31:06+08:00 ] ::1 /test/index.php/Home/Index/style.css
ERR: 非法操作:style.css

[ 2017-03-23T11:32:37+08:00 ] ::1 /test/index.php/Home/Index/style.css
ERR: 非法操作:style.css

[ 2017-03-23T11:33:00+08:00 ] ::1 /test/index.php/Home/Index/style.css
ERR: 非法操作:style.css

[ 2017-03-23T11:35:56+08:00 ] ::1 /test/index.php/Home/Index/style.css
ERR: 非法操作:style.css

[ 2017-03-23T11:36:22+08:00 ] ::1 /test/index.php/Home/Index/style.css
ERR: 非法操作:style.css

[ 2017-03-23T11:40:26+08:00 ] ::1 /test/index.php/Home/Index/style.css
ERR: 非法操作:style.css

[ 2017-03-23T11:40:37+08:00 ] ::1 /test/index.php/Home/Index/style.css
ERR: 非法操作:style.css

[ 2017-03-23T11:40:42+08:00 ] ::1 /test/index.php/Home/Index/style.css
ERR: 非法操作:style.css

[ 2017-03-23T11:41:25+08:00 ] ::1 /test/index.php/Home/Index/style.css
ERR: 非法操作:style.css

[ 2017-03-23T11:41:47+08:00 ] ::1 /test/index.php/Home/Index/style.css
ERR: 非法操作:style.css

[ 2017-03-23T11:42:47+08:00 ] ::1 /test/index.php/Home/Index/style.css
ERR: 非法操作:style.css

[ 2017-03-23T11:43:15+08:00 ] ::1 /test/index.php/Home/Index/style.css
ERR: 非法操作:style.css

[ 2017-03-23T11:43:45+08:00 ] ::1 /test/index.php/Home/Index/style.css
ERR: 非法操作:style.css

[ 2017-03-23T11:43:51+08:00 ] ::1 /test/index.php/Home/Index/style.css
ERR: 非法操作:style.css

[ 2017-03-23T11:43:57+08:00 ] ::1 /test/index.php/Home/Index/style.css
ERR: 非法操作:style.css

[ 2017-03-23T11:44:54+08:00 ] ::1 /test/index.php/Home/Index/style.css
ERR: 非法操作:style.css

[ 2017-03-23T11:45:03+08:00 ] ::1 /test/index.php/Home/Index/style.css
ERR: 非法操作:style.css

[ 2017-03-23T11:45:10+08:00 ] ::1 /test/index.php/Home/Index/style.css
ERR: 非法操作:style.css

[ 2017-03-23T11:46:58+08:00 ] ::1 /test/index.php/Home/Index/style.css
ERR: 非法操作:style.css

[ 2017-03-23T11:49:39+08:00 ] ::1 /test/index.php/Home/Index/style.css
ERR: 非法操作:style.css

[ 2017-03-23T11:50:34+08:00 ] ::1 /test/index.php/Home/Index/addMember.html
INFO: [ app_begin ] --START--
INFO: Run Behavior\ReadHtmlCacheBehavior [ RunTime:0.002000s ]
INFO: [ app_begin ] --END-- [ RunTime:0.002000s ]
SQL: SHOW COLUMNS FROM `exam_member` [ RunTime:0.0100s ]
SQL: INSERT INTO `exam_member` (`name`,`age`,`tel`,`cometime`,`starttime`,`stoptime`) VALUES ('沈艳艳','23','18736199128','1488729600','1457280000','1488729600') [ RunTime:0.0010s ]

[ 2017-03-23T11:50:37+08:00 ] ::1 /test/index.php/Home/Index/style.css
ERR: 非法操作:style.css

[ 2017-03-23T11:52:39+08:00 ] ::1 /test/index.php/Home/Index/submit_exam.html
INFO: [ app_begin ] --START--
INFO: Run Behavior\ReadHtmlCacheBehavior [ RunTime:0.002000s ]
INFO: [ app_begin ] --END-- [ RunTime:0.002000s ]
SQL: SHOW COLUMNS FROM `exam_test` [ RunTime:0.0040s ]
SQL: SELECT `type`,`right_answer`,`score`,`id` FROM `exam_test` WHERE `id` = 24 LIMIT 1   [ RunTime:0.0000s ]
SQL: SHOW COLUMNS FROM `exam_member_answer` [ RunTime:0.0240s ]
SQL: INSERT INTO `exam_member_answer` (`qid`,`userid`,`type`,`answer`,`score`,`right_answer`) VALUES ('24','25','0','A','0','C') [ RunTime:0.0110s ]
SQL: SELECT `type`,`right_answer`,`score`,`id` FROM `exam_test` WHERE `id` = 22 LIMIT 1   [ RunTime:0.0010s ]
SQL: INSERT INTO `exam_member_answer` (`qid`,`userid`,`type`,`answer`,`score`,`right_answer`) VALUES ('22','25','0','D','0','A') [ RunTime:0.0010s ]
SQL: SELECT `type`,`right_answer`,`score`,`id` FROM `exam_test` WHERE `id` = 1 LIMIT 1   [ RunTime:0.0010s ]
SQL: INSERT INTO `exam_member_answer` (`qid`,`userid`,`type`,`answer`,`score`,`right_answer`) VALUES ('1','25','1','CD','0','AD') [ RunTime:0.0010s ]
SQL: SELECT SUM(score) AS tp_sum FROM `exam_member_answer` WHERE `userid` = '25' LIMIT 1   [ RunTime:0.0010s ]
SQL: SHOW COLUMNS FROM `exam_member` [ RunTime:0.0090s ]
SQL: UPDATE `exam_member` SET `score`='0',`time`='1490241159' WHERE `id` = 25 [ RunTime:0.0010s ]

[ 2017-03-23T11:52:43+08:00 ] ::1 /test/index.php/Home/Index/style.css
ERR: 非法操作:style.css

[ 2017-03-23T11:52:50+08:00 ] ::1 /test/index.php/Home/Index/short_submit_exam.html
INFO: [ app_begin ] --START--
INFO: Run Behavior\ReadHtmlCacheBehavior [ RunTime:0.002000s ]
INFO: [ app_begin ] --END-- [ RunTime:0.002000s ]
SQL: SHOW COLUMNS FROM `exam_testshort` [ RunTime:0.0090s ]
SQL: SELECT `type`,`right_answer`,`score` FROM `exam_testshort` WHERE `id` = 2 LIMIT 1   [ RunTime:0.0010s ]
SQL: SELECT `type`,`right_answer`,`score` FROM `exam_testshort` WHERE `id` = 3 LIMIT 1   [ RunTime:0.0010s ]
SQL: SELECT `type`,`right_answer`,`score` FROM `exam_testshort` WHERE `id` = 1 LIMIT 1   [ RunTime:0.0010s ]
SQL: SELECT `type`,`right_answer`,`score` FROM `exam_testshort` WHERE `id` = 4 LIMIT 1   [ RunTime:0.0010s ]

[ 2017-03-23T11:54:20+08:00 ] ::1 /test/index.php/Home/Index/test_detail/userid/style.css
ERR: 1064:You have an error in your SQL syntax; check the manual that corresponds to your MySQL server version for the right syntax to use near ')' at line 1
 [ SQL语句 ] : SELECT `id`,`question`,`type`,`ifImg`,`a`,`b`,`c`,`d`,`right_answer` FROM `exam_test` WHERE `id` IN () 

[ 2017-03-23T11:54:46+08:00 ] ::1 /test/index.php/Home/Index/style.css
ERR: 非法操作:style.css

[ 2017-03-23T11:55:24+08:00 ] ::1 /test/index.php/Home/Index/addMember.html
INFO: [ app_begin ] --START--
INFO: Run Behavior\ReadHtmlCacheBehavior [ RunTime:0.000000s ]
INFO: [ app_begin ] --END-- [ RunTime:0.001000s ]
SQL: SHOW COLUMNS FROM `exam_member` [ RunTime:0.0100s ]
SQL: INSERT INTO `exam_member` (`name`,`sex`,`age`,`tel`,`cometime`,`starttime`,`stoptime`,`score_short`,`time`) VALUES ('肾炎','1','12','18736199128','1488816000','1457193600','1490889600','0','1490241323') [ RunTime:0.0010s ]

[ 2017-03-23T11:55:26+08:00 ] ::1 /test/index.php/Home/Index/style.css
ERR: 非法操作:style.css

[ 2017-03-23T11:55:34+08:00 ] ::1 /test/index.php/Home/Index/submit_exam.html
INFO: [ app_begin ] --START--
INFO: Run Behavior\ReadHtmlCacheBehavior [ RunTime:0.002000s ]
INFO: [ app_begin ] --END-- [ RunTime:0.002000s ]
SQL: SHOW COLUMNS FROM `exam_test` [ RunTime:0.0050s ]
SQL: SELECT `type`,`right_answer`,`score`,`id` FROM `exam_test` WHERE `id` = 12 LIMIT 1   [ RunTime:0.0000s ]
SQL: SHOW COLUMNS FROM `exam_member_answer` [ RunTime:0.0040s ]
SQL: INSERT INTO `exam_member_answer` (`qid`,`userid`,`type`,`answer`,`score`,`right_answer`) VALUES ('12','26','1','D','4','AD') [ RunTime:0.0000s ]
SQL: SELECT SUM(score) AS tp_sum FROM `exam_member_answer` WHERE `userid` = '26' LIMIT 1   [ RunTime:0.0000s ]
SQL: SHOW COLUMNS FROM `exam_member` [ RunTime:0.0040s ]
SQL: UPDATE `exam_member` SET `score`='4',`time`='1490241334' WHERE `id` = 26 [ RunTime:0.0000s ]

[ 2017-03-23T11:55:37+08:00 ] ::1 /test/index.php/Home/Index/style.css
ERR: 非法操作:style.css

[ 2017-03-23T11:55:40+08:00 ] ::1 /test/index.php/Home/Index/short_submit_exam.html
INFO: [ app_begin ] --START--
INFO: Run Behavior\ReadHtmlCacheBehavior [ RunTime:0.001000s ]
INFO: [ app_begin ] --END-- [ RunTime:0.001000s ]
SQL: SHOW COLUMNS FROM `exam_testshort` [ RunTime:0.0090s ]
SQL: SELECT `type`,`right_answer`,`score` FROM `exam_testshort` WHERE `id` = 4 LIMIT 1   [ RunTime:0.0010s ]
SQL: SELECT `type`,`right_answer`,`score` FROM `exam_testshort` WHERE `id` = 2 LIMIT 1   [ RunTime:0.0010s ]
SQL: SELECT `type`,`right_answer`,`score` FROM `exam_testshort` WHERE `id` = 3 LIMIT 1   [ RunTime:0.0010s ]
SQL: SELECT `type`,`right_answer`,`score` FROM `exam_testshort` WHERE `id` = 1 LIMIT 1   [ RunTime:0.0010s ]
SQL: SHOW COLUMNS FROM `exam_member` [ RunTime:0.0110s ]
SQL: UPDATE `exam_member` SET `score_short`='0',`correct_papers`='0',`time`='1490241340' WHERE `id` = 26 [ RunTime:0.0010s ]

[ 2017-03-23T12:05:55+08:00 ] ::1 /test/index.php/Home/Index/test_detail/userid/style.css
ERR: 1064:You have an error in your SQL syntax; check the manual that corresponds to your MySQL server version for the right syntax to use near ')' at line 1
 [ SQL语句 ] : SELECT `id`,`question`,`type`,`ifImg`,`a`,`b`,`c`,`d`,`right_answer` FROM `exam_test` WHERE `id` IN () 

[ 2017-03-23T13:42:40+08:00 ] ::1 /test/index.php/Home/Index/style.css
ERR: 非法操作:style.css

[ 2017-03-23T13:43:17+08:00 ] ::1 /test/index.php/Home/Index/style.css
ERR: 非法操作:style.css

[ 2017-03-23T13:43:20+08:00 ] ::1 /test/index.php/Home/Index/style.css
ERR: 非法操作:style.css

[ 2017-03-23T13:43:47+08:00 ] ::1 /test/index.php/Home/Index/addMember.html
INFO: [ app_begin ] --START--
INFO: Run Behavior\ReadHtmlCacheBehavior [ RunTime:0.000000s ]
INFO: [ app_begin ] --END-- [ RunTime:0.000000s ]
SQL: SHOW COLUMNS FROM `exam_member` [ RunTime:0.0030s ]
SQL: INSERT INTO `exam_member` (`name`,`sex`,`age`,`tel`,`cometime`,`starttime`,`stoptime`,`score_short`,`time`) VALUES ('jack','0','20','18736199128','1490198400','1489334400','1490112000','0','1490247826') [ RunTime:0.0010s ]

[ 2017-03-23T13:43:48+08:00 ] ::1 /test/index.php/Home/Index/addMember.html
INFO: [ app_begin ] --START--
INFO: Run Behavior\ReadHtmlCacheBehavior [ RunTime:0.000000s ]
INFO: [ app_begin ] --END-- [ RunTime:0.000000s ]
SQL: SHOW COLUMNS FROM `exam_member` [ RunTime:0.0090s ]
SQL: INSERT INTO `exam_member` (`name`,`sex`,`age`,`tel`,`cometime`,`starttime`,`stoptime`,`score_short`,`time`) VALUES ('jack','0','20','18736199128','1490198400','1489334400','1490112000','0','1490247827') [ RunTime:0.0010s ]

[ 2017-03-23T13:43:51+08:00 ] ::1 /test/index.php/Home/Index/style.css
ERR: 非法操作:style.css

[ 2017-03-23T13:44:53+08:00 ] ::1 /test/index.php/Home/Index/submit_exam.html
INFO: [ app_begin ] --START--
INFO: Run Behavior\ReadHtmlCacheBehavior [ RunTime:0.000000s ]
INFO: [ app_begin ] --END-- [ RunTime:0.000000s ]
SQL: SHOW COLUMNS FROM `exam_test` [ RunTime:0.0090s ]
SQL: SELECT `type`,`right_answer`,`score`,`id` FROM `exam_test` WHERE `id` = 10 LIMIT 1   [ RunTime:0.0010s ]
SQL: SHOW COLUMNS FROM `exam_member_answer` [ RunTime:0.0080s ]
SQL: INSERT INTO `exam_member_answer` (`qid`,`userid`,`type`,`answer`,`score`,`right_answer`) VALUES ('10','28','0','A','0','D') [ RunTime:0.0010s ]
SQL: SELECT `type`,`right_answer`,`score`,`id` FROM `exam_test` WHERE `id` = 12 LIMIT 1   [ RunTime:0.0010s ]
SQL: INSERT INTO `exam_member_answer` (`qid`,`userid`,`type`,`answer`,`score`,`right_answer`) VALUES ('12','28','1','ABCD','0','AD') [ RunTime:0.0010s ]
SQL: SELECT `type`,`right_answer`,`score`,`id` FROM `exam_test` WHERE `id` = 1 LIMIT 1   [ RunTime:0.0010s ]
SQL: INSERT INTO `exam_member_answer` (`qid`,`userid`,`type`,`answer`,`score`,`right_answer`) VALUES ('1','28','1','BC','0','AD') [ RunTime:0.0010s ]
SQL: SELECT `type`,`right_answer`,`score`,`id` FROM `exam_test` WHERE `id` = 20 LIMIT 1   [ RunTime:0.0010s ]
SQL: INSERT INTO `exam_member_answer` (`qid`,`userid`,`type`,`answer`,`score`,`right_answer`) VALUES ('20','28','1','D','0','AB') [ RunTime:0.0000s ]
SQL: SELECT `type`,`right_answer`,`score`,`id` FROM `exam_test` WHERE `id` = 26 LIMIT 1   [ RunTime:0.0010s ]
SQL: INSERT INTO `exam_member_answer` (`qid`,`userid`,`type`,`answer`,`score`,`right_answer`) VALUES ('26','28','0','A','0','C') [ RunTime:0.0000s ]
SQL: SELECT `type`,`right_answer`,`score`,`id` FROM `exam_test` WHERE `id` = 19 LIMIT 1   [ RunTime:0.0010s ]
SQL: INSERT INTO `exam_member_answer` (`qid`,`userid`,`type`,`answer`,`score`,`right_answer`) VALUES ('19','28','0','D','0','C') [ RunTime:0.0000s ]
SQL: SELECT `type`,`right_answer`,`score`,`id` FROM `exam_test` WHERE `id` = 21 LIMIT 1   [ RunTime:0.0000s ]
SQL: INSERT INTO `exam_member_answer` (`qid`,`userid`,`type`,`answer`,`score`,`right_answer`) VALUES ('21','28','0','A','3','A') [ RunTime:0.0000s ]
SQL: SELECT `type`,`right_answer`,`score`,`id` FROM `exam_test` WHERE `id` = 27 LIMIT 1   [ RunTime:0.0000s ]
SQL: INSERT INTO `exam_member_answer` (`qid`,`userid`,`type`,`answer`,`score`,`right_answer`) VALUES ('27','28','1','ABCD','4','ABCD') [ RunTime:0.0000s ]
SQL: SELECT `type`,`right_answer`,`score`,`id` FROM `exam_test` WHERE `id` = 4 LIMIT 1   [ RunTime:0.0000s ]
SQL: INSERT INTO `exam_member_answer` (`qid`,`userid`,`type`,`answer`,`score`,`right_answer`) VALUES ('4','28','1','D','0','ABC') [ RunTime:0.0000s ]
SQL: SELECT `type`,`right_answer`,`score`,`id` FROM `exam_test` WHERE `id` = 6 LIMIT 1   [ RunTime:0.0000s ]
SQL: INSERT INTO `exam_member_answer` (`qid`,`userid`,`type`,`answer`,`score`,`right_answer`) VALUES ('6','28','0','A','0','B') [ RunTime:0.0000s ]
SQL: SELECT `type`,`right_answer`,`score`,`id` FROM `exam_test` WHERE `id` = 3 LIMIT 1   [ RunTime:0.0000s ]
SQL: INSERT INTO `exam_member_answer` (`qid`,`userid`,`type`,`answer`,`score`,`right_answer`) VALUES ('3','28','0','B','3','B') [ RunTime:0.0000s ]
SQL: SELECT `type`,`right_answer`,`score`,`id` FROM `exam_test` WHERE `id` = 13 LIMIT 1   [ RunTime:0.0000s ]
SQL: INSERT INTO `exam_member_answer` (`qid`,`userid`,`type`,`answer`,`score`,`right_answer`) VALUES ('13','28','1','ABC','0','AB') [ RunTime:0.0000s ]
SQL: SELECT `type`,`right_answer`,`score`,`id` FROM `exam_test` WHERE `id` = 5 LIMIT 1   [ RunTime:0.0000s ]
SQL: INSERT INTO `exam_member_answer` (`qid`,`userid`,`type`,`answer`,`score`,`right_answer`) VALUES ('5','28','0','D','3','D') [ RunTime:0.0000s ]
SQL: SELECT `type`,`right_answer`,`score`,`id` FROM `exam_test` WHERE `id` = 15 LIMIT 1   [ RunTime:0.0000s ]
SQL: INSERT INTO `exam_member_answer` (`qid`,`userid`,`type`,`answer`,`score`,`right_answer`) VALUES ('15','28','0','A','0','B') [ RunTime:0.0000s ]
SQL: SELECT `type`,`right_answer`,`score`,`id` FROM `exam_test` WHERE `id` = 7 LIMIT 1   [ RunTime:0.0000s ]
SQL: INSERT INTO `exam_member_answer` (`qid`,`userid`,`type`,`answer`,`score`,`right_answer`) VALUES ('7','28','0','B','0','D') [ RunTime:0.0000s ]
SQL: SELECT `type`,`right_answer`,`score`,`id` FROM `exam_test` WHERE `id` = 8 LIMIT 1   [ RunTime:0.0000s ]
SQL: INSERT INTO `exam_member_answer` (`qid`,`userid`,`type`,`answer`,`score`,`right_answer`) VALUES ('8','28','0','A','0','B') [ RunTime:0.0000s ]
SQL: SELECT `type`,`right_answer`,`score`,`id` FROM `exam_test` WHERE `id` = 28 LIMIT 1   [ RunTime:0.0010s ]
SQL: INSERT INTO `exam_member_answer` (`qid`,`userid`,`type`,`answer`,`score`,`right_answer`) VALUES ('28','28','0','A','0','D') [ RunTime:0.0000s ]
SQL: SELECT `type`,`right_answer`,`score`,`id` FROM `exam_test` WHERE `id` = 16 LIMIT 1   [ RunTime:0.0000s ]
SQL: INSERT INTO `exam_member_answer` (`qid`,`userid`,`type`,`answer`,`score`,`right_answer`) VALUES ('16','28','0','B','0','C') [ RunTime:0.0010s ]
SQL: SELECT `type`,`right_answer`,`score`,`id` FROM `exam_test` WHERE `id` = 18 LIMIT 1   [ RunTime:0.0000s ]
SQL: INSERT INTO `exam_member_answer` (`qid`,`userid`,`type`,`answer`,`score`,`right_answer`) VALUES ('18','28','0','D','0','B') [ RunTime:0.0000s ]
SQL: SELECT `type`,`right_answer`,`score`,`id` FROM `exam_test` WHERE `id` = 29 LIMIT 1   [ RunTime:0.0000s ]
SQL: INSERT INTO `exam_member_answer` (`qid`,`userid`,`type`,`answer`,`score`,`right_answer`) VALUES ('29','28','0','A','0','C') [ RunTime:0.0000s ]
SQL: SELECT `type`,`right_answer`,`score`,`id` FROM `exam_test` WHERE `id` = 9 LIMIT 1   [ RunTime:0.0010s ]
SQL: INSERT INTO `exam_member_answer` (`qid`,`userid`,`type`,`answer`,`score`,`right_answer`) VALUES ('9','28','0','A','0','C') [ RunTime:0.0000s ]
SQL: SELECT `type`,`right_answer`,`score`,`id` FROM `exam_test` WHERE `id` = 23 LIMIT 1   [ RunTime:0.0000s ]
SQL: INSERT INTO `exam_member_answer` (`qid`,`userid`,`type`,`answer`,`score`,`right_answer`) VALUES ('23','28','0','B','3','B') [ RunTime:0.0010s ]
SQL: SELECT `type`,`right_answer`,`score`,`id` FROM `exam_test` WHERE `id` = 11 LIMIT 1   [ RunTime:0.0000s ]
SQL: INSERT INTO `exam_member_answer` (`qid`,`userid`,`type`,`answer`,`score`,`right_answer`) VALUES ('11','28','0','D','0','A') [ RunTime:0.0000s ]
SQL: SELECT `type`,`right_answer`,`score`,`id` FROM `exam_test` WHERE `id` = 24 LIMIT 1   [ RunTime:0.0010s ]
SQL: INSERT INTO `exam_member_answer` (`qid`,`userid`,`type`,`answer`,`score`,`right_answer`) VALUES ('24','28','0','A','0','C') [ RunTime:0.0000s ]
SQL: SELECT `type`,`right_answer`,`score`,`id` FROM `exam_test` WHERE `id` = 17 LIMIT 1   [ RunTime:0.0010s ]
SQL: INSERT INTO `exam_member_answer` (`qid`,`userid`,`type`,`answer`,`score`,`right_answer`) VALUES ('17','28','1','A','2','AB') [ RunTime:0.0000s ]
SQL: SELECT `type`,`right_answer`,`score`,`id` FROM `exam_test` WHERE `id` = 14 LIMIT 1   [ RunTime:0.0000s ]
SQL: INSERT INTO `exam_member_answer` (`qid`,`userid`,`type`,`answer`,`score`,`right_answer`) VALUES ('14','28','1','A','0','CD') [ RunTime:0.0010s ]
SQL: SELECT `type`,`right_answer`,`score`,`id` FROM `exam_test` WHERE `id` = 25 LIMIT 1   [ RunTime:0.0000s ]
SQL: INSERT INTO `exam_member_answer` (`qid`,`userid`,`type`,`answer`,`score`,`right_answer`) VALUES ('25','28','0','B','3','B') [ RunTime:0.0000s ]
SQL: SELECT `type`,`right_answer`,`score`,`id` FROM `exam_test` WHERE `id` = 2 LIMIT 1   [ RunTime:0.0010s ]
SQL: INSERT INTO `exam_member_answer` (`qid`,`userid`,`type`,`answer`,`score`,`right_answer`) VALUES ('2','28','1','A','2','AB') [ RunTime:0.0000s ]
SQL: SELECT SUM(score) AS tp_sum FROM `exam_member_answer` WHERE `userid` = '28' LIMIT 1   [ RunTime:0.0000s ]
SQL: SHOW COLUMNS FROM `exam_member` [ RunTime:0.0040s ]
SQL: UPDATE `exam_member` SET `score`='23',`time`='1490247893' WHERE `id` = 28 [ RunTime:0.0000s ]

[ 2017-03-23T13:44:55+08:00 ] ::1 /test/index.php/Home/Index/style.css
ERR: 非法操作:style.css

[ 2017-03-23T13:45:10+08:00 ] ::1 /test/index.php/Home/Index/short_submit_exam.html
INFO: [ app_begin ] --START--
INFO: Run Behavior\ReadHtmlCacheBehavior [ RunTime:0.001000s ]
INFO: [ app_begin ] --END-- [ RunTime:0.001000s ]
SQL: SHOW COLUMNS FROM `exam_testshort` [ RunTime:0.0100s ]
SQL: SELECT `type`,`right_answer`,`score` FROM `exam_testshort` WHERE `id` = 2 LIMIT 1   [ RunTime:0.0010s ]
SQL: SELECT `type`,`right_answer`,`score` FROM `exam_testshort` WHERE `id` = 4 LIMIT 1   [ RunTime:0.0010s ]
SQL: SELECT `type`,`right_answer`,`score` FROM `exam_testshort` WHERE `id` = 3 LIMIT 1   [ RunTime:0.0000s ]
SQL: SELECT `type`,`right_answer`,`score` FROM `exam_testshort` WHERE `id` = 1 LIMIT 1   [ RunTime:0.0010s ]
SQL: SHOW COLUMNS FROM `exam_member` [ RunTime:0.0090s ]
SQL: UPDATE `exam_member` SET `score_short`='0',`correct_papers`='0',`time`='1490247910' WHERE `id` = 28 [ RunTime:0.0000s ]

[ 2017-03-23T13:45:17+08:00 ] ::1 /test/index.php/Home/Index/test_detail/userid/style.css
ERR: 1064:You have an error in your SQL syntax; check the manual that corresponds to your MySQL server version for the right syntax to use near ')' at line 1
 [ SQL语句 ] : SELECT `id`,`question`,`type`,`ifImg`,`a`,`b`,`c`,`d`,`right_answer` FROM `exam_test` WHERE `id` IN () 

[ 2017-03-23T13:48:46+08:00 ] ::1 /test/index.php/Home/Index/style.css
ERR: 非法操作:style.css

[ 2017-03-23T13:48:48+08:00 ] ::1 /test/index.php/Home/Index/style.css
ERR: 非法操作:style.css

[ 2017-03-23T13:49:11+08:00 ] ::1 /test/index.php/Home/Index/addMember.html
INFO: [ app_begin ] --START--
INFO: Run Behavior\ReadHtmlCacheBehavior [ RunTime:0.000000s ]
INFO: [ app_begin ] --END-- [ RunTime:0.000000s ]
SQL: SHOW COLUMNS FROM `exam_member` [ RunTime:0.0090s ]
SQL: INSERT INTO `exam_member` (`name`,`sex`,`age`,`tel`,`cometime`,`starttime`,`stoptime`,`score_short`,`time`) VALUES ('jack1','1','12','18736199128','1488643200','1488643200','1490716800','0','1490248150') [ RunTime:0.0010s ]

[ 2017-03-23T13:49:13+08:00 ] ::1 /test/index.php/Home/Index/style.css
ERR: 非法操作:style.css

[ 2017-03-23T13:49:20+08:00 ] ::1 /test/index.php/Home/Index/submit_exam.html
INFO: [ app_begin ] --START--
INFO: Run Behavior\ReadHtmlCacheBehavior [ RunTime:0.000000s ]
INFO: [ app_begin ] --END-- [ RunTime:0.000000s ]
SQL: SHOW COLUMNS FROM `exam_test` [ RunTime:0.0090s ]
SQL: SELECT `type`,`right_answer`,`score`,`id` FROM `exam_test` WHERE `id` = 3 LIMIT 1   [ RunTime:0.0010s ]
SQL: SHOW COLUMNS FROM `exam_member_answer` [ RunTime:0.0080s ]
SQL: INSERT INTO `exam_member_answer` (`qid`,`userid`,`type`,`answer`,`score`,`right_answer`) VALUES ('3','29','0','A','0','B') [ RunTime:0.0010s ]
SQL: SELECT SUM(score) AS tp_sum FROM `exam_member_answer` WHERE `userid` = '29' LIMIT 1   [ RunTime:0.0000s ]
SQL: SHOW COLUMNS FROM `exam_member` [ RunTime:0.0070s ]
SQL: UPDATE `exam_member` SET `score`='0',`time`='1490248160' WHERE `id` = 29 [ RunTime:0.0000s ]

[ 2017-03-23T13:49:23+08:00 ] ::1 /test/index.php/Home/Index/style.css
ERR: 非法操作:style.css

[ 2017-03-23T13:49:32+08:00 ] ::1 /test/index.php/Home/Index/short_submit_exam.html
INFO: [ app_begin ] --START--
INFO: Run Behavior\ReadHtmlCacheBehavior [ RunTime:0.000000s ]
INFO: [ app_begin ] --END-- [ RunTime:0.000000s ]
SQL: SHOW COLUMNS FROM `exam_testshort` [ RunTime:0.0090s ]
SQL: SELECT `type`,`right_answer`,`score` FROM `exam_testshort` WHERE `id` = 2 LIMIT 1   [ RunTime:0.0010s ]
SQL: SELECT `type`,`right_answer`,`score` FROM `exam_testshort` WHERE `id` = 3 LIMIT 1   [ RunTime:0.0010s ]
SQL: SELECT `type`,`right_answer`,`score` FROM `exam_testshort` WHERE `id` = 1 LIMIT 1   [ RunTime:0.0010s ]
SQL: SELECT `type`,`right_answer`,`score` FROM `exam_testshort` WHERE `id` = 4 LIMIT 1   [ RunTime:0.0000s ]
SQL: SHOW COLUMNS FROM `exam_member` [ RunTime:0.0090s ]
SQL: UPDATE `exam_member` SET `score_short`='0',`correct_papers`='0',`time`='1490248172' WHERE `id` = 29 [ RunTime:0.0010s ]

[ 2017-03-23T13:51:08+08:00 ] ::1 /test/index.php/Home/Index/test_detail/userid/style.css
ERR: 1064:You have an error in your SQL syntax; check the manual that corresponds to your MySQL server version for the right syntax to use near ')' at line 1
 [ SQL语句 ] : SELECT `id`,`question`,`type`,`ifImg`,`a`,`b`,`c`,`d`,`right_answer` FROM `exam_test` WHERE `id` IN () 

[ 2017-03-23T13:51:10+08:00 ] ::1 /test/index.php/Home/Index/style.css
ERR: 非法操作:style.css

[ 2017-03-23T13:51:13+08:00 ] ::1 /test/index.php/Home/Index/style.css
ERR: 非法操作:style.css

[ 2017-03-23T13:51:32+08:00 ] ::1 /test/index.php/Home/Index/addMember.html
INFO: [ app_begin ] --START--
INFO: Run Behavior\ReadHtmlCacheBehavior [ RunTime:0.000000s ]
INFO: [ app_begin ] --END-- [ RunTime:0.000000s ]
SQL: SHOW COLUMNS FROM `exam_member` [ RunTime:0.0090s ]
SQL: INSERT INTO `exam_member` (`name`,`sex`,`age`,`tel`,`cometime`,`starttime`,`stoptime`,`score_short`,`time`) VALUES ('jack2','0','12','18736199128','1488643200','1489420800','1490803200','0','1490248291') [ RunTime:0.0010s ]

[ 2017-03-23T13:51:34+08:00 ] ::1 /test/index.php/Home/Index/style.css
ERR: 非法操作:style.css

[ 2017-03-23T13:51:42+08:00 ] ::1 /test/index.php/Home/Index/submit_exam.html
INFO: [ app_begin ] --START--
INFO: Run Behavior\ReadHtmlCacheBehavior [ RunTime:0.001000s ]
INFO: [ app_begin ] --END-- [ RunTime:0.001000s ]
SQL: SHOW COLUMNS FROM `exam_test` [ RunTime:0.0090s ]
SQL: SELECT `type`,`right_answer`,`score`,`id` FROM `exam_test` WHERE `id` = 4 LIMIT 1   [ RunTime:0.0010s ]
SQL: SHOW COLUMNS FROM `exam_member_answer` [ RunTime:0.0090s ]
SQL: INSERT INTO `exam_member_answer` (`qid`,`userid`,`type`,`answer`,`score`,`right_answer`) VALUES ('4','30','1','A','2','ABC') [ RunTime:0.0010s ]
SQL: SELECT SUM(score) AS tp_sum FROM `exam_member_answer` WHERE `userid` = '30' LIMIT 1   [ RunTime:0.0010s ]
SQL: SHOW COLUMNS FROM `exam_member` [ RunTime:0.0090s ]
SQL: UPDATE `exam_member` SET `score`='2',`time`='1490248302' WHERE `id` = 30 [ RunTime:0.0010s ]

[ 2017-03-23T13:51:44+08:00 ] ::1 /test/index.php/Home/Index/style.css
ERR: 非法操作:style.css

[ 2017-03-23T13:51:52+08:00 ] ::1 /test/index.php/Home/Index/short_submit_exam.html
INFO: [ app_begin ] --START--
INFO: Run Behavior\ReadHtmlCacheBehavior [ RunTime:0.001000s ]
INFO: [ app_begin ] --END-- [ RunTime:0.001000s ]
SQL: SHOW COLUMNS FROM `exam_testshort` [ RunTime:0.0090s ]
SQL: SELECT `type`,`right_answer`,`score` FROM `exam_testshort` WHERE `id` = 1 LIMIT 1   [ RunTime:0.0010s ]
SQL: SHOW COLUMNS FROM `exam_member_answer` [ RunTime:0.0080s ]
SQL: INSERT INTO `exam_member_answer` (`userid`,`qid`,`type`,`right_answer`,`answer`,`score`) VALUES ('30','1','2','nindfangisaegnsi ','法国人和田玉不喝酒uvjt53v9u452
                                                ','0') [ RunTime:0.0010s ]
SQL: SELECT `type`,`right_answer`,`score` FROM `exam_testshort` WHERE `id` = 2 LIMIT 1   [ RunTime:0.0010s ]
SQL: INSERT INTO `exam_member_answer` (`userid`,`qid`,`type`,`right_answer`,`answer`,`score`) VALUES ('30','2','2','nindfangisaegnsi        ','
                                                ','0') [ RunTime:0.0010s ]
SQL: SELECT `type`,`right_answer`,`score` FROM `exam_testshort` WHERE `id` = 3 LIMIT 1   [ RunTime:0.0010s ]
SQL: INSERT INTO `exam_member_answer` (`userid`,`qid`,`type`,`right_answer`,`answer`,`score`) VALUES ('30','3','2','nindfangisaegnsi       ','
                                                ','0') [ RunTime:0.0010s ]
SQL: SELECT `type`,`right_answer`,`score` FROM `exam_testshort` WHERE `id` = 4 LIMIT 1   [ RunTime:0.0010s ]
SQL: INSERT INTO `exam_member_answer` (`userid`,`qid`,`type`,`right_answer`,`answer`,`score`) VALUES ('30','4','2','嘟嘟嘟嘟嘟嘟','
                                                ','0') [ RunTime:0.0000s ]
SQL: SHOW COLUMNS FROM `exam_member` [ RunTime:0.0050s ]
SQL: UPDATE `exam_member` SET `score_short`='0',`correct_papers`='0',`time`='1490248312' WHERE `id` = 30 [ RunTime:0.0000s ]

[ 2017-03-23T14:15:57+08:00 ] ::1 /test/index.php/Home/Index/test_detail/userid/style.css
ERR: 1064:You have an error in your SQL syntax; check the manual that corresponds to your MySQL server version for the right syntax to use near ')' at line 1
 [ SQL语句 ] : SELECT `id`,`question`,`type`,`ifImg`,`a`,`b`,`c`,`d`,`right_answer` FROM `exam_test` WHERE `id` IN () 

[ 2017-03-23T14:15:59+08:00 ] ::1 /test/index.php/Home/Index/style.css
ERR: 非法操作:style.css

[ 2017-03-23T14:16:02+08:00 ] ::1 /test/index.php/Home/Index/style.css
ERR: 非法操作:style.css

[ 2017-03-23T14:16:23+08:00 ] ::1 /test/index.php/Home/Index/addMember.html
INFO: [ app_begin ] --START--
INFO: Run Behavior\ReadHtmlCacheBehavior [ RunTime:0.001000s ]
INFO: [ app_begin ] --END-- [ RunTime:0.001000s ]
SQL: SHOW COLUMNS FROM `exam_member` [ RunTime:0.0090s ]
SQL: INSERT INTO `exam_member` (`name`,`sex`,`age`,`tel`,`cometime`,`starttime`,`stoptime`,`score_short`,`time`) VALUES ('jack4','0','20','18736199128','1490198400','1489248000','1490889600','0','1490249782') [ RunTime:0.0010s ]

[ 2017-03-23T14:16:25+08:00 ] ::1 /test/index.php/Home/Index/style.css
ERR: 非法操作:style.css

[ 2017-03-23T14:16:34+08:00 ] ::1 /test/index.php/Home/Index/submit_exam.html
INFO: [ app_begin ] --START--
INFO: Run Behavior\ReadHtmlCacheBehavior [ RunTime:0.001000s ]
INFO: [ app_begin ] --END-- [ RunTime:0.001000s ]
SQL: SHOW COLUMNS FROM `exam_test` [ RunTime:0.0040s ]
SQL: SELECT `type`,`right_answer`,`score`,`id` FROM `exam_test` WHERE `id` = 14 LIMIT 1   [ RunTime:0.0010s ]
SQL: SHOW COLUMNS FROM `exam_member_answer` [ RunTime:0.0040s ]
SQL: INSERT INTO `exam_member_answer` (`qid`,`userid`,`type`,`answer`,`score`,`right_answer`) VALUES ('14','31','1','ABC','0','CD') [ RunTime:0.0000s ]
SQL: SELECT SUM(score) AS tp_sum FROM `exam_member_answer` WHERE `userid` = '31' LIMIT 1   [ RunTime:0.0000s ]
SQL: SHOW COLUMNS FROM `exam_member` [ RunTime:0.0050s ]
SQL: UPDATE `exam_member` SET `score`='0',`time`='1490249794' WHERE `id` = 31 [ RunTime:0.0010s ]

[ 2017-03-23T14:16:36+08:00 ] ::1 /test/index.php/Home/Index/style.css
ERR: 非法操作:style.css

[ 2017-03-23T14:16:45+08:00 ] ::1 /test/index.php/Home/Index/short_submit_exam.html
INFO: [ app_begin ] --START--
INFO: Run Behavior\ReadHtmlCacheBehavior [ RunTime:0.000000s ]
INFO: [ app_begin ] --END-- [ RunTime:0.000000s ]
SQL: SHOW COLUMNS FROM `exam_testshort` [ RunTime:0.0090s ]
SQL: SELECT `type`,`right_answer`,`score` FROM `exam_testshort` WHERE `id` = 2 LIMIT 1   [ RunTime:0.0010s ]
SQL: SHOW COLUMNS FROM `exam_member_answer` [ RunTime:0.0090s ]
SQL: INSERT INTO `exam_member_answer` (`userid`,`qid`,`type`,`right_answer`,`answer`,`score`) VALUES ('31','2','2','nindfangisaegnsi        ','大米饭给哦I
                                                ','0') [ RunTime:0.0010s ]
SQL: SELECT `type`,`right_answer`,`score` FROM `exam_testshort` WHERE `id` = 3 LIMIT 1   [ RunTime:0.0000s ]
SQL: INSERT INTO `exam_member_answer` (`userid`,`qid`,`type`,`right_answer`,`answer`,`score`) VALUES ('31','3','2','nindfangisaegnsi       ','个客套尽管39 
                                                ','0') [ RunTime:0.0010s ]
SQL: SELECT `type`,`right_answer`,`score` FROM `exam_testshort` WHERE `id` = 1 LIMIT 1   [ RunTime:0.0000s ]
SQL: INSERT INTO `exam_member_answer` (`userid`,`qid`,`type`,`right_answer`,`answer`,`score`) VALUES ('31','1','2','nindfangisaegnsi ','
                                                ','0') [ RunTime:0.0010s ]
SQL: SELECT `type`,`right_answer`,`score` FROM `exam_testshort` WHERE `id` = 4 LIMIT 1   [ RunTime:0.0000s ]
SQL: INSERT INTO `exam_member_answer` (`userid`,`qid`,`type`,`right_answer`,`answer`,`score`) VALUES ('31','4','2','嘟嘟嘟嘟嘟嘟','
                                                ','0') [ RunTime:0.0010s ]
SQL: SHOW COLUMNS FROM `exam_member` [ RunTime:0.0080s ]
SQL: UPDATE `exam_member` SET `score_short`='0',`correct_papers`='0',`time`='1490249805' WHERE `id` = 31 [ RunTime:0.0010s ]

[ 2017-03-23T14:26:17+08:00 ] ::1 /test/index.php/Home/Index/style.css
ERR: 非法操作:style.css

[ 2017-03-23T14:26:19+08:00 ] ::1 /test/index.php/Home/Index/style.css
ERR: 非法操作:style.css

[ 2017-03-23T14:26:40+08:00 ] ::1 /test/index.php/Home/Index/addMember.html
INFO: [ app_begin ] --START--
INFO: Run Behavior\ReadHtmlCacheBehavior [ RunTime:0.001000s ]
INFO: [ app_begin ] --END-- [ RunTime:0.001000s ]
SQL: SHOW COLUMNS FROM `exam_member` [ RunTime:0.0090s ]
SQL: INSERT INTO `exam_member` (`name`,`sex`,`age`,`tel`,`cometime`,`starttime`,`stoptime`,`score_short`,`time`) VALUES ('jack2','1','23','18736199128','1488643200','1488902400','1489593600','0','1490250399') [ RunTime:0.0010s ]

[ 2017-03-23T14:26:41+08:00 ] ::1 /test/index.php/Home/Index/addMember.html
INFO: [ app_begin ] --START--
INFO: Run Behavior\ReadHtmlCacheBehavior [ RunTime:0.001000s ]
INFO: [ app_begin ] --END-- [ RunTime:0.001000s ]
SQL: SHOW COLUMNS FROM `exam_member` [ RunTime:0.0080s ]
SQL: INSERT INTO `exam_member` (`name`,`sex`,`age`,`tel`,`cometime`,`starttime`,`stoptime`,`score_short`,`time`) VALUES ('jack2','1','23','18736199128','1488643200','1488902400','1489593600','0','1490250400') [ RunTime:0.0000s ]

[ 2017-03-23T14:26:42+08:00 ] ::1 /test/index.php/Home/Index/addMember.html
INFO: [ app_begin ] --START--
INFO: Run Behavior\ReadHtmlCacheBehavior [ RunTime:0.000000s ]
INFO: [ app_begin ] --END-- [ RunTime:0.000000s ]
SQL: SHOW COLUMNS FROM `exam_member` [ RunTime:0.0060s ]
SQL: INSERT INTO `exam_member` (`name`,`sex`,`age`,`tel`,`cometime`,`starttime`,`stoptime`,`score_short`,`time`) VALUES ('jack2','1','23','18736199128','1488643200','1488902400','1489593600','0','1490250401') [ RunTime:0.0010s ]

[ 2017-03-23T14:26:43+08:00 ] ::1 /test/index.php/Home/Index/addMember.html
INFO: [ app_begin ] --START--
INFO: Run Behavior\ReadHtmlCacheBehavior [ RunTime:0.001001s ]
INFO: [ app_begin ] --END-- [ RunTime:0.001001s ]
SQL: SHOW COLUMNS FROM `exam_member` [ RunTime:0.0070s ]
SQL: INSERT INTO `exam_member` (`name`,`sex`,`age`,`tel`,`cometime`,`starttime`,`stoptime`,`score_short`,`time`) VALUES ('jack2','1','23','18736199128','1488643200','1488902400','1489593600','0','1490250402') [ RunTime:0.0000s ]

[ 2017-03-23T14:26:44+08:00 ] ::1 /test/index.php/Home/Index/addMember.html
INFO: [ app_begin ] --START--
INFO: Run Behavior\ReadHtmlCacheBehavior [ RunTime:0.000000s ]
INFO: [ app_begin ] --END-- [ RunTime:0.000000s ]
SQL: SHOW COLUMNS FROM `exam_member` [ RunTime:0.0050s ]
SQL: INSERT INTO `exam_member` (`name`,`sex`,`age`,`tel`,`cometime`,`starttime`,`stoptime`,`score_short`,`time`) VALUES ('jack2','1','23','18736199128','1488643200','1488902400','1489593600','0','1490250403') [ RunTime:0.0010s ]

[ 2017-03-23T14:26:49+08:00 ] ::1 /test/index.php/Home/Index/style.css
ERR: 非法操作:style.css

[ 2017-03-23T14:32:52+08:00 ] ::1 /test/index.php/Home/Index/style.css
ERR: 非法操作:style.css

[ 2017-03-23T14:32:55+08:00 ] ::1 /test/index.php/Home/Index/style.css
ERR: 非法操作:style.css

[ 2017-03-23T14:33:16+08:00 ] ::1 /test/index.php/Home/Index/addMember.html
INFO: [ app_begin ] --START--
INFO: Run Behavior\ReadHtmlCacheBehavior [ RunTime:0.000000s ]
INFO: [ app_begin ] --END-- [ RunTime:0.000000s ]
SQL: SHOW COLUMNS FROM `exam_member` [ RunTime:0.0100s ]
SQL: INSERT INTO `exam_member` (`name`,`sex`,`age`,`tel`,`cometime`,`starttime`,`stoptime`,`score_short`,`time`) VALUES ('123','0','12','18736199128','1488643200','1489680000','1490630400','0','1490250795') [ RunTime:0.0010s ]

[ 2017-03-23T14:33:19+08:00 ] ::1 /test/index.php/Home/Index/addMember.html
INFO: [ app_begin ] --START--
INFO: Run Behavior\ReadHtmlCacheBehavior [ RunTime:0.000000s ]
INFO: [ app_begin ] --END-- [ RunTime:0.000000s ]
SQL: SHOW COLUMNS FROM `exam_member` [ RunTime:0.0110s ]
SQL: INSERT INTO `exam_member` (`name`,`sex`,`age`,`tel`,`cometime`,`starttime`,`stoptime`,`score_short`,`time`) VALUES ('123','0','12','18736199128','1488643200','1489680000','1490630400','0','1490250798') [ RunTime:0.0010s ]

[ 2017-03-23T14:33:19+08:00 ] ::1 /test/index.php/Home/Index/style.css
ERR: 非法操作:style.css

[ 2017-03-23T14:35:41+08:00 ] ::1 /test/index.php/Home/Index/style.css
ERR: 非法操作:style.css

[ 2017-03-23T14:35:58+08:00 ] ::1 /test/index.php/Home/Index/style.css
ERR: 非法操作:style.css

[ 2017-03-23T14:40:31+08:00 ] ::1 /test/index.php/Home/Index/style.css
ERR: 非法操作:style.css

[ 2017-03-23T14:42:14+08:00 ] ::1 /test/index.php/Home/Index/style.css
ERR: 非法操作:style.css

[ 2017-03-23T14:42:29+08:00 ] ::1 /test/index.php/Home/Index/addMember.html
INFO: [ app_begin ] --START--
INFO: Run Behavior\ReadHtmlCacheBehavior [ RunTime:0.000000s ]
INFO: [ app_begin ] --END-- [ RunTime:0.000000s ]
SQL: SHOW COLUMNS FROM `exam_member` [ RunTime:0.0090s ]
SQL: INSERT INTO `exam_member` (`name`,`sex`,`age`,`tel`,`cometime`,`starttime`,`stoptime`,`score_short`,`time`) VALUES ('35','1','12','18736199128','1488643200','1489248000','1489420800','0','1490251348') [ RunTime:0.0010s ]

[ 2017-03-23T14:42:32+08:00 ] ::1 /test/index.php/Home/Index/addMember.html
INFO: [ app_begin ] --START--
INFO: Run Behavior\ReadHtmlCacheBehavior [ RunTime:0.000000s ]
INFO: [ app_begin ] --END-- [ RunTime:0.000000s ]
SQL: SHOW COLUMNS FROM `exam_member` [ RunTime:0.0100s ]
SQL: INSERT INTO `exam_member` (`name`,`sex`,`age`,`tel`,`cometime`,`starttime`,`stoptime`,`score_short`,`time`) VALUES ('35','1','12','18736199128','1488643200','1489248000','1489420800','0','1490251351') [ RunTime:0.0010s ]

[ 2017-03-23T14:42:32+08:00 ] ::1 /test/index.php/Home/Index/style.css
ERR: 非法操作:style.css

[ 2017-03-23T14:44:32+08:00 ] ::1 /test/index.php/Home/Index/style.css
ERR: 非法操作:style.css

[ 2017-03-23T14:44:54+08:00 ] ::1 /test/index.php/Home/Index/style.css
ERR: 非法操作:style.css

[ 2017-03-23T14:45:17+08:00 ] ::1 /test/index.php/Home/Index/addMember.html
INFO: [ app_begin ] --START--
INFO: Run Behavior\ReadHtmlCacheBehavior [ RunTime:0.001000s ]
INFO: [ app_begin ] --END-- [ RunTime:0.001000s ]
SQL: SHOW COLUMNS FROM `exam_member` [ RunTime:0.0100s ]
SQL: INSERT INTO `exam_member` (`name`,`sex`,`age`,`tel`,`cometime`,`starttime`,`stoptime`,`score_short`,`time`) VALUES ('243','0','23','15978404887','1488816000','1488988800','1490889600','0','1490251516') [ RunTime:0.0010s ]

[ 2017-03-23T14:45:20+08:00 ] ::1 /test/index.php/Home/Index/style.css
ERR: 非法操作:style.css

[ 2017-03-23T14:45:41+08:00 ] ::1 /test/index.php/Home/Index/style.css
ERR: 非法操作:style.css

[ 2017-03-23T14:45:58+08:00 ] ::1 /test/index.php/Home/Index/addMember.html
INFO: [ app_begin ] --START--
INFO: Run Behavior\ReadHtmlCacheBehavior [ RunTime:0.001000s ]
INFO: [ app_begin ] --END-- [ RunTime:0.001000s ]
SQL: SHOW COLUMNS FROM `exam_member` [ RunTime:0.0100s ]
SQL: INSERT INTO `exam_member` (`name`,`age`,`tel`,`cometime`,`starttime`,`stoptime`,`score_short`,`time`) VALUES ('34','34','13978404887','1488643200','1488729600','1488729600','0','1490251557') [ RunTime:0.0010s ]

[ 2017-03-23T14:46:01+08:00 ] ::1 /test/index.php/Home/Index/style.css
ERR: 非法操作:style.css

[ 2017-03-23T14:47:18+08:00 ] ::1 /test/index.php/Home/Index/submit_exam.html
INFO: [ app_begin ] --START--
INFO: Run Behavior\ReadHtmlCacheBehavior [ RunTime:0.001000s ]
INFO: [ app_begin ] --END-- [ RunTime:0.001000s ]
SQL: SHOW COLUMNS FROM `exam_member_answer` [ RunTime:0.0100s ]
SQL: SELECT SUM(score) AS tp_sum FROM `exam_member_answer` WHERE `userid` = '42' LIMIT 1   [ RunTime:0.0010s ]
SQL: SHOW COLUMNS FROM `exam_member` [ RunTime:0.0090s ]
SQL: UPDATE `exam_member` SET `score`=NULL,`time`='1490251638' WHERE `id` = 42 [ RunTime:0.0000s ]

[ 2017-03-23T14:47:23+08:00 ] ::1 /test/index.php/Home/Index/style.css
ERR: 非法操作:style.css

[ 2017-03-23T14:47:52+08:00 ] ::1 /test/index.php/Home/Index/style.css
ERR: 非法操作:style.css

[ 2017-03-23T14:47:55+08:00 ] ::1 /test/index.php/Home/Index/short_submit_exam.html
INFO: [ app_begin ] --START--
INFO: Run Behavior\ReadHtmlCacheBehavior [ RunTime:0.001000s ]
INFO: [ app_begin ] --END-- [ RunTime:0.002000s ]
SQL: SHOW COLUMNS FROM `exam_testshort` [ RunTime:0.0090s ]
SQL: SELECT `type`,`right_answer`,`score` FROM `exam_testshort` WHERE `id` = 4 LIMIT 1   [ RunTime:0.0010s ]
SQL: SHOW COLUMNS FROM `exam_member_answer` [ RunTime:0.0090s ]
SQL: INSERT INTO `exam_member_answer` (`userid`,`qid`,`type`,`right_answer`,`answer`,`score`) VALUES ('42','4','2','嘟嘟嘟嘟嘟嘟','
                                                ','0') [ RunTime:0.0010s ]
SQL: SELECT `type`,`right_answer`,`score` FROM `exam_testshort` WHERE `id` = 1 LIMIT 1   [ RunTime:0.0000s ]
SQL: INSERT INTO `exam_member_answer` (`userid`,`qid`,`type`,`right_answer`,`answer`,`score`) VALUES ('42','1','2','nindfangisaegnsi ','
                                                ','0') [ RunTime:0.0010s ]
SQL: SELECT `type`,`right_answer`,`score` FROM `exam_testshort` WHERE `id` = 3 LIMIT 1   [ RunTime:0.0000s ]
SQL: INSERT INTO `exam_member_answer` (`userid`,`qid`,`type`,`right_answer`,`answer`,`score`) VALUES ('42','3','2','nindfangisaegnsi       ','
                                                ','0') [ RunTime:0.0010s ]
SQL: SELECT `type`,`right_answer`,`score` FROM `exam_testshort` WHERE `id` = 2 LIMIT 1   [ RunTime:0.0010s ]
SQL: INSERT INTO `exam_member_answer` (`userid`,`qid`,`type`,`right_answer`,`answer`,`score`) VALUES ('42','2','2','nindfangisaegnsi        ','
                                                ','0') [ RunTime:0.0010s ]
SQL: SHOW COLUMNS FROM `exam_member` [ RunTime:0.0050s ]
SQL: UPDATE `exam_member` SET `score_short`='0',`correct_papers`='0',`time`='1490251675' WHERE `id` = 42 [ RunTime:0.0000s ]

[ 2017-03-23T14:48:02+08:00 ] ::1 /test/index.php/Home/Index/test_detail/userid/style.css
ERR: 1064:You have an error in your SQL syntax; check the manual that corresponds to your MySQL server version for the right syntax to use near ')' at line 1
 [ SQL语句 ] : SELECT `id`,`question`,`type`,`ifImg`,`a`,`b`,`c`,`d`,`right_answer` FROM `exam_test` WHERE `id` IN () 

[ 2017-03-23T14:49:26+08:00 ] ::1 /test/index.php/Home/Index/test_detail/userid/style.css
ERR: 1064:You have an error in your SQL syntax; check the manual that corresponds to your MySQL server version for the right syntax to use near ')' at line 1
 [ SQL语句 ] : SELECT `id`,`question`,`type`,`ifImg`,`a`,`b`,`c`,`d`,`right_answer` FROM `exam_test` WHERE `id` IN () 

[ 2017-03-23T14:49:41+08:00 ] ::1 /test/index.php/Home/Index/test_detail/userid/style.css
ERR: 1064:You have an error in your SQL syntax; check the manual that corresponds to your MySQL server version for the right syntax to use near ')' at line 1
 [ SQL语句 ] : SELECT `id`,`question`,`type`,`ifImg`,`a`,`b`,`c`,`d`,`right_answer` FROM `exam_test` WHERE `id` IN () 

