[ 2017-03-24T11:21:15+08:00 ] 192.168.67.150 /index.php/Admin/Login/chkAdmin.html
INFO: [ app_begin ] --START--
INFO: Run Behavior\ReadHtmlCacheBehavior [ RunTime:0.000000s ]
INFO: [ app_begin ] --END-- [ RunTime:0.001000s ]
SQL: SHOW COLUMNS FROM `exam_admin` [ RunTime:0.0110s ]
SQL: SELECT * FROM `exam_admin` WHERE `username` = 'admin' LIMIT 1   [ RunTime:0.0010s ]
INFO: [ app_end ] --START--
INFO: Run Behavior\ShowPageTraceBehavior [ RunTime:0.002000s ]
INFO: [ app_end ] --END-- [ RunTime:0.002000s ]

[ 2017-03-24T11:21:19+08:00 ] 192.168.67.150 /index.php/Admin/Login/chkVerify.html
INFO: [ app_begin ] --START--
INFO: Run Behavior\ReadHtmlCacheBehavior [ RunTime:0.000000s ]
INFO: [ app_begin ] --END-- [ RunTime:0.001000s ]
INFO: [ app_end ] --START--
INFO: Run Behavior\ShowPageTraceBehavior [ RunTime:0.000000s ]
INFO: [ app_end ] --END-- [ RunTime:0.001000s ]

[ 2017-03-24T11:21:20+08:00 ] 192.168.67.150 /index.php/Admin/Login/login.html
INFO: [ app_begin ] --START--
INFO: Run Behavior\ReadHtmlCacheBehavior [ RunTime:0.000000s ]
INFO: [ app_begin ] --END-- [ RunTime:0.000000s ]
SQL: SHOW COLUMNS FROM `exam_admin` [ RunTime:0.0090s ]
NOTIC: [8] Undefined index: validate F:\WWW\test\ThinkPHP\Library\Think\Model.class.php 第 1185 行.
SQL: SELECT * FROM `exam_admin` WHERE `username` = 'admin' LIMIT 1   [ RunTime:0.0010s ]
SQL: SELECT * FROM `exam_admin` WHERE `username` = 'admin' AND `password` = '21232f297a57a5a743894a0e4a801fc3' LIMIT 1   [ RunTime:0.0010s ]
SQL: UPDATE `exam_admin` SET `online`='1',`lastlogin`='1490325680',`lastip`='192.168.67.150' WHERE `id` = 1 [ RunTime:0.0480s ]

[ 2017-03-24T11:21:21+08:00 ] 192.168.67.150 /index.php/Admin/Login/login.html
INFO: [ app_begin ] --START--
INFO: Run Behavior\ReadHtmlCacheBehavior [ RunTime:0.000000s ]
INFO: [ app_begin ] --END-- [ RunTime:0.000000s ]
SQL: SHOW COLUMNS FROM `exam_admin` [ RunTime:0.0100s ]
NOTIC: [8] Undefined index: validate F:\WWW\test\ThinkPHP\Library\Think\Model.class.php 第 1185 行.
SQL: SELECT * FROM `exam_admin` WHERE `username` = 'admin' LIMIT 1   [ RunTime:0.0010s ]
SQL: SELECT * FROM `exam_admin` WHERE `username` = 'admin' AND `password` = '21232f297a57a5a743894a0e4a801fc3' LIMIT 1   [ RunTime:0.0010s ]
SQL: UPDATE `exam_admin` SET `online`='1',`lastlogin`='1490325681',`lastip`='192.168.67.150' WHERE `id` = 1 [ RunTime:0.0370s ]

[ 2017-03-24T11:21:23+08:00 ] 192.168.67.150 /index.php/Admin/Index/getGoodsTop.html
INFO: [ app_begin ] --START--
INFO: Run Behavior\ReadHtmlCacheBehavior [ RunTime:0.001000s ]
INFO: [ app_begin ] --END-- [ RunTime:0.001000s ]
ERR: 非法操作:getGoodsTop

[ 2017-03-24T13:00:03+08:00 ] 127.0.0.1 /index.php/Admin/Login/chkAdmin.html
INFO: [ app_begin ] --START--
INFO: Run Behavior\ReadHtmlCacheBehavior [ RunTime:0.001000s ]
INFO: [ app_begin ] --END-- [ RunTime:0.001000s ]
SQL: SHOW COLUMNS FROM `exam_admin` [ RunTime:0.0270s ]
SQL: SELECT * FROM `exam_admin` WHERE `username` = 'admin' LIMIT 1   [ RunTime:0.0010s ]
INFO: [ app_end ] --START--
INFO: Run Behavior\ShowPageTraceBehavior [ RunTime:0.000000s ]
INFO: [ app_end ] --END-- [ RunTime:0.000000s ]

[ 2017-03-24T13:00:08+08:00 ] 127.0.0.1 /index.php/Admin/Login/chkVerify.html
INFO: [ app_begin ] --START--
INFO: Run Behavior\ReadHtmlCacheBehavior [ RunTime:0.002000s ]
INFO: [ app_begin ] --END-- [ RunTime:0.002000s ]
INFO: [ app_end ] --START--
INFO: Run Behavior\ShowPageTraceBehavior [ RunTime:0.001000s ]
INFO: [ app_end ] --END-- [ RunTime:0.001000s ]

[ 2017-03-24T13:00:10+08:00 ] 127.0.0.1 /index.php/Admin/Login/login.html
INFO: [ app_begin ] --START--
INFO: Run Behavior\ReadHtmlCacheBehavior [ RunTime:0.002000s ]
INFO: [ app_begin ] --END-- [ RunTime:0.002000s ]
SQL: SHOW COLUMNS FROM `exam_admin` [ RunTime:0.0030s ]
NOTIC: [8] Undefined index: validate F:\WWW\test\ThinkPHP\Library\Think\Model.class.php 第 1185 行.
SQL: SELECT * FROM `exam_admin` WHERE `username` = 'admin' LIMIT 1   [ RunTime:0.0000s ]
SQL: SELECT * FROM `exam_admin` WHERE `username` = 'admin' AND `password` = '21232f297a57a5a743894a0e4a801fc3' LIMIT 1   [ RunTime:0.0000s ]
SQL: UPDATE `exam_admin` SET `online`='1',`lastlogin`='1490331610',`lastip`='127.0.0.1' WHERE `id` = 1 [ RunTime:0.0380s ]

[ 2017-03-24T13:00:13+08:00 ] 127.0.0.1 /index.php/Admin/Index/getGoodsTop.html
INFO: [ app_begin ] --START--
INFO: Run Behavior\ReadHtmlCacheBehavior [ RunTime:0.000000s ]
INFO: [ app_begin ] --END-- [ RunTime:0.001000s ]
ERR: 非法操作:getGoodsTop

[ 2017-03-24T13:01:14+08:00 ] ::1 /test/index.php/Admin/Login/chkAdmin.html
INFO: [ app_begin ] --START--
INFO: Run Behavior\ReadHtmlCacheBehavior [ RunTime:0.000000s ]
INFO: [ app_begin ] --END-- [ RunTime:0.001000s ]
SQL: SHOW COLUMNS FROM `exam_admin` [ RunTime:0.0130s ]
SQL: SELECT * FROM `exam_admin` WHERE `username` = 'admin' LIMIT 1   [ RunTime:0.0030s ]
INFO: [ app_end ] --START--
INFO: Run Behavior\ShowPageTraceBehavior [ RunTime:0.001000s ]
INFO: [ app_end ] --END-- [ RunTime:0.001000s ]

[ 2017-03-24T13:01:19+08:00 ] ::1 /test/index.php/Admin/Login/chkVerify.html
INFO: [ app_begin ] --START--
INFO: Run Behavior\ReadHtmlCacheBehavior [ RunTime:0.002000s ]
INFO: [ app_begin ] --END-- [ RunTime:0.002000s ]
INFO: [ app_end ] --START--
INFO: Run Behavior\ShowPageTraceBehavior [ RunTime:0.005001s ]
INFO: [ app_end ] --END-- [ RunTime:0.005001s ]

[ 2017-03-24T13:01:21+08:00 ] ::1 /test/index.php/Admin/Login/login.html
INFO: [ app_begin ] --START--
INFO: Run Behavior\ReadHtmlCacheBehavior [ RunTime:0.001000s ]
INFO: [ app_begin ] --END-- [ RunTime:0.001000s ]
SQL: SHOW COLUMNS FROM `exam_admin` [ RunTime:0.0030s ]
NOTIC: [8] Undefined index: validate F:\WWW\test\ThinkPHP\Library\Think\Model.class.php 第 1185 行.
SQL: SELECT * FROM `exam_admin` WHERE `username` = 'admin' LIMIT 1   [ RunTime:0.0000s ]
SQL: SELECT * FROM `exam_admin` WHERE `username` = 'admin' AND `password` = '21232f297a57a5a743894a0e4a801fc3' LIMIT 1   [ RunTime:0.0000s ]
SQL: UPDATE `exam_admin` SET `online`='1',`lastlogin`='1490331681',`lastip`='::1' WHERE `id` = 1 [ RunTime:0.0340s ]

[ 2017-03-24T13:01:25+08:00 ] ::1 /test/index.php/Admin/Index/getGoodsTop.html
INFO: [ app_begin ] --START--
INFO: Run Behavior\ReadHtmlCacheBehavior [ RunTime:0.000000s ]
INFO: [ app_begin ] --END-- [ RunTime:0.000000s ]
ERR: 非法操作:getGoodsTop

[ 2017-03-24T13:02:05+08:00 ] ::1 /test/index.php/Admin/Index/getGoodsTop.html
INFO: [ app_begin ] --START--
INFO: Run Behavior\ReadHtmlCacheBehavior [ RunTime:0.000000s ]
INFO: [ app_begin ] --END-- [ RunTime:0.000000s ]
ERR: 非法操作:getGoodsTop

[ 2017-03-24T13:02:12+08:00 ] ::1 /test/index.php/Admin/Index/getGoodsTop.html
INFO: [ app_begin ] --START--
INFO: Run Behavior\ReadHtmlCacheBehavior [ RunTime:0.000000s ]
INFO: [ app_begin ] --END-- [ RunTime:0.000000s ]
ERR: 非法操作:getGoodsTop

[ 2017-03-24T13:06:08+08:00 ] 127.0.0.1 /index.php/Admin/Index/getGoodsTop.html
INFO: [ app_begin ] --START--
INFO: Run Behavior\ReadHtmlCacheBehavior [ RunTime:0.000000s ]
INFO: [ app_begin ] --END-- [ RunTime:0.001000s ]
ERR: 非法操作:getGoodsTop

[ 2017-03-24T13:12:02+08:00 ] 127.0.0.1 /index.php/Admin/Index/getGoodsTop.html
INFO: [ app_begin ] --START--
INFO: Run Behavior\ReadHtmlCacheBehavior [ RunTime:0.001001s ]
INFO: [ app_begin ] --END-- [ RunTime:0.001001s ]
ERR: 非法操作:getGoodsTop

[ 2017-03-24T13:13:43+08:00 ] 127.0.0.1 /index.php/Admin/Test/two_list.html
ERR: Think\Controller:asign方法不存在！

[ 2017-03-24T13:13:44+08:00 ] 127.0.0.1 /index.php/Admin/Test/two_list.html
ERR: Think\Controller:asign方法不存在！

[ 2017-03-24T13:13:46+08:00 ] 127.0.0.1 /index.php/Admin/Test/two_list.html
ERR: Think\Controller:asign方法不存在！

[ 2017-03-24T13:13:47+08:00 ] 127.0.0.1 /index.php/Admin/Test/two_list.html
ERR: Think\Controller:asign方法不存在！

[ 2017-03-24T13:17:52+08:00 ] ::1 /test/index.php/Admin/Index/getGoodsTop.html
INFO: [ app_begin ] --START--
INFO: Run Behavior\ReadHtmlCacheBehavior [ RunTime:0.001000s ]
INFO: [ app_begin ] --END-- [ RunTime:0.001000s ]
ERR: 非法操作:getGoodsTop

[ 2017-03-24T13:23:53+08:00 ] ::1 /test/index.php/Admin/Index/getGoodsTop.html
INFO: [ app_begin ] --START--
INFO: Run Behavior\ReadHtmlCacheBehavior [ RunTime:0.001000s ]
INFO: [ app_begin ] --END-- [ RunTime:0.001000s ]
ERR: 非法操作:getGoodsTop

[ 2017-03-24T13:29:23+08:00 ] ::1 /test/index.php/Admin/Index/getGoodsTop.html
INFO: [ app_begin ] --START--
INFO: Run Behavior\ReadHtmlCacheBehavior [ RunTime:0.001000s ]
INFO: [ app_begin ] --END-- [ RunTime:0.001000s ]
ERR: 非法操作:getGoodsTop

[ 2017-03-24T13:31:28+08:00 ] 127.0.0.1 /index.php/Admin/Index/getGoodsTop.html
INFO: [ app_begin ] --START--
INFO: Run Behavior\ReadHtmlCacheBehavior [ RunTime:0.000000s ]
INFO: [ app_begin ] --END-- [ RunTime:0.000000s ]
ERR: 非法操作:getGoodsTop

[ 2017-03-24T13:33:05+08:00 ] 127.0.0.1 /index.php/Admin/Index/getGoodsTop.html
INFO: [ app_begin ] --START--
INFO: Run Behavior\ReadHtmlCacheBehavior [ RunTime:0.000000s ]
INFO: [ app_begin ] --END-- [ RunTime:0.000000s ]
ERR: 非法操作:getGoodsTop

[ 2017-03-24T13:34:02+08:00 ] 127.0.0.1 /index.php/Admin/Index/getGoodsTop.html
INFO: [ app_begin ] --START--
INFO: Run Behavior\ReadHtmlCacheBehavior [ RunTime:0.000000s ]
INFO: [ app_begin ] --END-- [ RunTime:0.000000s ]
ERR: 非法操作:getGoodsTop

[ 2017-03-24T13:34:54+08:00 ] 127.0.0.1 /index.php/Admin/Index/getGoodsTop.html
INFO: [ app_begin ] --START--
INFO: Run Behavior\ReadHtmlCacheBehavior [ RunTime:0.001000s ]
INFO: [ app_begin ] --END-- [ RunTime:0.001000s ]
ERR: 非法操作:getGoodsTop

[ 2017-03-24T13:35:33+08:00 ] 127.0.0.1 /index.php/Admin/Index/getGoodsTop.html
INFO: [ app_begin ] --START--
INFO: Run Behavior\ReadHtmlCacheBehavior [ RunTime:0.000000s ]
INFO: [ app_begin ] --END-- [ RunTime:0.000000s ]
ERR: 非法操作:getGoodsTop

[ 2017-03-24T13:35:55+08:00 ] 127.0.0.1 /index.php/Admin/Index/getGoodsTop.html
INFO: [ app_begin ] --START--
INFO: Run Behavior\ReadHtmlCacheBehavior [ RunTime:0.000000s ]
INFO: [ app_begin ] --END-- [ RunTime:0.001000s ]
ERR: 非法操作:getGoodsTop

[ 2017-03-24T13:36:09+08:00 ] 127.0.0.1 /index.php/Admin/AdminNav/edit.html
INFO: [ app_begin ] --START--
INFO: Run Behavior\ReadHtmlCacheBehavior [ RunTime:0.001000s ]
INFO: [ app_begin ] --END-- [ RunTime:0.001000s ]
SQL: SHOW COLUMNS FROM `exam_admin_nav` [ RunTime:0.0090s ]
SQL: SELECT * FROM `exam_admin_nav` WHERE `id` = 86 LIMIT 1   [ RunTime:0.0010s ]
SQL: UPDATE `exam_admin_nav` SET `navname`='简答题列表',`navurl`='Admin/Test/short_list' WHERE `id` = 86 [ RunTime:0.0390s ]

[ 2017-03-24T13:36:21+08:00 ] 127.0.0.1 /index.php/Admin/AdminNav/edit.html
INFO: [ app_begin ] --START--
INFO: Run Behavior\ReadHtmlCacheBehavior [ RunTime:0.001000s ]
INFO: [ app_begin ] --END-- [ RunTime:0.001000s ]
SQL: SHOW COLUMNS FROM `exam_admin_nav` [ RunTime:0.0090s ]
SQL: SELECT * FROM `exam_admin_nav` WHERE `id` = 85 LIMIT 1   [ RunTime:0.0010s ]
SQL: UPDATE `exam_admin_nav` SET `navname`='简答题列表（图片）',`navurl`='Admin/Test/short_pic_list' WHERE `id` = 85 [ RunTime:0.0460s ]

[ 2017-03-24T13:36:30+08:00 ] 127.0.0.1 /index.php/Admin/AdminNav/setPriority.html
INFO: [ app_begin ] --START--
INFO: Run Behavior\ReadHtmlCacheBehavior [ RunTime:0.001000s ]
INFO: [ app_begin ] --END-- [ RunTime:0.001000s ]
SQL: SHOW COLUMNS FROM `exam_admin_nav` [ RunTime:0.0100s ]
NOTIC: [8] Undefined index: validate F:\WWW\test\ThinkPHP\Library\Think\Model.class.php 第 1185 行.
NOTIC: [8] Undefined index: auto F:\WWW\test\ThinkPHP\Library\Think\Model.class.php 第 1128 行.
SQL: UPDATE `exam_admin_nav` SET `priority`='1607' WHERE `id` = 85 [ RunTime:0.0470s ]

[ 2017-03-24T13:36:34+08:00 ] 127.0.0.1 /index.php/Admin/AdminNav/setPriority.html
INFO: [ app_begin ] --START--
INFO: Run Behavior\ReadHtmlCacheBehavior [ RunTime:0.001000s ]
INFO: [ app_begin ] --END-- [ RunTime:0.001000s ]
SQL: SHOW COLUMNS FROM `exam_admin_nav` [ RunTime:0.0090s ]
NOTIC: [8] Undefined index: validate F:\WWW\test\ThinkPHP\Library\Think\Model.class.php 第 1185 行.
NOTIC: [8] Undefined index: auto F:\WWW\test\ThinkPHP\Library\Think\Model.class.php 第 1128 行.
SQL: UPDATE `exam_admin_nav` SET `priority`='1606' WHERE `id` = 86 [ RunTime:0.0410s ]

[ 2017-03-24T13:37:01+08:00 ] 127.0.0.1 /index.php/Admin/Admin/loginout.html
INFO: [ app_begin ] --START--
INFO: Run Behavior\ReadHtmlCacheBehavior [ RunTime:0.001000s ]
INFO: [ app_begin ] --END-- [ RunTime:0.001000s ]
SQL: SHOW COLUMNS FROM `exam_admin` [ RunTime:0.0330s ]
SQL: UPDATE `exam_admin` SET `online`='0' WHERE `id` = 1 [ RunTime:0.0310s ]

[ 2017-03-24T13:37:23+08:00 ] 127.0.0.1 /index.php/Admin/Login/chkAdmin.html
INFO: [ app_begin ] --START--
INFO: Run Behavior\ReadHtmlCacheBehavior [ RunTime:0.000000s ]
INFO: [ app_begin ] --END-- [ RunTime:0.001000s ]
SQL: SHOW COLUMNS FROM `exam_admin` [ RunTime:0.0170s ]
SQL: SELECT * FROM `exam_admin` WHERE `username` = '517yy' LIMIT 1   [ RunTime:0.0020s ]
INFO: [ app_end ] --START--
INFO: Run Behavior\ShowPageTraceBehavior [ RunTime:0.000000s ]
INFO: [ app_end ] --END-- [ RunTime:0.001000s ]

[ 2017-03-24T13:38:45+08:00 ] 127.0.0.1 /index.php/Admin/Login/chkAdmin.html
INFO: [ app_begin ] --START--
INFO: Run Behavior\ReadHtmlCacheBehavior [ RunTime:0.000000s ]
INFO: [ app_begin ] --END-- [ RunTime:0.000000s ]
SQL: SHOW COLUMNS FROM `exam_admin` [ RunTime:0.0070s ]
SQL: SELECT * FROM `exam_admin` WHERE `username` = '517xc' LIMIT 1   [ RunTime:0.0000s ]
INFO: [ app_end ] --START--
INFO: Run Behavior\ShowPageTraceBehavior [ RunTime:0.001000s ]
INFO: [ app_end ] --END-- [ RunTime:0.001000s ]

[ 2017-03-24T13:38:56+08:00 ] 127.0.0.1 /index.php/Admin/Login/chkVerify.html
INFO: [ app_begin ] --START--
INFO: Run Behavior\ReadHtmlCacheBehavior [ RunTime:0.000000s ]
INFO: [ app_begin ] --END-- [ RunTime:0.000000s ]
INFO: [ app_end ] --START--
INFO: Run Behavior\ShowPageTraceBehavior [ RunTime:0.001000s ]
INFO: [ app_end ] --END-- [ RunTime:0.001000s ]

[ 2017-03-24T13:38:57+08:00 ] 127.0.0.1 /index.php/Admin/Login/login.html
INFO: [ app_begin ] --START--
INFO: Run Behavior\ReadHtmlCacheBehavior [ RunTime:0.000000s ]
INFO: [ app_begin ] --END-- [ RunTime:0.000000s ]
SQL: SHOW COLUMNS FROM `exam_admin` [ RunTime:0.0060s ]
NOTIC: [8] Undefined index: validate F:\WWW\test\ThinkPHP\Library\Think\Model.class.php 第 1185 行.
SQL: SELECT * FROM `exam_admin` WHERE `username` = '517xc' LIMIT 1   [ RunTime:0.0010s ]
SQL: SELECT * FROM `exam_admin` WHERE `username` = '517xc' AND `password` = 'e10adc3949ba59abbe56e057f20f883e' LIMIT 1   [ RunTime:0.0000s ]

[ 2017-03-24T13:39:14+08:00 ] 127.0.0.1 /index.php/Admin/Login/chkAdmin.html
INFO: [ app_begin ] --START--
INFO: Run Behavior\ReadHtmlCacheBehavior [ RunTime:0.002000s ]
INFO: [ app_begin ] --END-- [ RunTime:0.002000s ]
SQL: SHOW COLUMNS FROM `exam_admin` [ RunTime:0.0080s ]
SQL: SELECT * FROM `exam_admin` WHERE `username` = '517xc' LIMIT 1   [ RunTime:0.0010s ]
INFO: [ app_end ] --START--
INFO: Run Behavior\ShowPageTraceBehavior [ RunTime:0.002000s ]
INFO: [ app_end ] --END-- [ RunTime:0.002000s ]

[ 2017-03-24T13:39:19+08:00 ] 127.0.0.1 /index.php/Admin/Login/chkVerify.html
INFO: [ app_begin ] --START--
INFO: Run Behavior\ReadHtmlCacheBehavior [ RunTime:0.000000s ]
INFO: [ app_begin ] --END-- [ RunTime:0.000000s ]
INFO: [ app_end ] --START--
INFO: Run Behavior\ShowPageTraceBehavior [ RunTime:0.000000s ]
INFO: [ app_end ] --END-- [ RunTime:0.000000s ]

[ 2017-03-24T13:39:20+08:00 ] 127.0.0.1 /index.php/Admin/Login/login.html
INFO: [ app_begin ] --START--
INFO: Run Behavior\ReadHtmlCacheBehavior [ RunTime:0.001000s ]
INFO: [ app_begin ] --END-- [ RunTime:0.001000s ]
SQL: SHOW COLUMNS FROM `exam_admin` [ RunTime:0.0040s ]
NOTIC: [8] Undefined index: validate F:\WWW\test\ThinkPHP\Library\Think\Model.class.php 第 1185 行.
SQL: SELECT * FROM `exam_admin` WHERE `username` = '517xc' LIMIT 1   [ RunTime:0.0010s ]
SQL: SELECT * FROM `exam_admin` WHERE `username` = '517xc' AND `password` = 'e10adc3949ba59abbe56e057f20f883e' LIMIT 1   [ RunTime:0.0000s ]

[ 2017-03-24T13:39:40+08:00 ] 127.0.0.1 /index.php/Admin/Login/chkAdmin.html
INFO: [ app_begin ] --START--
INFO: Run Behavior\ReadHtmlCacheBehavior [ RunTime:0.001000s ]
INFO: [ app_begin ] --END-- [ RunTime:0.001000s ]
SQL: SHOW COLUMNS FROM `exam_admin` [ RunTime:0.0090s ]
SQL: SELECT * FROM `exam_admin` WHERE `username` = '517xc' LIMIT 1   [ RunTime:0.0020s ]
INFO: [ app_end ] --START--
INFO: Run Behavior\ShowPageTraceBehavior [ RunTime:0.002000s ]
INFO: [ app_end ] --END-- [ RunTime:0.002000s ]

[ 2017-03-24T13:39:44+08:00 ] 127.0.0.1 /index.php/Admin/Login/chkVerify.html
INFO: [ app_begin ] --START--
INFO: Run Behavior\ReadHtmlCacheBehavior [ RunTime:0.002000s ]
INFO: [ app_begin ] --END-- [ RunTime:0.002000s ]
INFO: [ app_end ] --START--
INFO: Run Behavior\ShowPageTraceBehavior [ RunTime:0.002000s ]
INFO: [ app_end ] --END-- [ RunTime:0.002000s ]

[ 2017-03-24T13:39:45+08:00 ] 127.0.0.1 /index.php/Admin/Login/login.html
INFO: [ app_begin ] --START--
INFO: Run Behavior\ReadHtmlCacheBehavior [ RunTime:0.001000s ]
INFO: [ app_begin ] --END-- [ RunTime:0.001000s ]
SQL: SHOW COLUMNS FROM `exam_admin` [ RunTime:0.0030s ]
NOTIC: [8] Undefined index: validate F:\WWW\test\ThinkPHP\Library\Think\Model.class.php 第 1185 行.
SQL: SELECT * FROM `exam_admin` WHERE `username` = '517xc' LIMIT 1   [ RunTime:0.0010s ]
SQL: SELECT * FROM `exam_admin` WHERE `username` = '517xc' AND `password` = '21232f297a57a5a743894a0e4a801fc3' LIMIT 1   [ RunTime:0.0010s ]
SQL: UPDATE `exam_admin` SET `online`='1',`lastlogin`='1490333985',`lastip`='127.0.0.1' WHERE `id` = 13 [ RunTime:0.0480s ]

[ 2017-03-24T13:39:48+08:00 ] 127.0.0.1 /index.php/Admin/Index/getGoodsTop.html
INFO: [ app_begin ] --START--
INFO: Run Behavior\ReadHtmlCacheBehavior [ RunTime:0.001000s ]
INFO: [ app_begin ] --END-- [ RunTime:0.001000s ]
ERR: 非法操作:getGoodsTop

[ 2017-03-24T13:39:55+08:00 ] 127.0.0.1 /index.php/Admin/Index/getGoodsTop.html
INFO: [ app_begin ] --START--
INFO: Run Behavior\ReadHtmlCacheBehavior [ RunTime:0.000000s ]
INFO: [ app_begin ] --END-- [ RunTime:0.000000s ]
ERR: 非法操作:getGoodsTop

[ 2017-03-24T13:41:46+08:00 ] 127.0.0.1 /index.php/Admin/Index/getGoodsTop.html
INFO: [ app_begin ] --START--
INFO: Run Behavior\ReadHtmlCacheBehavior [ RunTime:0.001000s ]
INFO: [ app_begin ] --END-- [ RunTime:0.001000s ]
ERR: 非法操作:getGoodsTop

[ 2017-03-24T13:43:04+08:00 ] 127.0.0.1 /index.php/Admin/Index/getGoodsTop.html
INFO: [ app_begin ] --START--
INFO: Run Behavior\ReadHtmlCacheBehavior [ RunTime:0.001001s ]
INFO: [ app_begin ] --END-- [ RunTime:0.001001s ]
ERR: 非法操作:getGoodsTop

[ 2017-03-24T13:43:07+08:00 ] 127.0.0.1 /index.php/Admin/Index/getGoodsTop.html
INFO: [ app_begin ] --START--
INFO: Run Behavior\ReadHtmlCacheBehavior [ RunTime:0.000000s ]
INFO: [ app_begin ] --END-- [ RunTime:0.000000s ]
ERR: 非法操作:getGoodsTop

[ 2017-03-24T13:43:12+08:00 ] 127.0.0.1 /index.php/Admin/Admin/loginout.html
INFO: [ app_begin ] --START--
INFO: Run Behavior\ReadHtmlCacheBehavior [ RunTime:0.001000s ]
INFO: [ app_begin ] --END-- [ RunTime:0.001000s ]
SQL: SHOW COLUMNS FROM `exam_admin` [ RunTime:0.0030s ]
SQL: UPDATE `exam_admin` SET `online`='0' WHERE `id` = 13 [ RunTime:0.0250s ]

[ 2017-03-24T13:43:17+08:00 ] 127.0.0.1 /index.php/Admin/Login/chkAdmin.html
INFO: [ app_begin ] --START--
INFO: Run Behavior\ReadHtmlCacheBehavior [ RunTime:0.001000s ]
INFO: [ app_begin ] --END-- [ RunTime:0.001000s ]
SQL: SHOW COLUMNS FROM `exam_admin` [ RunTime:0.0080s ]
SQL: SELECT * FROM `exam_admin` WHERE `username` = 'admin' LIMIT 1   [ RunTime:0.0020s ]
INFO: [ app_end ] --START--
INFO: Run Behavior\ShowPageTraceBehavior [ RunTime:0.002000s ]
INFO: [ app_end ] --END-- [ RunTime:0.002000s ]

[ 2017-03-24T13:43:21+08:00 ] 127.0.0.1 /index.php/Admin/Login/chkVerify.html
INFO: [ app_begin ] --START--
INFO: Run Behavior\ReadHtmlCacheBehavior [ RunTime:0.001000s ]
INFO: [ app_begin ] --END-- [ RunTime:0.001000s ]
INFO: [ app_end ] --START--
INFO: Run Behavior\ShowPageTraceBehavior [ RunTime:0.001000s ]
INFO: [ app_end ] --END-- [ RunTime:0.001000s ]

[ 2017-03-24T13:43:24+08:00 ] 127.0.0.1 /index.php/Admin/Login/chkVerify.html
INFO: [ app_begin ] --START--
INFO: Run Behavior\ReadHtmlCacheBehavior [ RunTime:0.001000s ]
INFO: [ app_begin ] --END-- [ RunTime:0.001000s ]
INFO: [ app_end ] --START--
INFO: Run Behavior\ShowPageTraceBehavior [ RunTime:0.002000s ]
INFO: [ app_end ] --END-- [ RunTime:0.003000s ]

[ 2017-03-24T13:43:24+08:00 ] 127.0.0.1 /index.php/Admin/Login/chkVerify.html
INFO: [ app_begin ] --START--
INFO: Run Behavior\ReadHtmlCacheBehavior [ RunTime:0.003000s ]
INFO: [ app_begin ] --END-- [ RunTime:0.003000s ]
INFO: [ app_end ] --START--
INFO: Run Behavior\ShowPageTraceBehavior [ RunTime:0.001000s ]
INFO: [ app_end ] --END-- [ RunTime:0.001000s ]

[ 2017-03-24T13:43:26+08:00 ] 127.0.0.1 /index.php/Admin/Login/login.html
INFO: [ app_begin ] --START--
INFO: Run Behavior\ReadHtmlCacheBehavior [ RunTime:0.003000s ]
INFO: [ app_begin ] --END-- [ RunTime:0.003000s ]
SQL: SHOW COLUMNS FROM `exam_admin` [ RunTime:0.0080s ]
NOTIC: [8] Undefined index: validate F:\WWW\test\ThinkPHP\Library\Think\Model.class.php 第 1185 行.
SQL: SELECT * FROM `exam_admin` WHERE `username` = 'admin' LIMIT 1   [ RunTime:0.0020s ]
SQL: SELECT * FROM `exam_admin` WHERE `username` = 'admin' AND `password` = '21232f297a57a5a743894a0e4a801fc3' LIMIT 1   [ RunTime:0.0020s ]
SQL: UPDATE `exam_admin` SET `online`='1',`lastlogin`='1490334206',`lastip`='127.0.0.1' WHERE `id` = 1 [ RunTime:0.0360s ]

[ 2017-03-24T13:43:30+08:00 ] 127.0.0.1 /index.php/Admin/Index/getGoodsTop.html
INFO: [ app_begin ] --START--
INFO: Run Behavior\ReadHtmlCacheBehavior [ RunTime:0.001000s ]
INFO: [ app_begin ] --END-- [ RunTime:0.001000s ]
ERR: 非法操作:getGoodsTop

[ 2017-03-24T13:45:09+08:00 ] ::1 /test/index.php/Admin/Index/getGoodsTop.html
INFO: [ app_begin ] --START--
INFO: Run Behavior\ReadHtmlCacheBehavior [ RunTime:0.001000s ]
INFO: [ app_begin ] --END-- [ RunTime:0.001000s ]
ERR: 非法操作:getGoodsTop

[ 2017-03-24T13:45:13+08:00 ] ::1 /test/index.php/Admin/Index/getGoodsTop.html
INFO: [ app_begin ] --START--
INFO: Run Behavior\ReadHtmlCacheBehavior [ RunTime:0.000000s ]
INFO: [ app_begin ] --END-- [ RunTime:0.001000s ]
ERR: 非法操作:getGoodsTop

[ 2017-03-24T13:46:35+08:00 ] 127.0.0.1 /index.php/Admin/Login/chkAdmin.html
INFO: [ app_begin ] --START--
INFO: Run Behavior\ReadHtmlCacheBehavior [ RunTime:0.001000s ]
INFO: [ app_begin ] --END-- [ RunTime:0.001000s ]
SQL: SHOW COLUMNS FROM `exam_admin` [ RunTime:0.0090s ]
SQL: SELECT * FROM `exam_admin` WHERE `username` = 'admin' LIMIT 1   [ RunTime:0.0010s ]
INFO: [ app_end ] --START--
INFO: Run Behavior\ShowPageTraceBehavior [ RunTime:0.001000s ]
INFO: [ app_end ] --END-- [ RunTime:0.001000s ]

[ 2017-03-24T13:46:39+08:00 ] 127.0.0.1 /index.php/Admin/Login/chkVerify.html
INFO: [ app_begin ] --START--
INFO: Run Behavior\ReadHtmlCacheBehavior [ RunTime:0.000000s ]
INFO: [ app_begin ] --END-- [ RunTime:0.000000s ]
INFO: [ app_end ] --START--
INFO: Run Behavior\ShowPageTraceBehavior [ RunTime:0.002000s ]
INFO: [ app_end ] --END-- [ RunTime:0.003000s ]

[ 2017-03-24T13:46:40+08:00 ] 127.0.0.1 /index.php/Admin/Login/login.html
INFO: [ app_begin ] --START--
INFO: Run Behavior\ReadHtmlCacheBehavior [ RunTime:0.001000s ]
INFO: [ app_begin ] --END-- [ RunTime:0.001000s ]
SQL: SHOW COLUMNS FROM `exam_admin` [ RunTime:0.0050s ]
NOTIC: [8] Undefined index: validate F:\WWW\test\ThinkPHP\Library\Think\Model.class.php 第 1185 行.
SQL: SELECT * FROM `exam_admin` WHERE `username` = 'admin' LIMIT 1   [ RunTime:0.0010s ]
SQL: SELECT * FROM `exam_admin` WHERE `username` = 'admin' AND `password` = '21232f297a57a5a743894a0e4a801fc3' LIMIT 1   [ RunTime:0.0050s ]
SQL: UPDATE `exam_admin` SET `online`='1',`lastlogin`='1490334400',`lastip`='127.0.0.1' WHERE `id` = 1 [ RunTime:0.0580s ]

[ 2017-03-24T13:46:43+08:00 ] 127.0.0.1 /index.php/Admin/Index/getGoodsTop.html
INFO: [ app_begin ] --START--
INFO: Run Behavior\ReadHtmlCacheBehavior [ RunTime:0.001000s ]
INFO: [ app_begin ] --END-- [ RunTime:0.001000s ]
ERR: 非法操作:getGoodsTop

[ 2017-03-24T13:57:44+08:00 ] 127.0.0.1 /index.php/Admin/Test/updateshow.html
INFO: [ app_begin ] --START--
INFO: Run Behavior\ReadHtmlCacheBehavior [ RunTime:0.001000s ]
INFO: [ app_begin ] --END-- [ RunTime:0.001000s ]
SQL: SHOW COLUMNS FROM `exam_testshort` [ RunTime:0.0100s ]
SQL: SELECT * FROM `exam_testshort` WHERE `id` = 4 LIMIT 1   [ RunTime:0.0010s ]
SQL: UPDATE `exam_testshort` SET `status`='0' WHERE `id` = 4 [ RunTime:0.0010s ]

[ 2017-03-24T13:57:58+08:00 ] 127.0.0.1 /index.php/Admin/Test/updateshow.html
INFO: [ app_begin ] --START--
INFO: Run Behavior\ReadHtmlCacheBehavior [ RunTime:0.001000s ]
INFO: [ app_begin ] --END-- [ RunTime:0.001000s ]
SQL: SHOW COLUMNS FROM `exam_testshort` [ RunTime:0.0090s ]
SQL: SELECT * FROM `exam_testshort` WHERE `id` = 4 LIMIT 1   [ RunTime:0.0010s ]
SQL: UPDATE `exam_testshort` SET `status`='1' WHERE `id` = 4 [ RunTime:0.0010s ]

[ 2017-03-24T13:58:09+08:00 ] 127.0.0.1 /index.php/Admin/Test/updateshow.html
INFO: [ app_begin ] --START--
INFO: Run Behavior\ReadHtmlCacheBehavior [ RunTime:0.001000s ]
INFO: [ app_begin ] --END-- [ RunTime:0.001000s ]
SQL: SHOW COLUMNS FROM `exam_testshort` [ RunTime:0.0020s ]
SQL: SELECT * FROM `exam_testshort` WHERE `id` = 4 LIMIT 1   [ RunTime:0.0000s ]
SQL: UPDATE `exam_testshort` SET `status`='0' WHERE `id` = 4 [ RunTime:0.0000s ]

[ 2017-03-24T13:58:27+08:00 ] 127.0.0.1 /index.php/Admin/Test/updateshow.html
INFO: [ app_begin ] --START--
INFO: Run Behavior\ReadHtmlCacheBehavior [ RunTime:0.000000s ]
INFO: [ app_begin ] --END-- [ RunTime:0.000000s ]
SQL: SHOW COLUMNS FROM `exam_testshort` [ RunTime:0.0090s ]
SQL: SELECT * FROM `exam_testshort` WHERE `id` = 4 LIMIT 1   [ RunTime:0.0010s ]
SQL: UPDATE `exam_testshort` SET `status`='1' WHERE `id` = 4 [ RunTime:0.0010s ]

[ 2017-03-24T14:02:08+08:00 ] 127.0.0.1 /index.php/Admin/Test/updateshow.html
INFO: [ app_begin ] --START--
INFO: Run Behavior\ReadHtmlCacheBehavior [ RunTime:0.000000s ]
INFO: [ app_begin ] --END-- [ RunTime:0.001000s ]
SQL: SHOW COLUMNS FROM `exam_testshort` [ RunTime:0.0100s ]
SQL: SELECT * FROM `exam_testshort` WHERE `id` = 1 LIMIT 1   [ RunTime:0.0010s ]
SQL: UPDATE `exam_testshort` SET `status`='0' WHERE `id` = 1 [ RunTime:0.0010s ]

[ 2017-03-24T14:02:20+08:00 ] 127.0.0.1 /index.php/Admin/Test/updateshow.html
INFO: [ app_begin ] --START--
INFO: Run Behavior\ReadHtmlCacheBehavior [ RunTime:0.001000s ]
INFO: [ app_begin ] --END-- [ RunTime:0.001000s ]
SQL: SHOW COLUMNS FROM `exam_testshort` [ RunTime:0.0090s ]
SQL: SELECT * FROM `exam_testshort` WHERE `id` = 1 LIMIT 1   [ RunTime:0.0010s ]
SQL: UPDATE `exam_testshort` SET `status`='1' WHERE `id` = 1 [ RunTime:0.0010s ]

[ 2017-03-24T14:03:15+08:00 ] 127.0.0.1 /index.php/Admin/Test/updateshow.html
INFO: [ app_begin ] --START--
INFO: Run Behavior\ReadHtmlCacheBehavior [ RunTime:0.001000s ]
INFO: [ app_begin ] --END-- [ RunTime:0.001000s ]
SQL: SHOW COLUMNS FROM `exam_testshort` [ RunTime:0.0080s ]
SQL: SELECT * FROM `exam_testshort` WHERE `id` = 2 LIMIT 1   [ RunTime:0.0010s ]
SQL: UPDATE `exam_testshort` SET `status`='0' WHERE `id` = 2 [ RunTime:0.0010s ]

[ 2017-03-24T14:03:49+08:00 ] 127.0.0.1 /index.php/Admin/Test/updateshow.html
INFO: [ app_begin ] --START--
INFO: Run Behavior\ReadHtmlCacheBehavior [ RunTime:0.001000s ]
INFO: [ app_begin ] --END-- [ RunTime:0.001000s ]
SQL: SHOW COLUMNS FROM `exam_testshort` [ RunTime:0.0090s ]
SQL: SELECT * FROM `exam_testshort` WHERE `id` = 2 LIMIT 1   [ RunTime:0.0010s ]
SQL: UPDATE `exam_testshort` SET `status`='1' WHERE `id` = 2 [ RunTime:0.0010s ]

[ 2017-03-24T14:05:04+08:00 ] 127.0.0.1 /index.php/Admin/AdminNav/edit.html
INFO: [ app_begin ] --START--
INFO: Run Behavior\ReadHtmlCacheBehavior [ RunTime:0.001000s ]
INFO: [ app_begin ] --END-- [ RunTime:0.001000s ]
SQL: SHOW COLUMNS FROM `exam_admin_nav` [ RunTime:0.0090s ]
SQL: SELECT * FROM `exam_admin_nav` WHERE `id` = 85 LIMIT 1   [ RunTime:0.0010s ]
SQL: UPDATE `exam_admin_nav` SET `navname`='简答题列表（图片）',`navurl`='Admin/Test/short_pic_list' WHERE `id` = 85 [ RunTime:0.0520s ]

[ 2017-03-24T14:06:00+08:00 ] 127.0.0.1 /index.php/Admin/Test/updateshow.html
INFO: [ app_begin ] --START--
INFO: Run Behavior\ReadHtmlCacheBehavior [ RunTime:0.000000s ]
INFO: [ app_begin ] --END-- [ RunTime:0.000000s ]
NOTIC: [8] Undefined index: type F:\WWW\test\Application\Admin\Controller\TestController.class.php 第 323 行.
SQL: SHOW COLUMNS FROM `exam_test` [ RunTime:0.0100s ]
SQL: SELECT * FROM `exam_test` WHERE `id` = 27 LIMIT 1   [ RunTime:0.0010s ]
SQL: UPDATE `exam_test` SET `status`='1' WHERE `id` = 27 [ RunTime:0.0000s ]

[ 2017-03-24T14:06:04+08:00 ] 127.0.0.1 /index.php/Admin/Test/updateshow.html
INFO: [ app_begin ] --START--
INFO: Run Behavior\ReadHtmlCacheBehavior [ RunTime:0.001000s ]
INFO: [ app_begin ] --END-- [ RunTime:0.001000s ]
NOTIC: [8] Undefined index: type F:\WWW\test\Application\Admin\Controller\TestController.class.php 第 323 行.
SQL: SHOW COLUMNS FROM `exam_test` [ RunTime:0.0100s ]
SQL: SELECT * FROM `exam_test` WHERE `id` = 27 LIMIT 1   [ RunTime:0.0010s ]
SQL: UPDATE `exam_test` SET `status`='0' WHERE `id` = 27 [ RunTime:0.0000s ]

[ 2017-03-24T14:06:10+08:00 ] 127.0.0.1 /index.php/Admin/Test/updateshow.html
INFO: [ app_begin ] --START--
INFO: Run Behavior\ReadHtmlCacheBehavior [ RunTime:0.001000s ]
INFO: [ app_begin ] --END-- [ RunTime:0.001000s ]
NOTIC: [8] Undefined index: type F:\WWW\test\Application\Admin\Controller\TestController.class.php 第 323 行.
SQL: SHOW COLUMNS FROM `exam_test` [ RunTime:0.0050s ]
SQL: SELECT * FROM `exam_test` WHERE `id` = 14 LIMIT 1   [ RunTime:0.0010s ]
SQL: UPDATE `exam_test` SET `status`='1' WHERE `id` = 14 [ RunTime:0.0000s ]

[ 2017-03-24T14:06:15+08:00 ] 127.0.0.1 /index.php/Admin/Test/updateshow.html
INFO: [ app_begin ] --START--
INFO: Run Behavior\ReadHtmlCacheBehavior [ RunTime:0.001000s ]
INFO: [ app_begin ] --END-- [ RunTime:0.001000s ]
NOTIC: [8] Undefined index: type F:\WWW\test\Application\Admin\Controller\TestController.class.php 第 323 行.
SQL: SHOW COLUMNS FROM `exam_test` [ RunTime:0.0130s ]
SQL: SELECT * FROM `exam_test` WHERE `id` = 13 LIMIT 1   [ RunTime:0.0010s ]
SQL: UPDATE `exam_test` SET `status`='1' WHERE `id` = 13 [ RunTime:0.0010s ]

[ 2017-03-24T14:06:23+08:00 ] 127.0.0.1 /index.php/Admin/Test/updateshow.html
INFO: [ app_begin ] --START--
INFO: Run Behavior\ReadHtmlCacheBehavior [ RunTime:0.001000s ]
INFO: [ app_begin ] --END-- [ RunTime:0.001000s ]
NOTIC: [8] Undefined index: type F:\WWW\test\Application\Admin\Controller\TestController.class.php 第 323 行.
SQL: SHOW COLUMNS FROM `exam_test` [ RunTime:0.0080s ]
SQL: SELECT * FROM `exam_test` WHERE `id` = 27 LIMIT 1   [ RunTime:0.0000s ]
SQL: UPDATE `exam_test` SET `status`='1' WHERE `id` = 27 [ RunTime:0.0000s ]

[ 2017-03-24T14:06:30+08:00 ] 127.0.0.1 /index.php/Admin/Test/updateshow.html
INFO: [ app_begin ] --START--
INFO: Run Behavior\ReadHtmlCacheBehavior [ RunTime:0.001001s ]
INFO: [ app_begin ] --END-- [ RunTime:0.001001s ]
NOTIC: [8] Undefined index: type F:\WWW\test\Application\Admin\Controller\TestController.class.php 第 323 行.
SQL: SHOW COLUMNS FROM `exam_test` [ RunTime:0.0100s ]
SQL: SELECT * FROM `exam_test` WHERE `id` = 27 LIMIT 1   [ RunTime:0.0010s ]
SQL: UPDATE `exam_test` SET `status`='0' WHERE `id` = 27 [ RunTime:0.0010s ]

[ 2017-03-24T14:06:43+08:00 ] 127.0.0.1 /index.php/Admin/Test/updateshow.html
INFO: [ app_begin ] --START--
INFO: Run Behavior\ReadHtmlCacheBehavior [ RunTime:0.002000s ]
INFO: [ app_begin ] --END-- [ RunTime:0.002000s ]
NOTIC: [8] Undefined index: type F:\WWW\test\Application\Admin\Controller\TestController.class.php 第 323 行.
SQL: SHOW COLUMNS FROM `exam_test` [ RunTime:0.0100s ]
SQL: SELECT * FROM `exam_test` WHERE `id` = 27 LIMIT 1   [ RunTime:0.0010s ]
SQL: UPDATE `exam_test` SET `status`='1' WHERE `id` = 27 [ RunTime:0.0010s ]

[ 2017-03-24T14:06:51+08:00 ] 127.0.0.1 /index.php/Admin/Test/updateshow.html
INFO: [ app_begin ] --START--
INFO: Run Behavior\ReadHtmlCacheBehavior [ RunTime:0.001000s ]
INFO: [ app_begin ] --END-- [ RunTime:0.001000s ]
NOTIC: [8] Undefined index: type F:\WWW\test\Application\Admin\Controller\TestController.class.php 第 323 行.
SQL: SHOW COLUMNS FROM `exam_test` [ RunTime:0.0100s ]
SQL: SELECT * FROM `exam_test` WHERE `id` = 27 LIMIT 1   [ RunTime:0.0010s ]
SQL: UPDATE `exam_test` SET `status`='0' WHERE `id` = 27 [ RunTime:0.0010s ]

[ 2017-03-24T14:07:07+08:00 ] 127.0.0.1 /index.php/Admin/Test/updateshow.html
INFO: [ app_begin ] --START--
INFO: Run Behavior\ReadHtmlCacheBehavior [ RunTime:0.001000s ]
INFO: [ app_begin ] --END-- [ RunTime:0.001000s ]
NOTIC: [8] Undefined index: type F:\WWW\test\Application\Admin\Controller\TestController.class.php 第 323 行.
SQL: SHOW COLUMNS FROM `exam_test` [ RunTime:0.0020s ]
SQL: SELECT * FROM `exam_test` WHERE `id` = 27 LIMIT 1   [ RunTime:0.0000s ]
SQL: UPDATE `exam_test` SET `status`='1' WHERE `id` = 27 [ RunTime:0.0000s ]

[ 2017-03-24T14:07:23+08:00 ] 127.0.0.1 /index.php/Admin/Test/updateshow.html
INFO: [ app_begin ] --START--
INFO: Run Behavior\ReadHtmlCacheBehavior [ RunTime:0.001000s ]
INFO: [ app_begin ] --END-- [ RunTime:0.001000s ]
NOTIC: [8] Undefined index: type F:\WWW\test\Application\Admin\Controller\TestController.class.php 第 323 行.
SQL: SHOW COLUMNS FROM `exam_test` [ RunTime:0.0080s ]
SQL: SELECT * FROM `exam_test` WHERE `id` = 20 LIMIT 1   [ RunTime:0.0010s ]
SQL: UPDATE `exam_test` SET `status`='0' WHERE `id` = 20 [ RunTime:0.0010s ]

[ 2017-03-24T14:07:32+08:00 ] 127.0.0.1 /index.php/Admin/Test/updateshow.html
INFO: [ app_begin ] --START--
INFO: Run Behavior\ReadHtmlCacheBehavior [ RunTime:0.001000s ]
INFO: [ app_begin ] --END-- [ RunTime:0.001000s ]
NOTIC: [8] Undefined index: type F:\WWW\test\Application\Admin\Controller\TestController.class.php 第 323 行.
SQL: SHOW COLUMNS FROM `exam_test` [ RunTime:0.0100s ]
SQL: SELECT * FROM `exam_test` WHERE `id` = 17 LIMIT 1   [ RunTime:0.0010s ]
SQL: UPDATE `exam_test` SET `status`='0' WHERE `id` = 17 [ RunTime:0.0010s ]

[ 2017-03-24T14:07:40+08:00 ] 127.0.0.1 /index.php/Admin/Test/updateshow.html
INFO: [ app_begin ] --START--
INFO: Run Behavior\ReadHtmlCacheBehavior [ RunTime:0.001000s ]
INFO: [ app_begin ] --END-- [ RunTime:0.001000s ]
NOTIC: [8] Undefined index: type F:\WWW\test\Application\Admin\Controller\TestController.class.php 第 323 行.
SQL: SHOW COLUMNS FROM `exam_test` [ RunTime:0.0080s ]
SQL: SELECT * FROM `exam_test` WHERE `id` = 17 LIMIT 1   [ RunTime:0.0010s ]
SQL: UPDATE `exam_test` SET `status`='1' WHERE `id` = 17 [ RunTime:0.0010s ]

[ 2017-03-24T14:07:46+08:00 ] 127.0.0.1 /index.php/Admin/Test/updateshow.html
INFO: [ app_begin ] --START--
INFO: Run Behavior\ReadHtmlCacheBehavior [ RunTime:0.001001s ]
INFO: [ app_begin ] --END-- [ RunTime:0.001001s ]
NOTIC: [8] Undefined index: type F:\WWW\test\Application\Admin\Controller\TestController.class.php 第 323 行.
SQL: SHOW COLUMNS FROM `exam_test` [ RunTime:0.0090s ]
SQL: SELECT * FROM `exam_test` WHERE `id` = 20 LIMIT 1   [ RunTime:0.0010s ]
SQL: UPDATE `exam_test` SET `status`='1' WHERE `id` = 20 [ RunTime:0.0010s ]

[ 2017-03-24T14:08:46+08:00 ] 127.0.0.1 /index.php/Admin/Index/getGoodsTop.html
INFO: [ app_begin ] --START--
INFO: Run Behavior\ReadHtmlCacheBehavior [ RunTime:0.001000s ]
INFO: [ app_begin ] --END-- [ RunTime:0.001000s ]
ERR: 非法操作:getGoodsTop

[ 2017-03-24T14:08:57+08:00 ] 127.0.0.1 /index.php/Admin/Test/updateshow.html
INFO: [ app_begin ] --START--
INFO: Run Behavior\ReadHtmlCacheBehavior [ RunTime:0.001001s ]
INFO: [ app_begin ] --END-- [ RunTime:0.001001s ]
SQL: SHOW COLUMNS FROM `exam_testshort` [ RunTime:0.0100s ]
SQL: SELECT * FROM `exam_testshort` WHERE `id` = 1 LIMIT 1   [ RunTime:0.0010s ]
SQL: UPDATE `exam_testshort` SET `status`='0' WHERE `id` = 1 [ RunTime:0.0010s ]

[ 2017-03-24T14:10:36+08:00 ] 127.0.0.1 /index.php/Admin/Test/updateshow.html
INFO: [ app_begin ] --START--
INFO: Run Behavior\ReadHtmlCacheBehavior [ RunTime:0.000000s ]
INFO: [ app_begin ] --END-- [ RunTime:0.001000s ]
SQL: SHOW COLUMNS FROM `exam_testshort` [ RunTime:0.0090s ]
SQL: SELECT * FROM `exam_testshort` WHERE `id` = 1 LIMIT 1   [ RunTime:0.0010s ]
SQL: UPDATE `exam_testshort` SET `status`='1' WHERE `id` = 1 [ RunTime:0.0010s ]

[ 2017-03-24T14:16:49+08:00 ] 127.0.0.1 /index.php/Admin/Index/index.html
ERR: 非法操作:index.html

[ 2017-03-24T14:16:55+08:00 ] 127.0.0.1 /index.php/Admin/Index/getGoodsTop.asp
INFO: [ app_begin ] --START--
INFO: Run Behavior\ReadHtmlCacheBehavior [ RunTime:0.000000s ]
INFO: [ app_begin ] --END-- [ RunTime:0.000000s ]
ERR: 非法操作:getGoodsTop

[ 2017-03-24T15:08:53+08:00 ] 127.0.0.1 /Admin/Index/getGoodsTop.asp
INFO: [ app_begin ] --START--
INFO: Run Behavior\ReadHtmlCacheBehavior [ RunTime:0.001000s ]
INFO: [ app_begin ] --END-- [ RunTime:0.001000s ]
ERR: 非法操作:getGoodsTop

[ 2017-03-24T15:28:06+08:00 ] 127.0.0.1 /Admin/Index/getGoodsTop.asp
INFO: [ app_begin ] --START--
INFO: Run Behavior\ReadHtmlCacheBehavior [ RunTime:0.000000s ]
INFO: [ app_begin ] --END-- [ RunTime:0.001000s ]
ERR: 非法操作:getGoodsTop

[ 2017-03-24T15:29:36+08:00 ] 127.0.0.1 /Admin/Login/chkAdmin.asp
INFO: [ app_begin ] --START--
INFO: Run Behavior\ReadHtmlCacheBehavior [ RunTime:0.000000s ]
INFO: [ app_begin ] --END-- [ RunTime:0.000000s ]
SQL: SHOW COLUMNS FROM `exam_admin` [ RunTime:0.0150s ]
SQL: SELECT * FROM `exam_admin` WHERE `username` = 'admin' LIMIT 1   [ RunTime:0.0010s ]
INFO: [ app_end ] --START--
INFO: Run Behavior\ShowPageTraceBehavior [ RunTime:0.001000s ]
INFO: [ app_end ] --END-- [ RunTime:0.001000s ]

[ 2017-03-24T15:29:39+08:00 ] 127.0.0.1 /Admin/Login/chkVerify.asp
INFO: [ app_begin ] --START--
INFO: Run Behavior\ReadHtmlCacheBehavior [ RunTime:0.001000s ]
INFO: [ app_begin ] --END-- [ RunTime:0.001000s ]
INFO: [ app_end ] --START--
INFO: Run Behavior\ShowPageTraceBehavior [ RunTime:0.000000s ]
INFO: [ app_end ] --END-- [ RunTime:0.000000s ]

[ 2017-03-24T15:29:40+08:00 ] 127.0.0.1 /Admin/Login/login.asp
INFO: [ app_begin ] --START--
INFO: Run Behavior\ReadHtmlCacheBehavior [ RunTime:0.001000s ]
INFO: [ app_begin ] --END-- [ RunTime:0.001000s ]
SQL: SHOW COLUMNS FROM `exam_admin` [ RunTime:0.0080s ]
NOTIC: [8] Undefined index: validate F:\WWW\test\ThinkPHP\Library\Think\Model.class.php 第 1185 行.
SQL: SELECT * FROM `exam_admin` WHERE `username` = 'admin' LIMIT 1   [ RunTime:0.0010s ]
SQL: SELECT * FROM `exam_admin` WHERE `username` = 'admin' AND `password` = '21232f297a57a5a743894a0e4a801fc3' LIMIT 1   [ RunTime:0.0010s ]
SQL: UPDATE `exam_admin` SET `online`='1',`lastlogin`='1490340580',`lastip`='127.0.0.1' WHERE `id` = 1 [ RunTime:0.0360s ]

[ 2017-03-24T15:29:41+08:00 ] 127.0.0.1 /Admin/Login/login.asp
INFO: [ app_begin ] --START--
INFO: Run Behavior\ReadHtmlCacheBehavior [ RunTime:0.001000s ]
INFO: [ app_begin ] --END-- [ RunTime:0.001000s ]
SQL: SHOW COLUMNS FROM `exam_admin` [ RunTime:0.0050s ]
NOTIC: [8] Undefined index: validate F:\WWW\test\ThinkPHP\Library\Think\Model.class.php 第 1185 行.
SQL: SELECT * FROM `exam_admin` WHERE `username` = 'admin' LIMIT 1   [ RunTime:0.0010s ]
SQL: SELECT * FROM `exam_admin` WHERE `username` = 'admin' AND `password` = '21232f297a57a5a743894a0e4a801fc3' LIMIT 1   [ RunTime:0.0010s ]
SQL: UPDATE `exam_admin` SET `online`='1',`lastlogin`='1490340581',`lastip`='127.0.0.1' WHERE `id` = 1 [ RunTime:0.0290s ]

[ 2017-03-24T15:29:42+08:00 ] 127.0.0.1 /Admin/Index/getGoodsTop.asp
INFO: [ app_begin ] --START--
INFO: Run Behavior\ReadHtmlCacheBehavior [ RunTime:0.000000s ]
INFO: [ app_begin ] --END-- [ RunTime:0.000000s ]
ERR: 非法操作:getGoodsTop

[ 2017-03-24T15:32:10+08:00 ] 127.0.0.1 /Admin/Index/getGoodsTop.asp
INFO: [ app_begin ] --START--
INFO: Run Behavior\ReadHtmlCacheBehavior [ RunTime:0.001000s ]
INFO: [ app_begin ] --END-- [ RunTime:0.001000s ]
ERR: 非法操作:getGoodsTop

[ 2017-03-24T15:33:39+08:00 ] 127.0.0.1 /Admin/Index/getGoodsTop.asp
INFO: [ app_begin ] --START--
INFO: Run Behavior\ReadHtmlCacheBehavior [ RunTime:0.000000s ]
INFO: [ app_begin ] --END-- [ RunTime:0.000000s ]
ERR: 非法操作:getGoodsTop

[ 2017-03-24T15:36:39+08:00 ] 127.0.0.1 /Admin/Index/getGoodsTop.asp
INFO: [ app_begin ] --START--
INFO: Run Behavior\ReadHtmlCacheBehavior [ RunTime:0.001000s ]
INFO: [ app_begin ] --END-- [ RunTime:0.001000s ]
ERR: 非法操作:getGoodsTop

[ 2017-03-24T16:00:01+08:00 ] 127.0.0.1 /Admin/Test/updateshow.asp
INFO: [ app_begin ] --START--
INFO: Run Behavior\ReadHtmlCacheBehavior [ RunTime:0.001000s ]
INFO: [ app_begin ] --END-- [ RunTime:0.001000s ]
NOTIC: [8] Undefined index: type F:\WWW\test\Application\Admin\Controller\TestController.class.php 第 323 行.
SQL: SHOW COLUMNS FROM `exam_test` [ RunTime:0.0090s ]
SQL: SELECT * FROM `exam_test` WHERE `id` = 25 LIMIT 1   [ RunTime:0.0010s ]
SQL: UPDATE `exam_test` SET `status`='1' WHERE `id` = 25 [ RunTime:0.0010s ]

[ 2017-03-24T16:00:08+08:00 ] 127.0.0.1 /Admin/Test/updateshow.asp
INFO: [ app_begin ] --START--
INFO: Run Behavior\ReadHtmlCacheBehavior [ RunTime:0.000000s ]
INFO: [ app_begin ] --END-- [ RunTime:0.000000s ]
NOTIC: [8] Undefined index: type F:\WWW\test\Application\Admin\Controller\TestController.class.php 第 323 行.
SQL: SHOW COLUMNS FROM `exam_test` [ RunTime:0.0100s ]
SQL: SELECT * FROM `exam_test` WHERE `id` = 15 LIMIT 1   [ RunTime:0.0010s ]
SQL: UPDATE `exam_test` SET `status`='1' WHERE `id` = 15 [ RunTime:0.0010s ]

[ 2017-03-24T16:00:13+08:00 ] 127.0.0.1 /Admin/Test/updateshow.asp
INFO: [ app_begin ] --START--
INFO: Run Behavior\ReadHtmlCacheBehavior [ RunTime:0.001000s ]
INFO: [ app_begin ] --END-- [ RunTime:0.001000s ]
NOTIC: [8] Undefined index: type F:\WWW\test\Application\Admin\Controller\TestController.class.php 第 323 行.
SQL: SHOW COLUMNS FROM `exam_test` [ RunTime:0.0090s ]
SQL: SELECT * FROM `exam_test` WHERE `id` = 16 LIMIT 1   [ RunTime:0.0000s ]
SQL: UPDATE `exam_test` SET `status`='1' WHERE `id` = 16 [ RunTime:0.0010s ]

[ 2017-03-24T16:00:18+08:00 ] 127.0.0.1 /Admin/Test/updateshow.asp
INFO: [ app_begin ] --START--
INFO: Run Behavior\ReadHtmlCacheBehavior [ RunTime:0.000000s ]
INFO: [ app_begin ] --END-- [ RunTime:0.000000s ]
NOTIC: [8] Undefined index: type F:\WWW\test\Application\Admin\Controller\TestController.class.php 第 323 行.
SQL: SHOW COLUMNS FROM `exam_test` [ RunTime:0.0100s ]
SQL: SELECT * FROM `exam_test` WHERE `id` = 10 LIMIT 1   [ RunTime:0.0010s ]
SQL: UPDATE `exam_test` SET `status`='1' WHERE `id` = 10 [ RunTime:0.0000s ]

[ 2017-03-24T16:00:26+08:00 ] 127.0.0.1 /Admin/Test/updateshow.asp
INFO: [ app_begin ] --START--
INFO: Run Behavior\ReadHtmlCacheBehavior [ RunTime:0.000000s ]
INFO: [ app_begin ] --END-- [ RunTime:0.000000s ]
NOTIC: [8] Undefined index: type F:\WWW\test\Application\Admin\Controller\TestController.class.php 第 323 行.
SQL: SHOW COLUMNS FROM `exam_test` [ RunTime:0.0080s ]
SQL: SELECT * FROM `exam_test` WHERE `id` = 6 LIMIT 1   [ RunTime:0.0010s ]
SQL: UPDATE `exam_test` SET `status`='1' WHERE `id` = 6 [ RunTime:0.0010s ]

[ 2017-03-24T16:00:34+08:00 ] 127.0.0.1 /Admin/Test/updateshow.asp
INFO: [ app_begin ] --START--
INFO: Run Behavior\ReadHtmlCacheBehavior [ RunTime:0.001000s ]
INFO: [ app_begin ] --END-- [ RunTime:0.001000s ]
NOTIC: [8] Undefined index: type F:\WWW\test\Application\Admin\Controller\TestController.class.php 第 323 行.
SQL: SHOW COLUMNS FROM `exam_test` [ RunTime:0.0100s ]
SQL: SELECT * FROM `exam_test` WHERE `id` = 9 LIMIT 1   [ RunTime:0.0010s ]
SQL: UPDATE `exam_test` SET `status`='1' WHERE `id` = 9 [ RunTime:0.0010s ]

[ 2017-03-24T16:00:46+08:00 ] 127.0.0.1 /Admin/Test/updateshow.asp
INFO: [ app_begin ] --START--
INFO: Run Behavior\ReadHtmlCacheBehavior [ RunTime:0.001000s ]
INFO: [ app_begin ] --END-- [ RunTime:0.001000s ]
NOTIC: [8] Undefined index: type F:\WWW\test\Application\Admin\Controller\TestController.class.php 第 323 行.
SQL: SHOW COLUMNS FROM `exam_test` [ RunTime:0.0090s ]
SQL: SELECT * FROM `exam_test` WHERE `id` = 11 LIMIT 1   [ RunTime:0.0010s ]
SQL: UPDATE `exam_test` SET `status`='1' WHERE `id` = 11 [ RunTime:0.0010s ]

[ 2017-03-24T16:00:52+08:00 ] 127.0.0.1 /Admin/Test/updateshow.asp
INFO: [ app_begin ] --START--
INFO: Run Behavior\ReadHtmlCacheBehavior [ RunTime:0.001000s ]
INFO: [ app_begin ] --END-- [ RunTime:0.001000s ]
NOTIC: [8] Undefined index: type F:\WWW\test\Application\Admin\Controller\TestController.class.php 第 323 行.
SQL: SHOW COLUMNS FROM `exam_test` [ RunTime:0.0100s ]
SQL: SELECT * FROM `exam_test` WHERE `id` = 3 LIMIT 1   [ RunTime:0.0020s ]
SQL: UPDATE `exam_test` SET `status`='1' WHERE `id` = 3 [ RunTime:0.0010s ]

[ 2017-03-24T16:04:44+08:00 ] 127.0.0.1 /Admin/Test/test_add.asp
INFO: [ app_begin ] --START--
INFO: Run Behavior\ReadHtmlCacheBehavior [ RunTime:0.000000s ]
INFO: [ app_begin ] --END-- [ RunTime:0.000000s ]
SQL: SHOW COLUMNS FROM `exam_test` [ RunTime:0.0100s ]
SQL: SELECT * FROM `exam_test` WHERE `question` = '单选1'  [ RunTime:0.0010s ]
SQL: SHOW COLUMNS FROM `exam_test` [ RunTime:0.0100s ]
SQL: INSERT INTO `exam_test` (`type`,`status`,`question`,`category`,`ifImg`,`Imgurl`,`right_answer`,`create_time`,`A`,`B`,`C`,`D`,`score`) VALUES ('0','1','单选1','2','0','0','a','1490342684','单选1','单选1','单选1','单选1','3') [ RunTime:0.0010s ]

[ 2017-03-24T16:04:46+08:00 ] 127.0.0.1 /Admin/Test/selectlist.asp
ERR: 非法操作:selectlist

[ 2017-03-24T16:08:15+08:00 ] 127.0.0.1 /Admin/Test/test_add.asp
INFO: [ app_begin ] --START--
INFO: Run Behavior\ReadHtmlCacheBehavior [ RunTime:0.001001s ]
INFO: [ app_begin ] --END-- [ RunTime:0.001001s ]
SQL: SHOW COLUMNS FROM `exam_test` [ RunTime:0.0090s ]
SQL: SELECT * FROM `exam_test` WHERE `question` = '单选2'  [ RunTime:0.0010s ]
SQL: SHOW COLUMNS FROM `exam_test` [ RunTime:0.0100s ]
SQL: INSERT INTO `exam_test` (`type`,`status`,`question`,`category`,`ifImg`,`Imgurl`,`right_answer`,`create_time`,`A`,`B`,`C`,`D`,`score`) VALUES ('0','1','单选2','3','0','0','b','1490342895','单选2','单选2','单选2','单选2','3') [ RunTime:0.0010s ]

[ 2017-03-24T16:08:19+08:00 ] 127.0.0.1 /Admin/Test/test_add.asp
INFO: [ app_begin ] --START--
INFO: Run Behavior\ReadHtmlCacheBehavior [ RunTime:0.001000s ]
INFO: [ app_begin ] --END-- [ RunTime:0.001000s ]
SQL: SHOW COLUMNS FROM `exam_test` [ RunTime:0.0070s ]
SQL: SELECT * FROM `exam_test` WHERE `question` = '单选2'  [ RunTime:0.0010s ]

[ 2017-03-24T16:08:19+08:00 ] 127.0.0.1 /Admin/Test/test_add.asp
INFO: [ app_begin ] --START--
INFO: Run Behavior\ReadHtmlCacheBehavior [ RunTime:0.000000s ]
INFO: [ app_begin ] --END-- [ RunTime:0.000000s ]

[ 2017-03-24T16:08:48+08:00 ] 127.0.0.1 /Admin/Test/test_add.asp
INFO: [ app_begin ] --START--
INFO: Run Behavior\ReadHtmlCacheBehavior [ RunTime:0.001000s ]
INFO: [ app_begin ] --END-- [ RunTime:0.001000s ]
SQL: SHOW COLUMNS FROM `exam_test` [ RunTime:0.0110s ]
SQL: SELECT * FROM `exam_test` WHERE `question` = '单选3'  [ RunTime:0.0010s ]
SQL: SHOW COLUMNS FROM `exam_test` [ RunTime:0.0100s ]
SQL: INSERT INTO `exam_test` (`type`,`status`,`question`,`category`,`ifImg`,`Imgurl`,`right_answer`,`create_time`,`A`,`B`,`C`,`D`,`score`) VALUES ('0','1','单选3','3','0','0','b','1490342928','单选3','单选3','单选3','单选3','3') [ RunTime:0.0010s ]

[ 2017-03-24T16:10:35+08:00 ] 127.0.0.1 /Admin/Test/test_add.asp
INFO: [ app_begin ] --START--
INFO: Run Behavior\ReadHtmlCacheBehavior [ RunTime:0.001000s ]
INFO: [ app_begin ] --END-- [ RunTime:0.002000s ]
SQL: SHOW COLUMNS FROM `exam_test` [ RunTime:0.0180s ]
SQL: SELECT * FROM `exam_test` WHERE `question` = '单选4'  [ RunTime:0.0020s ]
SQL: SHOW COLUMNS FROM `exam_test` [ RunTime:0.0140s ]
SQL: INSERT INTO `exam_test` (`type`,`status`,`question`,`category`,`ifImg`,`Imgurl`,`right_answer`,`create_time`,`A`,`B`,`C`,`D`,`score`) VALUES ('0','1','单选4','4','0','0','D','1490343035','单选4','单选4','单选4','单选4','3') [ RunTime:0.0020s ]

[ 2017-03-24T16:24:52+08:00 ] 127.0.0.1 /Admin/Index/getGoodsTop.asp
INFO: [ app_begin ] --START--
INFO: Run Behavior\ReadHtmlCacheBehavior [ RunTime:0.000000s ]
INFO: [ app_begin ] --END-- [ RunTime:0.000000s ]
ERR: 非法操作:getGoodsTop

[ 2017-03-24T16:25:44+08:00 ] 127.0.0.1 /Admin/Index/getGoodsTop.asp
INFO: [ app_begin ] --START--
INFO: Run Behavior\ReadHtmlCacheBehavior [ RunTime:0.001000s ]
INFO: [ app_begin ] --END-- [ RunTime:0.001000s ]
ERR: 非法操作:getGoodsTop

[ 2017-03-24T16:26:03+08:00 ] 127.0.0.1 /Admin/Test/import_excel.asp
INFO: [ app_begin ] --START--
INFO: Run Behavior\ReadHtmlCacheBehavior [ RunTime:0.001000s ]
INFO: [ app_begin ] --END-- [ RunTime:0.001000s ]
SQL: SHOW COLUMNS FROM `exam_test` [ RunTime:0.0110s ]
SQL: SHOW COLUMNS FROM `exam_test_category` [ RunTime:0.0090s ]
SQL: SELECT * FROM `exam_test_category`  [ RunTime:0.0000s ]
SQL: SELECT * FROM `exam_test` WHERE `question` = '问题1111情感' LIMIT 1   [ RunTime:0.0010s ]
SQL: INSERT INTO `exam_test` (`question`,`A`,`B`,`C`,`D`,`right_answer`,`category`,`type`,`score`,`status`,`ifImg`,`create_time`) VALUES ('问题1111情感','1','2','3','4','B','1','0','3','1','0','1490343963') [ RunTime:0.0000s ]
SQL: SELECT * FROM `exam_test_category`  [ RunTime:0.0010s ]
SQL: SELECT * FROM `exam_test` WHERE `question` = '问题1112情感' LIMIT 1   [ RunTime:0.0010s ]
SQL: INSERT INTO `exam_test` (`question`,`A`,`B`,`C`,`D`,`right_answer`,`category`,`type`,`score`,`status`,`ifImg`,`create_time`) VALUES ('问题1112情感','1','2','3','4','D','1','0','3','1','0','1490343963') [ RunTime:0.0010s ]
SQL: SELECT * FROM `exam_test_category`  [ RunTime:0.0000s ]
SQL: SELECT * FROM `exam_test` WHERE `question` = '问题1113情感' LIMIT 1   [ RunTime:0.0000s ]
SQL: INSERT INTO `exam_test` (`question`,`A`,`B`,`C`,`D`,`right_answer`,`category`,`type`,`score`,`status`,`ifImg`,`create_time`) VALUES ('问题1113情感','1','2','3','4','C','1','0','3','1','0','1490343963') [ RunTime:0.0000s ]
SQL: SELECT * FROM `exam_test_category`  [ RunTime:0.0010s ]
SQL: SELECT * FROM `exam_test` WHERE `question` = '问题1114情感' LIMIT 1   [ RunTime:0.0000s ]
SQL: INSERT INTO `exam_test` (`question`,`A`,`B`,`C`,`D`,`right_answer`,`category`,`type`,`score`,`status`,`ifImg`,`create_time`) VALUES ('问题1114情感','1','2','3','4','A','1','0','3','1','0','1490343963') [ RunTime:0.0000s ]
SQL: SELECT * FROM `exam_test_category`  [ RunTime:0.0010s ]
SQL: SELECT * FROM `exam_test` WHERE `question` = '问题1115情感' LIMIT 1   [ RunTime:0.0000s ]
SQL: INSERT INTO `exam_test` (`question`,`A`,`B`,`C`,`D`,`right_answer`,`category`,`type`,`score`,`status`,`ifImg`,`create_time`) VALUES ('问题1115情感','1','2','3','4','B','1','0','3','1','0','1490343963') [ RunTime:0.0000s ]
SQL: SELECT * FROM `exam_test_category`  [ RunTime:0.0010s ]
SQL: SELECT * FROM `exam_test` WHERE `question` = '问题1116情感' LIMIT 1   [ RunTime:0.0000s ]
SQL: INSERT INTO `exam_test` (`question`,`A`,`B`,`C`,`D`,`right_answer`,`category`,`type`,`score`,`status`,`ifImg`,`create_time`) VALUES ('问题1116情感','1','2','3','4','C','1','0','3','1','0','1490343963') [ RunTime:0.0000s ]
SQL: SELECT * FROM `exam_test_category`  [ RunTime:0.0000s ]
SQL: SELECT * FROM `exam_test` WHERE `question` = '问题4综合' LIMIT 1   [ RunTime:0.0000s ]
SQL: INSERT INTO `exam_test` (`question`,`A`,`B`,`C`,`D`,`right_answer`,`category`,`type`,`score`,`status`,`ifImg`,`create_time`) VALUES ('问题4综合','1','2','3','4','D','4','0','3','1','0','1490343963') [ RunTime:0.0010s ]
SQL: SELECT * FROM `exam_test_category`  [ RunTime:0.0000s ]
SQL: SELECT * FROM `exam_test` WHERE `question` = '问题5综合' LIMIT 1   [ RunTime:0.0000s ]
SQL: INSERT INTO `exam_test` (`question`,`A`,`B`,`C`,`D`,`right_answer`,`category`,`type`,`score`,`status`,`ifImg`,`create_time`) VALUES ('问题5综合','1','2','3','4','A','4','0','3','1','0','1490343963') [ RunTime:0.0010s ]
SQL: SELECT * FROM `exam_test_category`  [ RunTime:0.0000s ]
SQL: SELECT * FROM `exam_test` WHERE `question` = '问题6综合' LIMIT 1   [ RunTime:0.0010s ]
SQL: INSERT INTO `exam_test` (`question`,`A`,`B`,`C`,`D`,`right_answer`,`category`,`type`,`score`,`status`,`ifImg`,`create_time`) VALUES ('问题6综合','1','2','3','4','B','4','0','3','1','0','1490343963') [ RunTime:0.0010s ]
SQL: SELECT * FROM `exam_test_category`  [ RunTime:0.0000s ]
SQL: SELECT * FROM `exam_test` WHERE `question` = '问题7综合' LIMIT 1   [ RunTime:0.0010s ]
SQL: INSERT INTO `exam_test` (`question`,`A`,`B`,`C`,`D`,`right_answer`,`category`,`type`,`score`,`status`,`ifImg`,`create_time`) VALUES ('问题7综合','2','3','4','5','B','4','0','3','1','0','1490343963') [ RunTime:0.0000s ]
SQL: SELECT * FROM `exam_test_category`  [ RunTime:0.0000s ]
SQL: SELECT * FROM `exam_test` WHERE `question` = '问题8综合' LIMIT 1   [ RunTime:0.0010s ]
SQL: INSERT INTO `exam_test` (`question`,`A`,`B`,`C`,`D`,`right_answer`,`category`,`type`,`score`,`status`,`ifImg`,`create_time`) VALUES ('问题8综合','3','4','5','6','B','4','0','3','1','0','1490343963') [ RunTime:0.0000s ]
SQL: SELECT * FROM `exam_test_category`  [ RunTime:0.0010s ]
SQL: SELECT * FROM `exam_test` WHERE `question` = '问题9综合' LIMIT 1   [ RunTime:0.0010s ]
SQL: INSERT INTO `exam_test` (`question`,`A`,`B`,`C`,`D`,`right_answer`,`category`,`type`,`score`,`status`,`ifImg`,`create_time`) VALUES ('问题9综合','4','5','6','7','B','4','0','3','1','0','1490343963') [ RunTime:0.0010s ]
SQL: SELECT * FROM `exam_test_category`  [ RunTime:0.0000s ]
SQL: SELECT * FROM `exam_test` WHERE `question` = '问题10综合' LIMIT 1   [ RunTime:0.0010s ]
SQL: INSERT INTO `exam_test` (`question`,`A`,`B`,`C`,`D`,`right_answer`,`category`,`type`,`score`,`status`,`ifImg`,`create_time`) VALUES ('问题10综合','5','6','7','8','B','4','0','3','1','0','1490343963') [ RunTime:0.0000s ]
SQL: SELECT * FROM `exam_test_category`  [ RunTime:0.0000s ]
SQL: SELECT * FROM `exam_test` WHERE `question` = '问题9人文' LIMIT 1   [ RunTime:0.0010s ]
SQL: INSERT INTO `exam_test` (`question`,`A`,`B`,`C`,`D`,`right_answer`,`category`,`type`,`score`,`status`,`ifImg`,`create_time`) VALUES ('问题9人文','6','7','8','9','B','4','0','3','1','0','1490343963') [ RunTime:0.0000s ]
SQL: SELECT * FROM `exam_test_category`  [ RunTime:0.0000s ]
SQL: SELECT * FROM `exam_test` WHERE `question` = '问题10人文' LIMIT 1   [ RunTime:0.0010s ]
SQL: INSERT INTO `exam_test` (`question`,`A`,`B`,`C`,`D`,`right_answer`,`category`,`type`,`score`,`status`,`ifImg`,`create_time`) VALUES ('问题10人文','7','8','9','10','B','4','0','3','1','0','1490343963') [ RunTime:0.0000s ]
SQL: SELECT * FROM `exam_test_category`  [ RunTime:0.0000s ]
SQL: SELECT * FROM `exam_test` WHERE `question` = '问题11人文' LIMIT 1   [ RunTime:0.0010s ]
SQL: INSERT INTO `exam_test` (`question`,`A`,`B`,`C`,`D`,`right_answer`,`category`,`type`,`score`,`status`,`ifImg`,`create_time`) VALUES ('问题11人文','8','9','10','11','B','4','0','3','1','0','1490343963') [ RunTime:0.0000s ]
SQL: SELECT * FROM `exam_test_category`  [ RunTime:0.0000s ]
SQL: SELECT * FROM `exam_test` WHERE `question` = '问题12人文' LIMIT 1   [ RunTime:0.0010s ]
SQL: INSERT INTO `exam_test` (`question`,`A`,`B`,`C`,`D`,`right_answer`,`category`,`type`,`score`,`status`,`ifImg`,`create_time`) VALUES ('问题12人文','9','10','11','12','B','4','0','3','1','0','1490343963') [ RunTime:0.0000s ]
SQL: SELECT * FROM `exam_test_category`  [ RunTime:0.0000s ]
SQL: SELECT * FROM `exam_test` WHERE `question` = '问题13人文' LIMIT 1   [ RunTime:0.0010s ]
SQL: INSERT INTO `exam_test` (`question`,`A`,`B`,`C`,`D`,`right_answer`,`category`,`type`,`score`,`status`,`ifImg`,`create_time`) VALUES ('问题13人文','10','11','12','13','B','4','0','3','1','0','1490343963') [ RunTime:0.0010s ]
SQL: SELECT * FROM `exam_test_category`  [ RunTime:0.0000s ]
SQL: SELECT * FROM `exam_test` WHERE `question` = '问题14人文' LIMIT 1   [ RunTime:0.0010s ]
SQL: INSERT INTO `exam_test` (`question`,`A`,`B`,`C`,`D`,`right_answer`,`category`,`type`,`score`,`status`,`ifImg`,`create_time`) VALUES ('问题14人文','11','12','13','14','B','4','0','3','1','0','1490343963') [ RunTime:0.0000s ]
SQL: SELECT * FROM `exam_test_category`  [ RunTime:0.0000s ]
SQL: SELECT * FROM `exam_test` WHERE `question` = '问题15人文' LIMIT 1   [ RunTime:0.0000s ]
SQL: INSERT INTO `exam_test` (`question`,`A`,`B`,`C`,`D`,`right_answer`,`category`,`type`,`score`,`status`,`ifImg`,`create_time`) VALUES ('问题15人文','12','13','14','15','B','4','0','3','1','0','1490343963') [ RunTime:0.0000s ]
SQL: SELECT * FROM `exam_test_category`  [ RunTime:0.0000s ]
SQL: SELECT * FROM `exam_test` WHERE `question` = '问题16文明' LIMIT 1   [ RunTime:0.0010s ]
SQL: INSERT INTO `exam_test` (`question`,`A`,`B`,`C`,`D`,`right_answer`,`category`,`type`,`score`,`status`,`ifImg`,`create_time`) VALUES ('问题16文明','13','14','15','16','B','3','0','3','1','0','1490343963') [ RunTime:0.0000s ]
SQL: SELECT * FROM `exam_test_category`  [ RunTime:0.0000s ]
SQL: SELECT * FROM `exam_test` WHERE `question` = '问题17文明' LIMIT 1   [ RunTime:0.0000s ]
SQL: INSERT INTO `exam_test` (`question`,`A`,`B`,`C`,`D`,`right_answer`,`category`,`type`,`score`,`status`,`ifImg`,`create_time`) VALUES ('问题17文明','14','15','16','17','B','3','0','3','1','0','1490343963') [ RunTime:0.0000s ]
SQL: SELECT * FROM `exam_test_category`  [ RunTime:0.0000s ]
SQL: SELECT * FROM `exam_test` WHERE `question` = '问题18文明' LIMIT 1   [ RunTime:0.0010s ]
SQL: INSERT INTO `exam_test` (`question`,`A`,`B`,`C`,`D`,`right_answer`,`category`,`type`,`score`,`status`,`ifImg`,`create_time`) VALUES ('问题18文明','15','16','17','18','B','3','0','3','1','0','1490343963') [ RunTime:0.0000s ]
SQL: SELECT * FROM `exam_test_category`  [ RunTime:0.0000s ]
SQL: SELECT * FROM `exam_test` WHERE `question` = '问题19文明' LIMIT 1   [ RunTime:0.0000s ]
SQL: INSERT INTO `exam_test` (`question`,`A`,`B`,`C`,`D`,`right_answer`,`category`,`type`,`score`,`status`,`ifImg`,`create_time`) VALUES ('问题19文明','16','17','18','19','B','3','0','3','1','0','1490343963') [ RunTime:0.0000s ]
SQL: SELECT * FROM `exam_test_category`  [ RunTime:0.0010s ]
SQL: SELECT * FROM `exam_test` WHERE `question` = '问题20文明' LIMIT 1   [ RunTime:0.0000s ]
SQL: INSERT INTO `exam_test` (`question`,`A`,`B`,`C`,`D`,`right_answer`,`category`,`type`,`score`,`status`,`ifImg`,`create_time`) VALUES ('问题20文明','17','18','19','20','B','3','0','3','1','0','1490343963') [ RunTime:0.0000s ]
SQL: SELECT * FROM `exam_test_category`  [ RunTime:0.0000s ]
SQL: SELECT * FROM `exam_test` WHERE `question` = '问题21文明' LIMIT 1   [ RunTime:0.0000s ]
SQL: INSERT INTO `exam_test` (`question`,`A`,`B`,`C`,`D`,`right_answer`,`category`,`type`,`score`,`status`,`ifImg`,`create_time`) VALUES ('问题21文明','18','19','20','21','B','3','0','3','1','0','1490343963') [ RunTime:0.0010s ]
SQL: SELECT * FROM `exam_test_category`  [ RunTime:0.0000s ]
SQL: SELECT * FROM `exam_test` WHERE `question` = '问题22文明' LIMIT 1   [ RunTime:0.0000s ]
SQL: INSERT INTO `exam_test` (`question`,`A`,`B`,`C`,`D`,`right_answer`,`category`,`type`,`score`,`status`,`ifImg`,`create_time`) VALUES ('问题22文明','19','20','21','22','B','3','0','3','1','0','1490343963') [ RunTime:0.0010s ]
SQL: SELECT * FROM `exam_test_category`  [ RunTime:0.0000s ]
SQL: SELECT * FROM `exam_test` WHERE `question` = '问题23文明' LIMIT 1   [ RunTime:0.0000s ]
SQL: INSERT INTO `exam_test` (`question`,`A`,`B`,`C`,`D`,`right_answer`,`category`,`type`,`score`,`status`,`ifImg`,`create_time`) VALUES ('问题23文明','20','21','22','23','B','3','0','3','1','0','1490343963') [ RunTime:0.0000s ]
SQL: SELECT * FROM `exam_test_category`  [ RunTime:0.0000s ]
SQL: SELECT * FROM `exam_test` WHERE `question` = '问题24文明' LIMIT 1   [ RunTime:0.0000s ]
SQL: INSERT INTO `exam_test` (`question`,`A`,`B`,`C`,`D`,`right_answer`,`category`,`type`,`score`,`status`,`ifImg`,`create_time`) VALUES ('问题24文明','21','22','23','24','B','3','0','3','1','0','1490343963') [ RunTime:0.0000s ]
SQL: SELECT * FROM `exam_test_category`  [ RunTime:0.0000s ]
SQL: SELECT * FROM `exam_test` WHERE `question` = '问题25社会' LIMIT 1   [ RunTime:0.0000s ]
SQL: INSERT INTO `exam_test` (`question`,`A`,`B`,`C`,`D`,`right_answer`,`category`,`type`,`score`,`status`,`ifImg`,`create_time`) VALUES ('问题25社会','22','23','24','25','B','2','0','3','1','0','1490343963') [ RunTime:0.0000s ]
SQL: SELECT * FROM `exam_test_category`  [ RunTime:0.0000s ]
SQL: SELECT * FROM `exam_test` WHERE `question` = '问题26社会' LIMIT 1   [ RunTime:0.0010s ]
SQL: INSERT INTO `exam_test` (`question`,`A`,`B`,`C`,`D`,`right_answer`,`category`,`type`,`score`,`status`,`ifImg`,`create_time`) VALUES ('问题26社会','23','24','25','26','B','2','0','3','1','0','1490343963') [ RunTime:0.0000s ]
SQL: SELECT * FROM `exam_test_category`  [ RunTime:0.0000s ]
SQL: SELECT * FROM `exam_test` WHERE `question` = '问题27社会' LIMIT 1   [ RunTime:0.0000s ]
SQL: INSERT INTO `exam_test` (`question`,`A`,`B`,`C`,`D`,`right_answer`,`category`,`type`,`score`,`status`,`ifImg`,`create_time`) VALUES ('问题27社会','24','25','26','27','B','2','0','3','1','0','1490343963') [ RunTime:0.0000s ]
SQL: SELECT * FROM `exam_test_category`  [ RunTime:0.0000s ]
SQL: SELECT * FROM `exam_test` WHERE `question` = '问题28社会' LIMIT 1   [ RunTime:0.0000s ]
SQL: INSERT INTO `exam_test` (`question`,`A`,`B`,`C`,`D`,`right_answer`,`category`,`type`,`score`,`status`,`ifImg`,`create_time`) VALUES ('问题28社会','25','26','27','28','B','2','0','3','1','0','1490343963') [ RunTime:0.0000s ]
SQL: SELECT * FROM `exam_test_category`  [ RunTime:0.0000s ]
SQL: SELECT * FROM `exam_test` WHERE `question` = '问题29社会' LIMIT 1   [ RunTime:0.0000s ]
SQL: INSERT INTO `exam_test` (`question`,`A`,`B`,`C`,`D`,`right_answer`,`category`,`type`,`score`,`status`,`ifImg`,`create_time`) VALUES ('问题29社会','26','27','28','29','B','2','0','3','1','0','1490343963') [ RunTime:0.0000s ]
SQL: SELECT * FROM `exam_test_category`  [ RunTime:0.0000s ]
SQL: SELECT * FROM `exam_test` WHERE `question` = '问题30社会' LIMIT 1   [ RunTime:0.0010s ]
SQL: INSERT INTO `exam_test` (`question`,`A`,`B`,`C`,`D`,`right_answer`,`category`,`type`,`score`,`status`,`ifImg`,`create_time`) VALUES ('问题30社会','27','28','29','30','B','2','0','3','1','0','1490343963') [ RunTime:0.0000s ]
SQL: SELECT * FROM `exam_test_category`  [ RunTime:0.0000s ]
SQL: SELECT * FROM `exam_test` WHERE `question` = '问题31社会' LIMIT 1   [ RunTime:0.0000s ]
SQL: INSERT INTO `exam_test` (`question`,`A`,`B`,`C`,`D`,`right_answer`,`category`,`type`,`score`,`status`,`ifImg`,`create_time`) VALUES ('问题31社会','28','29','30','31','B','2','0','3','1','0','1490343963') [ RunTime:0.0000s ]
SQL: SELECT * FROM `exam_test_category`  [ RunTime:0.0000s ]
SQL: SELECT * FROM `exam_test` WHERE `question` = '问题32社会' LIMIT 1   [ RunTime:0.0010s ]
SQL: INSERT INTO `exam_test` (`question`,`A`,`B`,`C`,`D`,`right_answer`,`category`,`type`,`score`,`status`,`ifImg`,`create_time`) VALUES ('问题32社会','29','30','31','32','B','2','0','3','1','0','1490343963') [ RunTime:0.0010s ]
SQL: SELECT * FROM `exam_test_category`  [ RunTime:0.0000s ]
SQL: SELECT * FROM `exam_test` WHERE `question` = '问题1111情感' LIMIT 1   [ RunTime:0.0000s ]
SQL: UPDATE `exam_test` SET `question`='问题1111情感',`A`='1',`B`='2',`C`='3',`D`='4',`right_answer`='B',`category`='1',`type`='1',`score`='4',`status`='1',`ifImg`='0',`create_time`='1490343963' WHERE `id` = 34 [ RunTime:0.0000s ]
SQL: SELECT * FROM `exam_test_category`  [ RunTime:0.0000s ]
SQL: SELECT * FROM `exam_test` WHERE `question` = '问题1112情感' LIMIT 1   [ RunTime:0.0000s ]
SQL: UPDATE `exam_test` SET `question`='问题1112情感',`A`='1',`B`='2',`C`='3',`D`='4',`right_answer`='D',`category`='1',`type`='1',`score`='4',`status`='1',`ifImg`='0',`create_time`='1490343963' WHERE `id` = 35 [ RunTime:0.0000s ]
SQL: SELECT * FROM `exam_test_category`  [ RunTime:0.0000s ]
SQL: SELECT * FROM `exam_test` WHERE `question` = '问题1113情感' LIMIT 1   [ RunTime:0.0000s ]
SQL: UPDATE `exam_test` SET `question`='问题1113情感',`A`='1',`B`='2',`C`='3',`D`='4',`right_answer`='CD',`category`='1',`type`='1',`score`='4',`status`='1',`ifImg`='0',`create_time`='1490343963' WHERE `id` = 36 [ RunTime:0.0000s ]
SQL: SELECT * FROM `exam_test_category`  [ RunTime:0.0000s ]
SQL: SELECT * FROM `exam_test` WHERE `question` = '问题1114情感' LIMIT 1   [ RunTime:0.0000s ]
SQL: UPDATE `exam_test` SET `question`='问题1114情感',`A`='1',`B`='2',`C`='3',`D`='4',`right_answer`='CD',`category`='1',`type`='1',`score`='4',`status`='1',`ifImg`='0',`create_time`='1490343963' WHERE `id` = 37 [ RunTime:0.0000s ]
SQL: SELECT * FROM `exam_test_category`  [ RunTime:0.0000s ]
SQL: SELECT * FROM `exam_test` WHERE `question` = '问题1115情感' LIMIT 1   [ RunTime:0.0010s ]
SQL: UPDATE `exam_test` SET `question`='问题1115情感',`A`='1',`B`='2',`C`='3',`D`='4',`right_answer`='CD',`category`='1',`type`='1',`score`='4',`status`='1',`ifImg`='0',`create_time`='1490343963' WHERE `id` = 38 [ RunTime:0.0000s ]
SQL: SELECT * FROM `exam_test_category`  [ RunTime:0.0000s ]
SQL: SELECT * FROM `exam_test` WHERE `question` = '问题1116情感' LIMIT 1   [ RunTime:0.0010s ]
SQL: UPDATE `exam_test` SET `question`='问题1116情感',`A`='1',`B`='2',`C`='3',`D`='4',`right_answer`='CD',`category`='1',`type`='1',`score`='4',`status`='1',`ifImg`='0',`create_time`='1490343963' WHERE `id` = 39 [ RunTime:0.0000s ]
SQL: SELECT * FROM `exam_test_category`  [ RunTime:0.0000s ]
SQL: SELECT * FROM `exam_test` WHERE `question` = '问题4综合多' LIMIT 1   [ RunTime:0.0010s ]
SQL: INSERT INTO `exam_test` (`question`,`A`,`B`,`C`,`D`,`right_answer`,`category`,`type`,`score`,`status`,`ifImg`,`create_time`) VALUES ('问题4综合多','1','2','3','4','CD','4','1','4','1','0','1490343963') [ RunTime:0.0000s ]
SQL: SELECT * FROM `exam_test_category`  [ RunTime:0.0010s ]
SQL: SELECT * FROM `exam_test` WHERE `question` = '问题5综合多' LIMIT 1   [ RunTime:0.0000s ]
SQL: INSERT INTO `exam_test` (`question`,`A`,`B`,`C`,`D`,`right_answer`,`category`,`type`,`score`,`status`,`ifImg`,`create_time`) VALUES ('问题5综合多','1','2','3','4','CD','4','1','4','1','0','1490343963') [ RunTime:0.0000s ]
SQL: SELECT * FROM `exam_test_category`  [ RunTime:0.0000s ]
SQL: SELECT * FROM `exam_test` WHERE `question` = '问题6综合多' LIMIT 1   [ RunTime:0.0000s ]
SQL: INSERT INTO `exam_test` (`question`,`A`,`B`,`C`,`D`,`right_answer`,`category`,`type`,`score`,`status`,`ifImg`,`create_time`) VALUES ('问题6综合多','1','2','3','4','CD','4','1','4','1','0','1490343963') [ RunTime:0.0010s ]
SQL: SELECT * FROM `exam_test_category`  [ RunTime:0.0000s ]
SQL: SELECT * FROM `exam_test` WHERE `question` = '问题7综合多' LIMIT 1   [ RunTime:0.0000s ]
SQL: INSERT INTO `exam_test` (`question`,`A`,`B`,`C`,`D`,`right_answer`,`category`,`type`,`score`,`status`,`ifImg`,`create_time`) VALUES ('问题7综合多','2','3','4','5','CD','4','1','4','1','0','1490343963') [ RunTime:0.0000s ]
SQL: SELECT * FROM `exam_test_category`  [ RunTime:0.0000s ]
SQL: SELECT * FROM `exam_test` WHERE `question` = '问题8综合多' LIMIT 1   [ RunTime:0.0000s ]
SQL: INSERT INTO `exam_test` (`question`,`A`,`B`,`C`,`D`,`right_answer`,`category`,`type`,`score`,`status`,`ifImg`,`create_time`) VALUES ('问题8综合多','3','4','5','6','CD','4','1','4','1','0','1490343963') [ RunTime:0.0000s ]
SQL: SELECT * FROM `exam_test_category`  [ RunTime:0.0000s ]
SQL: SELECT * FROM `exam_test` WHERE `question` = '问题9综合多' LIMIT 1   [ RunTime:0.0000s ]
SQL: INSERT INTO `exam_test` (`question`,`A`,`B`,`C`,`D`,`right_answer`,`category`,`type`,`score`,`status`,`ifImg`,`create_time`) VALUES ('问题9综合多','4','5','6','7','CD','4','1','4','1','0','1490343963') [ RunTime:0.0000s ]
SQL: SELECT * FROM `exam_test_category`  [ RunTime:0.0010s ]
SQL: SELECT * FROM `exam_test` WHERE `question` = '问题10综合多' LIMIT 1   [ RunTime:0.0000s ]
SQL: INSERT INTO `exam_test` (`question`,`A`,`B`,`C`,`D`,`right_answer`,`category`,`type`,`score`,`status`,`ifImg`,`create_time`) VALUES ('问题10综合多','5','6','7','8','CD','4','1','4','1','0','1490343963') [ RunTime:0.0000s ]
SQL: SELECT * FROM `exam_test_category`  [ RunTime:0.0000s ]
SQL: SELECT * FROM `exam_test` WHERE `question` = '问题11综合多' LIMIT 1   [ RunTime:0.0000s ]
SQL: INSERT INTO `exam_test` (`question`,`A`,`B`,`C`,`D`,`right_answer`,`category`,`type`,`score`,`status`,`ifImg`,`create_time`) VALUES ('问题11综合多','6','7','8','9','CD','4','1','4','1','0','1490343963') [ RunTime:0.0000s ]
SQL: SELECT * FROM `exam_test_category`  [ RunTime:0.0000s ]
SQL: SELECT * FROM `exam_test` WHERE `question` = '问题12综合多' LIMIT 1   [ RunTime:0.0010s ]
SQL: INSERT INTO `exam_test` (`question`,`A`,`B`,`C`,`D`,`right_answer`,`category`,`type`,`score`,`status`,`ifImg`,`create_time`) VALUES ('问题12综合多','7','8','9','10','CD','4','1','4','1','0','1490343963') [ RunTime:0.0000s ]
SQL: SELECT * FROM `exam_test_category`  [ RunTime:0.0000s ]
SQL: SELECT * FROM `exam_test` WHERE `question` = '问题13综合多' LIMIT 1   [ RunTime:0.0010s ]
SQL: INSERT INTO `exam_test` (`question`,`A`,`B`,`C`,`D`,`right_answer`,`category`,`type`,`score`,`status`,`ifImg`,`create_time`) VALUES ('问题13综合多','8','9','10','11','CD','4','1','4','1','0','1490343963') [ RunTime:0.0000s ]
SQL: SELECT * FROM `exam_test_category`  [ RunTime:0.0000s ]
SQL: SELECT * FROM `exam_test` WHERE `question` = '问题14综合多' LIMIT 1   [ RunTime:0.0010s ]
SQL: INSERT INTO `exam_test` (`question`,`A`,`B`,`C`,`D`,`right_answer`,`category`,`type`,`score`,`status`,`ifImg`,`create_time`) VALUES ('问题14综合多','9','10','11','12','CD','4','1','4','1','0','1490343963') [ RunTime:0.0000s ]
SQL: SELECT * FROM `exam_test_category`  [ RunTime:0.0000s ]
SQL: SELECT * FROM `exam_test` WHERE `question` = '问题15综合多' LIMIT 1   [ RunTime:0.0000s ]
SQL: INSERT INTO `exam_test` (`question`,`A`,`B`,`C`,`D`,`right_answer`,`category`,`type`,`score`,`status`,`ifImg`,`create_time`) VALUES ('问题15综合多','10','11','12','13','CD','4','1','4','1','0','1490343963') [ RunTime:0.0000s ]
SQL: SELECT * FROM `exam_test_category`  [ RunTime:0.0000s ]
SQL: SELECT * FROM `exam_test` WHERE `question` = '问题16综合多' LIMIT 1   [ RunTime:0.0000s ]
SQL: INSERT INTO `exam_test` (`question`,`A`,`B`,`C`,`D`,`right_answer`,`category`,`type`,`score`,`status`,`ifImg`,`create_time`) VALUES ('问题16综合多','11','12','13','14','CD','4','1','4','1','0','1490343963') [ RunTime:0.0000s ]
SQL: SELECT * FROM `exam_test_category`  [ RunTime:0.0000s ]
SQL: SELECT * FROM `exam_test` WHERE `question` = '问题17综合多' LIMIT 1   [ RunTime:0.0000s ]
SQL: INSERT INTO `exam_test` (`question`,`A`,`B`,`C`,`D`,`right_answer`,`category`,`type`,`score`,`status`,`ifImg`,`create_time`) VALUES ('问题17综合多','12','13','14','15','CD','4','1','4','1','0','1490343963') [ RunTime:0.0010s ]
SQL: SELECT * FROM `exam_test_category`  [ RunTime:0.0000s ]
SQL: SELECT * FROM `exam_test` WHERE `question` = '问题18综合多' LIMIT 1   [ RunTime:0.0000s ]
SQL: INSERT INTO `exam_test` (`question`,`A`,`B`,`C`,`D`,`right_answer`,`category`,`type`,`score`,`status`,`ifImg`,`create_time`) VALUES ('问题18综合多','13','14','15','16','CD','3','1','4','1','0','1490343963') [ RunTime:0.0000s ]
SQL: SELECT * FROM `exam_test_category`  [ RunTime:0.0000s ]
SQL: SELECT * FROM `exam_test` WHERE `question` = '问题19综合多' LIMIT 1   [ RunTime:0.0000s ]
SQL: INSERT INTO `exam_test` (`question`,`A`,`B`,`C`,`D`,`right_answer`,`category`,`type`,`score`,`status`,`ifImg`,`create_time`) VALUES ('问题19综合多','14','15','16','17','CD','3','1','4','1','0','1490343963') [ RunTime:0.0000s ]
SQL: SELECT * FROM `exam_test_category`  [ RunTime:0.0000s ]
SQL: SELECT * FROM `exam_test` WHERE `question` = '问题20综合多' LIMIT 1   [ RunTime:0.0000s ]
SQL: INSERT INTO `exam_test` (`question`,`A`,`B`,`C`,`D`,`right_answer`,`category`,`type`,`score`,`status`,`ifImg`,`create_time`) VALUES ('问题20综合多','15','16','17','18','CD','3','1','4','1','0','1490343963') [ RunTime:0.0000s ]
SQL: SELECT * FROM `exam_test_category`  [ RunTime:0.0000s ]
SQL: SELECT * FROM `exam_test` WHERE `question` = '问题21综合多' LIMIT 1   [ RunTime:0.0000s ]
SQL: INSERT INTO `exam_test` (`question`,`A`,`B`,`C`,`D`,`right_answer`,`category`,`type`,`score`,`status`,`ifImg`,`create_time`) VALUES ('问题21综合多','16','17','18','19','CD','3','1','4','1','0','1490343963') [ RunTime:0.0000s ]
SQL: SELECT * FROM `exam_test_category`  [ RunTime:0.0000s ]
SQL: SELECT * FROM `exam_test` WHERE `question` = '问题22综合多' LIMIT 1   [ RunTime:0.0000s ]
SQL: INSERT INTO `exam_test` (`question`,`A`,`B`,`C`,`D`,`right_answer`,`category`,`type`,`score`,`status`,`ifImg`,`create_time`) VALUES ('问题22综合多','17','18','19','20','CD','3','1','4','1','0','1490343963') [ RunTime:0.0000s ]
SQL: SELECT * FROM `exam_test_category`  [ RunTime:0.0000s ]
SQL: SELECT * FROM `exam_test` WHERE `question` = '问题23综合多' LIMIT 1   [ RunTime:0.0000s ]
SQL: INSERT INTO `exam_test` (`question`,`A`,`B`,`C`,`D`,`right_answer`,`category`,`type`,`score`,`status`,`ifImg`,`create_time`) VALUES ('问题23综合多','18','19','20','21','CD','3','1','4','1','0','1490343963') [ RunTime:0.0010s ]
SQL: SELECT * FROM `exam_test_category`  [ RunTime:0.0000s ]
SQL: SELECT * FROM `exam_test` WHERE `question` = '问题24综合多' LIMIT 1   [ RunTime:0.0000s ]
SQL: INSERT INTO `exam_test` (`question`,`A`,`B`,`C`,`D`,`right_answer`,`category`,`type`,`score`,`status`,`ifImg`,`create_time`) VALUES ('问题24综合多','19','20','21','22','CD','3','1','4','1','0','1490343963') [ RunTime:0.0000s ]
SQL: SELECT * FROM `exam_test_category`  [ RunTime:0.0000s ]
SQL: SELECT * FROM `exam_test` WHERE `question` = '问题25综合多' LIMIT 1   [ RunTime:0.0000s ]
SQL: INSERT INTO `exam_test` (`question`,`A`,`B`,`C`,`D`,`right_answer`,`category`,`type`,`score`,`status`,`ifImg`,`create_time`) VALUES ('问题25综合多','20','21','22','23','CD','3','1','4','1','0','1490343963') [ RunTime:0.0000s ]
SQL: SELECT * FROM `exam_test_category`  [ RunTime:0.0010s ]
SQL: SELECT * FROM `exam_test` WHERE `question` = '问题26综合多' LIMIT 1   [ RunTime:0.0000s ]
SQL: INSERT INTO `exam_test` (`question`,`A`,`B`,`C`,`D`,`right_answer`,`category`,`type`,`score`,`status`,`ifImg`,`create_time`) VALUES ('问题26综合多','21','22','23','24','BC','3','1','4','1','0','1490343963') [ RunTime:0.0000s ]
SQL: SELECT * FROM `exam_test_category`  [ RunTime:0.0010s ]
SQL: SELECT * FROM `exam_test` WHERE `question` = '问题27综合多' LIMIT 1   [ RunTime:0.0000s ]
SQL: INSERT INTO `exam_test` (`question`,`A`,`B`,`C`,`D`,`right_answer`,`category`,`type`,`score`,`status`,`ifImg`,`create_time`) VALUES ('问题27综合多','22','23','24','25','CD','2','1','4','1','0','1490343963') [ RunTime:0.0000s ]
SQL: SELECT * FROM `exam_test_category`  [ RunTime:0.0000s ]
SQL: SELECT * FROM `exam_test` WHERE `question` = '问题28综合多' LIMIT 1   [ RunTime:0.0000s ]
SQL: INSERT INTO `exam_test` (`question`,`A`,`B`,`C`,`D`,`right_answer`,`category`,`type`,`score`,`status`,`ifImg`,`create_time`) VALUES ('问题28综合多','23','24','25','26','ABCD','2','1','4','1','0','1490343963') [ RunTime:0.0000s ]
SQL: SELECT * FROM `exam_test_category`  [ RunTime:0.0000s ]
SQL: SELECT * FROM `exam_test` WHERE `question` = '问题29综合多' LIMIT 1   [ RunTime:0.0010s ]
SQL: INSERT INTO `exam_test` (`question`,`A`,`B`,`C`,`D`,`right_answer`,`category`,`type`,`score`,`status`,`ifImg`,`create_time`) VALUES ('问题29综合多','24','25','26','27','AB','2','1','4','1','0','1490343963') [ RunTime:0.0000s ]
SQL: SELECT * FROM `exam_test_category`  [ RunTime:0.0010s ]
SQL: SELECT * FROM `exam_test` WHERE `question` = '问题30综合多' LIMIT 1   [ RunTime:0.0000s ]
SQL: INSERT INTO `exam_test` (`question`,`A`,`B`,`C`,`D`,`right_answer`,`category`,`type`,`score`,`status`,`ifImg`,`create_time`) VALUES ('问题30综合多','25','26','27','28','ABCD','2','1','4','1','0','1490343963') [ RunTime:0.0010s ]
SQL: SELECT * FROM `exam_test_category`  [ RunTime:0.0000s ]
SQL: SELECT * FROM `exam_test` WHERE `question` = '问题31综合多' LIMIT 1   [ RunTime:0.0000s ]
SQL: INSERT INTO `exam_test` (`question`,`A`,`B`,`C`,`D`,`right_answer`,`category`,`type`,`score`,`status`,`ifImg`,`create_time`) VALUES ('问题31综合多','26','27','28','29','ABCD','2','1','4','1','0','1490343963') [ RunTime:0.0000s ]
SQL: SELECT * FROM `exam_test_category`  [ RunTime:0.0000s ]
SQL: SELECT * FROM `exam_test` WHERE `question` = '问题32综合多' LIMIT 1   [ RunTime:0.0000s ]
SQL: INSERT INTO `exam_test` (`question`,`A`,`B`,`C`,`D`,`right_answer`,`category`,`type`,`score`,`status`,`ifImg`,`create_time`) VALUES ('问题32综合多','27','28','29','30','AB','2','1','4','1','0','1490343963') [ RunTime:0.0000s ]
SQL: SELECT * FROM `exam_test_category`  [ RunTime:0.0000s ]
SQL: SELECT * FROM `exam_test` WHERE `question` = '问题33综合多' LIMIT 1   [ RunTime:0.0010s ]
SQL: INSERT INTO `exam_test` (`question`,`A`,`B`,`C`,`D`,`right_answer`,`category`,`type`,`score`,`status`,`ifImg`,`create_time`) VALUES ('问题33综合多','28','29','30','31','AD','2','1','4','1','0','1490343963') [ RunTime:0.0000s ]
SQL: SELECT * FROM `exam_test_category`  [ RunTime:0.0000s ]
SQL: SELECT * FROM `exam_test` WHERE `question` = '问题34综合多' LIMIT 1   [ RunTime:0.0000s ]
SQL: INSERT INTO `exam_test` (`question`,`A`,`B`,`C`,`D`,`right_answer`,`category`,`type`,`score`,`status`,`ifImg`,`create_time`) VALUES ('问题34综合多','29','30','31','32','AD','2','1','4','1','0','1490343963') [ RunTime:0.0000s ]

[ 2017-03-24T16:32:15+08:00 ] 127.0.0.1 /Admin/Test/import_excel.asp
INFO: [ app_begin ] --START--
INFO: Run Behavior\ReadHtmlCacheBehavior [ RunTime:0.000000s ]
INFO: [ app_begin ] --END-- [ RunTime:0.000000s ]
SQL: SHOW COLUMNS FROM `exam_test` [ RunTime:0.0090s ]
SQL: SHOW COLUMNS FROM `exam_test_category` [ RunTime:0.0050s ]
SQL: SELECT * FROM `exam_test_category`  [ RunTime:0.0010s ]
SQL: SELECT * FROM `exam_test` WHERE `question` = '问题1111情感' LIMIT 1   [ RunTime:0.0010s ]
SQL: SELECT * FROM `exam_test_category`  [ RunTime:0.0000s ]
SQL: SELECT * FROM `exam_test` WHERE `question` = '问题1112情感' LIMIT 1   [ RunTime:0.0000s ]
SQL: SELECT * FROM `exam_test_category`  [ RunTime:0.0010s ]
SQL: SELECT * FROM `exam_test` WHERE `question` = '问题1113情感' LIMIT 1   [ RunTime:0.0000s ]
SQL: SELECT * FROM `exam_test_category`  [ RunTime:0.0010s ]
SQL: SELECT * FROM `exam_test` WHERE `question` = '问题1114情感' LIMIT 1   [ RunTime:0.0000s ]
SQL: SELECT * FROM `exam_test_category`  [ RunTime:0.0000s ]
SQL: SELECT * FROM `exam_test` WHERE `question` = '问题1115情感' LIMIT 1   [ RunTime:0.0010s ]
SQL: SELECT * FROM `exam_test_category`  [ RunTime:0.0000s ]
SQL: SELECT * FROM `exam_test` WHERE `question` = '问题1116情感' LIMIT 1   [ RunTime:0.0010s ]
SQL: SELECT * FROM `exam_test_category`  [ RunTime:0.0000s ]
SQL: SELECT * FROM `exam_test` WHERE `question` = '问题4综合' LIMIT 1   [ RunTime:0.0010s ]
SQL: SELECT * FROM `exam_test_category`  [ RunTime:0.0000s ]
SQL: SELECT * FROM `exam_test` WHERE `question` = '问题5综合' LIMIT 1   [ RunTime:0.0000s ]
SQL: SELECT * FROM `exam_test_category`  [ RunTime:0.0000s ]
SQL: SELECT * FROM `exam_test` WHERE `question` = '问题6综合' LIMIT 1   [ RunTime:0.0000s ]
SQL: SELECT * FROM `exam_test_category`  [ RunTime:0.0010s ]
SQL: SELECT * FROM `exam_test` WHERE `question` = '问题7综合' LIMIT 1   [ RunTime:0.0000s ]
SQL: SELECT * FROM `exam_test_category`  [ RunTime:0.0000s ]
SQL: SELECT * FROM `exam_test` WHERE `question` = '问题8综合' LIMIT 1   [ RunTime:0.0010s ]
SQL: SELECT * FROM `exam_test_category`  [ RunTime:0.0000s ]
SQL: SELECT * FROM `exam_test` WHERE `question` = '问题9综合' LIMIT 1   [ RunTime:0.0010s ]
SQL: SELECT * FROM `exam_test_category`  [ RunTime:0.0000s ]
SQL: SELECT * FROM `exam_test` WHERE `question` = '问题10综合' LIMIT 1   [ RunTime:0.0000s ]
SQL: SELECT * FROM `exam_test_category`  [ RunTime:0.0010s ]
SQL: SELECT * FROM `exam_test` WHERE `question` = '问题9人文' LIMIT 1   [ RunTime:0.0000s ]
SQL: SELECT * FROM `exam_test_category`  [ RunTime:0.0000s ]
SQL: SELECT * FROM `exam_test` WHERE `question` = '问题10人文' LIMIT 1   [ RunTime:0.0000s ]
SQL: SELECT * FROM `exam_test_category`  [ RunTime:0.0000s ]
SQL: SELECT * FROM `exam_test` WHERE `question` = '问题11人文' LIMIT 1   [ RunTime:0.0010s ]
SQL: SELECT * FROM `exam_test_category`  [ RunTime:0.0000s ]
SQL: SELECT * FROM `exam_test` WHERE `question` = '问题12人文' LIMIT 1   [ RunTime:0.0010s ]
SQL: SELECT * FROM `exam_test_category`  [ RunTime:0.0000s ]
SQL: SELECT * FROM `exam_test` WHERE `question` = '问题13人文' LIMIT 1   [ RunTime:0.0000s ]
SQL: SELECT * FROM `exam_test_category`  [ RunTime:0.0010s ]
SQL: SELECT * FROM `exam_test` WHERE `question` = '问题14人文' LIMIT 1   [ RunTime:0.0000s ]
SQL: SELECT * FROM `exam_test_category`  [ RunTime:0.0010s ]
SQL: SELECT * FROM `exam_test` WHERE `question` = '问题15人文' LIMIT 1   [ RunTime:0.0000s ]
SQL: SELECT * FROM `exam_test_category`  [ RunTime:0.0000s ]
SQL: SELECT * FROM `exam_test` WHERE `question` = '问题16文明' LIMIT 1   [ RunTime:0.0000s ]
SQL: SELECT * FROM `exam_test_category`  [ RunTime:0.0000s ]
SQL: SELECT * FROM `exam_test` WHERE `question` = '问题17文明' LIMIT 1   [ RunTime:0.0000s ]
SQL: SELECT * FROM `exam_test_category`  [ RunTime:0.0000s ]
SQL: SELECT * FROM `exam_test` WHERE `question` = '问题18文明' LIMIT 1   [ RunTime:0.0000s ]
SQL: SELECT * FROM `exam_test_category`  [ RunTime:0.0000s ]
SQL: SELECT * FROM `exam_test` WHERE `question` = '问题19文明' LIMIT 1   [ RunTime:0.0000s ]
SQL: SELECT * FROM `exam_test_category`  [ RunTime:0.0000s ]
SQL: SELECT * FROM `exam_test` WHERE `question` = '问题20文明' LIMIT 1   [ RunTime:0.0000s ]
SQL: SELECT * FROM `exam_test_category`  [ RunTime:0.0000s ]
SQL: SELECT * FROM `exam_test` WHERE `question` = '问题21文明' LIMIT 1   [ RunTime:0.0000s ]
SQL: SELECT * FROM `exam_test_category`  [ RunTime:0.0000s ]
SQL: SELECT * FROM `exam_test` WHERE `question` = '问题22文明' LIMIT 1   [ RunTime:0.0000s ]
SQL: SELECT * FROM `exam_test_category`  [ RunTime:0.0000s ]
SQL: SELECT * FROM `exam_test` WHERE `question` = '问题23文明' LIMIT 1   [ RunTime:0.0000s ]
SQL: SELECT * FROM `exam_test_category`  [ RunTime:0.0000s ]
SQL: SELECT * FROM `exam_test` WHERE `question` = '问题24文明' LIMIT 1   [ RunTime:0.0000s ]
SQL: SELECT * FROM `exam_test_category`  [ RunTime:0.0000s ]
SQL: SELECT * FROM `exam_test` WHERE `question` = '问题25社会' LIMIT 1   [ RunTime:0.0000s ]
SQL: SELECT * FROM `exam_test_category`  [ RunTime:0.0000s ]
SQL: SELECT * FROM `exam_test` WHERE `question` = '问题26社会' LIMIT 1   [ RunTime:0.0000s ]
SQL: SELECT * FROM `exam_test_category`  [ RunTime:0.0010s ]
SQL: SELECT * FROM `exam_test` WHERE `question` = '问题27社会' LIMIT 1   [ RunTime:0.0000s ]
SQL: SELECT * FROM `exam_test_category`  [ RunTime:0.0000s ]
SQL: SELECT * FROM `exam_test` WHERE `question` = '问题28社会' LIMIT 1   [ RunTime:0.0010s ]
SQL: SELECT * FROM `exam_test_category`  [ RunTime:0.0000s ]
SQL: SELECT * FROM `exam_test` WHERE `question` = '问题29社会' LIMIT 1   [ RunTime:0.0000s ]
SQL: SELECT * FROM `exam_test_category`  [ RunTime:0.0000s ]
SQL: SELECT * FROM `exam_test` WHERE `question` = '问题30社会' LIMIT 1   [ RunTime:0.0000s ]
SQL: SELECT * FROM `exam_test_category`  [ RunTime:0.0000s ]
SQL: SELECT * FROM `exam_test` WHERE `question` = '问题31社会' LIMIT 1   [ RunTime:0.0000s ]
SQL: SELECT * FROM `exam_test_category`  [ RunTime:0.0000s ]
SQL: SELECT * FROM `exam_test` WHERE `question` = '问题32社会' LIMIT 1   [ RunTime:0.0000s ]
SQL: SELECT * FROM `exam_test_category`  [ RunTime:0.0000s ]
SQL: SELECT * FROM `exam_test` WHERE `question` = '问题1111情感' LIMIT 1   [ RunTime:0.0010s ]
SQL: SELECT * FROM `exam_test_category`  [ RunTime:0.0000s ]
SQL: SELECT * FROM `exam_test` WHERE `question` = '问题1112情感' LIMIT 1   [ RunTime:0.0010s ]
SQL: SELECT * FROM `exam_test_category`  [ RunTime:0.0000s ]
SQL: SELECT * FROM `exam_test` WHERE `question` = '问题1113情感' LIMIT 1   [ RunTime:0.0000s ]
SQL: SELECT * FROM `exam_test_category`  [ RunTime:0.0000s ]
SQL: SELECT * FROM `exam_test` WHERE `question` = '问题1114情感' LIMIT 1   [ RunTime:0.0000s ]
SQL: SELECT * FROM `exam_test_category`  [ RunTime:0.0000s ]
SQL: SELECT * FROM `exam_test` WHERE `question` = '问题1115情感' LIMIT 1   [ RunTime:0.0000s ]
SQL: SELECT * FROM `exam_test_category`  [ RunTime:0.0000s ]
SQL: SELECT * FROM `exam_test` WHERE `question` = '问题1116情感' LIMIT 1   [ RunTime:0.0000s ]
SQL: SELECT * FROM `exam_test_category`  [ RunTime:0.0000s ]
SQL: SELECT * FROM `exam_test` WHERE `question` = '问题4综合多' LIMIT 1   [ RunTime:0.0010s ]
SQL: SELECT * FROM `exam_test_category`  [ RunTime:0.0000s ]
SQL: SELECT * FROM `exam_test` WHERE `question` = '问题5综合多' LIMIT 1   [ RunTime:0.0000s ]
SQL: SELECT * FROM `exam_test_category`  [ RunTime:0.0000s ]
SQL: SELECT * FROM `exam_test` WHERE `question` = '问题6综合多' LIMIT 1   [ RunTime:0.0010s ]
SQL: SELECT * FROM `exam_test_category`  [ RunTime:0.0000s ]
SQL: SELECT * FROM `exam_test` WHERE `question` = '问题7综合多' LIMIT 1   [ RunTime:0.0000s ]
SQL: SELECT * FROM `exam_test_category`  [ RunTime:0.0000s ]
SQL: SELECT * FROM `exam_test` WHERE `question` = '问题8综合多' LIMIT 1   [ RunTime:0.0010s ]
SQL: SELECT * FROM `exam_test_category`  [ RunTime:0.0000s ]
SQL: SELECT * FROM `exam_test` WHERE `question` = '问题9综合多' LIMIT 1   [ RunTime:0.0000s ]
SQL: SELECT * FROM `exam_test_category`  [ RunTime:0.0000s ]
SQL: SELECT * FROM `exam_test` WHERE `question` = '问题10综合多' LIMIT 1   [ RunTime:0.0000s ]
SQL: SELECT * FROM `exam_test_category`  [ RunTime:0.0000s ]
SQL: SELECT * FROM `exam_test` WHERE `question` = '问题11综合多' LIMIT 1   [ RunTime:0.0000s ]
SQL: SELECT * FROM `exam_test_category`  [ RunTime:0.0000s ]
SQL: SELECT * FROM `exam_test` WHERE `question` = '问题12综合多' LIMIT 1   [ RunTime:0.0000s ]
SQL: SELECT * FROM `exam_test_category`  [ RunTime:0.0000s ]
SQL: SELECT * FROM `exam_test` WHERE `question` = '问题13综合多' LIMIT 1   [ RunTime:0.0000s ]
SQL: SELECT * FROM `exam_test_category`  [ RunTime:0.0010s ]
SQL: SELECT * FROM `exam_test` WHERE `question` = '问题14综合多' LIMIT 1   [ RunTime:0.0000s ]
SQL: SELECT * FROM `exam_test_category`  [ RunTime:0.0000s ]
SQL: SELECT * FROM `exam_test` WHERE `question` = '问题15综合多' LIMIT 1   [ RunTime:0.0000s ]
SQL: SELECT * FROM `exam_test_category`  [ RunTime:0.0010s ]
SQL: SELECT * FROM `exam_test` WHERE `question` = '问题16综合多' LIMIT 1   [ RunTime:0.0000s ]
SQL: SELECT * FROM `exam_test_category`  [ RunTime:0.0000s ]
SQL: SELECT * FROM `exam_test` WHERE `question` = '问题17综合多' LIMIT 1   [ RunTime:0.0000s ]
SQL: SELECT * FROM `exam_test_category`  [ RunTime:0.0000s ]
SQL: SELECT * FROM `exam_test` WHERE `question` = '问题18综合多' LIMIT 1   [ RunTime:0.0000s ]
SQL: SELECT * FROM `exam_test_category`  [ RunTime:0.0000s ]
SQL: SELECT * FROM `exam_test` WHERE `question` = '问题19综合多' LIMIT 1   [ RunTime:0.0010s ]
SQL: SELECT * FROM `exam_test_category`  [ RunTime:0.0000s ]
SQL: SELECT * FROM `exam_test` WHERE `question` = '问题20综合多' LIMIT 1   [ RunTime:0.0000s ]
SQL: SELECT * FROM `exam_test_category`  [ RunTime:0.0000s ]
SQL: SELECT * FROM `exam_test` WHERE `question` = '问题21综合多' LIMIT 1   [ RunTime:0.0010s ]
SQL: SELECT * FROM `exam_test_category`  [ RunTime:0.0000s ]
SQL: SELECT * FROM `exam_test` WHERE `question` = '问题22综合多' LIMIT 1   [ RunTime:0.0000s ]
SQL: SELECT * FROM `exam_test_category`  [ RunTime:0.0000s ]
SQL: SELECT * FROM `exam_test` WHERE `question` = '问题23综合多' LIMIT 1   [ RunTime:0.0000s ]
SQL: SELECT * FROM `exam_test_category`  [ RunTime:0.0000s ]
SQL: SELECT * FROM `exam_test` WHERE `question` = '问题24综合多' LIMIT 1   [ RunTime:0.0000s ]
SQL: SELECT * FROM `exam_test_category`  [ RunTime:0.0000s ]
SQL: SELECT * FROM `exam_test` WHERE `question` = '问题25综合多' LIMIT 1   [ RunTime:0.0000s ]
SQL: SELECT * FROM `exam_test_category`  [ RunTime:0.0000s ]
SQL: SELECT * FROM `exam_test` WHERE `question` = '问题26综合多' LIMIT 1   [ RunTime:0.0000s ]
SQL: SELECT * FROM `exam_test_category`  [ RunTime:0.0000s ]
SQL: SELECT * FROM `exam_test` WHERE `question` = '问题27综合多' LIMIT 1   [ RunTime:0.0000s ]
SQL: SELECT * FROM `exam_test_category`  [ RunTime:0.0000s ]
SQL: SELECT * FROM `exam_test` WHERE `question` = '问题28综合多' LIMIT 1   [ RunTime:0.0000s ]
SQL: SELECT * FROM `exam_test_category`  [ RunTime:0.0010s ]
SQL: SELECT * FROM `exam_test` WHERE `question` = '问题29综合多' LIMIT 1   [ RunTime:0.0000s ]
SQL: SELECT * FROM `exam_test_category`  [ RunTime:0.0000s ]
SQL: SELECT * FROM `exam_test` WHERE `question` = '问题30综合多' LIMIT 1   [ RunTime:0.0010s ]
SQL: SELECT * FROM `exam_test_category`  [ RunTime:0.0000s ]
SQL: SELECT * FROM `exam_test` WHERE `question` = '问题31综合多' LIMIT 1   [ RunTime:0.0000s ]
SQL: SELECT * FROM `exam_test_category`  [ RunTime:0.0000s ]
SQL: SELECT * FROM `exam_test` WHERE `question` = '问题32综合多' LIMIT 1   [ RunTime:0.0010s ]
SQL: SELECT * FROM `exam_test_category`  [ RunTime:0.0000s ]
SQL: SELECT * FROM `exam_test` WHERE `question` = '问题33综合多' LIMIT 1   [ RunTime:0.0000s ]
SQL: SELECT * FROM `exam_test_category`  [ RunTime:0.0000s ]
SQL: SELECT * FROM `exam_test` WHERE `question` = '问题34综合多' LIMIT 1   [ RunTime:0.0000s ]
NOTIC: [2] Cannot modify header information - headers already sent by (output started at F:\WWW\test\Application\Admin\Controller\TestController.class.php:184) F:\WWW\test\ThinkPHP\Library\Think\Controller.class.php 第 215 行.

[ 2017-03-24T17:41:41+08:00 ] 127.0.0.1 /Admin/Index/getGoodsTop.asp
INFO: [ app_begin ] --START--
INFO: Run Behavior\ReadHtmlCacheBehavior [ RunTime:0.000000s ]
INFO: [ app_begin ] --END-- [ RunTime:0.001000s ]
ERR: 非法操作:getGoodsTop

[ 2017-03-24T17:43:30+08:00 ] 127.0.0.1 /Admin/Member/short_list/id/style.css
ERR: 1064:You have an error in your SQL syntax; check the manual that corresponds to your MySQL server version for the right syntax to use near ')' at line 1
 [ SQL语句 ] : SELECT `id`,`question`,`type`,`ifImg`,`right_answer` FROM `exam_testshort` WHERE `id` IN () 

[ 2017-03-24T17:43:41+08:00 ] 127.0.0.1 /Admin/Member/culScore.asp?userid=46&score=9
INFO: [ app_begin ] --START--
INFO: Run Behavior\ReadHtmlCacheBehavior [ RunTime:0.002000s ]
INFO: [ app_begin ] --END-- [ RunTime:0.002000s ]
SQL: SHOW COLUMNS FROM `exam_member_answer` [ RunTime:0.0040s ]
SQL: UPDATE `exam_member_answer` SET `score`='2' WHERE `userid` = '46' AND `type` = 2 AND `qid` = 2 [ RunTime:0.0020s ]
SQL: UPDATE `exam_member_answer` SET `score`='1' WHERE `userid` = '46' AND `type` = 2 AND `qid` = 5 [ RunTime:0.0010s ]
SQL: UPDATE `exam_member_answer` SET `score`='2' WHERE `userid` = '46' AND `type` = 2 AND `qid` = 9 [ RunTime:0.0010s ]
SQL: UPDATE `exam_member_answer` SET `score`='3' WHERE `userid` = '46' AND `type` = 2 AND `qid` = 10 [ RunTime:0.0020s ]
SQL: UPDATE `exam_member_answer` SET `score`='4' WHERE `userid` = '46' AND `type` = 2 AND `qid` = 13 [ RunTime:0.0020s ]
SQL: SHOW COLUMNS FROM `exam_member` [ RunTime:0.0050s ]
SQL: SELECT * FROM `exam_member` WHERE `id` = 46 LIMIT 1   [ RunTime:0.0010s ]
SQL: UPDATE `exam_member` SET `correct_papers`='1',`score_short`='12',`total_score`='21' WHERE `id` = 46 [ RunTime:0.0000s ]

[ 2017-03-24T17:43:54+08:00 ] 127.0.0.1 /Admin/Member/test_detail/userid/style.css
ERR: 1064:You have an error in your SQL syntax; check the manual that corresponds to your MySQL server version for the right syntax to use near ')' at line 1
 [ SQL语句 ] : SELECT `id`,`question`,`type`,`ifImg`,`a`,`b`,`c`,`d`,`right_answer` FROM `exam_test` WHERE `id` IN () 

[ 2017-03-24T17:44:05+08:00 ] 127.0.0.1 /Admin/Member/test_detail/userid/style.css
ERR: 1064:You have an error in your SQL syntax; check the manual that corresponds to your MySQL server version for the right syntax to use near ')' at line 1
 [ SQL语句 ] : SELECT `id`,`question`,`type`,`ifImg`,`a`,`b`,`c`,`d`,`right_answer` FROM `exam_test` WHERE `id` IN () 

[ 2017-03-24T17:47:05+08:00 ] 127.0.0.1 /Admin/Member/test_detail/userid/style.css
ERR: 1064:You have an error in your SQL syntax; check the manual that corresponds to your MySQL server version for the right syntax to use near ')' at line 1
 [ SQL语句 ] : SELECT `id`,`question`,`type`,`ifImg`,`a`,`b`,`c`,`d`,`right_answer` FROM `exam_test` WHERE `id` IN () 

[ 2017-03-24T17:47:12+08:00 ] 127.0.0.1 /Admin/Member/short_list/id/style.css
ERR: 1064:You have an error in your SQL syntax; check the manual that corresponds to your MySQL server version for the right syntax to use near ')' at line 1
 [ SQL语句 ] : SELECT `id`,`question`,`type`,`ifImg`,`right_answer` FROM `exam_testshort` WHERE `id` IN () 

[ 2017-03-24T17:47:24+08:00 ] 127.0.0.1 /Admin/Member/test_detail/userid/style.css
ERR: 1064:You have an error in your SQL syntax; check the manual that corresponds to your MySQL server version for the right syntax to use near ')' at line 1
 [ SQL语句 ] : SELECT `id`,`question`,`type`,`ifImg`,`a`,`b`,`c`,`d`,`right_answer` FROM `exam_test` WHERE `id` IN () 

[ 2017-03-24T18:59:36+08:00 ] 127.0.0.1 /Admin/Index/getGoodsTop.asp
INFO: [ app_begin ] --START--
INFO: Run Behavior\ReadHtmlCacheBehavior [ RunTime:0.000000s ]
INFO: [ app_begin ] --END-- [ RunTime:0.000000s ]
ERR: 非法操作:getGoodsTop

[ 2017-03-24T18:59:44+08:00 ] 127.0.0.1 /Admin/Member/short_list/id/style.css
ERR: 1064:You have an error in your SQL syntax; check the manual that corresponds to your MySQL server version for the right syntax to use near ')' at line 1
 [ SQL语句 ] : SELECT `id`,`question`,`type`,`ifImg`,`right_answer` FROM `exam_testshort` WHERE `id` IN () 

