[ 2017-06-13T11:20:36+08:00 ] 127.0.0.1 /index.php/Admin/Login/chkVerify.asp
INFO: [ app_begin ] --START--
INFO: Run Behavior\ReadHtmlCacheBehavior [ RunTime:0.001000s ]
INFO: [ app_begin ] --END-- [ RunTime:0.001000s ]
INFO: [ app_end ] --START--
INFO: Run Behavior\ShowPageTraceBehavior [ RunTime:0.002000s ]
INFO: [ app_end ] --END-- [ RunTime:0.002000s ]

[ 2017-06-13T11:20:37+08:00 ] 127.0.0.1 /index.php/Admin/Login/chkAdmin.asp
INFO: [ app_begin ] --START--
INFO: Run Behavior\ReadHtmlCacheBehavior [ RunTime:0.001000s ]
INFO: [ app_begin ] --END-- [ RunTime:0.001000s ]
SQL: SHOW COLUMNS FROM `exam_admin` [ RunTime:0.0840s ]
SQL: SELECT * FROM `exam_admin` WHERE `username` = 'admin' LIMIT 1   [ RunTime:0.0000s ]
INFO: [ app_end ] --START--
INFO: Run Behavior\ShowPageTraceBehavior [ RunTime:0.001000s ]
INFO: [ app_end ] --END-- [ RunTime:0.001000s ]

[ 2017-06-13T11:20:38+08:00 ] 127.0.0.1 /index.php/Admin/Login/login.asp
INFO: [ app_begin ] --START--
INFO: Run Behavior\ReadHtmlCacheBehavior [ RunTime:0.003001s ]
INFO: [ app_begin ] --END-- [ RunTime:0.003001s ]
SQL: SHOW COLUMNS FROM `exam_admin` [ RunTime:0.0150s ]
NOTIC: [8] Undefined index: validate F:\WWW\517exam\ThinkPHP\Library\Think\Model.class.php 第 1185 行.
SQL: SELECT * FROM `exam_admin` WHERE `username` = 'admin' LIMIT 1   [ RunTime:0.0010s ]
SQL: SELECT * FROM `exam_admin` WHERE `username` = 'admin' AND `password` = '21232f297a57a5a743894a0e4a801fc3' LIMIT 1   [ RunTime:0.0000s ]
SQL: UPDATE `exam_admin` SET `online`='1',`lastlogin`='1497324038',`lastip`='127.0.0.1' WHERE `id` = 1 [ RunTime:0.0740s ]

[ 2017-06-13T11:20:39+08:00 ] 127.0.0.1 /index.php/Admin/Login/login.asp
INFO: [ app_begin ] --START--
INFO: Run Behavior\ReadHtmlCacheBehavior [ RunTime:0.001000s ]
INFO: [ app_begin ] --END-- [ RunTime:0.001000s ]
SQL: SHOW COLUMNS FROM `exam_admin` [ RunTime:0.0180s ]
NOTIC: [8] Undefined index: validate F:\WWW\517exam\ThinkPHP\Library\Think\Model.class.php 第 1185 行.
SQL: SELECT * FROM `exam_admin` WHERE `username` = 'admin' LIMIT 1   [ RunTime:0.0020s ]
SQL: SELECT * FROM `exam_admin` WHERE `username` = 'admin' AND `password` = '21232f297a57a5a743894a0e4a801fc3' LIMIT 1   [ RunTime:0.0010s ]
SQL: UPDATE `exam_admin` SET `online`='1',`lastlogin`='1497324039',`lastip`='127.0.0.1' WHERE `id` = 1 [ RunTime:0.0310s ]

